[2020-04-02T21:44:43.001] [INFO] access - ::1 - - "OPTIONS /time/workTimeCount?userId=b02fd560-7020-11e9-aa87-37732e5007de HTTP/1.1" 204 - "http://localhost:9999/home" "Mozilla/5.0 (Windows NT 10.0; Win64; x64) AppleWebKit/537.36 (KHTML, like Gecko) Chrome/78.0.3904.108 Safari/537.36"
[2020-04-02T21:44:43.005] [INFO] access - ::1 - - "OPTIONS /user/getAllUser HTTP/1.1" 204 - "http://localhost:9999/home" "Mozilla/5.0 (Windows NT 10.0; Win64; x64) AppleWebKit/537.36 (KHTML, like Gecko) Chrome/78.0.3904.108 Safari/537.36"
[2020-04-02T21:44:43.006] [INFO] access - ::1 - - "OPTIONS /system/getAllList HTTP/1.1" 204 - "http://localhost:9999/home" "Mozilla/5.0 (Windows NT 10.0; Win64; x64) AppleWebKit/537.36 (KHTML, like Gecko) Chrome/78.0.3904.108 Safari/537.36"
[2020-04-02T21:44:43.508] [INFO] access - ::1 - - "GET /user/getAllUser HTTP/1.1" 200 18871 "http://localhost:9999/home" "Mozilla/5.0 (Windows NT 10.0; Win64; x64) AppleWebKit/537.36 (KHTML, like Gecko) Chrome/78.0.3904.108 Safari/537.36"
[2020-04-02T21:44:43.597] [INFO] access - ::1 - - "GET /system/getAllList HTTP/1.1" 200 45531 "http://localhost:9999/home" "Mozilla/5.0 (Windows NT 10.0; Win64; x64) AppleWebKit/537.36 (KHTML, like Gecko) Chrome/78.0.3904.108 Safari/537.36"
[2020-04-02T21:44:43.731] [INFO] access - ::1 - - "GET /time/workTimeCount?userId=b02fd560-7020-11e9-aa87-37732e5007de HTTP/1.1" 200 101 "http://localhost:9999/home" "Mozilla/5.0 (Windows NT 10.0; Win64; x64) AppleWebKit/537.36 (KHTML, like Gecko) Chrome/78.0.3904.108 Safari/537.36"
[2020-04-02T21:45:00.314] [INFO] access - ::1 - - "OPTIONS /department/getByParentId/0 HTTP/1.1" 204 - "http://localhost:9999/department-manage" "Mozilla/5.0 (Windows NT 10.0; Win64; x64) AppleWebKit/537.36 (KHTML, like Gecko) Chrome/78.0.3904.108 Safari/537.36"
[2020-04-02T21:45:00.314] [INFO] access - ::1 - - "OPTIONS /department/getByParentId/0 HTTP/1.1" 204 - "http://localhost:9999/department-manage" "Mozilla/5.0 (Windows NT 10.0; Win64; x64) AppleWebKit/537.36 (KHTML, like Gecko) Chrome/78.0.3904.108 Safari/537.36"
[2020-04-02T21:45:00.421] [INFO] access - ::1 - - "GET /department/getByParentId/0 HTTP/1.1" 200 379 "http://localhost:9999/department-manage" "Mozilla/5.0 (Windows NT 10.0; Win64; x64) AppleWebKit/537.36 (KHTML, like Gecko) Chrome/78.0.3904.108 Safari/537.36"
[2020-04-02T21:45:00.428] [INFO] access - ::1 - - "GET /department/getByParentId/0 HTTP/1.1" 200 379 "http://localhost:9999/department-manage" "Mozilla/5.0 (Windows NT 10.0; Win64; x64) AppleWebKit/537.36 (KHTML, like Gecko) Chrome/78.0.3904.108 Safari/537.36"
[2020-04-02T21:45:15.694] [INFO] access - ::1 - - "OPTIONS /department/getByParentId/0 HTTP/1.1" 204 - "http://localhost:9999/user-manage" "Mozilla/5.0 (Windows NT 10.0; Win64; x64) AppleWebKit/537.36 (KHTML, like Gecko) Chrome/78.0.3904.108 Safari/537.36"
[2020-04-02T21:45:15.700] [INFO] access - ::1 - - "OPTIONS /user/getByCondition?userName=&departmentId=&email=&type=&status=&pageNumber=1&pageSize=20&sort=createTime&order=desc&startDate=&endDate= HTTP/1.1" 204 - "http://localhost:9999/user-manage" "Mozilla/5.0 (Windows NT 10.0; Win64; x64) AppleWebKit/537.36 (KHTML, like Gecko) Chrome/78.0.3904.108 Safari/537.36"
[2020-04-02T21:45:15.713] [INFO] access - ::1 - - "GET /department/getByParentId/0 HTTP/1.1" 200 379 "http://localhost:9999/user-manage" "Mozilla/5.0 (Windows NT 10.0; Win64; x64) AppleWebKit/537.36 (KHTML, like Gecko) Chrome/78.0.3904.108 Safari/537.36"
[2020-04-02T21:45:15.840] [INFO] access - ::1 - - "GET /user/getByCondition?userName=&departmentId=&email=&type=&status=&pageNumber=1&pageSize=20&sort=createTime&order=desc&startDate=&endDate= HTTP/1.1" 200 18909 "http://localhost:9999/user-manage" "Mozilla/5.0 (Windows NT 10.0; Win64; x64) AppleWebKit/537.36 (KHTML, like Gecko) Chrome/78.0.3904.108 Safari/537.36"
[2020-04-02T21:45:19.534] [INFO] access - ::1 - - "OPTIONS /system/getByParentId/0 HTTP/1.1" 204 - "http://localhost:9999/system-manage" "Mozilla/5.0 (Windows NT 10.0; Win64; x64) AppleWebKit/537.36 (KHTML, like Gecko) Chrome/78.0.3904.108 Safari/537.36"
[2020-04-02T21:45:19.535] [INFO] access - ::1 - - "OPTIONS /system/getByParentId/0 HTTP/1.1" 204 - "http://localhost:9999/system-manage" "Mozilla/5.0 (Windows NT 10.0; Win64; x64) AppleWebKit/537.36 (KHTML, like Gecko) Chrome/78.0.3904.108 Safari/537.36"
[2020-04-02T21:45:19.562] [INFO] access - ::1 - - "GET /system/getByParentId/0 HTTP/1.1" 200 7542 "http://localhost:9999/system-manage" "Mozilla/5.0 (Windows NT 10.0; Win64; x64) AppleWebKit/537.36 (KHTML, like Gecko) Chrome/78.0.3904.108 Safari/537.36"
[2020-04-02T21:45:19.630] [INFO] access - ::1 - - "GET /system/getByParentId/0 HTTP/1.1" 200 7542 "http://localhost:9999/system-manage" "Mozilla/5.0 (Windows NT 10.0; Win64; x64) AppleWebKit/537.36 (KHTML, like Gecko) Chrome/78.0.3904.108 Safari/537.36"
[2020-04-02T21:45:22.364] [INFO] access - ::1 - - "OPTIONS /time/getTimeList HTTP/1.1" 204 - "http://localhost:9999/work-time" "Mozilla/5.0 (Windows NT 10.0; Win64; x64) AppleWebKit/537.36 (KHTML, like Gecko) Chrome/78.0.3904.108 Safari/537.36"
[2020-04-02T21:45:22.873] [INFO] access - ::1 - - "POST /time/getTimeList HTTP/1.1" 200 1255 "http://localhost:9999/work-time" "Mozilla/5.0 (Windows NT 10.0; Win64; x64) AppleWebKit/537.36 (KHTML, like Gecko) Chrome/78.0.3904.108 Safari/537.36"
[2020-04-02T21:45:35.737] [INFO] access - ::1 - - "OPTIONS /system/getAllList HTTP/1.1" 204 - "http://localhost:9999/own-space" "Mozilla/5.0 (Windows NT 10.0; Win64; x64) AppleWebKit/537.36 (KHTML, like Gecko) Chrome/78.0.3904.108 Safari/537.36"
[2020-04-02T21:45:35.792] [INFO] access - ::1 - - "GET /system/getAllList HTTP/1.1" 200 45531 "http://localhost:9999/own-space" "Mozilla/5.0 (Windows NT 10.0; Win64; x64) AppleWebKit/537.36 (KHTML, like Gecko) Chrome/78.0.3904.108 Safari/537.36"
[2020-04-02T21:45:40.454] [INFO] access - ::1 - - "OPTIONS /system/systemTree HTTP/1.1" 204 - "http://localhost:9999/own-space" "Mozilla/5.0 (Windows NT 10.0; Win64; x64) AppleWebKit/537.36 (KHTML, like Gecko) Chrome/78.0.3904.108 Safari/537.36"
[2020-04-02T21:45:40.519] [INFO] access - ::1 - - "GET /system/systemTree HTTP/1.1" 200 50346 "http://localhost:9999/own-space" "Mozilla/5.0 (Windows NT 10.0; Win64; x64) AppleWebKit/537.36 (KHTML, like Gecko) Chrome/78.0.3904.108 Safari/537.36"
[2020-04-02T21:46:55.299] [INFO] access - ::1 - - "OPTIONS /template/list?userId=b02fd560-7020-11e9-aa87-37732e5007de HTTP/1.1" 204 - "http://localhost:9999/summary" "Mozilla/5.0 (Windows NT 10.0; Win64; x64) AppleWebKit/537.36 (KHTML, like Gecko) Chrome/78.0.3904.108 Safari/537.36"
[2020-04-02T21:46:55.310] [INFO] access - ::1 - - "GET /template/list?userId=b02fd560-7020-11e9-aa87-37732e5007de HTTP/1.1" 200 41 "http://localhost:9999/summary" "Mozilla/5.0 (Windows NT 10.0; Win64; x64) AppleWebKit/537.36 (KHTML, like Gecko) Chrome/78.0.3904.108 Safari/537.36"
[2020-04-02T21:46:56.606] [INFO] access - ::1 - - "OPTIONS /template/listALL?time= HTTP/1.1" 204 - "http://localhost:9999/summary/seach" "Mozilla/5.0 (Windows NT 10.0; Win64; x64) AppleWebKit/537.36 (KHTML, like Gecko) Chrome/78.0.3904.108 Safari/537.36"
[2020-04-02T21:46:56.644] [INFO] access - ::1 - - "GET /template/listALL?time= HTTP/1.1" 200 30887 "http://localhost:9999/summary/seach" "Mozilla/5.0 (Windows NT 10.0; Win64; x64) AppleWebKit/537.36 (KHTML, like Gecko) Chrome/78.0.3904.108 Safari/537.36"
