[2020-05-28T15:29:15.472] [INFO] access - ::1 - - "OPTIONS /login HTTP/1.1" 204 - "http://localhost:9999/login" "Mozilla/5.0 (Windows NT 10.0; Win64; x64) AppleWebKit/537.36 (KHTML, like Gecko) Chrome/83.0.4103.61 Safari/537.36"
[2020-05-28T15:29:15.659] [INFO] access - ::1 - - "POST /login HTTP/1.1" 200 3329 "http://localhost:9999/login" "Mozilla/5.0 (Windows NT 10.0; Win64; x64) AppleWebKit/537.36 (KHTML, like Gecko) Chrome/83.0.4103.61 Safari/537.36"
[2020-05-28T15:29:15.664] [INFO] access - ::1 - - "OPTIONS /user/info HTTP/1.1" 204 - "http://localhost:9999/login" "Mozilla/5.0 (Windows NT 10.0; Win64; x64) AppleWebKit/537.36 (KHTML, like Gecko) Chrome/83.0.4103.61 Safari/537.36"
[2020-05-28T15:29:15.671] [INFO] access - ::1 - - "GET /user/info HTTP/1.1" 200 1397 "http://localhost:9999/login" "Mozilla/5.0 (Windows NT 10.0; Win64; x64) AppleWebKit/537.36 (KHTML, like Gecko) Chrome/83.0.4103.61 Safari/537.36"
[2020-05-28T15:29:32.986] [INFO] access - ::1 - - "OPTIONS /time/getTimeList HTTP/1.1" 204 - "http://localhost:9999/work-time" "Mozilla/5.0 (Windows NT 10.0; Win64; x64) AppleWebKit/537.36 (KHTML, like Gecko) Chrome/83.0.4103.61 Safari/537.36"
[2020-05-28T15:29:33.104] [INFO] access - ::1 - - "POST /time/getTimeList HTTP/1.1" 200 3803 "http://localhost:9999/work-time" "Mozilla/5.0 (Windows NT 10.0; Win64; x64) AppleWebKit/537.36 (KHTML, like Gecko) Chrome/83.0.4103.61 Safari/537.36"
[2020-05-28T15:30:16.860] [INFO] access - ::1 - - "OPTIONS /template/list?userId=7861a6f0-7024-11e9-85e6-9f1338560125 HTTP/1.1" 204 - "http://localhost:9999/summary" "Mozilla/5.0 (Windows NT 10.0; Win64; x64) AppleWebKit/537.36 (KHTML, like Gecko) Chrome/83.0.4103.61 Safari/537.36"
[2020-05-28T15:30:16.904] [INFO] access - ::1 - - "GET /template/list?userId=7861a6f0-7024-11e9-85e6-9f1338560125 HTTP/1.1" 200 30887 "http://localhost:9999/summary" "Mozilla/5.0 (Windows NT 10.0; Win64; x64) AppleWebKit/537.36 (KHTML, like Gecko) Chrome/83.0.4103.61 Safari/537.36"
[2020-05-28T15:30:53.280] [INFO] access - ::1 - - "OPTIONS /login HTTP/1.1" 204 - "http://localhost:9999/login" "Mozilla/5.0 (Windows NT 10.0; Win64; x64) AppleWebKit/537.36 (KHTML, like Gecko) Chrome/83.0.4103.61 Safari/537.36"
[2020-05-28T15:30:53.288] [INFO] access - ::1 - - "POST /login HTTP/1.1" 200 1094 "http://localhost:9999/login" "Mozilla/5.0 (Windows NT 10.0; Win64; x64) AppleWebKit/537.36 (KHTML, like Gecko) Chrome/83.0.4103.61 Safari/537.36"
[2020-05-28T15:30:53.292] [INFO] access - ::1 - - "OPTIONS /user/info HTTP/1.1" 204 - "http://localhost:9999/login" "Mozilla/5.0 (Windows NT 10.0; Win64; x64) AppleWebKit/537.36 (KHTML, like Gecko) Chrome/83.0.4103.61 Safari/537.36"
[2020-05-28T15:30:53.294] [INFO] access - ::1 - - "GET /user/info HTTP/1.1" 200 439 "http://localhost:9999/login" "Mozilla/5.0 (Windows NT 10.0; Win64; x64) AppleWebKit/537.36 (KHTML, like Gecko) Chrome/83.0.4103.61 Safari/537.36"
[2020-05-28T15:30:53.788] [INFO] access - ::1 - - "OPTIONS /time/workTimeCount?userId=b02fd560-7020-11e9-aa87-37732e5007de HTTP/1.1" 204 - "http://localhost:9999/home" "Mozilla/5.0 (Windows NT 10.0; Win64; x64) AppleWebKit/537.36 (KHTML, like Gecko) Chrome/83.0.4103.61 Safari/537.36"
[2020-05-28T15:30:53.789] [INFO] access - ::1 - - "OPTIONS /user/getAllUser HTTP/1.1" 204 - "http://localhost:9999/home" "Mozilla/5.0 (Windows NT 10.0; Win64; x64) AppleWebKit/537.36 (KHTML, like Gecko) Chrome/83.0.4103.61 Safari/537.36"
[2020-05-28T15:30:53.790] [INFO] access - ::1 - - "OPTIONS /system/getAllList HTTP/1.1" 204 - "http://localhost:9999/home" "Mozilla/5.0 (Windows NT 10.0; Win64; x64) AppleWebKit/537.36 (KHTML, like Gecko) Chrome/83.0.4103.61 Safari/537.36"
[2020-05-28T15:30:53.804] [INFO] access - ::1 - - "GET /user/getAllUser HTTP/1.1" 200 19067 "http://localhost:9999/home" "Mozilla/5.0 (Windows NT 10.0; Win64; x64) AppleWebKit/537.36 (KHTML, like Gecko) Chrome/83.0.4103.61 Safari/537.36"
[2020-05-28T15:30:53.854] [INFO] access - ::1 - - "GET /system/getAllList HTTP/1.1" 200 48705 "http://localhost:9999/home" "Mozilla/5.0 (Windows NT 10.0; Win64; x64) AppleWebKit/537.36 (KHTML, like Gecko) Chrome/83.0.4103.61 Safari/537.36"
[2020-05-28T15:30:53.869] [INFO] access - ::1 - - "GET /time/workTimeCount?userId=b02fd560-7020-11e9-aa87-37732e5007de HTTP/1.1" 200 112 "http://localhost:9999/home" "Mozilla/5.0 (Windows NT 10.0; Win64; x64) AppleWebKit/537.36 (KHTML, like Gecko) Chrome/83.0.4103.61 Safari/537.36"
[2020-05-28T15:30:58.979] [INFO] access - ::1 - - "OPTIONS /exportTime?sendMail=false HTTP/1.1" 204 - "http://localhost:9999/home" "Mozilla/5.0 (Windows NT 10.0; Win64; x64) AppleWebKit/537.36 (KHTML, like Gecko) Chrome/83.0.4103.61 Safari/537.36"
[2020-05-28T15:30:59.603] [INFO] access - ::1 - - "GET /exportTime?sendMail=false HTTP/1.1" 200 47 "http://localhost:9999/home" "Mozilla/5.0 (Windows NT 10.0; Win64; x64) AppleWebKit/537.36 (KHTML, like Gecko) Chrome/83.0.4103.61 Safari/537.36"
[2020-05-28T15:30:59.783] [INFO] access - ::1 - - "GET /download/all HTTP/1.1" 200 144838 "http://localhost:9999/home" "Mozilla/5.0 (Windows NT 10.0; Win64; x64) AppleWebKit/537.36 (KHTML, like Gecko) Chrome/83.0.4103.61 Safari/537.36"
[2020-05-28T15:31:22.855] [INFO] access - ::1 - - "OPTIONS /template/list?userId=b02fd560-7020-11e9-aa87-37732e5007de HTTP/1.1" 204 - "http://localhost:9999/summary" "Mozilla/5.0 (Windows NT 10.0; Win64; x64) AppleWebKit/537.36 (KHTML, like Gecko) Chrome/83.0.4103.61 Safari/537.36"
[2020-05-28T15:31:22.859] [INFO] access - ::1 - - "GET /template/list?userId=b02fd560-7020-11e9-aa87-37732e5007de HTTP/1.1" 200 41 "http://localhost:9999/summary" "Mozilla/5.0 (Windows NT 10.0; Win64; x64) AppleWebKit/537.36 (KHTML, like Gecko) Chrome/83.0.4103.61 Safari/537.36"
[2020-05-28T15:31:24.608] [INFO] access - ::1 - - "OPTIONS /template/listALL?time= HTTP/1.1" 204 - "http://localhost:9999/summary/seach" "Mozilla/5.0 (Windows NT 10.0; Win64; x64) AppleWebKit/537.36 (KHTML, like Gecko) Chrome/83.0.4103.61 Safari/537.36"
[2020-05-28T15:31:24.641] [INFO] access - ::1 - - "GET /template/listALL?time= HTTP/1.1" 200 30887 "http://localhost:9999/summary/seach" "Mozilla/5.0 (Windows NT 10.0; Win64; x64) AppleWebKit/537.36 (KHTML, like Gecko) Chrome/83.0.4103.61 Safari/537.36"
[2020-05-28T15:31:30.806] [INFO] access - ::1 - - "OPTIONS /template/reset/b18b7760-1a4e-11ea-87ac-35d603ff4611 HTTP/1.1" 204 - "http://localhost:9999/summary/seach" "Mozilla/5.0 (Windows NT 10.0; Win64; x64) AppleWebKit/537.36 (KHTML, like Gecko) Chrome/83.0.4103.61 Safari/537.36"
[2020-05-28T15:31:30.813] [INFO] access - ::1 - - "GET /template/reset/b18b7760-1a4e-11ea-87ac-35d603ff4611 HTTP/1.1" 200 31 "http://localhost:9999/summary/seach" "Mozilla/5.0 (Windows NT 10.0; Win64; x64) AppleWebKit/537.36 (KHTML, like Gecko) Chrome/83.0.4103.61 Safari/537.36"
[2020-05-28T15:31:32.821] [INFO] access - ::1 - - "OPTIONS /template/reset/1b44f640-1b1c-11ea-b824-53ac6e25d7c0 HTTP/1.1" 204 - "http://localhost:9999/summary/seach" "Mozilla/5.0 (Windows NT 10.0; Win64; x64) AppleWebKit/537.36 (KHTML, like Gecko) Chrome/83.0.4103.61 Safari/537.36"
[2020-05-28T15:31:32.824] [INFO] access - ::1 - - "GET /template/reset/1b44f640-1b1c-11ea-b824-53ac6e25d7c0 HTTP/1.1" 200 31 "http://localhost:9999/summary/seach" "Mozilla/5.0 (Windows NT 10.0; Win64; x64) AppleWebKit/537.36 (KHTML, like Gecko) Chrome/83.0.4103.61 Safari/537.36"
[2020-05-28T15:31:34.332] [INFO] access - ::1 - - "OPTIONS /template/reset/3ef497c0-1b1d-11ea-af89-797b0d5375ba HTTP/1.1" 204 - "http://localhost:9999/summary/seach" "Mozilla/5.0 (Windows NT 10.0; Win64; x64) AppleWebKit/537.36 (KHTML, like Gecko) Chrome/83.0.4103.61 Safari/537.36"
[2020-05-28T15:31:34.335] [INFO] access - ::1 - - "GET /template/reset/3ef497c0-1b1d-11ea-af89-797b0d5375ba HTTP/1.1" 200 31 "http://localhost:9999/summary/seach" "Mozilla/5.0 (Windows NT 10.0; Win64; x64) AppleWebKit/537.36 (KHTML, like Gecko) Chrome/83.0.4103.61 Safari/537.36"
[2020-05-28T15:31:35.747] [INFO] access - ::1 - - "OPTIONS /template/reset/38128c90-1b1e-11ea-af89-797b0d5375ba HTTP/1.1" 204 - "http://localhost:9999/summary/seach" "Mozilla/5.0 (Windows NT 10.0; Win64; x64) AppleWebKit/537.36 (KHTML, like Gecko) Chrome/83.0.4103.61 Safari/537.36"
[2020-05-28T15:31:35.751] [INFO] access - ::1 - - "GET /template/reset/38128c90-1b1e-11ea-af89-797b0d5375ba HTTP/1.1" 200 31 "http://localhost:9999/summary/seach" "Mozilla/5.0 (Windows NT 10.0; Win64; x64) AppleWebKit/537.36 (KHTML, like Gecko) Chrome/83.0.4103.61 Safari/537.36"
[2020-05-28T15:31:38.411] [INFO] access - ::1 - - "OPTIONS /template/reset/45a1c560-1b1e-11ea-af89-797b0d5375ba HTTP/1.1" 204 - "http://localhost:9999/summary/seach" "Mozilla/5.0 (Windows NT 10.0; Win64; x64) AppleWebKit/537.36 (KHTML, like Gecko) Chrome/83.0.4103.61 Safari/537.36"
[2020-05-28T15:31:38.415] [INFO] access - ::1 - - "GET /template/reset/45a1c560-1b1e-11ea-af89-797b0d5375ba HTTP/1.1" 200 31 "http://localhost:9999/summary/seach" "Mozilla/5.0 (Windows NT 10.0; Win64; x64) AppleWebKit/537.36 (KHTML, like Gecko) Chrome/83.0.4103.61 Safari/537.36"
[2020-05-28T15:31:39.915] [INFO] access - ::1 - - "OPTIONS /template/reset/babd5300-1b1e-11ea-9d57-cbbae792d7a0 HTTP/1.1" 204 - "http://localhost:9999/summary/seach" "Mozilla/5.0 (Windows NT 10.0; Win64; x64) AppleWebKit/537.36 (KHTML, like Gecko) Chrome/83.0.4103.61 Safari/537.36"
[2020-05-28T15:31:39.918] [INFO] access - ::1 - - "GET /template/reset/babd5300-1b1e-11ea-9d57-cbbae792d7a0 HTTP/1.1" 200 31 "http://localhost:9999/summary/seach" "Mozilla/5.0 (Windows NT 10.0; Win64; x64) AppleWebKit/537.36 (KHTML, like Gecko) Chrome/83.0.4103.61 Safari/537.36"
[2020-05-28T15:31:41.309] [INFO] access - ::1 - - "OPTIONS /template/reset/bae06b60-1b1e-11ea-9d57-cbbae792d7a0 HTTP/1.1" 204 - "http://localhost:9999/summary/seach" "Mozilla/5.0 (Windows NT 10.0; Win64; x64) AppleWebKit/537.36 (KHTML, like Gecko) Chrome/83.0.4103.61 Safari/537.36"
[2020-05-28T15:31:41.312] [INFO] access - ::1 - - "GET /template/reset/bae06b60-1b1e-11ea-9d57-cbbae792d7a0 HTTP/1.1" 200 31 "http://localhost:9999/summary/seach" "Mozilla/5.0 (Windows NT 10.0; Win64; x64) AppleWebKit/537.36 (KHTML, like Gecko) Chrome/83.0.4103.61 Safari/537.36"
[2020-05-28T15:31:42.723] [INFO] access - ::1 - - "OPTIONS /template/reset/56454da0-1b1f-11ea-ac19-b3d21a3a84df HTTP/1.1" 204 - "http://localhost:9999/summary/seach" "Mozilla/5.0 (Windows NT 10.0; Win64; x64) AppleWebKit/537.36 (KHTML, like Gecko) Chrome/83.0.4103.61 Safari/537.36"
[2020-05-28T15:31:42.726] [INFO] access - ::1 - - "GET /template/reset/56454da0-1b1f-11ea-ac19-b3d21a3a84df HTTP/1.1" 200 31 "http://localhost:9999/summary/seach" "Mozilla/5.0 (Windows NT 10.0; Win64; x64) AppleWebKit/537.36 (KHTML, like Gecko) Chrome/83.0.4103.61 Safari/537.36"
[2020-05-28T15:31:44.748] [INFO] access - ::1 - - "OPTIONS /template/reset/9875bb10-1b1f-11ea-99c8-ed512507e44a HTTP/1.1" 204 - "http://localhost:9999/summary/seach" "Mozilla/5.0 (Windows NT 10.0; Win64; x64) AppleWebKit/537.36 (KHTML, like Gecko) Chrome/83.0.4103.61 Safari/537.36"
[2020-05-28T15:31:44.751] [INFO] access - ::1 - - "GET /template/reset/9875bb10-1b1f-11ea-99c8-ed512507e44a HTTP/1.1" 200 31 "http://localhost:9999/summary/seach" "Mozilla/5.0 (Windows NT 10.0; Win64; x64) AppleWebKit/537.36 (KHTML, like Gecko) Chrome/83.0.4103.61 Safari/537.36"
[2020-05-28T15:31:46.043] [INFO] access - ::1 - - "OPTIONS /template/reset/d2794340-1b1f-11ea-93ed-4f5effea428c HTTP/1.1" 204 - "http://localhost:9999/summary/seach" "Mozilla/5.0 (Windows NT 10.0; Win64; x64) AppleWebKit/537.36 (KHTML, like Gecko) Chrome/83.0.4103.61 Safari/537.36"
[2020-05-28T15:31:46.047] [INFO] access - ::1 - - "GET /template/reset/d2794340-1b1f-11ea-93ed-4f5effea428c HTTP/1.1" 200 31 "http://localhost:9999/summary/seach" "Mozilla/5.0 (Windows NT 10.0; Win64; x64) AppleWebKit/537.36 (KHTML, like Gecko) Chrome/83.0.4103.61 Safari/537.36"
[2020-05-28T15:31:47.436] [INFO] access - ::1 - - "OPTIONS /template/reset/05ea8360-1b20-11ea-a643-57214d625d33 HTTP/1.1" 204 - "http://localhost:9999/summary/seach" "Mozilla/5.0 (Windows NT 10.0; Win64; x64) AppleWebKit/537.36 (KHTML, like Gecko) Chrome/83.0.4103.61 Safari/537.36"
[2020-05-28T15:31:47.439] [INFO] access - ::1 - - "GET /template/reset/05ea8360-1b20-11ea-a643-57214d625d33 HTTP/1.1" 200 31 "http://localhost:9999/summary/seach" "Mozilla/5.0 (Windows NT 10.0; Win64; x64) AppleWebKit/537.36 (KHTML, like Gecko) Chrome/83.0.4103.61 Safari/537.36"
[2020-05-28T15:31:49.060] [INFO] access - ::1 - - "OPTIONS /template/reset/48c42920-1b20-11ea-80db-7900e875760d HTTP/1.1" 204 - "http://localhost:9999/summary/seach" "Mozilla/5.0 (Windows NT 10.0; Win64; x64) AppleWebKit/537.36 (KHTML, like Gecko) Chrome/83.0.4103.61 Safari/537.36"
[2020-05-28T15:31:49.063] [INFO] access - ::1 - - "GET /template/reset/48c42920-1b20-11ea-80db-7900e875760d HTTP/1.1" 200 31 "http://localhost:9999/summary/seach" "Mozilla/5.0 (Windows NT 10.0; Win64; x64) AppleWebKit/537.36 (KHTML, like Gecko) Chrome/83.0.4103.61 Safari/537.36"
[2020-05-28T15:31:50.739] [INFO] access - ::1 - - "OPTIONS /template/reset/95deee20-1b20-11ea-80db-7900e875760d HTTP/1.1" 204 - "http://localhost:9999/summary/seach" "Mozilla/5.0 (Windows NT 10.0; Win64; x64) AppleWebKit/537.36 (KHTML, like Gecko) Chrome/83.0.4103.61 Safari/537.36"
[2020-05-28T15:31:50.742] [INFO] access - ::1 - - "GET /template/reset/95deee20-1b20-11ea-80db-7900e875760d HTTP/1.1" 200 31 "http://localhost:9999/summary/seach" "Mozilla/5.0 (Windows NT 10.0; Win64; x64) AppleWebKit/537.36 (KHTML, like Gecko) Chrome/83.0.4103.61 Safari/537.36"
[2020-05-28T15:32:02.035] [INFO] access - ::1 - - "OPTIONS /template/list?userId=7861a6f0-7024-11e9-85e6-9f1338560125 HTTP/1.1" 204 - "http://localhost:9999/summary" "Mozilla/5.0 (Windows NT 10.0; Win64; x64) AppleWebKit/537.36 (KHTML, like Gecko) Chrome/83.0.4103.61 Safari/537.36"
[2020-05-28T15:32:02.073] [INFO] access - ::1 - - "GET /template/list?userId=7861a6f0-7024-11e9-85e6-9f1338560125 HTTP/1.1" 200 30900 "http://localhost:9999/summary" "Mozilla/5.0 (Windows NT 10.0; Win64; x64) AppleWebKit/537.36 (KHTML, like Gecko) Chrome/83.0.4103.61 Safari/537.36"
[2020-05-28T15:32:52.580] [INFO] access - ::1 - - "OPTIONS /document/del/b18b7760-1a4e-11ea-87ac-35d603ff4611 HTTP/1.1" 204 - "http://localhost:9999/summary" "Mozilla/5.0 (Windows NT 10.0; Win64; x64) AppleWebKit/537.36 (KHTML, like Gecko) Chrome/83.0.4103.61 Safari/537.36"
[2020-05-28T15:32:52.615] [INFO] access - ::1 - - "DELETE /document/del/b18b7760-1a4e-11ea-87ac-35d603ff4611 HTTP/1.1" 200 31 "http://localhost:9999/summary" "Mozilla/5.0 (Windows NT 10.0; Win64; x64) AppleWebKit/537.36 (KHTML, like Gecko) Chrome/83.0.4103.61 Safari/537.36"
[2020-05-28T15:32:56.827] [INFO] access - ::1 - - "OPTIONS /document/del/1b44f640-1b1c-11ea-b824-53ac6e25d7c0 HTTP/1.1" 204 - "http://localhost:9999/summary" "Mozilla/5.0 (Windows NT 10.0; Win64; x64) AppleWebKit/537.36 (KHTML, like Gecko) Chrome/83.0.4103.61 Safari/537.36"
[2020-05-28T15:32:56.830] [INFO] access - ::1 - - "DELETE /document/del/1b44f640-1b1c-11ea-b824-53ac6e25d7c0 HTTP/1.1" 200 31 "http://localhost:9999/summary" "Mozilla/5.0 (Windows NT 10.0; Win64; x64) AppleWebKit/537.36 (KHTML, like Gecko) Chrome/83.0.4103.61 Safari/537.36"
[2020-05-28T15:32:58.578] [INFO] access - ::1 - - "OPTIONS /document/del/3ef497c0-1b1d-11ea-af89-797b0d5375ba HTTP/1.1" 204 - "http://localhost:9999/summary" "Mozilla/5.0 (Windows NT 10.0; Win64; x64) AppleWebKit/537.36 (KHTML, like Gecko) Chrome/83.0.4103.61 Safari/537.36"
[2020-05-28T15:32:58.581] [INFO] access - ::1 - - "DELETE /document/del/3ef497c0-1b1d-11ea-af89-797b0d5375ba HTTP/1.1" 200 31 "http://localhost:9999/summary" "Mozilla/5.0 (Windows NT 10.0; Win64; x64) AppleWebKit/537.36 (KHTML, like Gecko) Chrome/83.0.4103.61 Safari/537.36"
[2020-05-28T15:33:00.514] [INFO] access - ::1 - - "OPTIONS /document/del/38128c90-1b1e-11ea-af89-797b0d5375ba HTTP/1.1" 204 - "http://localhost:9999/summary" "Mozilla/5.0 (Windows NT 10.0; Win64; x64) AppleWebKit/537.36 (KHTML, like Gecko) Chrome/83.0.4103.61 Safari/537.36"
[2020-05-28T15:33:00.517] [INFO] access - ::1 - - "DELETE /document/del/38128c90-1b1e-11ea-af89-797b0d5375ba HTTP/1.1" 200 31 "http://localhost:9999/summary" "Mozilla/5.0 (Windows NT 10.0; Win64; x64) AppleWebKit/537.36 (KHTML, like Gecko) Chrome/83.0.4103.61 Safari/537.36"
[2020-05-28T15:33:02.451] [INFO] access - ::1 - - "OPTIONS /document/del/45a1c560-1b1e-11ea-af89-797b0d5375ba HTTP/1.1" 204 - "http://localhost:9999/summary" "Mozilla/5.0 (Windows NT 10.0; Win64; x64) AppleWebKit/537.36 (KHTML, like Gecko) Chrome/83.0.4103.61 Safari/537.36"
[2020-05-28T15:33:02.454] [INFO] access - ::1 - - "DELETE /document/del/45a1c560-1b1e-11ea-af89-797b0d5375ba HTTP/1.1" 200 31 "http://localhost:9999/summary" "Mozilla/5.0 (Windows NT 10.0; Win64; x64) AppleWebKit/537.36 (KHTML, like Gecko) Chrome/83.0.4103.61 Safari/537.36"
[2020-05-28T15:33:04.329] [INFO] access - ::1 - - "OPTIONS /document/del/babd5300-1b1e-11ea-9d57-cbbae792d7a0 HTTP/1.1" 204 - "http://localhost:9999/summary" "Mozilla/5.0 (Windows NT 10.0; Win64; x64) AppleWebKit/537.36 (KHTML, like Gecko) Chrome/83.0.4103.61 Safari/537.36"
[2020-05-28T15:33:04.332] [INFO] access - ::1 - - "DELETE /document/del/babd5300-1b1e-11ea-9d57-cbbae792d7a0 HTTP/1.1" 200 31 "http://localhost:9999/summary" "Mozilla/5.0 (Windows NT 10.0; Win64; x64) AppleWebKit/537.36 (KHTML, like Gecko) Chrome/83.0.4103.61 Safari/537.36"
[2020-05-28T15:33:06.026] [INFO] access - ::1 - - "OPTIONS /document/del/bae06b60-1b1e-11ea-9d57-cbbae792d7a0 HTTP/1.1" 204 - "http://localhost:9999/summary" "Mozilla/5.0 (Windows NT 10.0; Win64; x64) AppleWebKit/537.36 (KHTML, like Gecko) Chrome/83.0.4103.61 Safari/537.36"
[2020-05-28T15:33:06.029] [INFO] access - ::1 - - "DELETE /document/del/bae06b60-1b1e-11ea-9d57-cbbae792d7a0 HTTP/1.1" 200 31 "http://localhost:9999/summary" "Mozilla/5.0 (Windows NT 10.0; Win64; x64) AppleWebKit/537.36 (KHTML, like Gecko) Chrome/83.0.4103.61 Safari/537.36"
[2020-05-28T15:33:07.746] [INFO] access - ::1 - - "OPTIONS /document/del/56454da0-1b1f-11ea-ac19-b3d21a3a84df HTTP/1.1" 204 - "http://localhost:9999/summary" "Mozilla/5.0 (Windows NT 10.0; Win64; x64) AppleWebKit/537.36 (KHTML, like Gecko) Chrome/83.0.4103.61 Safari/537.36"
[2020-05-28T15:33:07.749] [INFO] access - ::1 - - "DELETE /document/del/56454da0-1b1f-11ea-ac19-b3d21a3a84df HTTP/1.1" 200 31 "http://localhost:9999/summary" "Mozilla/5.0 (Windows NT 10.0; Win64; x64) AppleWebKit/537.36 (KHTML, like Gecko) Chrome/83.0.4103.61 Safari/537.36"
[2020-05-28T15:33:09.561] [INFO] access - ::1 - - "OPTIONS /document/del/9875bb10-1b1f-11ea-99c8-ed512507e44a HTTP/1.1" 204 - "http://localhost:9999/summary" "Mozilla/5.0 (Windows NT 10.0; Win64; x64) AppleWebKit/537.36 (KHTML, like Gecko) Chrome/83.0.4103.61 Safari/537.36"
[2020-05-28T15:33:09.564] [INFO] access - ::1 - - "DELETE /document/del/9875bb10-1b1f-11ea-99c8-ed512507e44a HTTP/1.1" 200 31 "http://localhost:9999/summary" "Mozilla/5.0 (Windows NT 10.0; Win64; x64) AppleWebKit/537.36 (KHTML, like Gecko) Chrome/83.0.4103.61 Safari/537.36"
[2020-05-28T15:33:11.425] [INFO] access - ::1 - - "OPTIONS /document/del/d2794340-1b1f-11ea-93ed-4f5effea428c HTTP/1.1" 204 - "http://localhost:9999/summary" "Mozilla/5.0 (Windows NT 10.0; Win64; x64) AppleWebKit/537.36 (KHTML, like Gecko) Chrome/83.0.4103.61 Safari/537.36"
[2020-05-28T15:33:11.428] [INFO] access - ::1 - - "DELETE /document/del/d2794340-1b1f-11ea-93ed-4f5effea428c HTTP/1.1" 200 31 "http://localhost:9999/summary" "Mozilla/5.0 (Windows NT 10.0; Win64; x64) AppleWebKit/537.36 (KHTML, like Gecko) Chrome/83.0.4103.61 Safari/537.36"
[2020-05-28T15:33:13.241] [INFO] access - ::1 - - "OPTIONS /document/del/05ea8360-1b20-11ea-a643-57214d625d33 HTTP/1.1" 204 - "http://localhost:9999/summary" "Mozilla/5.0 (Windows NT 10.0; Win64; x64) AppleWebKit/537.36 (KHTML, like Gecko) Chrome/83.0.4103.61 Safari/537.36"
[2020-05-28T15:33:13.244] [INFO] access - ::1 - - "DELETE /document/del/05ea8360-1b20-11ea-a643-57214d625d33 HTTP/1.1" 200 31 "http://localhost:9999/summary" "Mozilla/5.0 (Windows NT 10.0; Win64; x64) AppleWebKit/537.36 (KHTML, like Gecko) Chrome/83.0.4103.61 Safari/537.36"
[2020-05-28T15:33:15.394] [INFO] access - ::1 - - "OPTIONS /document/del/48c42920-1b20-11ea-80db-7900e875760d HTTP/1.1" 204 - "http://localhost:9999/summary" "Mozilla/5.0 (Windows NT 10.0; Win64; x64) AppleWebKit/537.36 (KHTML, like Gecko) Chrome/83.0.4103.61 Safari/537.36"
[2020-05-28T15:33:15.397] [INFO] access - ::1 - - "DELETE /document/del/48c42920-1b20-11ea-80db-7900e875760d HTTP/1.1" 200 31 "http://localhost:9999/summary" "Mozilla/5.0 (Windows NT 10.0; Win64; x64) AppleWebKit/537.36 (KHTML, like Gecko) Chrome/83.0.4103.61 Safari/537.36"
[2020-05-28T15:33:19.530] [INFO] access - ::1 - - "OPTIONS /document/del/95deee20-1b20-11ea-80db-7900e875760d HTTP/1.1" 204 - "http://localhost:9999/summary" "Mozilla/5.0 (Windows NT 10.0; Win64; x64) AppleWebKit/537.36 (KHTML, like Gecko) Chrome/83.0.4103.61 Safari/537.36"
[2020-05-28T15:33:19.533] [INFO] access - ::1 - - "DELETE /document/del/95deee20-1b20-11ea-80db-7900e875760d HTTP/1.1" 200 31 "http://localhost:9999/summary" "Mozilla/5.0 (Windows NT 10.0; Win64; x64) AppleWebKit/537.36 (KHTML, like Gecko) Chrome/83.0.4103.61 Safari/537.36"
[2020-05-28T15:33:20.653] [INFO] access - ::1 - - "OPTIONS /system/getAllList HTTP/1.1" 204 - "http://localhost:9999/summary/template" "Mozilla/5.0 (Windows NT 10.0; Win64; x64) AppleWebKit/537.36 (KHTML, like Gecko) Chrome/83.0.4103.61 Safari/537.36"
[2020-05-28T15:33:20.683] [INFO] access - ::1 - - "GET /system/getAllList HTTP/1.1" 200 48705 "http://localhost:9999/summary/template" "Mozilla/5.0 (Windows NT 10.0; Win64; x64) AppleWebKit/537.36 (KHTML, like Gecko) Chrome/83.0.4103.61 Safari/537.36"
[2020-05-28T15:35:34.962] [INFO] access - ::1 - - "OPTIONS /template/add HTTP/1.1" 204 - "http://localhost:9999/summary/template" "Mozilla/5.0 (Windows NT 10.0; Win64; x64) AppleWebKit/537.36 (KHTML, like Gecko) Chrome/83.0.4103.61 Safari/537.36"
[2020-05-28T15:35:34.989] [INFO] access - ::1 - - "POST /template/add HTTP/1.1" 200 975 "http://localhost:9999/summary/template" "Mozilla/5.0 (Windows NT 10.0; Win64; x64) AppleWebKit/537.36 (KHTML, like Gecko) Chrome/83.0.4103.61 Safari/537.36"
[2020-05-28T15:35:38.561] [INFO] access - ::1 - - "OPTIONS /template/list?userId=7861a6f0-7024-11e9-85e6-9f1338560125 HTTP/1.1" 204 - "http://localhost:9999/summary" "Mozilla/5.0 (Windows NT 10.0; Win64; x64) AppleWebKit/537.36 (KHTML, like Gecko) Chrome/83.0.4103.61 Safari/537.36"
[2020-05-28T15:35:38.596] [INFO] access - ::1 - - "GET /template/list?userId=7861a6f0-7024-11e9-85e6-9f1338560125 HTTP/1.1" 200 31835 "http://localhost:9999/summary" "Mozilla/5.0 (Windows NT 10.0; Win64; x64) AppleWebKit/537.36 (KHTML, like Gecko) Chrome/83.0.4103.61 Safari/537.36"
[2020-05-28T15:35:53.787] [INFO] access - ::1 - - "OPTIONS /document/del/b18b7760-1a4e-11ea-87ac-35d603ff4611 HTTP/1.1" 204 - "http://localhost:9999/summary" "Mozilla/5.0 (Windows NT 10.0; Win64; x64) AppleWebKit/537.36 (KHTML, like Gecko) Chrome/83.0.4103.61 Safari/537.36"
[2020-05-28T15:35:53.790] [INFO] access - ::1 - - "DELETE /document/del/b18b7760-1a4e-11ea-87ac-35d603ff4611 HTTP/1.1" 200 31 "http://localhost:9999/summary" "Mozilla/5.0 (Windows NT 10.0; Win64; x64) AppleWebKit/537.36 (KHTML, like Gecko) Chrome/83.0.4103.61 Safari/537.36"
[2020-05-28T15:35:56.241] [INFO] access - ::1 - - "OPTIONS /document/del/1b44f640-1b1c-11ea-b824-53ac6e25d7c0 HTTP/1.1" 204 - "http://localhost:9999/summary" "Mozilla/5.0 (Windows NT 10.0; Win64; x64) AppleWebKit/537.36 (KHTML, like Gecko) Chrome/83.0.4103.61 Safari/537.36"
[2020-05-28T15:35:56.244] [INFO] access - ::1 - - "DELETE /document/del/1b44f640-1b1c-11ea-b824-53ac6e25d7c0 HTTP/1.1" 200 31 "http://localhost:9999/summary" "Mozilla/5.0 (Windows NT 10.0; Win64; x64) AppleWebKit/537.36 (KHTML, like Gecko) Chrome/83.0.4103.61 Safari/537.36"
[2020-05-28T15:35:58.009] [INFO] access - ::1 - - "OPTIONS /document/del/3ef497c0-1b1d-11ea-af89-797b0d5375ba HTTP/1.1" 204 - "http://localhost:9999/summary" "Mozilla/5.0 (Windows NT 10.0; Win64; x64) AppleWebKit/537.36 (KHTML, like Gecko) Chrome/83.0.4103.61 Safari/537.36"
[2020-05-28T15:35:58.012] [INFO] access - ::1 - - "DELETE /document/del/3ef497c0-1b1d-11ea-af89-797b0d5375ba HTTP/1.1" 200 31 "http://localhost:9999/summary" "Mozilla/5.0 (Windows NT 10.0; Win64; x64) AppleWebKit/537.36 (KHTML, like Gecko) Chrome/83.0.4103.61 Safari/537.36"
[2020-05-28T15:35:59.954] [INFO] access - ::1 - - "OPTIONS /document/del/38128c90-1b1e-11ea-af89-797b0d5375ba HTTP/1.1" 204 - "http://localhost:9999/summary" "Mozilla/5.0 (Windows NT 10.0; Win64; x64) AppleWebKit/537.36 (KHTML, like Gecko) Chrome/83.0.4103.61 Safari/537.36"
[2020-05-28T15:35:59.957] [INFO] access - ::1 - - "DELETE /document/del/38128c90-1b1e-11ea-af89-797b0d5375ba HTTP/1.1" 200 31 "http://localhost:9999/summary" "Mozilla/5.0 (Windows NT 10.0; Win64; x64) AppleWebKit/537.36 (KHTML, like Gecko) Chrome/83.0.4103.61 Safari/537.36"
[2020-05-28T15:36:01.618] [INFO] access - ::1 - - "OPTIONS /document/del/45a1c560-1b1e-11ea-af89-797b0d5375ba HTTP/1.1" 204 - "http://localhost:9999/summary" "Mozilla/5.0 (Windows NT 10.0; Win64; x64) AppleWebKit/537.36 (KHTML, like Gecko) Chrome/83.0.4103.61 Safari/537.36"
[2020-05-28T15:36:01.620] [INFO] access - ::1 - - "DELETE /document/del/45a1c560-1b1e-11ea-af89-797b0d5375ba HTTP/1.1" 200 31 "http://localhost:9999/summary" "Mozilla/5.0 (Windows NT 10.0; Win64; x64) AppleWebKit/537.36 (KHTML, like Gecko) Chrome/83.0.4103.61 Safari/537.36"
[2020-05-28T15:36:03.745] [INFO] access - ::1 - - "OPTIONS /document/del/babd5300-1b1e-11ea-9d57-cbbae792d7a0 HTTP/1.1" 204 - "http://localhost:9999/summary" "Mozilla/5.0 (Windows NT 10.0; Win64; x64) AppleWebKit/537.36 (KHTML, like Gecko) Chrome/83.0.4103.61 Safari/537.36"
[2020-05-28T15:36:03.748] [INFO] access - ::1 - - "DELETE /document/del/babd5300-1b1e-11ea-9d57-cbbae792d7a0 HTTP/1.1" 200 31 "http://localhost:9999/summary" "Mozilla/5.0 (Windows NT 10.0; Win64; x64) AppleWebKit/537.36 (KHTML, like Gecko) Chrome/83.0.4103.61 Safari/537.36"
[2020-05-28T15:36:06.121] [INFO] access - ::1 - - "OPTIONS /document/del/bae06b60-1b1e-11ea-9d57-cbbae792d7a0 HTTP/1.1" 204 - "http://localhost:9999/summary" "Mozilla/5.0 (Windows NT 10.0; Win64; x64) AppleWebKit/537.36 (KHTML, like Gecko) Chrome/83.0.4103.61 Safari/537.36"
[2020-05-28T15:36:06.124] [INFO] access - ::1 - - "DELETE /document/del/bae06b60-1b1e-11ea-9d57-cbbae792d7a0 HTTP/1.1" 200 31 "http://localhost:9999/summary" "Mozilla/5.0 (Windows NT 10.0; Win64; x64) AppleWebKit/537.36 (KHTML, like Gecko) Chrome/83.0.4103.61 Safari/537.36"
[2020-05-28T15:36:07.562] [INFO] access - ::1 - - "OPTIONS /document/del/56454da0-1b1f-11ea-ac19-b3d21a3a84df HTTP/1.1" 204 - "http://localhost:9999/summary" "Mozilla/5.0 (Windows NT 10.0; Win64; x64) AppleWebKit/537.36 (KHTML, like Gecko) Chrome/83.0.4103.61 Safari/537.36"
[2020-05-28T15:36:07.565] [INFO] access - ::1 - - "DELETE /document/del/56454da0-1b1f-11ea-ac19-b3d21a3a84df HTTP/1.1" 200 31 "http://localhost:9999/summary" "Mozilla/5.0 (Windows NT 10.0; Win64; x64) AppleWebKit/537.36 (KHTML, like Gecko) Chrome/83.0.4103.61 Safari/537.36"
[2020-05-28T15:36:09.226] [INFO] access - ::1 - - "OPTIONS /document/del/9875bb10-1b1f-11ea-99c8-ed512507e44a HTTP/1.1" 204 - "http://localhost:9999/summary" "Mozilla/5.0 (Windows NT 10.0; Win64; x64) AppleWebKit/537.36 (KHTML, like Gecko) Chrome/83.0.4103.61 Safari/537.36"
[2020-05-28T15:36:09.229] [INFO] access - ::1 - - "DELETE /document/del/9875bb10-1b1f-11ea-99c8-ed512507e44a HTTP/1.1" 200 31 "http://localhost:9999/summary" "Mozilla/5.0 (Windows NT 10.0; Win64; x64) AppleWebKit/537.36 (KHTML, like Gecko) Chrome/83.0.4103.61 Safari/537.36"
[2020-05-28T15:36:10.833] [INFO] access - ::1 - - "OPTIONS /document/del/d2794340-1b1f-11ea-93ed-4f5effea428c HTTP/1.1" 204 - "http://localhost:9999/summary" "Mozilla/5.0 (Windows NT 10.0; Win64; x64) AppleWebKit/537.36 (KHTML, like Gecko) Chrome/83.0.4103.61 Safari/537.36"
[2020-05-28T15:36:10.836] [INFO] access - ::1 - - "DELETE /document/del/d2794340-1b1f-11ea-93ed-4f5effea428c HTTP/1.1" 200 31 "http://localhost:9999/summary" "Mozilla/5.0 (Windows NT 10.0; Win64; x64) AppleWebKit/537.36 (KHTML, like Gecko) Chrome/83.0.4103.61 Safari/537.36"
[2020-05-28T15:36:13.186] [INFO] access - ::1 - - "OPTIONS /document/del/05ea8360-1b20-11ea-a643-57214d625d33 HTTP/1.1" 204 - "http://localhost:9999/summary" "Mozilla/5.0 (Windows NT 10.0; Win64; x64) AppleWebKit/537.36 (KHTML, like Gecko) Chrome/83.0.4103.61 Safari/537.36"
[2020-05-28T15:36:13.188] [INFO] access - ::1 - - "DELETE /document/del/05ea8360-1b20-11ea-a643-57214d625d33 HTTP/1.1" 200 31 "http://localhost:9999/summary" "Mozilla/5.0 (Windows NT 10.0; Win64; x64) AppleWebKit/537.36 (KHTML, like Gecko) Chrome/83.0.4103.61 Safari/537.36"
[2020-05-28T15:36:14.882] [INFO] access - ::1 - - "OPTIONS /document/del/48c42920-1b20-11ea-80db-7900e875760d HTTP/1.1" 204 - "http://localhost:9999/summary" "Mozilla/5.0 (Windows NT 10.0; Win64; x64) AppleWebKit/537.36 (KHTML, like Gecko) Chrome/83.0.4103.61 Safari/537.36"
[2020-05-28T15:36:14.885] [INFO] access - ::1 - - "DELETE /document/del/48c42920-1b20-11ea-80db-7900e875760d HTTP/1.1" 200 31 "http://localhost:9999/summary" "Mozilla/5.0 (Windows NT 10.0; Win64; x64) AppleWebKit/537.36 (KHTML, like Gecko) Chrome/83.0.4103.61 Safari/537.36"
[2020-05-28T15:36:16.722] [INFO] access - ::1 - - "OPTIONS /document/del/95deee20-1b20-11ea-80db-7900e875760d HTTP/1.1" 204 - "http://localhost:9999/summary" "Mozilla/5.0 (Windows NT 10.0; Win64; x64) AppleWebKit/537.36 (KHTML, like Gecko) Chrome/83.0.4103.61 Safari/537.36"
[2020-05-28T15:36:16.725] [INFO] access - ::1 - - "DELETE /document/del/95deee20-1b20-11ea-80db-7900e875760d HTTP/1.1" 200 31 "http://localhost:9999/summary" "Mozilla/5.0 (Windows NT 10.0; Win64; x64) AppleWebKit/537.36 (KHTML, like Gecko) Chrome/83.0.4103.61 Safari/537.36"
[2020-05-28T15:36:19.790] [INFO] access - ::1 - - "OPTIONS /template/list?userId=7861a6f0-7024-11e9-85e6-9f1338560125 HTTP/1.1" 204 - "http://localhost:9999/summary" "Mozilla/5.0 (Windows NT 10.0; Win64; x64) AppleWebKit/537.36 (KHTML, like Gecko) Chrome/83.0.4103.61 Safari/537.36"
[2020-05-28T15:36:19.822] [INFO] access - ::1 - - "GET /template/list?userId=7861a6f0-7024-11e9-85e6-9f1338560125 HTTP/1.1" 200 31835 "http://localhost:9999/summary" "Mozilla/5.0 (Windows NT 10.0; Win64; x64) AppleWebKit/537.36 (KHTML, like Gecko) Chrome/83.0.4103.61 Safari/537.36"
[2020-05-28T15:36:22.918] [INFO] access - ::1 - - "OPTIONS /template/details/d153db80-a0b5-11ea-8e36-d7c0b10325cd HTTP/1.1" 204 - "http://localhost:9999/summary/template/details/d153db80-a0b5-11ea-8e36-d7c0b10325cd" "Mozilla/5.0 (Windows NT 10.0; Win64; x64) AppleWebKit/537.36 (KHTML, like Gecko) Chrome/83.0.4103.61 Safari/537.36"
[2020-05-28T15:36:22.923] [INFO] access - ::1 - - "GET /template/details/d153db80-a0b5-11ea-8e36-d7c0b10325cd HTTP/1.1" 200 973 "http://localhost:9999/summary/template/details/d153db80-a0b5-11ea-8e36-d7c0b10325cd" "Mozilla/5.0 (Windows NT 10.0; Win64; x64) AppleWebKit/537.36 (KHTML, like Gecko) Chrome/83.0.4103.61 Safari/537.36"
[2020-05-28T15:37:10.376] [INFO] access - ::1 - - "OPTIONS /template/list?userId=7861a6f0-7024-11e9-85e6-9f1338560125 HTTP/1.1" 204 - "http://localhost:9999/summary" "Mozilla/5.0 (Windows NT 10.0; Win64; x64) AppleWebKit/537.36 (KHTML, like Gecko) Chrome/83.0.4103.61 Safari/537.36"
[2020-05-28T15:37:10.402] [INFO] access - ::1 - - "GET /template/list?userId=7861a6f0-7024-11e9-85e6-9f1338560125 HTTP/1.1" 200 31835 "http://localhost:9999/summary" "Mozilla/5.0 (Windows NT 10.0; Win64; x64) AppleWebKit/537.36 (KHTML, like Gecko) Chrome/83.0.4103.61 Safari/537.36"
[2020-05-28T15:37:14.225] [INFO] access - ::1 - - "OPTIONS /system/getAllList HTTP/1.1" 204 - "http://localhost:9999/summary/template/edit/d153db80-a0b5-11ea-8e36-d7c0b10325cd" "Mozilla/5.0 (Windows NT 10.0; Win64; x64) AppleWebKit/537.36 (KHTML, like Gecko) Chrome/83.0.4103.61 Safari/537.36"
[2020-05-28T15:37:14.229] [INFO] access - ::1 - - "OPTIONS /template/details/d153db80-a0b5-11ea-8e36-d7c0b10325cd HTTP/1.1" 204 - "http://localhost:9999/summary/template/edit/d153db80-a0b5-11ea-8e36-d7c0b10325cd" "Mozilla/5.0 (Windows NT 10.0; Win64; x64) AppleWebKit/537.36 (KHTML, like Gecko) Chrome/83.0.4103.61 Safari/537.36"
[2020-05-28T15:37:14.239] [INFO] access - ::1 - - "GET /template/details/d153db80-a0b5-11ea-8e36-d7c0b10325cd HTTP/1.1" 200 973 "http://localhost:9999/summary/template/edit/d153db80-a0b5-11ea-8e36-d7c0b10325cd" "Mozilla/5.0 (Windows NT 10.0; Win64; x64) AppleWebKit/537.36 (KHTML, like Gecko) Chrome/83.0.4103.61 Safari/537.36"
[2020-05-28T15:37:14.264] [INFO] access - ::1 - - "GET /system/getAllList HTTP/1.1" 200 48705 "http://localhost:9999/summary/template/edit/d153db80-a0b5-11ea-8e36-d7c0b10325cd" "Mozilla/5.0 (Windows NT 10.0; Win64; x64) AppleWebKit/537.36 (KHTML, like Gecko) Chrome/83.0.4103.61 Safari/537.36"
[2020-05-28T15:37:23.844] [INFO] access - ::1 - - "OPTIONS /template/list?userId=7861a6f0-7024-11e9-85e6-9f1338560125 HTTP/1.1" 204 - "http://localhost:9999/summary" "Mozilla/5.0 (Windows NT 10.0; Win64; x64) AppleWebKit/537.36 (KHTML, like Gecko) Chrome/83.0.4103.61 Safari/537.36"
[2020-05-28T15:37:23.867] [INFO] access - ::1 - - "GET /template/list?userId=7861a6f0-7024-11e9-85e6-9f1338560125 HTTP/1.1" 200 31835 "http://localhost:9999/summary" "Mozilla/5.0 (Windows NT 10.0; Win64; x64) AppleWebKit/537.36 (KHTML, like Gecko) Chrome/83.0.4103.61 Safari/537.36"
[2020-05-28T15:37:28.053] [INFO] access - ::1 - - "OPTIONS /system/getAllList HTTP/1.1" 204 - "http://localhost:9999/summary/template/edit/b18b7760-1a4e-11ea-87ac-35d603ff4611" "Mozilla/5.0 (Windows NT 10.0; Win64; x64) AppleWebKit/537.36 (KHTML, like Gecko) Chrome/83.0.4103.61 Safari/537.36"
[2020-05-28T15:37:28.056] [INFO] access - ::1 - - "OPTIONS /template/details/b18b7760-1a4e-11ea-87ac-35d603ff4611 HTTP/1.1" 204 - "http://localhost:9999/summary/template/edit/b18b7760-1a4e-11ea-87ac-35d603ff4611" "Mozilla/5.0 (Windows NT 10.0; Win64; x64) AppleWebKit/537.36 (KHTML, like Gecko) Chrome/83.0.4103.61 Safari/537.36"
[2020-05-28T15:37:28.062] [INFO] access - ::1 - - "GET /template/details/b18b7760-1a4e-11ea-87ac-35d603ff4611 HTTP/1.1" 200 920 "http://localhost:9999/summary/template/edit/b18b7760-1a4e-11ea-87ac-35d603ff4611" "Mozilla/5.0 (Windows NT 10.0; Win64; x64) AppleWebKit/537.36 (KHTML, like Gecko) Chrome/83.0.4103.61 Safari/537.36"
[2020-05-28T15:37:28.084] [INFO] access - ::1 - - "GET /system/getAllList HTTP/1.1" 200 48705 "http://localhost:9999/summary/template/edit/b18b7760-1a4e-11ea-87ac-35d603ff4611" "Mozilla/5.0 (Windows NT 10.0; Win64; x64) AppleWebKit/537.36 (KHTML, like Gecko) Chrome/83.0.4103.61 Safari/537.36"
[2020-05-28T15:37:34.346] [INFO] access - ::1 - - "OPTIONS /template/list?userId=7861a6f0-7024-11e9-85e6-9f1338560125 HTTP/1.1" 204 - "http://localhost:9999/summary" "Mozilla/5.0 (Windows NT 10.0; Win64; x64) AppleWebKit/537.36 (KHTML, like Gecko) Chrome/83.0.4103.61 Safari/537.36"
[2020-05-28T15:37:34.371] [INFO] access - ::1 - - "GET /template/list?userId=7861a6f0-7024-11e9-85e6-9f1338560125 HTTP/1.1" 200 31835 "http://localhost:9999/summary" "Mozilla/5.0 (Windows NT 10.0; Win64; x64) AppleWebKit/537.36 (KHTML, like Gecko) Chrome/83.0.4103.61 Safari/537.36"
[2020-05-28T15:37:37.691] [INFO] access - ::1 - - "OPTIONS /system/getAllList HTTP/1.1" 204 - "http://localhost:9999/summary/template/edit/95deee20-1b20-11ea-80db-7900e875760d" "Mozilla/5.0 (Windows NT 10.0; Win64; x64) AppleWebKit/537.36 (KHTML, like Gecko) Chrome/83.0.4103.61 Safari/537.36"
[2020-05-28T15:37:37.693] [INFO] access - ::1 - - "OPTIONS /template/details/95deee20-1b20-11ea-80db-7900e875760d HTTP/1.1" 204 - "http://localhost:9999/summary/template/edit/95deee20-1b20-11ea-80db-7900e875760d" "Mozilla/5.0 (Windows NT 10.0; Win64; x64) AppleWebKit/537.36 (KHTML, like Gecko) Chrome/83.0.4103.61 Safari/537.36"
[2020-05-28T15:37:37.701] [INFO] access - ::1 - - "GET /template/details/95deee20-1b20-11ea-80db-7900e875760d HTTP/1.1" 200 2703 "http://localhost:9999/summary/template/edit/95deee20-1b20-11ea-80db-7900e875760d" "Mozilla/5.0 (Windows NT 10.0; Win64; x64) AppleWebKit/537.36 (KHTML, like Gecko) Chrome/83.0.4103.61 Safari/537.36"
[2020-05-28T15:37:37.724] [INFO] access - ::1 - - "GET /system/getAllList HTTP/1.1" 200 48705 "http://localhost:9999/summary/template/edit/95deee20-1b20-11ea-80db-7900e875760d" "Mozilla/5.0 (Windows NT 10.0; Win64; x64) AppleWebKit/537.36 (KHTML, like Gecko) Chrome/83.0.4103.61 Safari/537.36"
[2020-05-28T15:37:42.868] [INFO] access - ::1 - - "OPTIONS /template/list?userId=7861a6f0-7024-11e9-85e6-9f1338560125 HTTP/1.1" 204 - "http://localhost:9999/summary" "Mozilla/5.0 (Windows NT 10.0; Win64; x64) AppleWebKit/537.36 (KHTML, like Gecko) Chrome/83.0.4103.61 Safari/537.36"
[2020-05-28T15:37:42.907] [INFO] access - ::1 - - "GET /template/list?userId=7861a6f0-7024-11e9-85e6-9f1338560125 HTTP/1.1" 200 31835 "http://localhost:9999/summary" "Mozilla/5.0 (Windows NT 10.0; Win64; x64) AppleWebKit/537.36 (KHTML, like Gecko) Chrome/83.0.4103.61 Safari/537.36"
[2020-05-28T15:37:48.851] [INFO] access - ::1 - - "OPTIONS /template/details/95deee20-1b20-11ea-80db-7900e875760d HTTP/1.1" 204 - "http://localhost:9999/summary/template/details/95deee20-1b20-11ea-80db-7900e875760d" "Mozilla/5.0 (Windows NT 10.0; Win64; x64) AppleWebKit/537.36 (KHTML, like Gecko) Chrome/83.0.4103.61 Safari/537.36"
[2020-05-28T15:37:48.859] [INFO] access - ::1 - - "GET /template/details/95deee20-1b20-11ea-80db-7900e875760d HTTP/1.1" 200 2703 "http://localhost:9999/summary/template/details/95deee20-1b20-11ea-80db-7900e875760d" "Mozilla/5.0 (Windows NT 10.0; Win64; x64) AppleWebKit/537.36 (KHTML, like Gecko) Chrome/83.0.4103.61 Safari/537.36"
[2020-05-28T15:39:17.280] [INFO] access - ::1 - - "OPTIONS /template/list?userId=7861a6f0-7024-11e9-85e6-9f1338560125 HTTP/1.1" 204 - "http://localhost:9999/summary" "Mozilla/5.0 (Windows NT 10.0; Win64; x64) AppleWebKit/537.36 (KHTML, like Gecko) Chrome/83.0.4103.61 Safari/537.36"
[2020-05-28T15:39:17.312] [INFO] access - ::1 - - "GET /template/list?userId=7861a6f0-7024-11e9-85e6-9f1338560125 HTTP/1.1" 200 31835 "http://localhost:9999/summary" "Mozilla/5.0 (Windows NT 10.0; Win64; x64) AppleWebKit/537.36 (KHTML, like Gecko) Chrome/83.0.4103.61 Safari/537.36"
[2020-05-28T15:40:29.648] [INFO] access - ::1 - - "OPTIONS /template/list?userId=7861a6f0-7024-11e9-85e6-9f1338560125 HTTP/1.1" 204 - "http://localhost:9999/summary" "Mozilla/5.0 (Windows NT 10.0; Win64; x64) AppleWebKit/537.36 (KHTML, like Gecko) Chrome/83.0.4103.61 Safari/537.36"
[2020-05-28T15:40:29.674] [INFO] access - ::1 - - "GET /template/list?userId=7861a6f0-7024-11e9-85e6-9f1338560125 HTTP/1.1" 200 31835 "http://localhost:9999/summary" "Mozilla/5.0 (Windows NT 10.0; Win64; x64) AppleWebKit/537.36 (KHTML, like Gecko) Chrome/83.0.4103.61 Safari/537.36"
[2020-05-28T15:40:42.354] [INFO] access - ::1 - - "OPTIONS /template/listALL?time= HTTP/1.1" 204 - "http://localhost:9999/summary/seach" "Mozilla/5.0 (Windows NT 10.0; Win64; x64) AppleWebKit/537.36 (KHTML, like Gecko) Chrome/83.0.4103.61 Safari/537.36"
[2020-05-28T15:40:42.358] [INFO] access - ::1 - - "GET /template/listALL?time= HTTP/1.1" 200 41 "http://localhost:9999/summary/seach" "Mozilla/5.0 (Windows NT 10.0; Win64; x64) AppleWebKit/537.36 (KHTML, like Gecko) Chrome/83.0.4103.61 Safari/537.36"
[2020-05-28T15:40:54.181] [INFO] access - ::1 - - "OPTIONS /template/listALL?time= HTTP/1.1" 204 - "http://localhost:9999/summary/seach" "Mozilla/5.0 (Windows NT 10.0; Win64; x64) AppleWebKit/537.36 (KHTML, like Gecko) Chrome/83.0.4103.61 Safari/537.36"
[2020-05-28T15:40:54.184] [INFO] access - ::1 - - "GET /template/listALL?time= HTTP/1.1" 200 41 "http://localhost:9999/summary/seach" "Mozilla/5.0 (Windows NT 10.0; Win64; x64) AppleWebKit/537.36 (KHTML, like Gecko) Chrome/83.0.4103.61 Safari/537.36"
[2020-05-28T15:42:48.420] [INFO] access - ::1 - - "OPTIONS /template/list?userId=7861a6f0-7024-11e9-85e6-9f1338560125 HTTP/1.1" 204 - "http://localhost:9999/summary" "Mozilla/5.0 (Windows NT 10.0; Win64; x64) AppleWebKit/537.36 (KHTML, like Gecko) Chrome/83.0.4103.61 Safari/537.36"
[2020-05-28T15:42:48.443] [INFO] access - ::1 - - "GET /template/list?userId=7861a6f0-7024-11e9-85e6-9f1338560125 HTTP/1.1" 200 31835 "http://localhost:9999/summary" "Mozilla/5.0 (Windows NT 10.0; Win64; x64) AppleWebKit/537.36 (KHTML, like Gecko) Chrome/83.0.4103.61 Safari/537.36"
[2020-05-28T15:45:54.496] [INFO] access - ::1 - - "OPTIONS /template/list?userId=7861a6f0-7024-11e9-85e6-9f1338560125 HTTP/1.1" 204 - "http://localhost:9999/summary" "Mozilla/5.0 (Windows NT 10.0; Win64; x64) AppleWebKit/537.36 (KHTML, like Gecko) Chrome/83.0.4103.61 Safari/537.36"
[2020-05-28T15:45:54.520] [INFO] access - ::1 - - "GET /template/list?userId=7861a6f0-7024-11e9-85e6-9f1338560125 HTTP/1.1" 200 31835 "http://localhost:9999/summary" "Mozilla/5.0 (Windows NT 10.0; Win64; x64) AppleWebKit/537.36 (KHTML, like Gecko) Chrome/83.0.4103.61 Safari/537.36"
[2020-05-28T15:46:04.632] [INFO] access - ::1 - - "OPTIONS /template/list?userId=7861a6f0-7024-11e9-85e6-9f1338560125 HTTP/1.1" 204 - "http://localhost:9999/summary" "Mozilla/5.0 (Windows NT 10.0; Win64; x64) AppleWebKit/537.36 (KHTML, like Gecko) Chrome/83.0.4103.61 Safari/537.36"
[2020-05-28T15:46:04.658] [INFO] access - ::1 - - "GET /template/list?userId=7861a6f0-7024-11e9-85e6-9f1338560125 HTTP/1.1" 200 31835 "http://localhost:9999/summary" "Mozilla/5.0 (Windows NT 10.0; Win64; x64) AppleWebKit/537.36 (KHTML, like Gecko) Chrome/83.0.4103.61 Safari/537.36"
[2020-05-28T15:53:31.905] [INFO] access - ::1 - - "OPTIONS /template/list?userId=7861a6f0-7024-11e9-85e6-9f1338560125 HTTP/1.1" 204 - "http://localhost:9999/summary-day" "Mozilla/5.0 (Windows NT 10.0; Win64; x64) AppleWebKit/537.36 (KHTML, like Gecko) Chrome/83.0.4103.61 Safari/537.36"
[2020-05-28T15:53:31.926] [INFO] access - ::1 - - "GET /template/list?userId=7861a6f0-7024-11e9-85e6-9f1338560125 HTTP/1.1" 200 31835 "http://localhost:9999/summary-day" "Mozilla/5.0 (Windows NT 10.0; Win64; x64) AppleWebKit/537.36 (KHTML, like Gecko) Chrome/83.0.4103.61 Safari/537.36"
[2020-05-28T15:53:35.591] [INFO] access - ::1 - - "GET /template/list?userId=7861a6f0-7024-11e9-85e6-9f1338560125 HTTP/1.1" 200 31835 "http://localhost:9999/summary-day" "Mozilla/5.0 (Windows NT 10.0; Win64; x64) AppleWebKit/537.36 (KHTML, like Gecko) Chrome/83.0.4103.61 Safari/537.36"
[2020-05-28T15:55:17.533] [INFO] access - ::1 - - "OPTIONS /template/list?userId=7861a6f0-7024-11e9-85e6-9f1338560125 HTTP/1.1" 204 - "http://localhost:9999/summary-day" "Mozilla/5.0 (Windows NT 10.0; Win64; x64) AppleWebKit/537.36 (KHTML, like Gecko) Chrome/83.0.4103.61 Safari/537.36"
[2020-05-28T15:55:17.565] [INFO] access - ::1 - - "GET /template/list?userId=7861a6f0-7024-11e9-85e6-9f1338560125 HTTP/1.1" 200 31835 "http://localhost:9999/summary-day" "Mozilla/5.0 (Windows NT 10.0; Win64; x64) AppleWebKit/537.36 (KHTML, like Gecko) Chrome/83.0.4103.61 Safari/537.36"
[2020-05-28T16:00:26.746] [INFO] access - ::1 - - "OPTIONS /template/list?userId=7861a6f0-7024-11e9-85e6-9f1338560125 HTTP/1.1" 204 - "http://localhost:9999/summary-day" "Mozilla/5.0 (Windows NT 10.0; Win64; x64) AppleWebKit/537.36 (KHTML, like Gecko) Chrome/83.0.4103.61 Safari/537.36"
[2020-05-28T16:00:26.772] [INFO] access - ::1 - - "GET /template/list?userId=7861a6f0-7024-11e9-85e6-9f1338560125 HTTP/1.1" 200 31835 "http://localhost:9999/summary-day" "Mozilla/5.0 (Windows NT 10.0; Win64; x64) AppleWebKit/537.36 (KHTML, like Gecko) Chrome/83.0.4103.61 Safari/537.36"
