[2020-06-10T08:48:05.216] [INFO] access - ::1 - - "OPTIONS /login HTTP/1.1" 204 - "http://localhost:9999/login" "Mozilla/5.0 (Windows NT 10.0; Win64; x64) AppleWebKit/537.36 (KHTML, like Gecko) Chrome/83.0.4103.61 Safari/537.36"
[2020-06-10T08:48:05.274] [INFO] access - ::1 - - "POST /login HTTP/1.1" 200 1094 "http://localhost:9999/login" "Mozilla/5.0 (Windows NT 10.0; Win64; x64) AppleWebKit/537.36 (KHTML, like Gecko) Chrome/83.0.4103.61 Safari/537.36"
[2020-06-10T08:48:05.278] [INFO] access - ::1 - - "OPTIONS /user/info HTTP/1.1" 204 - "http://localhost:9999/login" "Mozilla/5.0 (Windows NT 10.0; Win64; x64) AppleWebKit/537.36 (KHTML, like Gecko) Chrome/83.0.4103.61 Safari/537.36"
[2020-06-10T08:48:05.286] [INFO] access - ::1 - - "GET /user/info HTTP/1.1" 200 439 "http://localhost:9999/login" "Mozilla/5.0 (Windows NT 10.0; Win64; x64) AppleWebKit/537.36 (KHTML, like Gecko) Chrome/83.0.4103.61 Safari/537.36"
[2020-06-10T08:48:05.872] [INFO] access - ::1 - - "OPTIONS /time/workTimeCount?userId=b02fd560-7020-11e9-aa87-37732e5007de HTTP/1.1" 204 - "http://localhost:9999/home" "Mozilla/5.0 (Windows NT 10.0; Win64; x64) AppleWebKit/537.36 (KHTML, like Gecko) Chrome/83.0.4103.61 Safari/537.36"
[2020-06-10T08:48:05.875] [INFO] access - ::1 - - "OPTIONS /user/getAllUser HTTP/1.1" 204 - "http://localhost:9999/home" "Mozilla/5.0 (Windows NT 10.0; Win64; x64) AppleWebKit/537.36 (KHTML, like Gecko) Chrome/83.0.4103.61 Safari/537.36"
[2020-06-10T08:48:05.876] [INFO] access - ::1 - - "OPTIONS /system/getAllList HTTP/1.1" 204 - "http://localhost:9999/home" "Mozilla/5.0 (Windows NT 10.0; Win64; x64) AppleWebKit/537.36 (KHTML, like Gecko) Chrome/83.0.4103.61 Safari/537.36"
[2020-06-10T08:48:05.888] [INFO] access - ::1 - - "GET /user/getAllUser HTTP/1.1" 200 21005 "http://localhost:9999/home" "Mozilla/5.0 (Windows NT 10.0; Win64; x64) AppleWebKit/537.36 (KHTML, like Gecko) Chrome/83.0.4103.61 Safari/537.36"
[2020-06-10T08:48:05.920] [INFO] access - ::1 - - "GET /system/getAllList HTTP/1.1" 200 50146 "http://localhost:9999/home" "Mozilla/5.0 (Windows NT 10.0; Win64; x64) AppleWebKit/537.36 (KHTML, like Gecko) Chrome/83.0.4103.61 Safari/537.36"
[2020-06-10T08:48:05.940] [INFO] access - ::1 - - "GET /time/workTimeCount?userId=b02fd560-7020-11e9-aa87-37732e5007de HTTP/1.1" 200 108 "http://localhost:9999/home" "Mozilla/5.0 (Windows NT 10.0; Win64; x64) AppleWebKit/537.36 (KHTML, like Gecko) Chrome/83.0.4103.61 Safari/537.36"
[2020-06-10T09:04:04.267] [INFO] access - ::1 - - "OPTIONS /document/day/list?userId=b02fd560-7020-11e9-aa87-37732e5007de&year=2020&month=06 HTTP/1.1" 204 - "http://localhost:9999/summary-day" "Mozilla/5.0 (Windows NT 10.0; Win64; x64) AppleWebKit/537.36 (KHTML, like Gecko) Chrome/83.0.4103.61 Safari/537.36"
[2020-06-10T09:04:04.269] [INFO] access - ::1 - - "OPTIONS /user/getAllUser HTTP/1.1" 204 - "http://localhost:9999/summary-day" "Mozilla/5.0 (Windows NT 10.0; Win64; x64) AppleWebKit/537.36 (KHTML, like Gecko) Chrome/83.0.4103.61 Safari/537.36"
[2020-06-10T09:04:04.274] [INFO] access - ::1 - - "GET /document/day/list?userId=b02fd560-7020-11e9-aa87-37732e5007de&year=2020&month=06 HTTP/1.1" 200 41 "http://localhost:9999/summary-day" "Mozilla/5.0 (Windows NT 10.0; Win64; x64) AppleWebKit/537.36 (KHTML, like Gecko) Chrome/83.0.4103.61 Safari/537.36"
[2020-06-10T09:04:04.282] [INFO] access - ::1 - - "GET /user/getAllUser HTTP/1.1" 200 21005 "http://localhost:9999/summary-day" "Mozilla/5.0 (Windows NT 10.0; Win64; x64) AppleWebKit/537.36 (KHTML, like Gecko) Chrome/83.0.4103.61 Safari/537.36"
[2020-06-10T09:04:07.402] [INFO] access - ::1 - - "OPTIONS /department/getByParentId/0 HTTP/1.1" 204 - "http://localhost:9999/user-manage" "Mozilla/5.0 (Windows NT 10.0; Win64; x64) AppleWebKit/537.36 (KHTML, like Gecko) Chrome/83.0.4103.61 Safari/537.36"
[2020-06-10T09:04:07.420] [INFO] access - ::1 - - "OPTIONS /user/getByCondition?userName=&departmentId=&email=&type=&status=&pageNumber=1&pageSize=20&sort=createTime&order=desc&startDate=&endDate= HTTP/1.1" 204 - "http://localhost:9999/user-manage" "Mozilla/5.0 (Windows NT 10.0; Win64; x64) AppleWebKit/537.36 (KHTML, like Gecko) Chrome/83.0.4103.61 Safari/537.36"
[2020-06-10T09:04:07.421] [INFO] access - ::1 - - "GET /department/getByParentId/0 HTTP/1.1" 200 379 "http://localhost:9999/user-manage" "Mozilla/5.0 (Windows NT 10.0; Win64; x64) AppleWebKit/537.36 (KHTML, like Gecko) Chrome/83.0.4103.61 Safari/537.36"
[2020-06-10T09:04:07.436] [INFO] access - ::1 - - "GET /user/getByCondition?userName=&departmentId=&email=&type=&status=&pageNumber=1&pageSize=20&sort=createTime&order=desc&startDate=&endDate= HTTP/1.1" 200 21043 "http://localhost:9999/user-manage" "Mozilla/5.0 (Windows NT 10.0; Win64; x64) AppleWebKit/537.36 (KHTML, like Gecko) Chrome/83.0.4103.61 Safari/537.36"
[2020-06-10T09:07:25.038] [INFO] access - ::1 - - "OPTIONS /department/getByParentId/0 HTTP/1.1" 204 - "http://localhost:9999/user-manage" "Mozilla/5.0 (Windows NT 10.0; Win64; x64) AppleWebKit/537.36 (KHTML, like Gecko) Chrome/83.0.4103.61 Safari/537.36"
[2020-06-10T09:07:25.065] [INFO] access - ::1 - - "GET /department/getByParentId/0 HTTP/1.1" 200 379 "http://localhost:9999/user-manage" "Mozilla/5.0 (Windows NT 10.0; Win64; x64) AppleWebKit/537.36 (KHTML, like Gecko) Chrome/83.0.4103.61 Safari/537.36"
[2020-06-10T09:07:25.067] [INFO] access - ::1 - - "OPTIONS /user/getByCondition?userName=&departmentId=&email=&type=&status=&pageNumber=1&pageSize=20&sort=createTime&order=desc&startDate=&endDate= HTTP/1.1" 204 - "http://localhost:9999/user-manage" "Mozilla/5.0 (Windows NT 10.0; Win64; x64) AppleWebKit/537.36 (KHTML, like Gecko) Chrome/83.0.4103.61 Safari/537.36"
[2020-06-10T09:07:25.084] [INFO] access - ::1 - - "GET /user/getByCondition?userName=&departmentId=&email=&type=&status=&pageNumber=1&pageSize=20&sort=createTime&order=desc&startDate=&endDate= HTTP/1.1" 200 21043 "http://localhost:9999/user-manage" "Mozilla/5.0 (Windows NT 10.0; Win64; x64) AppleWebKit/537.36 (KHTML, like Gecko) Chrome/83.0.4103.61 Safari/537.36"
[2020-06-10T09:07:32.927] [INFO] access - ::1 - - "OPTIONS /time/workTimeCount?userId=b02fd560-7020-11e9-aa87-37732e5007de HTTP/1.1" 204 - "http://localhost:9999/home" "Mozilla/5.0 (Windows NT 10.0; Win64; x64) AppleWebKit/537.36 (KHTML, like Gecko) Chrome/83.0.4103.61 Safari/537.36"
[2020-06-10T09:07:32.929] [INFO] access - ::1 - - "OPTIONS /user/getAllUser HTTP/1.1" 204 - "http://localhost:9999/home" "Mozilla/5.0 (Windows NT 10.0; Win64; x64) AppleWebKit/537.36 (KHTML, like Gecko) Chrome/83.0.4103.61 Safari/537.36"
[2020-06-10T09:07:32.929] [INFO] access - ::1 - - "OPTIONS /system/getAllList HTTP/1.1" 204 - "http://localhost:9999/home" "Mozilla/5.0 (Windows NT 10.0; Win64; x64) AppleWebKit/537.36 (KHTML, like Gecko) Chrome/83.0.4103.61 Safari/537.36"
[2020-06-10T09:07:32.943] [INFO] access - ::1 - - "GET /user/getAllUser HTTP/1.1" 200 20583 "http://localhost:9999/home" "Mozilla/5.0 (Windows NT 10.0; Win64; x64) AppleWebKit/537.36 (KHTML, like Gecko) Chrome/83.0.4103.61 Safari/537.36"
[2020-06-10T09:07:32.996] [INFO] access - ::1 - - "GET /system/getAllList HTTP/1.1" 200 50146 "http://localhost:9999/home" "Mozilla/5.0 (Windows NT 10.0; Win64; x64) AppleWebKit/537.36 (KHTML, like Gecko) Chrome/83.0.4103.61 Safari/537.36"
[2020-06-10T09:07:33.015] [INFO] access - ::1 - - "GET /time/workTimeCount?userId=b02fd560-7020-11e9-aa87-37732e5007de HTTP/1.1" 200 108 "http://localhost:9999/home" "Mozilla/5.0 (Windows NT 10.0; Win64; x64) AppleWebKit/537.36 (KHTML, like Gecko) Chrome/83.0.4103.61 Safari/537.36"
[2020-06-10T09:07:34.933] [INFO] access - ::1 - - "OPTIONS /user/userSystem HTTP/1.1" 204 - "http://localhost:9999/home" "Mozilla/5.0 (Windows NT 10.0; Win64; x64) AppleWebKit/537.36 (KHTML, like Gecko) Chrome/83.0.4103.61 Safari/537.36"
[2020-06-10T09:07:34.979] [INFO] access - ::1 - - "POST /user/userSystem HTTP/1.1" 200 6560 "http://localhost:9999/home" "Mozilla/5.0 (Windows NT 10.0; Win64; x64) AppleWebKit/537.36 (KHTML, like Gecko) Chrome/83.0.4103.61 Safari/537.36"
[2020-06-10T09:07:47.756] [INFO] access - ::1 - - "OPTIONS /time/getTimeList HTTP/1.1" 204 - "http://localhost:9999/work-time" "Mozilla/5.0 (Windows NT 10.0; Win64; x64) AppleWebKit/537.36 (KHTML, like Gecko) Chrome/83.0.4103.61 Safari/537.36"
[2020-06-10T09:07:47.764] [INFO] access - ::1 - - "POST /time/getTimeList HTTP/1.1" 200 41 "http://localhost:9999/work-time" "Mozilla/5.0 (Windows NT 10.0; Win64; x64) AppleWebKit/537.36 (KHTML, like Gecko) Chrome/83.0.4103.61 Safari/537.36"
[2020-06-10T09:07:50.853] [INFO] access - ::1 - - "OPTIONS /document/day/list?userId=b02fd560-7020-11e9-aa87-37732e5007de&year=2020&month=06 HTTP/1.1" 204 - "http://localhost:9999/summary-day" "Mozilla/5.0 (Windows NT 10.0; Win64; x64) AppleWebKit/537.36 (KHTML, like Gecko) Chrome/83.0.4103.61 Safari/537.36"
[2020-06-10T09:07:50.855] [INFO] access - ::1 - - "OPTIONS /user/getAllUser HTTP/1.1" 204 - "http://localhost:9999/summary-day" "Mozilla/5.0 (Windows NT 10.0; Win64; x64) AppleWebKit/537.36 (KHTML, like Gecko) Chrome/83.0.4103.61 Safari/537.36"
[2020-06-10T09:07:50.860] [INFO] access - ::1 - - "GET /document/day/list?userId=b02fd560-7020-11e9-aa87-37732e5007de&year=2020&month=06 HTTP/1.1" 200 41 "http://localhost:9999/summary-day" "Mozilla/5.0 (Windows NT 10.0; Win64; x64) AppleWebKit/537.36 (KHTML, like Gecko) Chrome/83.0.4103.61 Safari/537.36"
[2020-06-10T09:07:50.868] [INFO] access - ::1 - - "GET /user/getAllUser HTTP/1.1" 200 20583 "http://localhost:9999/summary-day" "Mozilla/5.0 (Windows NT 10.0; Win64; x64) AppleWebKit/537.36 (KHTML, like Gecko) Chrome/83.0.4103.61 Safari/537.36"
[2020-06-10T09:10:20.267] [INFO] access - ::1 - - "OPTIONS /department/getByParentId/0 HTTP/1.1" 204 - "http://localhost:9999/user-manage" "Mozilla/5.0 (Windows NT 10.0; Win64; x64) AppleWebKit/537.36 (KHTML, like Gecko) Chrome/83.0.4103.61 Safari/537.36"
[2020-06-10T09:10:20.272] [INFO] access - ::1 - - "GET /department/getByParentId/0 HTTP/1.1" 200 379 "http://localhost:9999/user-manage" "Mozilla/5.0 (Windows NT 10.0; Win64; x64) AppleWebKit/537.36 (KHTML, like Gecko) Chrome/83.0.4103.61 Safari/537.36"
[2020-06-10T09:10:20.274] [INFO] access - ::1 - - "OPTIONS /user/getByCondition?userName=&departmentId=&email=&type=&status=&pageNumber=1&pageSize=20&sort=createTime&order=desc&startDate=&endDate= HTTP/1.1" 204 - "http://localhost:9999/user-manage" "Mozilla/5.0 (Windows NT 10.0; Win64; x64) AppleWebKit/537.36 (KHTML, like Gecko) Chrome/83.0.4103.61 Safari/537.36"
[2020-06-10T09:10:20.288] [INFO] access - ::1 - - "GET /user/getByCondition?userName=&departmentId=&email=&type=&status=&pageNumber=1&pageSize=20&sort=createTime&order=desc&startDate=&endDate= HTTP/1.1" 200 21043 "http://localhost:9999/user-manage" "Mozilla/5.0 (Windows NT 10.0; Win64; x64) AppleWebKit/537.36 (KHTML, like Gecko) Chrome/83.0.4103.61 Safari/537.36"
[2020-06-10T09:10:27.927] [INFO] access - ::1 - - "OPTIONS /user/delByIds/bb581a10-a49f-11ea-b4cc-b99ab1963c7a HTTP/1.1" 204 - "http://localhost:9999/user-manage" "Mozilla/5.0 (Windows NT 10.0; Win64; x64) AppleWebKit/537.36 (KHTML, like Gecko) Chrome/83.0.4103.61 Safari/537.36"
[2020-06-10T09:10:27.932] [INFO] access - ::1 - - "DELETE /user/delByIds/bb581a10-a49f-11ea-b4cc-b99ab1963c7a HTTP/1.1" 200 31 "http://localhost:9999/user-manage" "Mozilla/5.0 (Windows NT 10.0; Win64; x64) AppleWebKit/537.36 (KHTML, like Gecko) Chrome/83.0.4103.61 Safari/537.36"
[2020-06-10T09:10:27.974] [INFO] access - ::1 - - "OPTIONS /user/getByCondition?userName=&departmentId=&email=&type=&status=&pageNumber=1&pageSize=20&sort=createTime&order=desc&startDate=&endDate= HTTP/1.1" 204 - "http://localhost:9999/user-manage" "Mozilla/5.0 (Windows NT 10.0; Win64; x64) AppleWebKit/537.36 (KHTML, like Gecko) Chrome/83.0.4103.61 Safari/537.36"
[2020-06-10T09:10:27.991] [INFO] access - ::1 - - "GET /user/getByCondition?userName=&departmentId=&email=&type=&status=&pageNumber=1&pageSize=20&sort=createTime&order=desc&startDate=&endDate= HTTP/1.1" 200 19105 "http://localhost:9999/user-manage" "Mozilla/5.0 (Windows NT 10.0; Win64; x64) AppleWebKit/537.36 (KHTML, like Gecko) Chrome/83.0.4103.61 Safari/537.36"
[2020-06-10T09:11:19.269] [INFO] access - ::1 - - "OPTIONS /department/getByParentId/0 HTTP/1.1" 204 - "http://localhost:9999/user-manage" "Mozilla/5.0 (Windows NT 10.0; Win64; x64) AppleWebKit/537.36 (KHTML, like Gecko) Chrome/83.0.4103.61 Safari/537.36"
[2020-06-10T09:11:19.274] [INFO] access - ::1 - - "GET /department/getByParentId/0 HTTP/1.1" 200 379 "http://localhost:9999/user-manage" "Mozilla/5.0 (Windows NT 10.0; Win64; x64) AppleWebKit/537.36 (KHTML, like Gecko) Chrome/83.0.4103.61 Safari/537.36"
[2020-06-10T09:11:19.282] [INFO] access - ::1 - - "OPTIONS /user/getByCondition?userName=&departmentId=&email=&type=&status=&pageNumber=1&pageSize=20&sort=createTime&order=desc&startDate=&endDate= HTTP/1.1" 204 - "http://localhost:9999/user-manage" "Mozilla/5.0 (Windows NT 10.0; Win64; x64) AppleWebKit/537.36 (KHTML, like Gecko) Chrome/83.0.4103.61 Safari/537.36"
[2020-06-10T09:11:19.296] [INFO] access - ::1 - - "GET /user/getByCondition?userName=&departmentId=&email=&type=&status=&pageNumber=1&pageSize=20&sort=createTime&order=desc&startDate=&endDate= HTTP/1.1" 200 19105 "http://localhost:9999/user-manage" "Mozilla/5.0 (Windows NT 10.0; Win64; x64) AppleWebKit/537.36 (KHTML, like Gecko) Chrome/83.0.4103.61 Safari/537.36"
[2020-06-10T09:11:55.677] [INFO] access - ::1 - - "OPTIONS /document/day/list?userId=b02fd560-7020-11e9-aa87-37732e5007de&year=2020&month=06 HTTP/1.1" 204 - "http://localhost:9999/summary-day" "Mozilla/5.0 (Windows NT 10.0; Win64; x64) AppleWebKit/537.36 (KHTML, like Gecko) Chrome/83.0.4103.61 Safari/537.36"
[2020-06-10T09:11:55.678] [INFO] access - ::1 - - "OPTIONS /user/getAllUser HTTP/1.1" 204 - "http://localhost:9999/summary-day" "Mozilla/5.0 (Windows NT 10.0; Win64; x64) AppleWebKit/537.36 (KHTML, like Gecko) Chrome/83.0.4103.61 Safari/537.36"
[2020-06-10T09:11:55.683] [INFO] access - ::1 - - "GET /document/day/list?userId=b02fd560-7020-11e9-aa87-37732e5007de&year=2020&month=06 HTTP/1.1" 200 41 "http://localhost:9999/summary-day" "Mozilla/5.0 (Windows NT 10.0; Win64; x64) AppleWebKit/537.36 (KHTML, like Gecko) Chrome/83.0.4103.61 Safari/537.36"
[2020-06-10T09:11:55.690] [INFO] access - ::1 - - "GET /user/getAllUser HTTP/1.1" 200 18645 "http://localhost:9999/summary-day" "Mozilla/5.0 (Windows NT 10.0; Win64; x64) AppleWebKit/537.36 (KHTML, like Gecko) Chrome/83.0.4103.61 Safari/537.36"
[2020-06-10T09:12:46.935] [INFO] access - ::1 - - "OPTIONS /document/day/list?userId=b02fd560-7020-11e9-aa87-37732e5007de&year=2020&month=06 HTTP/1.1" 204 - "http://localhost:9999/summary-day" "Mozilla/5.0 (Windows NT 10.0; Win64; x64) AppleWebKit/537.36 (KHTML, like Gecko) Chrome/83.0.4103.61 Safari/537.36"
[2020-06-10T09:12:46.936] [INFO] access - ::1 - - "OPTIONS /user/getAllUser HTTP/1.1" 204 - "http://localhost:9999/summary-day" "Mozilla/5.0 (Windows NT 10.0; Win64; x64) AppleWebKit/537.36 (KHTML, like Gecko) Chrome/83.0.4103.61 Safari/537.36"
[2020-06-10T09:12:46.942] [INFO] access - ::1 - - "GET /document/day/list?userId=b02fd560-7020-11e9-aa87-37732e5007de&year=2020&month=06 HTTP/1.1" 200 41 "http://localhost:9999/summary-day" "Mozilla/5.0 (Windows NT 10.0; Win64; x64) AppleWebKit/537.36 (KHTML, like Gecko) Chrome/83.0.4103.61 Safari/537.36"
[2020-06-10T09:12:46.946] [INFO] access - ::1 - - "GET /user/getAllUser HTTP/1.1" 200 18645 "http://localhost:9999/summary-day" "Mozilla/5.0 (Windows NT 10.0; Win64; x64) AppleWebKit/537.36 (KHTML, like Gecko) Chrome/83.0.4103.61 Safari/537.36"
[2020-06-10T09:13:22.149] [INFO] access - ::1 - - "OPTIONS /document/week/list?userId=b02fd560-7020-11e9-aa87-37732e5007de&year=2020&month=06 HTTP/1.1" 204 - "http://localhost:9999/summary-week" "Mozilla/5.0 (Windows NT 10.0; Win64; x64) AppleWebKit/537.36 (KHTML, like Gecko) Chrome/83.0.4103.61 Safari/537.36"
[2020-06-10T09:13:22.150] [INFO] access - ::1 - - "OPTIONS /user/getAllUser HTTP/1.1" 204 - "http://localhost:9999/summary-week" "Mozilla/5.0 (Windows NT 10.0; Win64; x64) AppleWebKit/537.36 (KHTML, like Gecko) Chrome/83.0.4103.61 Safari/537.36"
[2020-06-10T09:13:22.154] [INFO] access - ::1 - - "GET /document/week/list?userId=b02fd560-7020-11e9-aa87-37732e5007de&year=2020&month=06 HTTP/1.1" 200 41 "http://localhost:9999/summary-week" "Mozilla/5.0 (Windows NT 10.0; Win64; x64) AppleWebKit/537.36 (KHTML, like Gecko) Chrome/83.0.4103.61 Safari/537.36"
[2020-06-10T09:13:22.159] [INFO] access - ::1 - - "GET /user/getAllUser HTTP/1.1" 200 18645 "http://localhost:9999/summary-week" "Mozilla/5.0 (Windows NT 10.0; Win64; x64) AppleWebKit/537.36 (KHTML, like Gecko) Chrome/83.0.4103.61 Safari/537.36"
[2020-06-10T09:13:35.490] [INFO] access - ::1 - - "OPTIONS /document/week/list?userId=b02fd560-7020-11e9-aa87-37732e5007de&year=2020&month=06 HTTP/1.1" 204 - "http://localhost:9999/summary-week" "Mozilla/5.0 (Windows NT 10.0; Win64; x64) AppleWebKit/537.36 (KHTML, like Gecko) Chrome/83.0.4103.61 Safari/537.36"
[2020-06-10T09:13:35.490] [INFO] access - ::1 - - "OPTIONS /user/getAllUser HTTP/1.1" 204 - "http://localhost:9999/summary-week" "Mozilla/5.0 (Windows NT 10.0; Win64; x64) AppleWebKit/537.36 (KHTML, like Gecko) Chrome/83.0.4103.61 Safari/537.36"
[2020-06-10T09:13:35.494] [INFO] access - ::1 - - "GET /document/week/list?userId=b02fd560-7020-11e9-aa87-37732e5007de&year=2020&month=06 HTTP/1.1" 200 41 "http://localhost:9999/summary-week" "Mozilla/5.0 (Windows NT 10.0; Win64; x64) AppleWebKit/537.36 (KHTML, like Gecko) Chrome/83.0.4103.61 Safari/537.36"
[2020-06-10T09:13:35.500] [INFO] access - ::1 - - "GET /user/getAllUser HTTP/1.1" 200 18645 "http://localhost:9999/summary-week" "Mozilla/5.0 (Windows NT 10.0; Win64; x64) AppleWebKit/537.36 (KHTML, like Gecko) Chrome/83.0.4103.61 Safari/537.36"
[2020-06-10T09:13:40.551] [INFO] access - ::1 - - "OPTIONS /document/month/list?userId=b02fd560-7020-11e9-aa87-37732e5007de&year=2020 HTTP/1.1" 204 - "http://localhost:9999/summary-month" "Mozilla/5.0 (Windows NT 10.0; Win64; x64) AppleWebKit/537.36 (KHTML, like Gecko) Chrome/83.0.4103.61 Safari/537.36"
[2020-06-10T09:13:40.552] [INFO] access - ::1 - - "OPTIONS /user/getAllUser HTTP/1.1" 204 - "http://localhost:9999/summary-month" "Mozilla/5.0 (Windows NT 10.0; Win64; x64) AppleWebKit/537.36 (KHTML, like Gecko) Chrome/83.0.4103.61 Safari/537.36"
[2020-06-10T09:13:40.558] [INFO] access - ::1 - - "GET /document/month/list?userId=b02fd560-7020-11e9-aa87-37732e5007de&year=2020 HTTP/1.1" 200 41 "http://localhost:9999/summary-month" "Mozilla/5.0 (Windows NT 10.0; Win64; x64) AppleWebKit/537.36 (KHTML, like Gecko) Chrome/83.0.4103.61 Safari/537.36"
[2020-06-10T09:13:40.562] [INFO] access - ::1 - - "GET /user/getAllUser HTTP/1.1" 200 18645 "http://localhost:9999/summary-month" "Mozilla/5.0 (Windows NT 10.0; Win64; x64) AppleWebKit/537.36 (KHTML, like Gecko) Chrome/83.0.4103.61 Safari/537.36"
[2020-06-10T09:13:48.785] [INFO] access - ::1 - - "OPTIONS /document/week/list?userId=b02fd560-7020-11e9-aa87-37732e5007de&year=2020&month=06 HTTP/1.1" 204 - "http://localhost:9999/summary-week" "Mozilla/5.0 (Windows NT 10.0; Win64; x64) AppleWebKit/537.36 (KHTML, like Gecko) Chrome/83.0.4103.61 Safari/537.36"
[2020-06-10T09:13:48.785] [INFO] access - ::1 - - "OPTIONS /user/getAllUser HTTP/1.1" 204 - "http://localhost:9999/summary-week" "Mozilla/5.0 (Windows NT 10.0; Win64; x64) AppleWebKit/537.36 (KHTML, like Gecko) Chrome/83.0.4103.61 Safari/537.36"
[2020-06-10T09:13:48.788] [INFO] access - ::1 - - "GET /document/week/list?userId=b02fd560-7020-11e9-aa87-37732e5007de&year=2020&month=06 HTTP/1.1" 200 41 "http://localhost:9999/summary-week" "Mozilla/5.0 (Windows NT 10.0; Win64; x64) AppleWebKit/537.36 (KHTML, like Gecko) Chrome/83.0.4103.61 Safari/537.36"
[2020-06-10T09:13:48.795] [INFO] access - ::1 - - "GET /user/getAllUser HTTP/1.1" 200 18645 "http://localhost:9999/summary-week" "Mozilla/5.0 (Windows NT 10.0; Win64; x64) AppleWebKit/537.36 (KHTML, like Gecko) Chrome/83.0.4103.61 Safari/537.36"
[2020-06-10T09:13:50.036] [INFO] access - ::1 - - "OPTIONS /document/day/list?userId=b02fd560-7020-11e9-aa87-37732e5007de&year=2020&month=06 HTTP/1.1" 204 - "http://localhost:9999/summary-day" "Mozilla/5.0 (Windows NT 10.0; Win64; x64) AppleWebKit/537.36 (KHTML, like Gecko) Chrome/83.0.4103.61 Safari/537.36"
[2020-06-10T09:13:50.042] [INFO] access - ::1 - - "GET /user/getAllUser HTTP/1.1" 200 18645 "http://localhost:9999/summary-day" "Mozilla/5.0 (Windows NT 10.0; Win64; x64) AppleWebKit/537.36 (KHTML, like Gecko) Chrome/83.0.4103.61 Safari/537.36"
[2020-06-10T09:13:50.044] [INFO] access - ::1 - - "GET /document/day/list?userId=b02fd560-7020-11e9-aa87-37732e5007de&year=2020&month=06 HTTP/1.1" 200 41 "http://localhost:9999/summary-day" "Mozilla/5.0 (Windows NT 10.0; Win64; x64) AppleWebKit/537.36 (KHTML, like Gecko) Chrome/83.0.4103.61 Safari/537.36"
[2020-06-10T09:18:30.101] [INFO] access - ::1 - - "OPTIONS /document/week/list?userId=b02fd560-7020-11e9-aa87-37732e5007de&year=2020&month=06 HTTP/1.1" 204 - "http://localhost:9999/summary-week" "Mozilla/5.0 (Windows NT 10.0; Win64; x64) AppleWebKit/537.36 (KHTML, like Gecko) Chrome/83.0.4103.61 Safari/537.36"
[2020-06-10T09:18:30.102] [INFO] access - ::1 - - "OPTIONS /user/getAllUser HTTP/1.1" 204 - "http://localhost:9999/summary-week" "Mozilla/5.0 (Windows NT 10.0; Win64; x64) AppleWebKit/537.36 (KHTML, like Gecko) Chrome/83.0.4103.61 Safari/537.36"
[2020-06-10T09:18:30.108] [INFO] access - ::1 - - "GET /document/week/list?userId=b02fd560-7020-11e9-aa87-37732e5007de&year=2020&month=06 HTTP/1.1" 200 41 "http://localhost:9999/summary-week" "Mozilla/5.0 (Windows NT 10.0; Win64; x64) AppleWebKit/537.36 (KHTML, like Gecko) Chrome/83.0.4103.61 Safari/537.36"
[2020-06-10T09:18:30.116] [INFO] access - ::1 - - "GET /user/getAllUser HTTP/1.1" 200 18645 "http://localhost:9999/summary-week" "Mozilla/5.0 (Windows NT 10.0; Win64; x64) AppleWebKit/537.36 (KHTML, like Gecko) Chrome/83.0.4103.61 Safari/537.36"
[2020-06-10T09:18:31.597] [INFO] access - ::1 - - "OPTIONS /document/day/list?userId=b02fd560-7020-11e9-aa87-37732e5007de&year=2020&month=06 HTTP/1.1" 204 - "http://localhost:9999/summary-day" "Mozilla/5.0 (Windows NT 10.0; Win64; x64) AppleWebKit/537.36 (KHTML, like Gecko) Chrome/83.0.4103.61 Safari/537.36"
[2020-06-10T09:18:31.607] [INFO] access - ::1 - - "GET /user/getAllUser HTTP/1.1" 200 18645 "http://localhost:9999/summary-day" "Mozilla/5.0 (Windows NT 10.0; Win64; x64) AppleWebKit/537.36 (KHTML, like Gecko) Chrome/83.0.4103.61 Safari/537.36"
[2020-06-10T09:18:31.610] [INFO] access - ::1 - - "GET /document/day/list?userId=b02fd560-7020-11e9-aa87-37732e5007de&year=2020&month=06 HTTP/1.1" 200 41 "http://localhost:9999/summary-day" "Mozilla/5.0 (Windows NT 10.0; Win64; x64) AppleWebKit/537.36 (KHTML, like Gecko) Chrome/83.0.4103.61 Safari/537.36"
[2020-06-10T09:18:32.591] [INFO] access - ::1 - - "GET /document/week/list?userId=b02fd560-7020-11e9-aa87-37732e5007de&year=2020&month=06 HTTP/1.1" 200 41 "http://localhost:9999/summary-week" "Mozilla/5.0 (Windows NT 10.0; Win64; x64) AppleWebKit/537.36 (KHTML, like Gecko) Chrome/83.0.4103.61 Safari/537.36"
[2020-06-10T09:18:32.595] [INFO] access - ::1 - - "GET /user/getAllUser HTTP/1.1" 200 18645 "http://localhost:9999/summary-week" "Mozilla/5.0 (Windows NT 10.0; Win64; x64) AppleWebKit/537.36 (KHTML, like Gecko) Chrome/83.0.4103.61 Safari/537.36"
[2020-06-10T09:20:52.059] [INFO] access - ::1 - - "OPTIONS /document/week/list?userId=b02fd560-7020-11e9-aa87-37732e5007de&year=2020&month=06 HTTP/1.1" 204 - "http://localhost:9999/summary-week" "Mozilla/5.0 (Windows NT 10.0; Win64; x64) AppleWebKit/537.36 (KHTML, like Gecko) Chrome/83.0.4103.61 Safari/537.36"
[2020-06-10T09:20:52.060] [INFO] access - ::1 - - "OPTIONS /user/getAllUser HTTP/1.1" 204 - "http://localhost:9999/summary-week" "Mozilla/5.0 (Windows NT 10.0; Win64; x64) AppleWebKit/537.36 (KHTML, like Gecko) Chrome/83.0.4103.61 Safari/537.36"
[2020-06-10T09:20:52.065] [INFO] access - ::1 - - "GET /document/week/list?userId=b02fd560-7020-11e9-aa87-37732e5007de&year=2020&month=06 HTTP/1.1" 200 41 "http://localhost:9999/summary-week" "Mozilla/5.0 (Windows NT 10.0; Win64; x64) AppleWebKit/537.36 (KHTML, like Gecko) Chrome/83.0.4103.61 Safari/537.36"
[2020-06-10T09:20:52.071] [INFO] access - ::1 - - "GET /user/getAllUser HTTP/1.1" 200 18645 "http://localhost:9999/summary-week" "Mozilla/5.0 (Windows NT 10.0; Win64; x64) AppleWebKit/537.36 (KHTML, like Gecko) Chrome/83.0.4103.61 Safari/537.36"
[2020-06-10T09:21:42.440] [INFO] access - ::1 - - "OPTIONS /document/week/list?userId=b02fd560-7020-11e9-aa87-37732e5007de&year=2020&month=06 HTTP/1.1" 204 - "http://localhost:9999/summary-week" "Mozilla/5.0 (Windows NT 10.0; Win64; x64) AppleWebKit/537.36 (KHTML, like Gecko) Chrome/83.0.4103.61 Safari/537.36"
[2020-06-10T09:21:42.440] [INFO] access - ::1 - - "OPTIONS /user/getAllUser HTTP/1.1" 204 - "http://localhost:9999/summary-week" "Mozilla/5.0 (Windows NT 10.0; Win64; x64) AppleWebKit/537.36 (KHTML, like Gecko) Chrome/83.0.4103.61 Safari/537.36"
[2020-06-10T09:21:42.445] [INFO] access - ::1 - - "GET /document/week/list?userId=b02fd560-7020-11e9-aa87-37732e5007de&year=2020&month=06 HTTP/1.1" 200 41 "http://localhost:9999/summary-week" "Mozilla/5.0 (Windows NT 10.0; Win64; x64) AppleWebKit/537.36 (KHTML, like Gecko) Chrome/83.0.4103.61 Safari/537.36"
[2020-06-10T09:21:42.449] [INFO] access - ::1 - - "GET /user/getAllUser HTTP/1.1" 200 18645 "http://localhost:9999/summary-week" "Mozilla/5.0 (Windows NT 10.0; Win64; x64) AppleWebKit/537.36 (KHTML, like Gecko) Chrome/83.0.4103.61 Safari/537.36"
[2020-06-10T09:24:46.571] [INFO] access - ::1 - - "OPTIONS /document/month/list?userId=b02fd560-7020-11e9-aa87-37732e5007de&year=2020 HTTP/1.1" 204 - "http://localhost:9999/summary-month" "Mozilla/5.0 (Windows NT 10.0; Win64; x64) AppleWebKit/537.36 (KHTML, like Gecko) Chrome/83.0.4103.61 Safari/537.36"
[2020-06-10T09:24:46.571] [INFO] access - ::1 - - "OPTIONS /user/getAllUser HTTP/1.1" 204 - "http://localhost:9999/summary-month" "Mozilla/5.0 (Windows NT 10.0; Win64; x64) AppleWebKit/537.36 (KHTML, like Gecko) Chrome/83.0.4103.61 Safari/537.36"
[2020-06-10T09:24:46.575] [INFO] access - ::1 - - "GET /document/month/list?userId=b02fd560-7020-11e9-aa87-37732e5007de&year=2020 HTTP/1.1" 200 41 "http://localhost:9999/summary-month" "Mozilla/5.0 (Windows NT 10.0; Win64; x64) AppleWebKit/537.36 (KHTML, like Gecko) Chrome/83.0.4103.61 Safari/537.36"
[2020-06-10T09:24:46.579] [INFO] access - ::1 - - "GET /user/getAllUser HTTP/1.1" 200 18645 "http://localhost:9999/summary-month" "Mozilla/5.0 (Windows NT 10.0; Win64; x64) AppleWebKit/537.36 (KHTML, like Gecko) Chrome/83.0.4103.61 Safari/537.36"
[2020-06-10T09:25:37.547] [INFO] access - ::1 - - "OPTIONS /document/month/list?userId=b02fd560-7020-11e9-aa87-37732e5007de&year=2020 HTTP/1.1" 204 - "http://localhost:9999/summary-month" "Mozilla/5.0 (Windows NT 10.0; Win64; x64) AppleWebKit/537.36 (KHTML, like Gecko) Chrome/83.0.4103.61 Safari/537.36"
[2020-06-10T09:25:37.549] [INFO] access - ::1 - - "OPTIONS /user/getAllUser HTTP/1.1" 204 - "http://localhost:9999/summary-month" "Mozilla/5.0 (Windows NT 10.0; Win64; x64) AppleWebKit/537.36 (KHTML, like Gecko) Chrome/83.0.4103.61 Safari/537.36"
[2020-06-10T09:25:37.555] [INFO] access - ::1 - - "GET /document/month/list?userId=b02fd560-7020-11e9-aa87-37732e5007de&year=2020 HTTP/1.1" 200 41 "http://localhost:9999/summary-month" "Mozilla/5.0 (Windows NT 10.0; Win64; x64) AppleWebKit/537.36 (KHTML, like Gecko) Chrome/83.0.4103.61 Safari/537.36"
[2020-06-10T09:25:37.559] [INFO] access - ::1 - - "GET /user/getAllUser HTTP/1.1" 200 18645 "http://localhost:9999/summary-month" "Mozilla/5.0 (Windows NT 10.0; Win64; x64) AppleWebKit/537.36 (KHTML, like Gecko) Chrome/83.0.4103.61 Safari/537.36"
[2020-06-10T09:25:50.051] [INFO] access - ::1 - - "OPTIONS /document/day/list?userId=b02fd560-7020-11e9-aa87-37732e5007de&year=2020&month=06 HTTP/1.1" 204 - "http://localhost:9999/summary-day" "Mozilla/5.0 (Windows NT 10.0; Win64; x64) AppleWebKit/537.36 (KHTML, like Gecko) Chrome/83.0.4103.61 Safari/537.36"
[2020-06-10T09:25:50.052] [INFO] access - ::1 - - "OPTIONS /user/getAllUser HTTP/1.1" 204 - "http://localhost:9999/summary-day" "Mozilla/5.0 (Windows NT 10.0; Win64; x64) AppleWebKit/537.36 (KHTML, like Gecko) Chrome/83.0.4103.61 Safari/537.36"
[2020-06-10T09:25:50.055] [INFO] access - ::1 - - "GET /document/day/list?userId=b02fd560-7020-11e9-aa87-37732e5007de&year=2020&month=06 HTTP/1.1" 200 41 "http://localhost:9999/summary-day" "Mozilla/5.0 (Windows NT 10.0; Win64; x64) AppleWebKit/537.36 (KHTML, like Gecko) Chrome/83.0.4103.61 Safari/537.36"
[2020-06-10T09:25:50.058] [INFO] access - ::1 - - "GET /user/getAllUser HTTP/1.1" 200 18645 "http://localhost:9999/summary-day" "Mozilla/5.0 (Windows NT 10.0; Win64; x64) AppleWebKit/537.36 (KHTML, like Gecko) Chrome/83.0.4103.61 Safari/537.36"
[2020-06-10T09:26:04.402] [INFO] access - ::1 - - "OPTIONS /document/week/list?userId=b02fd560-7020-11e9-aa87-37732e5007de&year=2020&month=06 HTTP/1.1" 204 - "http://localhost:9999/summary-week" "Mozilla/5.0 (Windows NT 10.0; Win64; x64) AppleWebKit/537.36 (KHTML, like Gecko) Chrome/83.0.4103.61 Safari/537.36"
[2020-06-10T09:26:04.403] [INFO] access - ::1 - - "OPTIONS /user/getAllUser HTTP/1.1" 204 - "http://localhost:9999/summary-week" "Mozilla/5.0 (Windows NT 10.0; Win64; x64) AppleWebKit/537.36 (KHTML, like Gecko) Chrome/83.0.4103.61 Safari/537.36"
[2020-06-10T09:26:04.408] [INFO] access - ::1 - - "GET /document/week/list?userId=b02fd560-7020-11e9-aa87-37732e5007de&year=2020&month=06 HTTP/1.1" 200 41 "http://localhost:9999/summary-week" "Mozilla/5.0 (Windows NT 10.0; Win64; x64) AppleWebKit/537.36 (KHTML, like Gecko) Chrome/83.0.4103.61 Safari/537.36"
[2020-06-10T09:26:04.412] [INFO] access - ::1 - - "GET /user/getAllUser HTTP/1.1" 200 18645 "http://localhost:9999/summary-week" "Mozilla/5.0 (Windows NT 10.0; Win64; x64) AppleWebKit/537.36 (KHTML, like Gecko) Chrome/83.0.4103.61 Safari/537.36"
[2020-06-10T09:26:07.201] [INFO] access - ::1 - - "OPTIONS /document/month/list?userId=b02fd560-7020-11e9-aa87-37732e5007de&year=2020 HTTP/1.1" 204 - "http://localhost:9999/summary-month" "Mozilla/5.0 (Windows NT 10.0; Win64; x64) AppleWebKit/537.36 (KHTML, like Gecko) Chrome/83.0.4103.61 Safari/537.36"
[2020-06-10T09:26:07.208] [INFO] access - ::1 - - "GET /user/getAllUser HTTP/1.1" 200 18645 "http://localhost:9999/summary-month" "Mozilla/5.0 (Windows NT 10.0; Win64; x64) AppleWebKit/537.36 (KHTML, like Gecko) Chrome/83.0.4103.61 Safari/537.36"
[2020-06-10T09:26:07.210] [INFO] access - ::1 - - "GET /document/month/list?userId=b02fd560-7020-11e9-aa87-37732e5007de&year=2020 HTTP/1.1" 200 41 "http://localhost:9999/summary-month" "Mozilla/5.0 (Windows NT 10.0; Win64; x64) AppleWebKit/537.36 (KHTML, like Gecko) Chrome/83.0.4103.61 Safari/537.36"
[2020-06-10T09:27:59.146] [INFO] access - ::1 - - "OPTIONS /document/week/list?userId=b02fd560-7020-11e9-aa87-37732e5007de&year=2020&month=06 HTTP/1.1" 204 - "http://localhost:9999/summary-week" "Mozilla/5.0 (Windows NT 10.0; Win64; x64) AppleWebKit/537.36 (KHTML, like Gecko) Chrome/83.0.4103.61 Safari/537.36"
[2020-06-10T09:27:59.147] [INFO] access - ::1 - - "OPTIONS /user/getAllUser HTTP/1.1" 204 - "http://localhost:9999/summary-week" "Mozilla/5.0 (Windows NT 10.0; Win64; x64) AppleWebKit/537.36 (KHTML, like Gecko) Chrome/83.0.4103.61 Safari/537.36"
[2020-06-10T09:27:59.151] [INFO] access - ::1 - - "GET /document/week/list?userId=b02fd560-7020-11e9-aa87-37732e5007de&year=2020&month=06 HTTP/1.1" 200 41 "http://localhost:9999/summary-week" "Mozilla/5.0 (Windows NT 10.0; Win64; x64) AppleWebKit/537.36 (KHTML, like Gecko) Chrome/83.0.4103.61 Safari/537.36"
[2020-06-10T09:27:59.156] [INFO] access - ::1 - - "GET /user/getAllUser HTTP/1.1" 200 18645 "http://localhost:9999/summary-week" "Mozilla/5.0 (Windows NT 10.0; Win64; x64) AppleWebKit/537.36 (KHTML, like Gecko) Chrome/83.0.4103.61 Safari/537.36"
[2020-06-10T13:30:21.745] [INFO] access - ::1 - - "OPTIONS /document/week/list?userId=b02fd560-7020-11e9-aa87-37732e5007de&year=2020&month=06 HTTP/1.1" 204 - "http://localhost:9999/summary-week" "Mozilla/5.0 (Windows NT 10.0; Win64; x64) AppleWebKit/537.36 (KHTML, like Gecko) Chrome/83.0.4103.61 Safari/537.36"
[2020-06-10T13:30:21.746] [INFO] access - ::1 - - "OPTIONS /user/getAllUser HTTP/1.1" 204 - "http://localhost:9999/summary-week" "Mozilla/5.0 (Windows NT 10.0; Win64; x64) AppleWebKit/537.36 (KHTML, like Gecko) Chrome/83.0.4103.61 Safari/537.36"
[2020-06-10T13:30:21.757] [INFO] access - ::1 - - "GET /document/week/list?userId=b02fd560-7020-11e9-aa87-37732e5007de&year=2020&month=06 HTTP/1.1" 200 41 "http://localhost:9999/summary-week" "Mozilla/5.0 (Windows NT 10.0; Win64; x64) AppleWebKit/537.36 (KHTML, like Gecko) Chrome/83.0.4103.61 Safari/537.36"
[2020-06-10T13:30:21.762] [INFO] access - ::1 - - "GET /user/getAllUser HTTP/1.1" 200 18645 "http://localhost:9999/summary-week" "Mozilla/5.0 (Windows NT 10.0; Win64; x64) AppleWebKit/537.36 (KHTML, like Gecko) Chrome/83.0.4103.61 Safari/537.36"
[2020-06-10T13:30:22.099] [INFO] access - ::1 - - "GET /document/week/list?userId=b02fd560-7020-11e9-aa87-37732e5007de&year=2020&month=06 HTTP/1.1" 200 41 "http://localhost:9999/summary-week" "Mozilla/5.0 (Windows NT 10.0; Win64; x64) AppleWebKit/537.36 (KHTML, like Gecko) Chrome/83.0.4103.61 Safari/537.36"
[2020-06-10T13:30:22.103] [INFO] access - ::1 - - "GET /user/getAllUser HTTP/1.1" 200 18645 "http://localhost:9999/summary-week" "Mozilla/5.0 (Windows NT 10.0; Win64; x64) AppleWebKit/537.36 (KHTML, like Gecko) Chrome/83.0.4103.61 Safari/537.36"
[2020-06-10T13:33:25.491] [INFO] access - ::1 - - "OPTIONS /document/week/list?userId=b02fd560-7020-11e9-aa87-37732e5007de&year=2020&month=06 HTTP/1.1" 204 - "http://localhost:9999/summary-week" "Mozilla/5.0 (Windows NT 10.0; Win64; x64) AppleWebKit/537.36 (KHTML, like Gecko) Chrome/83.0.4103.61 Safari/537.36"
[2020-06-10T13:33:25.492] [INFO] access - ::1 - - "OPTIONS /user/getAllUser HTTP/1.1" 204 - "http://localhost:9999/summary-week" "Mozilla/5.0 (Windows NT 10.0; Win64; x64) AppleWebKit/537.36 (KHTML, like Gecko) Chrome/83.0.4103.61 Safari/537.36"
[2020-06-10T13:33:25.537] [INFO] access - ::1 - - "GET /document/week/list?userId=b02fd560-7020-11e9-aa87-37732e5007de&year=2020&month=06 HTTP/1.1" 200 41 "http://localhost:9999/summary-week" "Mozilla/5.0 (Windows NT 10.0; Win64; x64) AppleWebKit/537.36 (KHTML, like Gecko) Chrome/83.0.4103.61 Safari/537.36"
[2020-06-10T13:33:25.542] [INFO] access - ::1 - - "GET /user/getAllUser HTTP/1.1" 200 18645 "http://localhost:9999/summary-week" "Mozilla/5.0 (Windows NT 10.0; Win64; x64) AppleWebKit/537.36 (KHTML, like Gecko) Chrome/83.0.4103.61 Safari/537.36"
[2020-06-10T13:33:25.982] [INFO] access - ::1 - - "GET /document/week/list?userId=b02fd560-7020-11e9-aa87-37732e5007de&year=2020&month=06 HTTP/1.1" 200 41 "http://localhost:9999/summary-week" "Mozilla/5.0 (Windows NT 10.0; Win64; x64) AppleWebKit/537.36 (KHTML, like Gecko) Chrome/83.0.4103.61 Safari/537.36"
[2020-06-10T13:33:25.985] [INFO] access - ::1 - - "GET /user/getAllUser HTTP/1.1" 200 18645 "http://localhost:9999/summary-week" "Mozilla/5.0 (Windows NT 10.0; Win64; x64) AppleWebKit/537.36 (KHTML, like Gecko) Chrome/83.0.4103.61 Safari/537.36"
[2020-06-10T13:34:24.938] [INFO] access - ::1 - - "OPTIONS /document/week/list?userId=b02fd560-7020-11e9-aa87-37732e5007de&year=2020&month=06 HTTP/1.1" 204 - "http://localhost:9999/summary-week" "Mozilla/5.0 (Windows NT 10.0; Win64; x64) AppleWebKit/537.36 (KHTML, like Gecko) Chrome/83.0.4103.61 Safari/537.36"
[2020-06-10T13:34:24.940] [INFO] access - ::1 - - "OPTIONS /user/getAllUser HTTP/1.1" 204 - "http://localhost:9999/summary-week" "Mozilla/5.0 (Windows NT 10.0; Win64; x64) AppleWebKit/537.36 (KHTML, like Gecko) Chrome/83.0.4103.61 Safari/537.36"
[2020-06-10T13:34:24.946] [INFO] access - ::1 - - "GET /document/week/list?userId=b02fd560-7020-11e9-aa87-37732e5007de&year=2020&month=06 HTTP/1.1" 200 41 "http://localhost:9999/summary-week" "Mozilla/5.0 (Windows NT 10.0; Win64; x64) AppleWebKit/537.36 (KHTML, like Gecko) Chrome/83.0.4103.61 Safari/537.36"
[2020-06-10T13:34:24.951] [INFO] access - ::1 - - "GET /user/getAllUser HTTP/1.1" 200 18645 "http://localhost:9999/summary-week" "Mozilla/5.0 (Windows NT 10.0; Win64; x64) AppleWebKit/537.36 (KHTML, like Gecko) Chrome/83.0.4103.61 Safari/537.36"
[2020-06-10T13:35:07.667] [INFO] access - ::1 - - "OPTIONS /document/week/list?userId=b02fd560-7020-11e9-aa87-37732e5007de&year=2020&month=06 HTTP/1.1" 204 - "http://localhost:9999/summary-week" "Mozilla/5.0 (Windows NT 10.0; Win64; x64) AppleWebKit/537.36 (KHTML, like Gecko) Chrome/83.0.4103.61 Safari/537.36"
[2020-06-10T13:35:07.669] [INFO] access - ::1 - - "OPTIONS /user/getAllUser HTTP/1.1" 204 - "http://localhost:9999/summary-week" "Mozilla/5.0 (Windows NT 10.0; Win64; x64) AppleWebKit/537.36 (KHTML, like Gecko) Chrome/83.0.4103.61 Safari/537.36"
[2020-06-10T13:35:07.686] [INFO] access - ::1 - - "GET /document/week/list?userId=b02fd560-7020-11e9-aa87-37732e5007de&year=2020&month=06 HTTP/1.1" 200 41 "http://localhost:9999/summary-week" "Mozilla/5.0 (Windows NT 10.0; Win64; x64) AppleWebKit/537.36 (KHTML, like Gecko) Chrome/83.0.4103.61 Safari/537.36"
[2020-06-10T13:35:07.689] [INFO] access - ::1 - - "GET /user/getAllUser HTTP/1.1" 200 18645 "http://localhost:9999/summary-week" "Mozilla/5.0 (Windows NT 10.0; Win64; x64) AppleWebKit/537.36 (KHTML, like Gecko) Chrome/83.0.4103.61 Safari/537.36"
[2020-06-10T13:37:09.729] [INFO] access - ::1 - - "OPTIONS /document/week/list?userId=b02fd560-7020-11e9-aa87-37732e5007de&year=2020&month=06 HTTP/1.1" 204 - "http://localhost:9999/summary-week" "Mozilla/5.0 (Windows NT 10.0; Win64; x64) AppleWebKit/537.36 (KHTML, like Gecko) Chrome/83.0.4103.61 Safari/537.36"
[2020-06-10T13:37:09.729] [INFO] access - ::1 - - "OPTIONS /user/getAllUser HTTP/1.1" 204 - "http://localhost:9999/summary-week" "Mozilla/5.0 (Windows NT 10.0; Win64; x64) AppleWebKit/537.36 (KHTML, like Gecko) Chrome/83.0.4103.61 Safari/537.36"
[2020-06-10T13:37:09.734] [INFO] access - ::1 - - "GET /document/week/list?userId=b02fd560-7020-11e9-aa87-37732e5007de&year=2020&month=06 HTTP/1.1" 200 41 "http://localhost:9999/summary-week" "Mozilla/5.0 (Windows NT 10.0; Win64; x64) AppleWebKit/537.36 (KHTML, like Gecko) Chrome/83.0.4103.61 Safari/537.36"
[2020-06-10T13:37:09.739] [INFO] access - ::1 - - "GET /user/getAllUser HTTP/1.1" 200 18645 "http://localhost:9999/summary-week" "Mozilla/5.0 (Windows NT 10.0; Win64; x64) AppleWebKit/537.36 (KHTML, like Gecko) Chrome/83.0.4103.61 Safari/537.36"
[2020-06-10T13:38:18.019] [INFO] access - ::1 - - "OPTIONS /document/week/list?userId=b02fd560-7020-11e9-aa87-37732e5007de&year=2020&month=06 HTTP/1.1" 204 - "http://localhost:9999/summary-week" "Mozilla/5.0 (Windows NT 10.0; Win64; x64) AppleWebKit/537.36 (KHTML, like Gecko) Chrome/83.0.4103.61 Safari/537.36"
[2020-06-10T13:38:18.020] [INFO] access - ::1 - - "OPTIONS /user/getAllUser HTTP/1.1" 204 - "http://localhost:9999/summary-week" "Mozilla/5.0 (Windows NT 10.0; Win64; x64) AppleWebKit/537.36 (KHTML, like Gecko) Chrome/83.0.4103.61 Safari/537.36"
[2020-06-10T13:38:18.061] [INFO] access - ::1 - - "GET /document/week/list?userId=b02fd560-7020-11e9-aa87-37732e5007de&year=2020&month=06 HTTP/1.1" 200 41 "http://localhost:9999/summary-week" "Mozilla/5.0 (Windows NT 10.0; Win64; x64) AppleWebKit/537.36 (KHTML, like Gecko) Chrome/83.0.4103.61 Safari/537.36"
[2020-06-10T13:38:18.069] [INFO] access - ::1 - - "GET /user/getAllUser HTTP/1.1" 200 18645 "http://localhost:9999/summary-week" "Mozilla/5.0 (Windows NT 10.0; Win64; x64) AppleWebKit/537.36 (KHTML, like Gecko) Chrome/83.0.4103.61 Safari/537.36"
[2020-06-10T13:43:11.351] [INFO] access - ::1 - - "OPTIONS /document/week/list?userId=b02fd560-7020-11e9-aa87-37732e5007de&year=2020&month=06 HTTP/1.1" 204 - "http://localhost:9999/summary-week" "Mozilla/5.0 (Windows NT 10.0; Win64; x64) AppleWebKit/537.36 (KHTML, like Gecko) Chrome/83.0.4103.61 Safari/537.36"
[2020-06-10T13:43:11.351] [INFO] access - ::1 - - "OPTIONS /user/getAllUser HTTP/1.1" 204 - "http://localhost:9999/summary-week" "Mozilla/5.0 (Windows NT 10.0; Win64; x64) AppleWebKit/537.36 (KHTML, like Gecko) Chrome/83.0.4103.61 Safari/537.36"
[2020-06-10T13:43:11.362] [INFO] access - ::1 - - "GET /document/week/list?userId=b02fd560-7020-11e9-aa87-37732e5007de&year=2020&month=06 HTTP/1.1" 200 41 "http://localhost:9999/summary-week" "Mozilla/5.0 (Windows NT 10.0; Win64; x64) AppleWebKit/537.36 (KHTML, like Gecko) Chrome/83.0.4103.61 Safari/537.36"
[2020-06-10T13:43:11.368] [INFO] access - ::1 - - "GET /user/getAllUser HTTP/1.1" 200 18645 "http://localhost:9999/summary-week" "Mozilla/5.0 (Windows NT 10.0; Win64; x64) AppleWebKit/537.36 (KHTML, like Gecko) Chrome/83.0.4103.61 Safari/537.36"
[2020-06-10T13:43:11.672] [INFO] access - ::1 - - "GET /document/week/list?userId=b02fd560-7020-11e9-aa87-37732e5007de&year=2020&month=06 HTTP/1.1" 200 41 "http://localhost:9999/summary-week" "Mozilla/5.0 (Windows NT 10.0; Win64; x64) AppleWebKit/537.36 (KHTML, like Gecko) Chrome/83.0.4103.61 Safari/537.36"
[2020-06-10T13:43:11.674] [INFO] access - ::1 - - "GET /user/getAllUser HTTP/1.1" 200 18645 "http://localhost:9999/summary-week" "Mozilla/5.0 (Windows NT 10.0; Win64; x64) AppleWebKit/537.36 (KHTML, like Gecko) Chrome/83.0.4103.61 Safari/537.36"
[2020-06-10T13:43:51.250] [INFO] access - ::1 - - "OPTIONS /document/week/list?userId=b02fd560-7020-11e9-aa87-37732e5007de&year=2020&month=06 HTTP/1.1" 204 - "http://localhost:9999/summary-week" "Mozilla/5.0 (Windows NT 10.0; Win64; x64) AppleWebKit/537.36 (KHTML, like Gecko) Chrome/83.0.4103.61 Safari/537.36"
[2020-06-10T13:43:51.252] [INFO] access - ::1 - - "OPTIONS /user/getAllUser HTTP/1.1" 204 - "http://localhost:9999/summary-week" "Mozilla/5.0 (Windows NT 10.0; Win64; x64) AppleWebKit/537.36 (KHTML, like Gecko) Chrome/83.0.4103.61 Safari/537.36"
[2020-06-10T13:43:51.254] [INFO] access - ::1 - - "GET /document/week/list?userId=b02fd560-7020-11e9-aa87-37732e5007de&year=2020&month=06 HTTP/1.1" 200 41 "http://localhost:9999/summary-week" "Mozilla/5.0 (Windows NT 10.0; Win64; x64) AppleWebKit/537.36 (KHTML, like Gecko) Chrome/83.0.4103.61 Safari/537.36"
[2020-06-10T13:43:51.258] [INFO] access - ::1 - - "GET /user/getAllUser HTTP/1.1" 200 18645 "http://localhost:9999/summary-week" "Mozilla/5.0 (Windows NT 10.0; Win64; x64) AppleWebKit/537.36 (KHTML, like Gecko) Chrome/83.0.4103.61 Safari/537.36"
[2020-06-10T13:44:28.922] [INFO] access - ::1 - - "OPTIONS /document/week/list?userId=b02fd560-7020-11e9-aa87-37732e5007de&year=2020&month=06 HTTP/1.1" 204 - "http://localhost:9999/summary-week" "Mozilla/5.0 (Windows NT 10.0; Win64; x64) AppleWebKit/537.36 (KHTML, like Gecko) Chrome/83.0.4103.61 Safari/537.36"
[2020-06-10T13:44:28.930] [INFO] access - ::1 - - "GET /document/week/list?userId=b02fd560-7020-11e9-aa87-37732e5007de&year=2020&month=06 HTTP/1.1" 200 41 "http://localhost:9999/summary-week" "Mozilla/5.0 (Windows NT 10.0; Win64; x64) AppleWebKit/537.36 (KHTML, like Gecko) Chrome/83.0.4103.61 Safari/537.36"
[2020-06-10T13:44:28.931] [INFO] access - ::1 - - "OPTIONS /user/getAllUser HTTP/1.1" 204 - "http://localhost:9999/summary-week" "Mozilla/5.0 (Windows NT 10.0; Win64; x64) AppleWebKit/537.36 (KHTML, like Gecko) Chrome/83.0.4103.61 Safari/537.36"
[2020-06-10T13:44:28.940] [INFO] access - ::1 - - "GET /user/getAllUser HTTP/1.1" 200 18645 "http://localhost:9999/summary-week" "Mozilla/5.0 (Windows NT 10.0; Win64; x64) AppleWebKit/537.36 (KHTML, like Gecko) Chrome/83.0.4103.61 Safari/537.36"
[2020-06-10T13:44:39.388] [INFO] access - ::1 - - "OPTIONS /document/week/list?userId=b02fd560-7020-11e9-aa87-37732e5007de&year=2020&month=06 HTTP/1.1" 204 - "http://localhost:9999/summary-week" "Mozilla/5.0 (Windows NT 10.0; Win64; x64) AppleWebKit/537.36 (KHTML, like Gecko) Chrome/83.0.4103.61 Safari/537.36"
[2020-06-10T13:44:39.390] [INFO] access - ::1 - - "OPTIONS /user/getAllUser HTTP/1.1" 204 - "http://localhost:9999/summary-week" "Mozilla/5.0 (Windows NT 10.0; Win64; x64) AppleWebKit/537.36 (KHTML, like Gecko) Chrome/83.0.4103.61 Safari/537.36"
[2020-06-10T13:44:39.393] [INFO] access - ::1 - - "GET /document/week/list?userId=b02fd560-7020-11e9-aa87-37732e5007de&year=2020&month=06 HTTP/1.1" 200 41 "http://localhost:9999/summary-week" "Mozilla/5.0 (Windows NT 10.0; Win64; x64) AppleWebKit/537.36 (KHTML, like Gecko) Chrome/83.0.4103.61 Safari/537.36"
[2020-06-10T13:44:39.397] [INFO] access - ::1 - - "GET /user/getAllUser HTTP/1.1" 200 18645 "http://localhost:9999/summary-week" "Mozilla/5.0 (Windows NT 10.0; Win64; x64) AppleWebKit/537.36 (KHTML, like Gecko) Chrome/83.0.4103.61 Safari/537.36"
[2020-06-10T13:45:34.822] [INFO] access - ::1 - - "OPTIONS /document/week/list?userId=b02fd560-7020-11e9-aa87-37732e5007de&year=2020&month=06 HTTP/1.1" 204 - "http://localhost:9999/summary-week" "Mozilla/5.0 (Windows NT 10.0; Win64; x64) AppleWebKit/537.36 (KHTML, like Gecko) Chrome/83.0.4103.61 Safari/537.36"
[2020-06-10T13:45:34.824] [INFO] access - ::1 - - "OPTIONS /user/getAllUser HTTP/1.1" 204 - "http://localhost:9999/summary-week" "Mozilla/5.0 (Windows NT 10.0; Win64; x64) AppleWebKit/537.36 (KHTML, like Gecko) Chrome/83.0.4103.61 Safari/537.36"
[2020-06-10T13:45:34.861] [INFO] access - ::1 - - "GET /document/week/list?userId=b02fd560-7020-11e9-aa87-37732e5007de&year=2020&month=06 HTTP/1.1" 200 41 "http://localhost:9999/summary-week" "Mozilla/5.0 (Windows NT 10.0; Win64; x64) AppleWebKit/537.36 (KHTML, like Gecko) Chrome/83.0.4103.61 Safari/537.36"
[2020-06-10T13:45:34.872] [INFO] access - ::1 - - "GET /user/getAllUser HTTP/1.1" 200 18645 "http://localhost:9999/summary-week" "Mozilla/5.0 (Windows NT 10.0; Win64; x64) AppleWebKit/537.36 (KHTML, like Gecko) Chrome/83.0.4103.61 Safari/537.36"
[2020-06-10T13:45:42.769] [INFO] access - ::1 - - "OPTIONS /document/week/list?userId=b02fd560-7020-11e9-aa87-37732e5007de&year=2020&month=06 HTTP/1.1" 204 - "http://localhost:9999/summary-week" "Mozilla/5.0 (Windows NT 10.0; Win64; x64) AppleWebKit/537.36 (KHTML, like Gecko) Chrome/83.0.4103.61 Safari/537.36"
[2020-06-10T13:45:42.769] [INFO] access - ::1 - - "OPTIONS /user/getAllUser HTTP/1.1" 204 - "http://localhost:9999/summary-week" "Mozilla/5.0 (Windows NT 10.0; Win64; x64) AppleWebKit/537.36 (KHTML, like Gecko) Chrome/83.0.4103.61 Safari/537.36"
[2020-06-10T13:45:42.788] [INFO] access - ::1 - - "GET /document/week/list?userId=b02fd560-7020-11e9-aa87-37732e5007de&year=2020&month=06 HTTP/1.1" 200 41 "http://localhost:9999/summary-week" "Mozilla/5.0 (Windows NT 10.0; Win64; x64) AppleWebKit/537.36 (KHTML, like Gecko) Chrome/83.0.4103.61 Safari/537.36"
[2020-06-10T13:45:42.792] [INFO] access - ::1 - - "GET /user/getAllUser HTTP/1.1" 200 18645 "http://localhost:9999/summary-week" "Mozilla/5.0 (Windows NT 10.0; Win64; x64) AppleWebKit/537.36 (KHTML, like Gecko) Chrome/83.0.4103.61 Safari/537.36"
[2020-06-10T13:45:43.600] [INFO] access - ::1 - - "GET /document/week/list?userId=b02fd560-7020-11e9-aa87-37732e5007de&year=2020&month=06 HTTP/1.1" 200 41 "http://localhost:9999/summary-week" "Mozilla/5.0 (Windows NT 10.0; Win64; x64) AppleWebKit/537.36 (KHTML, like Gecko) Chrome/83.0.4103.61 Safari/537.36"
[2020-06-10T13:45:43.603] [INFO] access - ::1 - - "GET /user/getAllUser HTTP/1.1" 200 18645 "http://localhost:9999/summary-week" "Mozilla/5.0 (Windows NT 10.0; Win64; x64) AppleWebKit/537.36 (KHTML, like Gecko) Chrome/83.0.4103.61 Safari/537.36"
[2020-06-10T13:46:12.737] [INFO] access - ::1 - - "OPTIONS /document/week/list?userId=b02fd560-7020-11e9-aa87-37732e5007de&year=2020&month=06 HTTP/1.1" 204 - "http://localhost:9999/summary-week" "Mozilla/5.0 (Windows NT 10.0; Win64; x64) AppleWebKit/537.36 (KHTML, like Gecko) Chrome/83.0.4103.61 Safari/537.36"
[2020-06-10T13:46:12.737] [INFO] access - ::1 - - "OPTIONS /user/getAllUser HTTP/1.1" 204 - "http://localhost:9999/summary-week" "Mozilla/5.0 (Windows NT 10.0; Win64; x64) AppleWebKit/537.36 (KHTML, like Gecko) Chrome/83.0.4103.61 Safari/537.36"
[2020-06-10T13:46:12.742] [INFO] access - ::1 - - "GET /document/week/list?userId=b02fd560-7020-11e9-aa87-37732e5007de&year=2020&month=06 HTTP/1.1" 200 41 "http://localhost:9999/summary-week" "Mozilla/5.0 (Windows NT 10.0; Win64; x64) AppleWebKit/537.36 (KHTML, like Gecko) Chrome/83.0.4103.61 Safari/537.36"
[2020-06-10T13:46:12.745] [INFO] access - ::1 - - "GET /user/getAllUser HTTP/1.1" 200 18645 "http://localhost:9999/summary-week" "Mozilla/5.0 (Windows NT 10.0; Win64; x64) AppleWebKit/537.36 (KHTML, like Gecko) Chrome/83.0.4103.61 Safari/537.36"
[2020-06-10T13:46:30.989] [INFO] access - ::1 - - "OPTIONS /document/week/list?userId=b02fd560-7020-11e9-aa87-37732e5007de&year=2020&month=06 HTTP/1.1" 204 - "http://localhost:9999/summary-week" "Mozilla/5.0 (Windows NT 10.0; Win64; x64) AppleWebKit/537.36 (KHTML, like Gecko) Chrome/83.0.4103.61 Safari/537.36"
[2020-06-10T13:46:30.989] [INFO] access - ::1 - - "OPTIONS /user/getAllUser HTTP/1.1" 204 - "http://localhost:9999/summary-week" "Mozilla/5.0 (Windows NT 10.0; Win64; x64) AppleWebKit/537.36 (KHTML, like Gecko) Chrome/83.0.4103.61 Safari/537.36"
[2020-06-10T13:46:30.994] [INFO] access - ::1 - - "GET /document/week/list?userId=b02fd560-7020-11e9-aa87-37732e5007de&year=2020&month=06 HTTP/1.1" 200 41 "http://localhost:9999/summary-week" "Mozilla/5.0 (Windows NT 10.0; Win64; x64) AppleWebKit/537.36 (KHTML, like Gecko) Chrome/83.0.4103.61 Safari/537.36"
[2020-06-10T13:46:30.999] [INFO] access - ::1 - - "GET /user/getAllUser HTTP/1.1" 200 18645 "http://localhost:9999/summary-week" "Mozilla/5.0 (Windows NT 10.0; Win64; x64) AppleWebKit/537.36 (KHTML, like Gecko) Chrome/83.0.4103.61 Safari/537.36"
[2020-06-10T13:46:36.615] [INFO] access - ::1 - - "OPTIONS /document/week/list?userId=b02fd560-7020-11e9-aa87-37732e5007de&year=2020&month=06 HTTP/1.1" 204 - "http://localhost:9999/summary-week" "Mozilla/5.0 (Windows NT 10.0; Win64; x64) AppleWebKit/537.36 (KHTML, like Gecko) Chrome/83.0.4103.61 Safari/537.36"
[2020-06-10T13:46:36.615] [INFO] access - ::1 - - "OPTIONS /user/getAllUser HTTP/1.1" 204 - "http://localhost:9999/summary-week" "Mozilla/5.0 (Windows NT 10.0; Win64; x64) AppleWebKit/537.36 (KHTML, like Gecko) Chrome/83.0.4103.61 Safari/537.36"
[2020-06-10T13:46:36.642] [INFO] access - ::1 - - "GET /document/week/list?userId=b02fd560-7020-11e9-aa87-37732e5007de&year=2020&month=06 HTTP/1.1" 200 41 "http://localhost:9999/summary-week" "Mozilla/5.0 (Windows NT 10.0; Win64; x64) AppleWebKit/537.36 (KHTML, like Gecko) Chrome/83.0.4103.61 Safari/537.36"
[2020-06-10T13:46:36.648] [INFO] access - ::1 - - "GET /user/getAllUser HTTP/1.1" 200 18645 "http://localhost:9999/summary-week" "Mozilla/5.0 (Windows NT 10.0; Win64; x64) AppleWebKit/537.36 (KHTML, like Gecko) Chrome/83.0.4103.61 Safari/537.36"
[2020-06-10T13:57:06.568] [INFO] access - ::1 - - "OPTIONS /document/week/list?userId=b02fd560-7020-11e9-aa87-37732e5007de&year=2020&month=06 HTTP/1.1" 204 - "http://localhost:9999/summary-week" "Mozilla/5.0 (Windows NT 10.0; Win64; x64) AppleWebKit/537.36 (KHTML, like Gecko) Chrome/83.0.4103.61 Safari/537.36"
[2020-06-10T13:57:06.570] [INFO] access - ::1 - - "OPTIONS /user/getAllUser HTTP/1.1" 204 - "http://localhost:9999/summary-week" "Mozilla/5.0 (Windows NT 10.0; Win64; x64) AppleWebKit/537.36 (KHTML, like Gecko) Chrome/83.0.4103.61 Safari/537.36"
[2020-06-10T13:57:06.574] [INFO] access - ::1 - - "GET /document/week/list?userId=b02fd560-7020-11e9-aa87-37732e5007de&year=2020&month=06 HTTP/1.1" 200 41 "http://localhost:9999/summary-week" "Mozilla/5.0 (Windows NT 10.0; Win64; x64) AppleWebKit/537.36 (KHTML, like Gecko) Chrome/83.0.4103.61 Safari/537.36"
[2020-06-10T13:57:06.579] [INFO] access - ::1 - - "GET /user/getAllUser HTTP/1.1" 200 18645 "http://localhost:9999/summary-week" "Mozilla/5.0 (Windows NT 10.0; Win64; x64) AppleWebKit/537.36 (KHTML, like Gecko) Chrome/83.0.4103.61 Safari/537.36"
[2020-06-10T13:57:06.899] [INFO] access - ::1 - - "GET /document/week/list?userId=b02fd560-7020-11e9-aa87-37732e5007de&year=2020&month=06 HTTP/1.1" 200 41 "http://localhost:9999/summary-week" "Mozilla/5.0 (Windows NT 10.0; Win64; x64) AppleWebKit/537.36 (KHTML, like Gecko) Chrome/83.0.4103.61 Safari/537.36"
[2020-06-10T13:57:06.904] [INFO] access - ::1 - - "GET /user/getAllUser HTTP/1.1" 200 18645 "http://localhost:9999/summary-week" "Mozilla/5.0 (Windows NT 10.0; Win64; x64) AppleWebKit/537.36 (KHTML, like Gecko) Chrome/83.0.4103.61 Safari/537.36"
[2020-06-10T14:11:53.459] [INFO] access - ::1 - - "OPTIONS /document/week/list?userId=b02fd560-7020-11e9-aa87-37732e5007de&year=2020&month=06 HTTP/1.1" 204 - "http://localhost:9999/summary-week" "Mozilla/5.0 (Windows NT 10.0; Win64; x64) AppleWebKit/537.36 (KHTML, like Gecko) Chrome/83.0.4103.61 Safari/537.36"
[2020-06-10T14:11:53.460] [INFO] access - ::1 - - "OPTIONS /user/getAllUser HTTP/1.1" 204 - "http://localhost:9999/summary-week" "Mozilla/5.0 (Windows NT 10.0; Win64; x64) AppleWebKit/537.36 (KHTML, like Gecko) Chrome/83.0.4103.61 Safari/537.36"
[2020-06-10T14:11:53.492] [INFO] access - ::1 - - "GET /document/week/list?userId=b02fd560-7020-11e9-aa87-37732e5007de&year=2020&month=06 HTTP/1.1" 200 41 "http://localhost:9999/summary-week" "Mozilla/5.0 (Windows NT 10.0; Win64; x64) AppleWebKit/537.36 (KHTML, like Gecko) Chrome/83.0.4103.61 Safari/537.36"
[2020-06-10T14:11:53.495] [INFO] access - ::1 - - "GET /user/getAllUser HTTP/1.1" 200 18645 "http://localhost:9999/summary-week" "Mozilla/5.0 (Windows NT 10.0; Win64; x64) AppleWebKit/537.36 (KHTML, like Gecko) Chrome/83.0.4103.61 Safari/537.36"
[2020-06-10T14:11:54.288] [INFO] access - ::1 - - "OPTIONS /document/week/list?userId=b02fd560-7020-11e9-aa87-37732e5007de&year=2020&month=06 HTTP/1.1" 204 - "http://localhost:9999/summary-week" "Mozilla/5.0 (Windows NT 10.0; Win64; x64) AppleWebKit/537.36 (KHTML, like Gecko) Chrome/83.0.4103.61 Safari/537.36"
[2020-06-10T14:11:54.290] [INFO] access - ::1 - - "OPTIONS /user/getAllUser HTTP/1.1" 204 - "http://localhost:9999/summary-week" "Mozilla/5.0 (Windows NT 10.0; Win64; x64) AppleWebKit/537.36 (KHTML, like Gecko) Chrome/83.0.4103.61 Safari/537.36"
[2020-06-10T14:11:54.305] [INFO] access - ::1 - - "GET /document/week/list?userId=b02fd560-7020-11e9-aa87-37732e5007de&year=2020&month=06 HTTP/1.1" 200 41 "http://localhost:9999/summary-week" "Mozilla/5.0 (Windows NT 10.0; Win64; x64) AppleWebKit/537.36 (KHTML, like Gecko) Chrome/83.0.4103.61 Safari/537.36"
[2020-06-10T14:11:54.310] [INFO] access - ::1 - - "GET /user/getAllUser HTTP/1.1" 200 18645 "http://localhost:9999/summary-week" "Mozilla/5.0 (Windows NT 10.0; Win64; x64) AppleWebKit/537.36 (KHTML, like Gecko) Chrome/83.0.4103.61 Safari/537.36"
[2020-06-10T16:37:18.107] [INFO] access - ::1 - - "OPTIONS /document/week/list?userId=b02fd560-7020-11e9-aa87-37732e5007de&year=2020&month=06 HTTP/1.1" 204 - "http://localhost:9999/summary-week" "Mozilla/5.0 (Windows NT 10.0; Win64; x64) AppleWebKit/537.36 (KHTML, like Gecko) Chrome/83.0.4103.61 Safari/537.36"
[2020-06-10T16:37:18.109] [INFO] access - ::1 - - "OPTIONS /user/getAllUser HTTP/1.1" 204 - "http://localhost:9999/summary-week" "Mozilla/5.0 (Windows NT 10.0; Win64; x64) AppleWebKit/537.36 (KHTML, like Gecko) Chrome/83.0.4103.61 Safari/537.36"
[2020-06-10T16:37:18.136] [INFO] access - ::1 - - "GET /document/week/list?userId=b02fd560-7020-11e9-aa87-37732e5007de&year=2020&month=06 HTTP/1.1" 200 41 "http://localhost:9999/summary-week" "Mozilla/5.0 (Windows NT 10.0; Win64; x64) AppleWebKit/537.36 (KHTML, like Gecko) Chrome/83.0.4103.61 Safari/537.36"
[2020-06-10T16:37:18.141] [INFO] access - ::1 - - "GET /user/getAllUser HTTP/1.1" 200 18645 "http://localhost:9999/summary-week" "Mozilla/5.0 (Windows NT 10.0; Win64; x64) AppleWebKit/537.36 (KHTML, like Gecko) Chrome/83.0.4103.61 Safari/537.36"
[2020-06-10T16:40:13.635] [INFO] access - ::1 - - "OPTIONS /document/month/list?userId=b02fd560-7020-11e9-aa87-37732e5007de&year=2020 HTTP/1.1" 204 - "http://localhost:9999/summary-month" "Mozilla/5.0 (Windows NT 10.0; Win64; x64) AppleWebKit/537.36 (KHTML, like Gecko) Chrome/83.0.4103.61 Safari/537.36"
[2020-06-10T16:40:13.642] [INFO] access - ::1 - - "OPTIONS /user/getAllUser HTTP/1.1" 204 - "http://localhost:9999/summary-month" "Mozilla/5.0 (Windows NT 10.0; Win64; x64) AppleWebKit/537.36 (KHTML, like Gecko) Chrome/83.0.4103.61 Safari/537.36"
[2020-06-10T16:40:13.643] [INFO] access - ::1 - - "GET /document/month/list?userId=b02fd560-7020-11e9-aa87-37732e5007de&year=2020 HTTP/1.1" 200 41 "http://localhost:9999/summary-month" "Mozilla/5.0 (Windows NT 10.0; Win64; x64) AppleWebKit/537.36 (KHTML, like Gecko) Chrome/83.0.4103.61 Safari/537.36"
[2020-06-10T16:40:13.653] [INFO] access - ::1 - - "GET /user/getAllUser HTTP/1.1" 200 18645 "http://localhost:9999/summary-month" "Mozilla/5.0 (Windows NT 10.0; Win64; x64) AppleWebKit/537.36 (KHTML, like Gecko) Chrome/83.0.4103.61 Safari/537.36"
[2020-06-10T16:40:43.600] [INFO] access - ::1 - - "OPTIONS /document/month/list?userId=b02fd560-7020-11e9-aa87-37732e5007de&year=2020 HTTP/1.1" 204 - "http://localhost:9999/summary-month" "Mozilla/5.0 (Windows NT 10.0; Win64; x64) AppleWebKit/537.36 (KHTML, like Gecko) Chrome/83.0.4103.61 Safari/537.36"
[2020-06-10T16:40:43.601] [INFO] access - ::1 - - "OPTIONS /user/getAllUser HTTP/1.1" 204 - "http://localhost:9999/summary-month" "Mozilla/5.0 (Windows NT 10.0; Win64; x64) AppleWebKit/537.36 (KHTML, like Gecko) Chrome/83.0.4103.61 Safari/537.36"
[2020-06-10T16:40:43.608] [INFO] access - ::1 - - "GET /document/month/list?userId=b02fd560-7020-11e9-aa87-37732e5007de&year=2020 HTTP/1.1" 200 41 "http://localhost:9999/summary-month" "Mozilla/5.0 (Windows NT 10.0; Win64; x64) AppleWebKit/537.36 (KHTML, like Gecko) Chrome/83.0.4103.61 Safari/537.36"
[2020-06-10T16:40:43.616] [INFO] access - ::1 - - "GET /user/getAllUser HTTP/1.1" 200 18645 "http://localhost:9999/summary-month" "Mozilla/5.0 (Windows NT 10.0; Win64; x64) AppleWebKit/537.36 (KHTML, like Gecko) Chrome/83.0.4103.61 Safari/537.36"
[2020-06-10T16:41:56.365] [INFO] access - ::1 - - "OPTIONS /document/month/list?userId=b02fd560-7020-11e9-aa87-37732e5007de&year=2020 HTTP/1.1" 204 - "http://localhost:9999/summary-month" "Mozilla/5.0 (Windows NT 10.0; Win64; x64) AppleWebKit/537.36 (KHTML, like Gecko) Chrome/83.0.4103.61 Safari/537.36"
[2020-06-10T16:41:56.367] [INFO] access - ::1 - - "OPTIONS /user/getAllUser HTTP/1.1" 204 - "http://localhost:9999/summary-month" "Mozilla/5.0 (Windows NT 10.0; Win64; x64) AppleWebKit/537.36 (KHTML, like Gecko) Chrome/83.0.4103.61 Safari/537.36"
[2020-06-10T16:41:56.388] [INFO] access - ::1 - - "GET /document/month/list?userId=b02fd560-7020-11e9-aa87-37732e5007de&year=2020 HTTP/1.1" 200 41 "http://localhost:9999/summary-month" "Mozilla/5.0 (Windows NT 10.0; Win64; x64) AppleWebKit/537.36 (KHTML, like Gecko) Chrome/83.0.4103.61 Safari/537.36"
[2020-06-10T16:41:56.391] [INFO] access - ::1 - - "GET /user/getAllUser HTTP/1.1" 200 18645 "http://localhost:9999/summary-month" "Mozilla/5.0 (Windows NT 10.0; Win64; x64) AppleWebKit/537.36 (KHTML, like Gecko) Chrome/83.0.4103.61 Safari/537.36"
[2020-06-10T16:43:24.991] [INFO] access - ::1 - - "OPTIONS /document/month/list?userId=b02fd560-7020-11e9-aa87-37732e5007de&year=2020 HTTP/1.1" 204 - "http://localhost:9999/summary-month" "Mozilla/5.0 (Windows NT 10.0; Win64; x64) AppleWebKit/537.36 (KHTML, like Gecko) Chrome/83.0.4103.61 Safari/537.36"
[2020-06-10T16:43:24.992] [INFO] access - ::1 - - "OPTIONS /user/getAllUser HTTP/1.1" 204 - "http://localhost:9999/summary-month" "Mozilla/5.0 (Windows NT 10.0; Win64; x64) AppleWebKit/537.36 (KHTML, like Gecko) Chrome/83.0.4103.61 Safari/537.36"
[2020-06-10T16:43:24.999] [INFO] access - ::1 - - "GET /document/month/list?userId=b02fd560-7020-11e9-aa87-37732e5007de&year=2020 HTTP/1.1" 200 41 "http://localhost:9999/summary-month" "Mozilla/5.0 (Windows NT 10.0; Win64; x64) AppleWebKit/537.36 (KHTML, like Gecko) Chrome/83.0.4103.61 Safari/537.36"
[2020-06-10T16:43:25.005] [INFO] access - ::1 - - "GET /user/getAllUser HTTP/1.1" 200 18645 "http://localhost:9999/summary-month" "Mozilla/5.0 (Windows NT 10.0; Win64; x64) AppleWebKit/537.36 (KHTML, like Gecko) Chrome/83.0.4103.61 Safari/537.36"
[2020-06-10T16:45:51.169] [INFO] access - ::1 - - "OPTIONS /document/month/list?userId=b02fd560-7020-11e9-aa87-37732e5007de&year=2020 HTTP/1.1" 204 - "http://localhost:9999/summary-month" "Mozilla/5.0 (Windows NT 10.0; Win64; x64) AppleWebKit/537.36 (KHTML, like Gecko) Chrome/83.0.4103.61 Safari/537.36"
[2020-06-10T16:45:51.173] [INFO] access - ::1 - - "GET /document/month/list?userId=b02fd560-7020-11e9-aa87-37732e5007de&year=2020 HTTP/1.1" 200 41 "http://localhost:9999/summary-month" "Mozilla/5.0 (Windows NT 10.0; Win64; x64) AppleWebKit/537.36 (KHTML, like Gecko) Chrome/83.0.4103.61 Safari/537.36"
[2020-06-10T16:45:51.173] [INFO] access - ::1 - - "OPTIONS /user/getAllUser HTTP/1.1" 204 - "http://localhost:9999/summary-month" "Mozilla/5.0 (Windows NT 10.0; Win64; x64) AppleWebKit/537.36 (KHTML, like Gecko) Chrome/83.0.4103.61 Safari/537.36"
[2020-06-10T16:45:51.180] [INFO] access - ::1 - - "GET /user/getAllUser HTTP/1.1" 200 18645 "http://localhost:9999/summary-month" "Mozilla/5.0 (Windows NT 10.0; Win64; x64) AppleWebKit/537.36 (KHTML, like Gecko) Chrome/83.0.4103.61 Safari/537.36"
[2020-06-10T16:46:03.469] [INFO] access - ::1 - - "OPTIONS /document/month/list?userId=b02fd560-7020-11e9-aa87-37732e5007de&year=2020 HTTP/1.1" 204 - "http://localhost:9999/summary-month" "Mozilla/5.0 (Windows NT 10.0; Win64; x64) AppleWebKit/537.36 (KHTML, like Gecko) Chrome/83.0.4103.61 Safari/537.36"
[2020-06-10T16:46:03.471] [INFO] access - ::1 - - "OPTIONS /user/getAllUser HTTP/1.1" 204 - "http://localhost:9999/summary-month" "Mozilla/5.0 (Windows NT 10.0; Win64; x64) AppleWebKit/537.36 (KHTML, like Gecko) Chrome/83.0.4103.61 Safari/537.36"
[2020-06-10T16:46:03.476] [INFO] access - ::1 - - "GET /document/month/list?userId=b02fd560-7020-11e9-aa87-37732e5007de&year=2020 HTTP/1.1" 200 41 "http://localhost:9999/summary-month" "Mozilla/5.0 (Windows NT 10.0; Win64; x64) AppleWebKit/537.36 (KHTML, like Gecko) Chrome/83.0.4103.61 Safari/537.36"
[2020-06-10T16:46:03.486] [INFO] access - ::1 - - "GET /user/getAllUser HTTP/1.1" 200 18645 "http://localhost:9999/summary-month" "Mozilla/5.0 (Windows NT 10.0; Win64; x64) AppleWebKit/537.36 (KHTML, like Gecko) Chrome/83.0.4103.61 Safari/537.36"
[2020-06-10T16:46:18.226] [INFO] access - ::1 - - "OPTIONS /document/week/list?userId=b02fd560-7020-11e9-aa87-37732e5007de&year=2020&month=06 HTTP/1.1" 204 - "http://localhost:9999/summary-week" "Mozilla/5.0 (Windows NT 10.0; Win64; x64) AppleWebKit/537.36 (KHTML, like Gecko) Chrome/83.0.4103.61 Safari/537.36"
[2020-06-10T16:46:18.227] [INFO] access - ::1 - - "OPTIONS /user/getAllUser HTTP/1.1" 204 - "http://localhost:9999/summary-week" "Mozilla/5.0 (Windows NT 10.0; Win64; x64) AppleWebKit/537.36 (KHTML, like Gecko) Chrome/83.0.4103.61 Safari/537.36"
[2020-06-10T16:46:18.235] [INFO] access - ::1 - - "GET /document/week/list?userId=b02fd560-7020-11e9-aa87-37732e5007de&year=2020&month=06 HTTP/1.1" 200 41 "http://localhost:9999/summary-week" "Mozilla/5.0 (Windows NT 10.0; Win64; x64) AppleWebKit/537.36 (KHTML, like Gecko) Chrome/83.0.4103.61 Safari/537.36"
[2020-06-10T16:46:18.238] [INFO] access - ::1 - - "GET /user/getAllUser HTTP/1.1" 200 18645 "http://localhost:9999/summary-week" "Mozilla/5.0 (Windows NT 10.0; Win64; x64) AppleWebKit/537.36 (KHTML, like Gecko) Chrome/83.0.4103.61 Safari/537.36"
[2020-06-10T16:46:34.859] [INFO] access - ::1 - - "OPTIONS /document/month/list?userId=b02fd560-7020-11e9-aa87-37732e5007de&year=2020 HTTP/1.1" 204 - "http://localhost:9999/summary-month" "Mozilla/5.0 (Windows NT 10.0; Win64; x64) AppleWebKit/537.36 (KHTML, like Gecko) Chrome/83.0.4103.61 Safari/537.36"
[2020-06-10T16:46:34.865] [INFO] access - ::1 - - "OPTIONS /user/getAllUser HTTP/1.1" 204 - "http://localhost:9999/summary-month" "Mozilla/5.0 (Windows NT 10.0; Win64; x64) AppleWebKit/537.36 (KHTML, like Gecko) Chrome/83.0.4103.61 Safari/537.36"
[2020-06-10T16:46:34.874] [INFO] access - ::1 - - "GET /document/month/list?userId=b02fd560-7020-11e9-aa87-37732e5007de&year=2020 HTTP/1.1" 200 41 "http://localhost:9999/summary-month" "Mozilla/5.0 (Windows NT 10.0; Win64; x64) AppleWebKit/537.36 (KHTML, like Gecko) Chrome/83.0.4103.61 Safari/537.36"
[2020-06-10T16:46:34.878] [INFO] access - ::1 - - "GET /user/getAllUser HTTP/1.1" 200 18645 "http://localhost:9999/summary-month" "Mozilla/5.0 (Windows NT 10.0; Win64; x64) AppleWebKit/537.36 (KHTML, like Gecko) Chrome/83.0.4103.61 Safari/537.36"
[2020-06-10T16:47:23.227] [INFO] access - ::1 - - "OPTIONS /document/month/list?userId=b02fd560-7020-11e9-aa87-37732e5007de&year=2020 HTTP/1.1" 204 - "http://localhost:9999/summary-month" "Mozilla/5.0 (Windows NT 10.0; Win64; x64) AppleWebKit/537.36 (KHTML, like Gecko) Chrome/83.0.4103.61 Safari/537.36"
[2020-06-10T16:47:23.230] [INFO] access - ::1 - - "GET /document/month/list?userId=b02fd560-7020-11e9-aa87-37732e5007de&year=2020 HTTP/1.1" 200 41 "http://localhost:9999/summary-month" "Mozilla/5.0 (Windows NT 10.0; Win64; x64) AppleWebKit/537.36 (KHTML, like Gecko) Chrome/83.0.4103.61 Safari/537.36"
[2020-06-10T16:47:23.246] [INFO] access - ::1 - - "OPTIONS /user/getAllUser HTTP/1.1" 204 - "http://localhost:9999/summary-month" "Mozilla/5.0 (Windows NT 10.0; Win64; x64) AppleWebKit/537.36 (KHTML, like Gecko) Chrome/83.0.4103.61 Safari/537.36"
[2020-06-10T16:47:23.255] [INFO] access - ::1 - - "GET /user/getAllUser HTTP/1.1" 200 18645 "http://localhost:9999/summary-month" "Mozilla/5.0 (Windows NT 10.0; Win64; x64) AppleWebKit/537.36 (KHTML, like Gecko) Chrome/83.0.4103.61 Safari/537.36"
[2020-06-10T16:47:30.088] [INFO] access - ::1 - - "OPTIONS /document/month/list?userId=b02fd560-7020-11e9-aa87-37732e5007de&year=2020 HTTP/1.1" 204 - "http://localhost:9999/summary-month" "Mozilla/5.0 (Windows NT 10.0; Win64; x64) AppleWebKit/537.36 (KHTML, like Gecko) Chrome/83.0.4103.61 Safari/537.36"
[2020-06-10T16:47:30.090] [INFO] access - ::1 - - "OPTIONS /user/getAllUser HTTP/1.1" 204 - "http://localhost:9999/summary-month" "Mozilla/5.0 (Windows NT 10.0; Win64; x64) AppleWebKit/537.36 (KHTML, like Gecko) Chrome/83.0.4103.61 Safari/537.36"
[2020-06-10T16:47:30.110] [INFO] access - ::1 - - "GET /document/month/list?userId=b02fd560-7020-11e9-aa87-37732e5007de&year=2020 HTTP/1.1" 200 41 "http://localhost:9999/summary-month" "Mozilla/5.0 (Windows NT 10.0; Win64; x64) AppleWebKit/537.36 (KHTML, like Gecko) Chrome/83.0.4103.61 Safari/537.36"
[2020-06-10T16:47:30.115] [INFO] access - ::1 - - "GET /user/getAllUser HTTP/1.1" 200 18645 "http://localhost:9999/summary-month" "Mozilla/5.0 (Windows NT 10.0; Win64; x64) AppleWebKit/537.36 (KHTML, like Gecko) Chrome/83.0.4103.61 Safari/537.36"
[2020-06-10T16:48:19.500] [INFO] access - ::1 - - "OPTIONS /document/month/list?userId=b02fd560-7020-11e9-aa87-37732e5007de&year=2020 HTTP/1.1" 204 - "http://localhost:9999/summary-month" "Mozilla/5.0 (Windows NT 10.0; Win64; x64) AppleWebKit/537.36 (KHTML, like Gecko) Chrome/83.0.4103.61 Safari/537.36"
[2020-06-10T16:48:19.501] [INFO] access - ::1 - - "OPTIONS /user/getAllUser HTTP/1.1" 204 - "http://localhost:9999/summary-month" "Mozilla/5.0 (Windows NT 10.0; Win64; x64) AppleWebKit/537.36 (KHTML, like Gecko) Chrome/83.0.4103.61 Safari/537.36"
[2020-06-10T16:48:19.504] [INFO] access - ::1 - - "GET /document/month/list?userId=b02fd560-7020-11e9-aa87-37732e5007de&year=2020 HTTP/1.1" 200 41 "http://localhost:9999/summary-month" "Mozilla/5.0 (Windows NT 10.0; Win64; x64) AppleWebKit/537.36 (KHTML, like Gecko) Chrome/83.0.4103.61 Safari/537.36"
[2020-06-10T16:48:19.509] [INFO] access - ::1 - - "GET /user/getAllUser HTTP/1.1" 200 18645 "http://localhost:9999/summary-month" "Mozilla/5.0 (Windows NT 10.0; Win64; x64) AppleWebKit/537.36 (KHTML, like Gecko) Chrome/83.0.4103.61 Safari/537.36"
[2020-06-10T16:48:35.501] [INFO] access - ::1 - - "OPTIONS /document/month/list?userId=b02fd560-7020-11e9-aa87-37732e5007de&year=2020 HTTP/1.1" 204 - "http://localhost:9999/summary-month" "Mozilla/5.0 (Windows NT 10.0; Win64; x64) AppleWebKit/537.36 (KHTML, like Gecko) Chrome/83.0.4103.61 Safari/537.36"
[2020-06-10T16:48:35.502] [INFO] access - ::1 - - "OPTIONS /user/getAllUser HTTP/1.1" 204 - "http://localhost:9999/summary-month" "Mozilla/5.0 (Windows NT 10.0; Win64; x64) AppleWebKit/537.36 (KHTML, like Gecko) Chrome/83.0.4103.61 Safari/537.36"
[2020-06-10T16:48:35.507] [INFO] access - ::1 - - "GET /document/month/list?userId=b02fd560-7020-11e9-aa87-37732e5007de&year=2020 HTTP/1.1" 200 41 "http://localhost:9999/summary-month" "Mozilla/5.0 (Windows NT 10.0; Win64; x64) AppleWebKit/537.36 (KHTML, like Gecko) Chrome/83.0.4103.61 Safari/537.36"
[2020-06-10T16:48:35.533] [INFO] access - ::1 - - "GET /user/getAllUser HTTP/1.1" 200 18645 "http://localhost:9999/summary-month" "Mozilla/5.0 (Windows NT 10.0; Win64; x64) AppleWebKit/537.36 (KHTML, like Gecko) Chrome/83.0.4103.61 Safari/537.36"
[2020-06-10T16:48:44.253] [INFO] access - ::1 - - "OPTIONS /document/month/list?userId=b02fd560-7020-11e9-aa87-37732e5007de&year=2020 HTTP/1.1" 204 - "http://localhost:9999/summary-month" "Mozilla/5.0 (Windows NT 10.0; Win64; x64) AppleWebKit/537.36 (KHTML, like Gecko) Chrome/83.0.4103.61 Safari/537.36"
[2020-06-10T16:48:44.254] [INFO] access - ::1 - - "OPTIONS /user/getAllUser HTTP/1.1" 204 - "http://localhost:9999/summary-month" "Mozilla/5.0 (Windows NT 10.0; Win64; x64) AppleWebKit/537.36 (KHTML, like Gecko) Chrome/83.0.4103.61 Safari/537.36"
[2020-06-10T16:48:44.260] [INFO] access - ::1 - - "GET /document/month/list?userId=b02fd560-7020-11e9-aa87-37732e5007de&year=2020 HTTP/1.1" 200 41 "http://localhost:9999/summary-month" "Mozilla/5.0 (Windows NT 10.0; Win64; x64) AppleWebKit/537.36 (KHTML, like Gecko) Chrome/83.0.4103.61 Safari/537.36"
[2020-06-10T16:48:44.264] [INFO] access - ::1 - - "GET /user/getAllUser HTTP/1.1" 200 18645 "http://localhost:9999/summary-month" "Mozilla/5.0 (Windows NT 10.0; Win64; x64) AppleWebKit/537.36 (KHTML, like Gecko) Chrome/83.0.4103.61 Safari/537.36"
[2020-06-10T16:50:14.430] [INFO] access - ::1 - - "OPTIONS /document/month/list?userId=b02fd560-7020-11e9-aa87-37732e5007de&year=2020 HTTP/1.1" 204 - "http://localhost:9999/summary-month" "Mozilla/5.0 (Windows NT 10.0; Win64; x64) AppleWebKit/537.36 (KHTML, like Gecko) Chrome/83.0.4103.61 Safari/537.36"
[2020-06-10T16:50:14.432] [INFO] access - ::1 - - "OPTIONS /user/getAllUser HTTP/1.1" 204 - "http://localhost:9999/summary-month" "Mozilla/5.0 (Windows NT 10.0; Win64; x64) AppleWebKit/537.36 (KHTML, like Gecko) Chrome/83.0.4103.61 Safari/537.36"
[2020-06-10T16:50:14.452] [INFO] access - ::1 - - "GET /document/month/list?userId=b02fd560-7020-11e9-aa87-37732e5007de&year=2020 HTTP/1.1" 200 41 "http://localhost:9999/summary-month" "Mozilla/5.0 (Windows NT 10.0; Win64; x64) AppleWebKit/537.36 (KHTML, like Gecko) Chrome/83.0.4103.61 Safari/537.36"
[2020-06-10T16:50:14.456] [INFO] access - ::1 - - "GET /user/getAllUser HTTP/1.1" 200 18645 "http://localhost:9999/summary-month" "Mozilla/5.0 (Windows NT 10.0; Win64; x64) AppleWebKit/537.36 (KHTML, like Gecko) Chrome/83.0.4103.61 Safari/537.36"
[2020-06-10T16:51:49.393] [INFO] access - ::1 - - "OPTIONS /document/month/list?userId=b02fd560-7020-11e9-aa87-37732e5007de&year=2020 HTTP/1.1" 204 - "http://localhost:9999/summary-month" "Mozilla/5.0 (Windows NT 10.0; Win64; x64) AppleWebKit/537.36 (KHTML, like Gecko) Chrome/83.0.4103.61 Safari/537.36"
[2020-06-10T16:51:49.397] [INFO] access - ::1 - - "OPTIONS /user/getAllUser HTTP/1.1" 204 - "http://localhost:9999/summary-month" "Mozilla/5.0 (Windows NT 10.0; Win64; x64) AppleWebKit/537.36 (KHTML, like Gecko) Chrome/83.0.4103.61 Safari/537.36"
[2020-06-10T16:51:49.432] [INFO] access - ::1 - - "GET /document/month/list?userId=b02fd560-7020-11e9-aa87-37732e5007de&year=2020 HTTP/1.1" 200 41 "http://localhost:9999/summary-month" "Mozilla/5.0 (Windows NT 10.0; Win64; x64) AppleWebKit/537.36 (KHTML, like Gecko) Chrome/83.0.4103.61 Safari/537.36"
[2020-06-10T16:51:49.446] [INFO] access - ::1 - - "GET /user/getAllUser HTTP/1.1" 200 18645 "http://localhost:9999/summary-month" "Mozilla/5.0 (Windows NT 10.0; Win64; x64) AppleWebKit/537.36 (KHTML, like Gecko) Chrome/83.0.4103.61 Safari/537.36"
[2020-06-10T16:51:55.762] [INFO] access - ::1 - - "OPTIONS /document/month/seach HTTP/1.1" 204 - "http://localhost:9999/summary-month" "Mozilla/5.0 (Windows NT 10.0; Win64; x64) AppleWebKit/537.36 (KHTML, like Gecko) Chrome/83.0.4103.61 Safari/537.36"
[2020-06-10T16:51:55.779] [INFO] access - ::1 - - "POST /document/month/seach HTTP/1.1" 200 41 "http://localhost:9999/summary-month" "Mozilla/5.0 (Windows NT 10.0; Win64; x64) AppleWebKit/537.36 (KHTML, like Gecko) Chrome/83.0.4103.61 Safari/537.36"
[2020-06-10T16:52:10.345] [INFO] access - ::1 - - "OPTIONS /document/week/list?userId=b02fd560-7020-11e9-aa87-37732e5007de&year=2020&month=06 HTTP/1.1" 204 - "http://localhost:9999/summary-week" "Mozilla/5.0 (Windows NT 10.0; Win64; x64) AppleWebKit/537.36 (KHTML, like Gecko) Chrome/83.0.4103.61 Safari/537.36"
[2020-06-10T16:52:10.353] [INFO] access - ::1 - - "GET /document/week/list?userId=b02fd560-7020-11e9-aa87-37732e5007de&year=2020&month=06 HTTP/1.1" 200 41 "http://localhost:9999/summary-week" "Mozilla/5.0 (Windows NT 10.0; Win64; x64) AppleWebKit/537.36 (KHTML, like Gecko) Chrome/83.0.4103.61 Safari/537.36"
[2020-06-10T16:52:10.357] [INFO] access - ::1 - - "OPTIONS /user/getAllUser HTTP/1.1" 204 - "http://localhost:9999/summary-week" "Mozilla/5.0 (Windows NT 10.0; Win64; x64) AppleWebKit/537.36 (KHTML, like Gecko) Chrome/83.0.4103.61 Safari/537.36"
[2020-06-10T16:52:10.376] [INFO] access - ::1 - - "GET /user/getAllUser HTTP/1.1" 200 18645 "http://localhost:9999/summary-week" "Mozilla/5.0 (Windows NT 10.0; Win64; x64) AppleWebKit/537.36 (KHTML, like Gecko) Chrome/83.0.4103.61 Safari/537.36"
[2020-06-10T16:52:20.758] [INFO] access - ::1 - - "OPTIONS /login HTTP/1.1" 204 - "http://localhost:9999/login" "Mozilla/5.0 (Windows NT 10.0; Win64; x64) AppleWebKit/537.36 (KHTML, like Gecko) Chrome/83.0.4103.61 Safari/537.36"
[2020-06-10T16:52:20.788] [INFO] access - ::1 - - "POST /login HTTP/1.1" 200 3329 "http://localhost:9999/login" "Mozilla/5.0 (Windows NT 10.0; Win64; x64) AppleWebKit/537.36 (KHTML, like Gecko) Chrome/83.0.4103.61 Safari/537.36"
[2020-06-10T16:52:20.794] [INFO] access - ::1 - - "OPTIONS /user/info HTTP/1.1" 204 - "http://localhost:9999/login" "Mozilla/5.0 (Windows NT 10.0; Win64; x64) AppleWebKit/537.36 (KHTML, like Gecko) Chrome/83.0.4103.61 Safari/537.36"
[2020-06-10T16:52:20.798] [INFO] access - ::1 - - "GET /user/info HTTP/1.1" 200 1397 "http://localhost:9999/login" "Mozilla/5.0 (Windows NT 10.0; Win64; x64) AppleWebKit/537.36 (KHTML, like Gecko) Chrome/83.0.4103.61 Safari/537.36"
[2020-06-10T16:52:24.025] [INFO] access - ::1 - - "OPTIONS /document/week/list?userId=7861a6f0-7024-11e9-85e6-9f1338560125&year=2020&month=06 HTTP/1.1" 204 - "http://localhost:9999/summary-week" "Mozilla/5.0 (Windows NT 10.0; Win64; x64) AppleWebKit/537.36 (KHTML, like Gecko) Chrome/83.0.4103.61 Safari/537.36"
[2020-06-10T16:52:24.027] [INFO] access - ::1 - - "OPTIONS /user/getAllUser HTTP/1.1" 204 - "http://localhost:9999/summary-week" "Mozilla/5.0 (Windows NT 10.0; Win64; x64) AppleWebKit/537.36 (KHTML, like Gecko) Chrome/83.0.4103.61 Safari/537.36"
[2020-06-10T16:52:24.047] [INFO] access - ::1 - - "GET /document/week/list?userId=7861a6f0-7024-11e9-85e6-9f1338560125&year=2020&month=06 HTTP/1.1" 200 5511 "http://localhost:9999/summary-week" "Mozilla/5.0 (Windows NT 10.0; Win64; x64) AppleWebKit/537.36 (KHTML, like Gecko) Chrome/83.0.4103.61 Safari/537.36"
[2020-06-10T16:52:24.062] [INFO] access - ::1 - - "GET /user/getAllUser HTTP/1.1" 200 18645 "http://localhost:9999/summary-week" "Mozilla/5.0 (Windows NT 10.0; Win64; x64) AppleWebKit/537.36 (KHTML, like Gecko) Chrome/83.0.4103.61 Safari/537.36"
[2020-06-10T16:52:28.609] [INFO] access - ::1 - - "OPTIONS /document/week/commit HTTP/1.1" 204 - "http://localhost:9999/summary-week" "Mozilla/5.0 (Windows NT 10.0; Win64; x64) AppleWebKit/537.36 (KHTML, like Gecko) Chrome/83.0.4103.61 Safari/537.36"
[2020-06-10T16:52:28.617] [INFO] access - ::1 - - "POST /document/week/commit HTTP/1.1" 200 31 "http://localhost:9999/summary-week" "Mozilla/5.0 (Windows NT 10.0; Win64; x64) AppleWebKit/537.36 (KHTML, like Gecko) Chrome/83.0.4103.61 Safari/537.36"
[2020-06-10T16:52:33.129] [INFO] access - ::1 - - "OPTIONS /document/week/tomonth HTTP/1.1" 204 - "http://localhost:9999/summary-week" "Mozilla/5.0 (Windows NT 10.0; Win64; x64) AppleWebKit/537.36 (KHTML, like Gecko) Chrome/83.0.4103.61 Safari/537.36"
[2020-06-10T16:52:33.156] [INFO] access - ::1 - - "POST /document/week/tomonth HTTP/1.1" 200 2808 "http://localhost:9999/summary-week" "Mozilla/5.0 (Windows NT 10.0; Win64; x64) AppleWebKit/537.36 (KHTML, like Gecko) Chrome/83.0.4103.61 Safari/537.36"
[2020-06-10T16:52:34.856] [INFO] access - ::1 - - "OPTIONS /document/month/list?userId=7861a6f0-7024-11e9-85e6-9f1338560125&year=2020 HTTP/1.1" 204 - "http://localhost:9999/summary-month" "Mozilla/5.0 (Windows NT 10.0; Win64; x64) AppleWebKit/537.36 (KHTML, like Gecko) Chrome/83.0.4103.61 Safari/537.36"
[2020-06-10T16:52:34.862] [INFO] access - ::1 - - "GET /document/month/list?userId=7861a6f0-7024-11e9-85e6-9f1338560125&year=2020 HTTP/1.1" 200 5910 "http://localhost:9999/summary-month" "Mozilla/5.0 (Windows NT 10.0; Win64; x64) AppleWebKit/537.36 (KHTML, like Gecko) Chrome/83.0.4103.61 Safari/537.36"
[2020-06-10T16:52:34.866] [INFO] access - ::1 - - "OPTIONS /user/getAllUser HTTP/1.1" 204 - "http://localhost:9999/summary-month" "Mozilla/5.0 (Windows NT 10.0; Win64; x64) AppleWebKit/537.36 (KHTML, like Gecko) Chrome/83.0.4103.61 Safari/537.36"
[2020-06-10T16:52:34.880] [INFO] access - ::1 - - "GET /user/getAllUser HTTP/1.1" 200 18645 "http://localhost:9999/summary-month" "Mozilla/5.0 (Windows NT 10.0; Win64; x64) AppleWebKit/537.36 (KHTML, like Gecko) Chrome/83.0.4103.61 Safari/537.36"
[2020-06-10T16:52:38.977] [INFO] access - ::1 - - "OPTIONS /document/month/commit HTTP/1.1" 204 - "http://localhost:9999/summary-month" "Mozilla/5.0 (Windows NT 10.0; Win64; x64) AppleWebKit/537.36 (KHTML, like Gecko) Chrome/83.0.4103.61 Safari/537.36"
[2020-06-10T16:52:38.981] [INFO] access - ::1 - - "POST /document/month/commit HTTP/1.1" 200 31 "http://localhost:9999/summary-month" "Mozilla/5.0 (Windows NT 10.0; Win64; x64) AppleWebKit/537.36 (KHTML, like Gecko) Chrome/83.0.4103.61 Safari/537.36"
[2020-06-10T16:52:55.393] [INFO] access - ::1 - - "OPTIONS /login HTTP/1.1" 204 - "http://localhost:9999/login" "Mozilla/5.0 (Windows NT 10.0; Win64; x64) AppleWebKit/537.36 (KHTML, like Gecko) Chrome/83.0.4103.61 Safari/537.36"
[2020-06-10T16:52:55.401] [INFO] access - ::1 - - "POST /login HTTP/1.1" 200 43 "http://localhost:9999/login" "Mozilla/5.0 (Windows NT 10.0; Win64; x64) AppleWebKit/537.36 (KHTML, like Gecko) Chrome/83.0.4103.61 Safari/537.36"
[2020-06-10T16:53:00.259] [INFO] access - ::1 - - "OPTIONS /login HTTP/1.1" 204 - "http://localhost:9999/login" "Mozilla/5.0 (Windows NT 10.0; Win64; x64) AppleWebKit/537.36 (KHTML, like Gecko) Chrome/83.0.4103.61 Safari/537.36"
[2020-06-10T16:53:00.267] [INFO] access - ::1 - - "POST /login HTTP/1.1" 200 1094 "http://localhost:9999/login" "Mozilla/5.0 (Windows NT 10.0; Win64; x64) AppleWebKit/537.36 (KHTML, like Gecko) Chrome/83.0.4103.61 Safari/537.36"
[2020-06-10T16:53:00.271] [INFO] access - ::1 - - "OPTIONS /user/info HTTP/1.1" 204 - "http://localhost:9999/login" "Mozilla/5.0 (Windows NT 10.0; Win64; x64) AppleWebKit/537.36 (KHTML, like Gecko) Chrome/83.0.4103.61 Safari/537.36"
[2020-06-10T16:53:00.273] [INFO] access - ::1 - - "GET /user/info HTTP/1.1" 200 439 "http://localhost:9999/login" "Mozilla/5.0 (Windows NT 10.0; Win64; x64) AppleWebKit/537.36 (KHTML, like Gecko) Chrome/83.0.4103.61 Safari/537.36"
[2020-06-10T16:53:01.470] [INFO] access - ::1 - - "OPTIONS /time/workTimeCount?userId=b02fd560-7020-11e9-aa87-37732e5007de HTTP/1.1" 204 - "http://localhost:9999/home" "Mozilla/5.0 (Windows NT 10.0; Win64; x64) AppleWebKit/537.36 (KHTML, like Gecko) Chrome/83.0.4103.61 Safari/537.36"
[2020-06-10T16:53:01.479] [INFO] access - ::1 - - "OPTIONS /system/getAllList HTTP/1.1" 204 - "http://localhost:9999/home" "Mozilla/5.0 (Windows NT 10.0; Win64; x64) AppleWebKit/537.36 (KHTML, like Gecko) Chrome/83.0.4103.61 Safari/537.36"
[2020-06-10T16:53:01.479] [INFO] access - ::1 - - "OPTIONS /user/getAllUser HTTP/1.1" 204 - "http://localhost:9999/home" "Mozilla/5.0 (Windows NT 10.0; Win64; x64) AppleWebKit/537.36 (KHTML, like Gecko) Chrome/83.0.4103.61 Safari/537.36"
[2020-06-10T16:53:01.503] [INFO] access - ::1 - - "GET /user/getAllUser HTTP/1.1" 200 18645 "http://localhost:9999/home" "Mozilla/5.0 (Windows NT 10.0; Win64; x64) AppleWebKit/537.36 (KHTML, like Gecko) Chrome/83.0.4103.61 Safari/537.36"
[2020-06-10T16:53:01.562] [INFO] access - ::1 - - "GET /system/getAllList HTTP/1.1" 200 50146 "http://localhost:9999/home" "Mozilla/5.0 (Windows NT 10.0; Win64; x64) AppleWebKit/537.36 (KHTML, like Gecko) Chrome/83.0.4103.61 Safari/537.36"
[2020-06-10T16:53:01.571] [INFO] access - ::1 - - "GET /time/workTimeCount?userId=b02fd560-7020-11e9-aa87-37732e5007de HTTP/1.1" 200 108 "http://localhost:9999/home" "Mozilla/5.0 (Windows NT 10.0; Win64; x64) AppleWebKit/537.36 (KHTML, like Gecko) Chrome/83.0.4103.61 Safari/537.36"
[2020-06-10T16:54:28.852] [INFO] access - ::1 - - "OPTIONS /document/week/list?userId=b02fd560-7020-11e9-aa87-37732e5007de&year=2020&month=06 HTTP/1.1" 204 - "http://localhost:9999/summary-week" "Mozilla/5.0 (Windows NT 10.0; Win64; x64) AppleWebKit/537.36 (KHTML, like Gecko) Chrome/83.0.4103.61 Safari/537.36"
[2020-06-10T16:54:28.852] [INFO] access - ::1 - - "OPTIONS /user/getAllUser HTTP/1.1" 204 - "http://localhost:9999/summary-week" "Mozilla/5.0 (Windows NT 10.0; Win64; x64) AppleWebKit/537.36 (KHTML, like Gecko) Chrome/83.0.4103.61 Safari/537.36"
[2020-06-10T16:54:28.858] [INFO] access - ::1 - - "GET /document/week/list?userId=b02fd560-7020-11e9-aa87-37732e5007de&year=2020&month=06 HTTP/1.1" 200 41 "http://localhost:9999/summary-week" "Mozilla/5.0 (Windows NT 10.0; Win64; x64) AppleWebKit/537.36 (KHTML, like Gecko) Chrome/83.0.4103.61 Safari/537.36"
[2020-06-10T16:54:28.871] [INFO] access - ::1 - - "GET /user/getAllUser HTTP/1.1" 200 18645 "http://localhost:9999/summary-week" "Mozilla/5.0 (Windows NT 10.0; Win64; x64) AppleWebKit/537.36 (KHTML, like Gecko) Chrome/83.0.4103.61 Safari/537.36"
[2020-06-10T16:54:39.329] [INFO] access - ::1 - - "OPTIONS /document/week/seach HTTP/1.1" 204 - "http://localhost:9999/summary-week" "Mozilla/5.0 (Windows NT 10.0; Win64; x64) AppleWebKit/537.36 (KHTML, like Gecko) Chrome/83.0.4103.61 Safari/537.36"
[2020-06-10T16:54:39.349] [INFO] access - ::1 - - "POST /document/week/seach HTTP/1.1" 200 5391 "http://localhost:9999/summary-week" "Mozilla/5.0 (Windows NT 10.0; Win64; x64) AppleWebKit/537.36 (KHTML, like Gecko) Chrome/83.0.4103.61 Safari/537.36"
[2020-06-10T16:54:46.456] [INFO] access - ::1 - - "OPTIONS /document/week/seach HTTP/1.1" 204 - "http://localhost:9999/summary-week" "Mozilla/5.0 (Windows NT 10.0; Win64; x64) AppleWebKit/537.36 (KHTML, like Gecko) Chrome/83.0.4103.61 Safari/537.36"
[2020-06-10T16:54:46.460] [INFO] access - ::1 - - "POST /document/week/seach HTTP/1.1" 200 5391 "http://localhost:9999/summary-week" "Mozilla/5.0 (Windows NT 10.0; Win64; x64) AppleWebKit/537.36 (KHTML, like Gecko) Chrome/83.0.4103.61 Safari/537.36"
[2020-06-10T16:54:48.397] [INFO] access - ::1 - - "OPTIONS /document/month/list?userId=b02fd560-7020-11e9-aa87-37732e5007de&year=2020 HTTP/1.1" 204 - "http://localhost:9999/summary-month" "Mozilla/5.0 (Windows NT 10.0; Win64; x64) AppleWebKit/537.36 (KHTML, like Gecko) Chrome/83.0.4103.61 Safari/537.36"
[2020-06-10T16:54:48.401] [INFO] access - ::1 - - "GET /document/month/list?userId=b02fd560-7020-11e9-aa87-37732e5007de&year=2020 HTTP/1.1" 200 41 "http://localhost:9999/summary-month" "Mozilla/5.0 (Windows NT 10.0; Win64; x64) AppleWebKit/537.36 (KHTML, like Gecko) Chrome/83.0.4103.61 Safari/537.36"
[2020-06-10T16:54:48.405] [INFO] access - ::1 - - "OPTIONS /user/getAllUser HTTP/1.1" 204 - "http://localhost:9999/summary-month" "Mozilla/5.0 (Windows NT 10.0; Win64; x64) AppleWebKit/537.36 (KHTML, like Gecko) Chrome/83.0.4103.61 Safari/537.36"
[2020-06-10T16:54:48.416] [INFO] access - ::1 - - "GET /user/getAllUser HTTP/1.1" 200 18645 "http://localhost:9999/summary-month" "Mozilla/5.0 (Windows NT 10.0; Win64; x64) AppleWebKit/537.36 (KHTML, like Gecko) Chrome/83.0.4103.61 Safari/537.36"
[2020-06-10T16:54:52.017] [INFO] access - ::1 - - "OPTIONS /document/month/seach HTTP/1.1" 204 - "http://localhost:9999/summary-month" "Mozilla/5.0 (Windows NT 10.0; Win64; x64) AppleWebKit/537.36 (KHTML, like Gecko) Chrome/83.0.4103.61 Safari/537.36"
[2020-06-10T16:54:52.021] [INFO] access - ::1 - - "POST /document/month/seach HTTP/1.1" 200 3018 "http://localhost:9999/summary-month" "Mozilla/5.0 (Windows NT 10.0; Win64; x64) AppleWebKit/537.36 (KHTML, like Gecko) Chrome/83.0.4103.61 Safari/537.36"
[2020-06-10T16:54:55.288] [INFO] access - ::1 - - "OPTIONS /document/month/seach HTTP/1.1" 204 - "http://localhost:9999/summary-month" "Mozilla/5.0 (Windows NT 10.0; Win64; x64) AppleWebKit/537.36 (KHTML, like Gecko) Chrome/83.0.4103.61 Safari/537.36"
[2020-06-10T16:54:55.291] [INFO] access - ::1 - - "POST /document/month/seach HTTP/1.1" 200 41 "http://localhost:9999/summary-month" "Mozilla/5.0 (Windows NT 10.0; Win64; x64) AppleWebKit/537.36 (KHTML, like Gecko) Chrome/83.0.4103.61 Safari/537.36"
[2020-06-10T16:55:46.324] [INFO] access - ::1 - - "OPTIONS /document/week/list?userId=b02fd560-7020-11e9-aa87-37732e5007de&year=2020&month=06 HTTP/1.1" 204 - "http://localhost:9999/summary-week" "Mozilla/5.0 (Windows NT 10.0; Win64; x64) AppleWebKit/537.36 (KHTML, like Gecko) Chrome/83.0.4103.61 Safari/537.36"
[2020-06-10T16:55:46.325] [INFO] access - ::1 - - "OPTIONS /user/getAllUser HTTP/1.1" 204 - "http://localhost:9999/summary-week" "Mozilla/5.0 (Windows NT 10.0; Win64; x64) AppleWebKit/537.36 (KHTML, like Gecko) Chrome/83.0.4103.61 Safari/537.36"
[2020-06-10T16:55:46.333] [INFO] access - ::1 - - "GET /document/week/list?userId=b02fd560-7020-11e9-aa87-37732e5007de&year=2020&month=06 HTTP/1.1" 200 41 "http://localhost:9999/summary-week" "Mozilla/5.0 (Windows NT 10.0; Win64; x64) AppleWebKit/537.36 (KHTML, like Gecko) Chrome/83.0.4103.61 Safari/537.36"
[2020-06-10T16:55:46.337] [INFO] access - ::1 - - "GET /user/getAllUser HTTP/1.1" 200 18645 "http://localhost:9999/summary-week" "Mozilla/5.0 (Windows NT 10.0; Win64; x64) AppleWebKit/537.36 (KHTML, like Gecko) Chrome/83.0.4103.61 Safari/537.36"
[2020-06-10T16:56:05.315] [INFO] access - ::1 - - "OPTIONS /document/day/list?userId=b02fd560-7020-11e9-aa87-37732e5007de&year=2020&month=06 HTTP/1.1" 204 - "http://localhost:9999/summary-day" "Mozilla/5.0 (Windows NT 10.0; Win64; x64) AppleWebKit/537.36 (KHTML, like Gecko) Chrome/83.0.4103.61 Safari/537.36"
[2020-06-10T16:56:05.317] [INFO] access - ::1 - - "OPTIONS /user/getAllUser HTTP/1.1" 204 - "http://localhost:9999/summary-day" "Mozilla/5.0 (Windows NT 10.0; Win64; x64) AppleWebKit/537.36 (KHTML, like Gecko) Chrome/83.0.4103.61 Safari/537.36"
[2020-06-10T16:56:05.333] [INFO] access - ::1 - - "GET /document/day/list?userId=b02fd560-7020-11e9-aa87-37732e5007de&year=2020&month=06 HTTP/1.1" 200 41 "http://localhost:9999/summary-day" "Mozilla/5.0 (Windows NT 10.0; Win64; x64) AppleWebKit/537.36 (KHTML, like Gecko) Chrome/83.0.4103.61 Safari/537.36"
[2020-06-10T16:56:05.337] [INFO] access - ::1 - - "GET /user/getAllUser HTTP/1.1" 200 18645 "http://localhost:9999/summary-day" "Mozilla/5.0 (Windows NT 10.0; Win64; x64) AppleWebKit/537.36 (KHTML, like Gecko) Chrome/83.0.4103.61 Safari/537.36"
[2020-06-10T16:56:56.708] [INFO] access - ::1 - - "OPTIONS /document/week/list?userId=b02fd560-7020-11e9-aa87-37732e5007de&year=2020&month=06 HTTP/1.1" 204 - "http://localhost:9999/summary-week" "Mozilla/5.0 (Windows NT 10.0; Win64; x64) AppleWebKit/537.36 (KHTML, like Gecko) Chrome/83.0.4103.61 Safari/537.36"
[2020-06-10T16:56:56.709] [INFO] access - ::1 - - "OPTIONS /user/getAllUser HTTP/1.1" 204 - "http://localhost:9999/summary-week" "Mozilla/5.0 (Windows NT 10.0; Win64; x64) AppleWebKit/537.36 (KHTML, like Gecko) Chrome/83.0.4103.61 Safari/537.36"
[2020-06-10T16:56:56.714] [INFO] access - ::1 - - "GET /document/week/list?userId=b02fd560-7020-11e9-aa87-37732e5007de&year=2020&month=06 HTTP/1.1" 200 41 "http://localhost:9999/summary-week" "Mozilla/5.0 (Windows NT 10.0; Win64; x64) AppleWebKit/537.36 (KHTML, like Gecko) Chrome/83.0.4103.61 Safari/537.36"
[2020-06-10T16:56:56.719] [INFO] access - ::1 - - "GET /user/getAllUser HTTP/1.1" 200 18645 "http://localhost:9999/summary-week" "Mozilla/5.0 (Windows NT 10.0; Win64; x64) AppleWebKit/537.36 (KHTML, like Gecko) Chrome/83.0.4103.61 Safari/537.36"
[2020-06-10T17:03:41.629] [INFO] access - ::1 - - "OPTIONS /document/day/list?userId=b02fd560-7020-11e9-aa87-37732e5007de&year=2020&month=06 HTTP/1.1" 204 - "http://localhost:9999/summary-day" "Mozilla/5.0 (Windows NT 10.0; Win64; x64) AppleWebKit/537.36 (KHTML, like Gecko) Chrome/83.0.4103.61 Safari/537.36"
[2020-06-10T17:03:41.631] [INFO] access - ::1 - - "OPTIONS /user/getAllUser HTTP/1.1" 204 - "http://localhost:9999/summary-day" "Mozilla/5.0 (Windows NT 10.0; Win64; x64) AppleWebKit/537.36 (KHTML, like Gecko) Chrome/83.0.4103.61 Safari/537.36"
[2020-06-10T17:03:41.635] [INFO] access - ::1 - - "GET /document/day/list?userId=b02fd560-7020-11e9-aa87-37732e5007de&year=2020&month=06 HTTP/1.1" 200 41 "http://localhost:9999/summary-day" "Mozilla/5.0 (Windows NT 10.0; Win64; x64) AppleWebKit/537.36 (KHTML, like Gecko) Chrome/83.0.4103.61 Safari/537.36"
[2020-06-10T17:03:41.642] [INFO] access - ::1 - - "GET /user/getAllUser HTTP/1.1" 200 18645 "http://localhost:9999/summary-day" "Mozilla/5.0 (Windows NT 10.0; Win64; x64) AppleWebKit/537.36 (KHTML, like Gecko) Chrome/83.0.4103.61 Safari/537.36"
