[2020-06-09T09:48:50.165] [INFO] access - ::1 - - "OPTIONS /document/day/list?userId=7861a6f0-7024-11e9-85e6-9f1338560125&year=2020&month=06 HTTP/1.1" 204 - "http://localhost:9999/summary-day" "Mozilla/5.0 (Windows NT 10.0; Win64; x64) AppleWebKit/537.36 (KHTML, like Gecko) Chrome/83.0.4103.61 Safari/537.36"
[2020-06-09T09:48:50.262] [INFO] access - ::1 - - "OPTIONS /user/getAllUser HTTP/1.1" 204 - "http://localhost:9999/summary-day" "Mozilla/5.0 (Windows NT 10.0; Win64; x64) AppleWebKit/537.36 (KHTML, like Gecko) Chrome/83.0.4103.61 Safari/537.36"
[2020-06-09T09:48:50.264] [INFO] access - ::1 - - "GET /document/day/list?userId=7861a6f0-7024-11e9-85e6-9f1338560125&year=2020&month=06 HTTP/1.1" 200 3445 "http://localhost:9999/summary-day" "Mozilla/5.0 (Windows NT 10.0; Win64; x64) AppleWebKit/537.36 (KHTML, like Gecko) Chrome/83.0.4103.61 Safari/537.36"
[2020-06-09T09:48:50.272] [INFO] access - ::1 - - "GET /user/getAllUser HTTP/1.1" 200 21005 "http://localhost:9999/summary-day" "Mozilla/5.0 (Windows NT 10.0; Win64; x64) AppleWebKit/537.36 (KHTML, like Gecko) Chrome/83.0.4103.61 Safari/537.36"
[2020-06-09T09:48:51.088] [INFO] access - ::1 - - "OPTIONS /document/week/list?userId=7861a6f0-7024-11e9-85e6-9f1338560125&year=2020&month=06 HTTP/1.1" 204 - "http://localhost:9999/summary-week" "Mozilla/5.0 (Windows NT 10.0; Win64; x64) AppleWebKit/537.36 (KHTML, like Gecko) Chrome/83.0.4103.61 Safari/537.36"
[2020-06-09T09:48:51.111] [INFO] access - ::1 - - "GET /document/week/list?userId=7861a6f0-7024-11e9-85e6-9f1338560125&year=2020&month=06 HTTP/1.1" 200 3063 "http://localhost:9999/summary-week" "Mozilla/5.0 (Windows NT 10.0; Win64; x64) AppleWebKit/537.36 (KHTML, like Gecko) Chrome/83.0.4103.61 Safari/537.36"
[2020-06-09T09:48:51.117] [INFO] access - ::1 - - "GET /user/getAllUser HTTP/1.1" 200 21005 "http://localhost:9999/summary-week" "Mozilla/5.0 (Windows NT 10.0; Win64; x64) AppleWebKit/537.36 (KHTML, like Gecko) Chrome/83.0.4103.61 Safari/537.36"
[2020-06-09T09:48:52.843] [INFO] access - ::1 - - "GET /document/day/list?userId=7861a6f0-7024-11e9-85e6-9f1338560125&year=2020&month=06 HTTP/1.1" 200 3445 "http://localhost:9999/summary-day" "Mozilla/5.0 (Windows NT 10.0; Win64; x64) AppleWebKit/537.36 (KHTML, like Gecko) Chrome/83.0.4103.61 Safari/537.36"
[2020-06-09T09:48:52.847] [INFO] access - ::1 - - "GET /user/getAllUser HTTP/1.1" 200 21005 "http://localhost:9999/summary-day" "Mozilla/5.0 (Windows NT 10.0; Win64; x64) AppleWebKit/537.36 (KHTML, like Gecko) Chrome/83.0.4103.61 Safari/537.36"
[2020-06-09T09:49:13.221] [INFO] access - ::1 - - "OPTIONS /system/getAllList HTTP/1.1" 204 - "http://localhost:9999/summary/edit?id=&type=day" "Mozilla/5.0 (Windows NT 10.0; Win64; x64) AppleWebKit/537.36 (KHTML, like Gecko) Chrome/83.0.4103.61 Safari/537.36"
[2020-06-09T09:49:13.248] [INFO] access - ::1 - - "GET /system/getAllList HTTP/1.1" 200 50146 "http://localhost:9999/summary/edit?id=&type=day" "Mozilla/5.0 (Windows NT 10.0; Win64; x64) AppleWebKit/537.36 (KHTML, like Gecko) Chrome/83.0.4103.61 Safari/537.36"
[2020-06-09T09:49:15.006] [INFO] access - ::1 - - "OPTIONS /document/day/list?userId=7861a6f0-7024-11e9-85e6-9f1338560125&year=2020&month=06 HTTP/1.1" 204 - "http://localhost:9999/summary-day" "Mozilla/5.0 (Windows NT 10.0; Win64; x64) AppleWebKit/537.36 (KHTML, like Gecko) Chrome/83.0.4103.61 Safari/537.36"
[2020-06-09T09:49:15.009] [INFO] access - ::1 - - "OPTIONS /user/getAllUser HTTP/1.1" 204 - "http://localhost:9999/summary-day" "Mozilla/5.0 (Windows NT 10.0; Win64; x64) AppleWebKit/537.36 (KHTML, like Gecko) Chrome/83.0.4103.61 Safari/537.36"
[2020-06-09T09:49:15.018] [INFO] access - ::1 - - "GET /document/day/list?userId=7861a6f0-7024-11e9-85e6-9f1338560125&year=2020&month=06 HTTP/1.1" 200 3445 "http://localhost:9999/summary-day" "Mozilla/5.0 (Windows NT 10.0; Win64; x64) AppleWebKit/537.36 (KHTML, like Gecko) Chrome/83.0.4103.61 Safari/537.36"
[2020-06-09T09:49:15.024] [INFO] access - ::1 - - "GET /user/getAllUser HTTP/1.1" 200 21005 "http://localhost:9999/summary-day" "Mozilla/5.0 (Windows NT 10.0; Win64; x64) AppleWebKit/537.36 (KHTML, like Gecko) Chrome/83.0.4103.61 Safari/537.36"
[2020-06-09T09:49:19.801] [INFO] access - ::1 - - "OPTIONS /document/day/toweek HTTP/1.1" 204 - "http://localhost:9999/summary-day" "Mozilla/5.0 (Windows NT 10.0; Win64; x64) AppleWebKit/537.36 (KHTML, like Gecko) Chrome/83.0.4103.61 Safari/537.36"
[2020-06-09T09:49:19.986] [INFO] access - ::1 - - "POST /document/day/toweek HTTP/1.1" 200 985 "http://localhost:9999/summary-day" "Mozilla/5.0 (Windows NT 10.0; Win64; x64) AppleWebKit/537.36 (KHTML, like Gecko) Chrome/83.0.4103.61 Safari/537.36"
[2020-06-09T09:49:21.520] [INFO] access - ::1 - - "OPTIONS /document/week/list?userId=7861a6f0-7024-11e9-85e6-9f1338560125&year=2020&month=06 HTTP/1.1" 204 - "http://localhost:9999/summary-week" "Mozilla/5.0 (Windows NT 10.0; Win64; x64) AppleWebKit/537.36 (KHTML, like Gecko) Chrome/83.0.4103.61 Safari/537.36"
[2020-06-09T09:49:21.522] [INFO] access - ::1 - - "OPTIONS /user/getAllUser HTTP/1.1" 204 - "http://localhost:9999/summary-week" "Mozilla/5.0 (Windows NT 10.0; Win64; x64) AppleWebKit/537.36 (KHTML, like Gecko) Chrome/83.0.4103.61 Safari/537.36"
[2020-06-09T09:49:21.526] [INFO] access - ::1 - - "GET /document/week/list?userId=7861a6f0-7024-11e9-85e6-9f1338560125&year=2020&month=06 HTTP/1.1" 200 5511 "http://localhost:9999/summary-week" "Mozilla/5.0 (Windows NT 10.0; Win64; x64) AppleWebKit/537.36 (KHTML, like Gecko) Chrome/83.0.4103.61 Safari/537.36"
[2020-06-09T09:49:21.532] [INFO] access - ::1 - - "GET /user/getAllUser HTTP/1.1" 200 21005 "http://localhost:9999/summary-week" "Mozilla/5.0 (Windows NT 10.0; Win64; x64) AppleWebKit/537.36 (KHTML, like Gecko) Chrome/83.0.4103.61 Safari/537.36"
[2020-06-09T09:49:42.988] [INFO] access - ::1 - - "OPTIONS /document/week/list?userId=7861a6f0-7024-11e9-85e6-9f1338560125&year=2020&month=06 HTTP/1.1" 204 - "http://localhost:9999/summary-week" "Mozilla/5.0 (Windows NT 10.0; Win64; x64) AppleWebKit/537.36 (KHTML, like Gecko) Chrome/83.0.4103.61 Safari/537.36"
[2020-06-09T09:49:42.990] [INFO] access - ::1 - - "OPTIONS /user/getAllUser HTTP/1.1" 204 - "http://localhost:9999/summary-week" "Mozilla/5.0 (Windows NT 10.0; Win64; x64) AppleWebKit/537.36 (KHTML, like Gecko) Chrome/83.0.4103.61 Safari/537.36"
[2020-06-09T09:49:43.009] [INFO] access - ::1 - - "GET /document/week/list?userId=7861a6f0-7024-11e9-85e6-9f1338560125&year=2020&month=06 HTTP/1.1" 200 5511 "http://localhost:9999/summary-week" "Mozilla/5.0 (Windows NT 10.0; Win64; x64) AppleWebKit/537.36 (KHTML, like Gecko) Chrome/83.0.4103.61 Safari/537.36"
[2020-06-09T09:49:43.017] [INFO] access - ::1 - - "GET /user/getAllUser HTTP/1.1" 200 21005 "http://localhost:9999/summary-week" "Mozilla/5.0 (Windows NT 10.0; Win64; x64) AppleWebKit/537.36 (KHTML, like Gecko) Chrome/83.0.4103.61 Safari/537.36"
[2020-06-09T09:52:28.434] [INFO] access - ::1 - - "OPTIONS /document/week/list?userId=7861a6f0-7024-11e9-85e6-9f1338560125&year=2020&month=06 HTTP/1.1" 204 - "http://localhost:9999/summary-week" "Mozilla/5.0 (Windows NT 10.0; Win64; x64) AppleWebKit/537.36 (KHTML, like Gecko) Chrome/83.0.4103.61 Safari/537.36"
[2020-06-09T09:52:28.434] [INFO] access - ::1 - - "OPTIONS /user/getAllUser HTTP/1.1" 204 - "http://localhost:9999/summary-week" "Mozilla/5.0 (Windows NT 10.0; Win64; x64) AppleWebKit/537.36 (KHTML, like Gecko) Chrome/83.0.4103.61 Safari/537.36"
[2020-06-09T09:52:28.442] [INFO] access - ::1 - - "GET /document/week/list?userId=7861a6f0-7024-11e9-85e6-9f1338560125&year=2020&month=06 HTTP/1.1" 200 5511 "http://localhost:9999/summary-week" "Mozilla/5.0 (Windows NT 10.0; Win64; x64) AppleWebKit/537.36 (KHTML, like Gecko) Chrome/83.0.4103.61 Safari/537.36"
[2020-06-09T09:52:28.447] [INFO] access - ::1 - - "GET /user/getAllUser HTTP/1.1" 200 21005 "http://localhost:9999/summary-week" "Mozilla/5.0 (Windows NT 10.0; Win64; x64) AppleWebKit/537.36 (KHTML, like Gecko) Chrome/83.0.4103.61 Safari/537.36"
[2020-06-09T09:53:14.731] [INFO] access - ::1 - - "OPTIONS /document/week/list?userId=7861a6f0-7024-11e9-85e6-9f1338560125&year=2020&month=06 HTTP/1.1" 204 - "http://localhost:9999/summary-week" "Mozilla/5.0 (Windows NT 10.0; Win64; x64) AppleWebKit/537.36 (KHTML, like Gecko) Chrome/83.0.4103.61 Safari/537.36"
[2020-06-09T09:53:14.732] [INFO] access - ::1 - - "OPTIONS /user/getAllUser HTTP/1.1" 204 - "http://localhost:9999/summary-week" "Mozilla/5.0 (Windows NT 10.0; Win64; x64) AppleWebKit/537.36 (KHTML, like Gecko) Chrome/83.0.4103.61 Safari/537.36"
[2020-06-09T09:53:14.742] [INFO] access - ::1 - - "GET /document/week/list?userId=7861a6f0-7024-11e9-85e6-9f1338560125&year=2020&month=06 HTTP/1.1" 200 5511 "http://localhost:9999/summary-week" "Mozilla/5.0 (Windows NT 10.0; Win64; x64) AppleWebKit/537.36 (KHTML, like Gecko) Chrome/83.0.4103.61 Safari/537.36"
[2020-06-09T09:53:14.752] [INFO] access - ::1 - - "GET /user/getAllUser HTTP/1.1" 200 21005 "http://localhost:9999/summary-week" "Mozilla/5.0 (Windows NT 10.0; Win64; x64) AppleWebKit/537.36 (KHTML, like Gecko) Chrome/83.0.4103.61 Safari/537.36"
[2020-06-09T10:05:16.197] [INFO] access - ::1 - - "OPTIONS /document/week/list?userId=7861a6f0-7024-11e9-85e6-9f1338560125&year=2020&month=06 HTTP/1.1" 204 - "http://localhost:9999/summary-week" "Mozilla/5.0 (Windows NT 10.0; Win64; x64) AppleWebKit/537.36 (KHTML, like Gecko) Chrome/83.0.4103.61 Safari/537.36"
[2020-06-09T10:05:16.204] [INFO] access - ::1 - - "GET /document/week/list?userId=7861a6f0-7024-11e9-85e6-9f1338560125&year=2020&month=06 HTTP/1.1" 200 5511 "http://localhost:9999/summary-week" "Mozilla/5.0 (Windows NT 10.0; Win64; x64) AppleWebKit/537.36 (KHTML, like Gecko) Chrome/83.0.4103.61 Safari/537.36"
[2020-06-09T10:05:16.211] [INFO] access - ::1 - - "OPTIONS /user/getAllUser HTTP/1.1" 204 - "http://localhost:9999/summary-week" "Mozilla/5.0 (Windows NT 10.0; Win64; x64) AppleWebKit/537.36 (KHTML, like Gecko) Chrome/83.0.4103.61 Safari/537.36"
[2020-06-09T10:05:16.239] [INFO] access - ::1 - - "GET /user/getAllUser HTTP/1.1" 200 21005 "http://localhost:9999/summary-week" "Mozilla/5.0 (Windows NT 10.0; Win64; x64) AppleWebKit/537.36 (KHTML, like Gecko) Chrome/83.0.4103.61 Safari/537.36"
[2020-06-09T10:22:56.024] [INFO] access - ::1 - - "OPTIONS /document/week/list?userId=7861a6f0-7024-11e9-85e6-9f1338560125&year=2020&month=06 HTTP/1.1" 204 - "http://localhost:9999/summary-week" "Mozilla/5.0 (Windows NT 10.0; Win64; x64) AppleWebKit/537.36 (KHTML, like Gecko) Chrome/83.0.4103.61 Safari/537.36"
[2020-06-09T10:22:56.025] [INFO] access - ::1 - - "OPTIONS /user/getAllUser HTTP/1.1" 204 - "http://localhost:9999/summary-week" "Mozilla/5.0 (Windows NT 10.0; Win64; x64) AppleWebKit/537.36 (KHTML, like Gecko) Chrome/83.0.4103.61 Safari/537.36"
[2020-06-09T10:22:56.053] [INFO] access - ::1 - - "GET /document/week/list?userId=7861a6f0-7024-11e9-85e6-9f1338560125&year=2020&month=06 HTTP/1.1" 200 5511 "http://localhost:9999/summary-week" "Mozilla/5.0 (Windows NT 10.0; Win64; x64) AppleWebKit/537.36 (KHTML, like Gecko) Chrome/83.0.4103.61 Safari/537.36"
[2020-06-09T10:22:56.058] [INFO] access - ::1 - - "GET /user/getAllUser HTTP/1.1" 200 21005 "http://localhost:9999/summary-week" "Mozilla/5.0 (Windows NT 10.0; Win64; x64) AppleWebKit/537.36 (KHTML, like Gecko) Chrome/83.0.4103.61 Safari/537.36"
[2020-06-09T10:25:28.226] [INFO] access - ::1 - - "OPTIONS /document/week/list?userId=7861a6f0-7024-11e9-85e6-9f1338560125&year=2020&month=06 HTTP/1.1" 204 - "http://localhost:9999/summary-week" "Mozilla/5.0 (Windows NT 10.0; Win64; x64) AppleWebKit/537.36 (KHTML, like Gecko) Chrome/83.0.4103.61 Safari/537.36"
[2020-06-09T10:25:28.226] [INFO] access - ::1 - - "OPTIONS /user/getAllUser HTTP/1.1" 204 - "http://localhost:9999/summary-week" "Mozilla/5.0 (Windows NT 10.0; Win64; x64) AppleWebKit/537.36 (KHTML, like Gecko) Chrome/83.0.4103.61 Safari/537.36"
[2020-06-09T10:25:28.248] [INFO] access - ::1 - - "GET /document/week/list?userId=7861a6f0-7024-11e9-85e6-9f1338560125&year=2020&month=06 HTTP/1.1" 200 5511 "http://localhost:9999/summary-week" "Mozilla/5.0 (Windows NT 10.0; Win64; x64) AppleWebKit/537.36 (KHTML, like Gecko) Chrome/83.0.4103.61 Safari/537.36"
[2020-06-09T10:25:28.252] [INFO] access - ::1 - - "GET /user/getAllUser HTTP/1.1" 200 21005 "http://localhost:9999/summary-week" "Mozilla/5.0 (Windows NT 10.0; Win64; x64) AppleWebKit/537.36 (KHTML, like Gecko) Chrome/83.0.4103.61 Safari/537.36"
[2020-06-09T10:29:09.206] [INFO] access - ::1 - - "OPTIONS /document/week/list?userId=7861a6f0-7024-11e9-85e6-9f1338560125&year=2020&month=06 HTTP/1.1" 204 - "http://localhost:9999/summary-week" "Mozilla/5.0 (Windows NT 10.0; Win64; x64) AppleWebKit/537.36 (KHTML, like Gecko) Chrome/83.0.4103.61 Safari/537.36"
[2020-06-09T10:29:09.206] [INFO] access - ::1 - - "OPTIONS /user/getAllUser HTTP/1.1" 204 - "http://localhost:9999/summary-week" "Mozilla/5.0 (Windows NT 10.0; Win64; x64) AppleWebKit/537.36 (KHTML, like Gecko) Chrome/83.0.4103.61 Safari/537.36"
[2020-06-09T10:29:09.237] [INFO] access - ::1 - - "GET /document/week/list?userId=7861a6f0-7024-11e9-85e6-9f1338560125&year=2020&month=06 HTTP/1.1" 200 5511 "http://localhost:9999/summary-week" "Mozilla/5.0 (Windows NT 10.0; Win64; x64) AppleWebKit/537.36 (KHTML, like Gecko) Chrome/83.0.4103.61 Safari/537.36"
[2020-06-09T10:29:09.243] [INFO] access - ::1 - - "GET /user/getAllUser HTTP/1.1" 200 21005 "http://localhost:9999/summary-week" "Mozilla/5.0 (Windows NT 10.0; Win64; x64) AppleWebKit/537.36 (KHTML, like Gecko) Chrome/83.0.4103.61 Safari/537.36"
[2020-06-09T10:36:15.269] [INFO] access - ::1 - - "OPTIONS /document/week/tomonth HTTP/1.1" 204 - "http://localhost:9999/summary-week" "Mozilla/5.0 (Windows NT 10.0; Win64; x64) AppleWebKit/537.36 (KHTML, like Gecko) Chrome/83.0.4103.61 Safari/537.36"
[2020-06-09T10:38:23.682] [INFO] access - ::1 - - "OPTIONS /document/week/list?userId=7861a6f0-7024-11e9-85e6-9f1338560125&year=2020&month=06 HTTP/1.1" 204 - "http://localhost:9999/summary-week" "Mozilla/5.0 (Windows NT 10.0; Win64; x64) AppleWebKit/537.36 (KHTML, like Gecko) Chrome/83.0.4103.61 Safari/537.36"
[2020-06-09T10:38:23.683] [INFO] access - ::1 - - "OPTIONS /user/getAllUser HTTP/1.1" 204 - "http://localhost:9999/summary-week" "Mozilla/5.0 (Windows NT 10.0; Win64; x64) AppleWebKit/537.36 (KHTML, like Gecko) Chrome/83.0.4103.61 Safari/537.36"
[2020-06-09T10:38:23.710] [INFO] access - ::1 - - "GET /document/week/list?userId=7861a6f0-7024-11e9-85e6-9f1338560125&year=2020&month=06 HTTP/1.1" 200 5511 "http://localhost:9999/summary-week" "Mozilla/5.0 (Windows NT 10.0; Win64; x64) AppleWebKit/537.36 (KHTML, like Gecko) Chrome/83.0.4103.61 Safari/537.36"
[2020-06-09T10:38:23.723] [INFO] access - ::1 - - "GET /user/getAllUser HTTP/1.1" 200 21005 "http://localhost:9999/summary-week" "Mozilla/5.0 (Windows NT 10.0; Win64; x64) AppleWebKit/537.36 (KHTML, like Gecko) Chrome/83.0.4103.61 Safari/537.36"
[2020-06-09T10:38:33.207] [INFO] access - ::1 - - "OPTIONS /document/week/tomonth HTTP/1.1" 204 - "http://localhost:9999/summary-week" "Mozilla/5.0 (Windows NT 10.0; Win64; x64) AppleWebKit/537.36 (KHTML, like Gecko) Chrome/83.0.4103.61 Safari/537.36"
[2020-06-09T10:39:03.305] [INFO] access - ::1 - - "OPTIONS /login HTTP/1.1" 204 - "http://localhost:9999/login" "Mozilla/5.0 (Windows NT 10.0; Win64; x64) AppleWebKit/537.36 (KHTML, like Gecko) Chrome/83.0.4103.61 Safari/537.36"
[2020-06-09T10:39:03.335] [INFO] access - ::1 - - "POST /login HTTP/1.1" 200 3329 "http://localhost:9999/login" "Mozilla/5.0 (Windows NT 10.0; Win64; x64) AppleWebKit/537.36 (KHTML, like Gecko) Chrome/83.0.4103.61 Safari/537.36"
[2020-06-09T10:39:03.340] [INFO] access - ::1 - - "OPTIONS /user/info HTTP/1.1" 204 - "http://localhost:9999/login" "Mozilla/5.0 (Windows NT 10.0; Win64; x64) AppleWebKit/537.36 (KHTML, like Gecko) Chrome/83.0.4103.61 Safari/537.36"
[2020-06-09T10:39:03.346] [INFO] access - ::1 - - "GET /user/info HTTP/1.1" 200 1397 "http://localhost:9999/login" "Mozilla/5.0 (Windows NT 10.0; Win64; x64) AppleWebKit/537.36 (KHTML, like Gecko) Chrome/83.0.4103.61 Safari/537.36"
[2020-06-09T10:39:08.173] [INFO] access - ::1 - - "OPTIONS /document/day/list?userId=7861a6f0-7024-11e9-85e6-9f1338560125&year=2020&month=06 HTTP/1.1" 204 - "http://localhost:9999/summary-day" "Mozilla/5.0 (Windows NT 10.0; Win64; x64) AppleWebKit/537.36 (KHTML, like Gecko) Chrome/83.0.4103.61 Safari/537.36"
[2020-06-09T10:39:08.175] [INFO] access - ::1 - - "OPTIONS /user/getAllUser HTTP/1.1" 204 - "http://localhost:9999/summary-day" "Mozilla/5.0 (Windows NT 10.0; Win64; x64) AppleWebKit/537.36 (KHTML, like Gecko) Chrome/83.0.4103.61 Safari/537.36"
[2020-06-09T10:39:08.184] [INFO] access - ::1 - - "GET /document/day/list?userId=7861a6f0-7024-11e9-85e6-9f1338560125&year=2020&month=06 HTTP/1.1" 200 3445 "http://localhost:9999/summary-day" "Mozilla/5.0 (Windows NT 10.0; Win64; x64) AppleWebKit/537.36 (KHTML, like Gecko) Chrome/83.0.4103.61 Safari/537.36"
[2020-06-09T10:39:08.192] [INFO] access - ::1 - - "GET /user/getAllUser HTTP/1.1" 200 21005 "http://localhost:9999/summary-day" "Mozilla/5.0 (Windows NT 10.0; Win64; x64) AppleWebKit/537.36 (KHTML, like Gecko) Chrome/83.0.4103.61 Safari/537.36"
[2020-06-09T10:39:11.089] [INFO] access - ::1 - - "OPTIONS /document/week/list?userId=7861a6f0-7024-11e9-85e6-9f1338560125&year=2020&month=06 HTTP/1.1" 204 - "http://localhost:9999/summary-week" "Mozilla/5.0 (Windows NT 10.0; Win64; x64) AppleWebKit/537.36 (KHTML, like Gecko) Chrome/83.0.4103.61 Safari/537.36"
[2020-06-09T10:39:11.091] [INFO] access - ::1 - - "OPTIONS /user/getAllUser HTTP/1.1" 204 - "http://localhost:9999/summary-week" "Mozilla/5.0 (Windows NT 10.0; Win64; x64) AppleWebKit/537.36 (KHTML, like Gecko) Chrome/83.0.4103.61 Safari/537.36"
[2020-06-09T10:39:11.097] [INFO] access - ::1 - - "GET /document/week/list?userId=7861a6f0-7024-11e9-85e6-9f1338560125&year=2020&month=06 HTTP/1.1" 200 5511 "http://localhost:9999/summary-week" "Mozilla/5.0 (Windows NT 10.0; Win64; x64) AppleWebKit/537.36 (KHTML, like Gecko) Chrome/83.0.4103.61 Safari/537.36"
[2020-06-09T10:39:11.104] [INFO] access - ::1 - - "GET /user/getAllUser HTTP/1.1" 200 21005 "http://localhost:9999/summary-week" "Mozilla/5.0 (Windows NT 10.0; Win64; x64) AppleWebKit/537.36 (KHTML, like Gecko) Chrome/83.0.4103.61 Safari/537.36"
[2020-06-09T10:39:21.646] [INFO] access - ::1 - - "OPTIONS /document/week/tomonth HTTP/1.1" 204 - "http://localhost:9999/summary-week" "Mozilla/5.0 (Windows NT 10.0; Win64; x64) AppleWebKit/537.36 (KHTML, like Gecko) Chrome/83.0.4103.61 Safari/537.36"
[2020-06-09T10:39:46.527] [INFO] access - ::1 - - "OPTIONS /document/week/tomonth HTTP/1.1" 204 - "http://localhost:9999/summary-week" "Mozilla/5.0 (Windows NT 10.0; Win64; x64) AppleWebKit/537.36 (KHTML, like Gecko) Chrome/83.0.4103.61 Safari/537.36"
[2020-06-09T10:41:32.322] [INFO] access - ::1 - - "OPTIONS /document/week/tomonth HTTP/1.1" 204 - "http://localhost:9999/summary-week" "Mozilla/5.0 (Windows NT 10.0; Win64; x64) AppleWebKit/537.36 (KHTML, like Gecko) Chrome/83.0.4103.61 Safari/537.36"
[2020-06-09T10:41:32.599] [INFO] access - ::1 - - "POST /document/week/tomonth HTTP/1.1" 200 1592 "http://localhost:9999/summary-week" "Mozilla/5.0 (Windows NT 10.0; Win64; x64) AppleWebKit/537.36 (KHTML, like Gecko) Chrome/83.0.4103.61 Safari/537.36"
[2020-06-09T10:43:59.561] [INFO] access - ::1 - - "OPTIONS /document/week/list?userId=7861a6f0-7024-11e9-85e6-9f1338560125&year=2020&month=06 HTTP/1.1" 204 - "http://localhost:9999/summary-week" "Mozilla/5.0 (Windows NT 10.0; Win64; x64) AppleWebKit/537.36 (KHTML, like Gecko) Chrome/83.0.4103.61 Safari/537.36"
[2020-06-09T10:43:59.562] [INFO] access - ::1 - - "OPTIONS /user/getAllUser HTTP/1.1" 204 - "http://localhost:9999/summary-week" "Mozilla/5.0 (Windows NT 10.0; Win64; x64) AppleWebKit/537.36 (KHTML, like Gecko) Chrome/83.0.4103.61 Safari/537.36"
[2020-06-09T10:43:59.590] [INFO] access - ::1 - - "GET /document/week/list?userId=7861a6f0-7024-11e9-85e6-9f1338560125&year=2020&month=06 HTTP/1.1" 200 5511 "http://localhost:9999/summary-week" "Mozilla/5.0 (Windows NT 10.0; Win64; x64) AppleWebKit/537.36 (KHTML, like Gecko) Chrome/83.0.4103.61 Safari/537.36"
[2020-06-09T10:43:59.601] [INFO] access - ::1 - - "GET /user/getAllUser HTTP/1.1" 200 21005 "http://localhost:9999/summary-week" "Mozilla/5.0 (Windows NT 10.0; Win64; x64) AppleWebKit/537.36 (KHTML, like Gecko) Chrome/83.0.4103.61 Safari/537.36"
[2020-06-09T10:45:16.132] [INFO] access - ::1 - - "OPTIONS /document/month/list?userId=7861a6f0-7024-11e9-85e6-9f1338560125&year=2020 HTTP/1.1" 204 - "http://localhost:9999/summary-week" "Mozilla/5.0 (Windows NT 10.0; Win64; x64) AppleWebKit/537.36 (KHTML, like Gecko) Chrome/83.0.4103.61 Safari/537.36"
[2020-06-09T10:45:16.135] [INFO] access - ::1 - - "OPTIONS /user/getAllUser HTTP/1.1" 204 - "http://localhost:9999/summary-week" "Mozilla/5.0 (Windows NT 10.0; Win64; x64) AppleWebKit/537.36 (KHTML, like Gecko) Chrome/83.0.4103.61 Safari/537.36"
[2020-06-09T10:45:16.164] [INFO] access - ::1 - - "GET /document/month/list?userId=7861a6f0-7024-11e9-85e6-9f1338560125&year=2020 HTTP/1.1" 404 - "http://localhost:9999/summary-week" "Mozilla/5.0 (Windows NT 10.0; Win64; x64) AppleWebKit/537.36 (KHTML, like Gecko) Chrome/83.0.4103.61 Safari/537.36"
[2020-06-09T10:45:16.174] [INFO] access - ::1 - - "GET /user/getAllUser HTTP/1.1" 200 21005 "http://localhost:9999/summary-week" "Mozilla/5.0 (Windows NT 10.0; Win64; x64) AppleWebKit/537.36 (KHTML, like Gecko) Chrome/83.0.4103.61 Safari/537.36"
[2020-06-09T10:58:13.777] [INFO] access - ::1 - - "OPTIONS /document/week/list?userId=7861a6f0-7024-11e9-85e6-9f1338560125&year=2020&month=06 HTTP/1.1" 204 - "http://localhost:9999/summary-month" "Mozilla/5.0 (Windows NT 10.0; Win64; x64) AppleWebKit/537.36 (KHTML, like Gecko) Chrome/83.0.4103.61 Safari/537.36"
[2020-06-09T10:58:13.780] [INFO] access - ::1 - - "OPTIONS /user/getAllUser HTTP/1.1" 204 - "http://localhost:9999/summary-month" "Mozilla/5.0 (Windows NT 10.0; Win64; x64) AppleWebKit/537.36 (KHTML, like Gecko) Chrome/83.0.4103.61 Safari/537.36"
[2020-06-09T10:58:13.794] [INFO] access - ::1 - - "GET /document/week/list?userId=7861a6f0-7024-11e9-85e6-9f1338560125&year=2020&month=06 HTTP/1.1" 200 5511 "http://localhost:9999/summary-month" "Mozilla/5.0 (Windows NT 10.0; Win64; x64) AppleWebKit/537.36 (KHTML, like Gecko) Chrome/83.0.4103.61 Safari/537.36"
[2020-06-09T10:58:13.804] [INFO] access - ::1 - - "GET /user/getAllUser HTTP/1.1" 200 21005 "http://localhost:9999/summary-month" "Mozilla/5.0 (Windows NT 10.0; Win64; x64) AppleWebKit/537.36 (KHTML, like Gecko) Chrome/83.0.4103.61 Safari/537.36"
[2020-06-09T10:58:31.038] [INFO] access - ::1 - - "OPTIONS /document/week/list?userId=7861a6f0-7024-11e9-85e6-9f1338560125&year=2020&month=06 HTTP/1.1" 204 - "http://localhost:9999/summary-month" "Mozilla/5.0 (Windows NT 10.0; Win64; x64) AppleWebKit/537.36 (KHTML, like Gecko) Chrome/83.0.4103.61 Safari/537.36"
[2020-06-09T10:58:31.040] [INFO] access - ::1 - - "OPTIONS /user/getAllUser HTTP/1.1" 204 - "http://localhost:9999/summary-month" "Mozilla/5.0 (Windows NT 10.0; Win64; x64) AppleWebKit/537.36 (KHTML, like Gecko) Chrome/83.0.4103.61 Safari/537.36"
[2020-06-09T10:58:31.046] [INFO] access - ::1 - - "GET /document/week/list?userId=7861a6f0-7024-11e9-85e6-9f1338560125&year=2020&month=06 HTTP/1.1" 200 5511 "http://localhost:9999/summary-month" "Mozilla/5.0 (Windows NT 10.0; Win64; x64) AppleWebKit/537.36 (KHTML, like Gecko) Chrome/83.0.4103.61 Safari/537.36"
[2020-06-09T10:58:31.055] [INFO] access - ::1 - - "GET /user/getAllUser HTTP/1.1" 200 21005 "http://localhost:9999/summary-month" "Mozilla/5.0 (Windows NT 10.0; Win64; x64) AppleWebKit/537.36 (KHTML, like Gecko) Chrome/83.0.4103.61 Safari/537.36"
[2020-06-09T11:00:26.556] [INFO] access - ::1 - - "OPTIONS /document/month/list?userId=7861a6f0-7024-11e9-85e6-9f1338560125&year=2020 HTTP/1.1" 204 - "http://localhost:9999/summary-month" "Mozilla/5.0 (Windows NT 10.0; Win64; x64) AppleWebKit/537.36 (KHTML, like Gecko) Chrome/83.0.4103.61 Safari/537.36"
[2020-06-09T11:00:26.557] [INFO] access - ::1 - - "OPTIONS /user/getAllUser HTTP/1.1" 204 - "http://localhost:9999/summary-month" "Mozilla/5.0 (Windows NT 10.0; Win64; x64) AppleWebKit/537.36 (KHTML, like Gecko) Chrome/83.0.4103.61 Safari/537.36"
[2020-06-09T11:00:26.561] [INFO] access - ::1 - - "GET /document/month/list?userId=7861a6f0-7024-11e9-85e6-9f1338560125&year=2020 HTTP/1.1" 404 - "http://localhost:9999/summary-month" "Mozilla/5.0 (Windows NT 10.0; Win64; x64) AppleWebKit/537.36 (KHTML, like Gecko) Chrome/83.0.4103.61 Safari/537.36"
[2020-06-09T11:00:26.567] [INFO] access - ::1 - - "GET /user/getAllUser HTTP/1.1" 200 21005 "http://localhost:9999/summary-month" "Mozilla/5.0 (Windows NT 10.0; Win64; x64) AppleWebKit/537.36 (KHTML, like Gecko) Chrome/83.0.4103.61 Safari/537.36"
[2020-06-09T11:07:21.262] [INFO] access - ::1 - - "OPTIONS /document/month/list?userId=7861a6f0-7024-11e9-85e6-9f1338560125&year=2020 HTTP/1.1" 204 - "http://localhost:9999/summary-month" "Mozilla/5.0 (Windows NT 10.0; Win64; x64) AppleWebKit/537.36 (KHTML, like Gecko) Chrome/83.0.4103.61 Safari/537.36"
[2020-06-09T11:07:21.267] [INFO] access - ::1 - - "OPTIONS /user/getAllUser HTTP/1.1" 204 - "http://localhost:9999/summary-month" "Mozilla/5.0 (Windows NT 10.0; Win64; x64) AppleWebKit/537.36 (KHTML, like Gecko) Chrome/83.0.4103.61 Safari/537.36"
[2020-06-09T11:07:21.292] [INFO] access - ::1 - - "GET /document/month/list?userId=7861a6f0-7024-11e9-85e6-9f1338560125&year=2020 HTTP/1.1" 200 2975 "http://localhost:9999/summary-month" "Mozilla/5.0 (Windows NT 10.0; Win64; x64) AppleWebKit/537.36 (KHTML, like Gecko) Chrome/83.0.4103.61 Safari/537.36"
[2020-06-09T11:07:21.312] [INFO] access - ::1 - - "GET /user/getAllUser HTTP/1.1" 200 21005 "http://localhost:9999/summary-month" "Mozilla/5.0 (Windows NT 10.0; Win64; x64) AppleWebKit/537.36 (KHTML, like Gecko) Chrome/83.0.4103.61 Safari/537.36"
[2020-06-09T11:08:32.375] [INFO] access - ::1 - - "OPTIONS /document/month/list?userId=7861a6f0-7024-11e9-85e6-9f1338560125&year=2020 HTTP/1.1" 204 - "http://localhost:9999/summary-month" "Mozilla/5.0 (Windows NT 10.0; Win64; x64) AppleWebKit/537.36 (KHTML, like Gecko) Chrome/83.0.4103.61 Safari/537.36"
[2020-06-09T11:08:32.375] [INFO] access - ::1 - - "OPTIONS /user/getAllUser HTTP/1.1" 204 - "http://localhost:9999/summary-month" "Mozilla/5.0 (Windows NT 10.0; Win64; x64) AppleWebKit/537.36 (KHTML, like Gecko) Chrome/83.0.4103.61 Safari/537.36"
[2020-06-09T11:08:32.381] [INFO] access - ::1 - - "GET /document/month/list?userId=7861a6f0-7024-11e9-85e6-9f1338560125&year=2020 HTTP/1.1" 200 2975 "http://localhost:9999/summary-month" "Mozilla/5.0 (Windows NT 10.0; Win64; x64) AppleWebKit/537.36 (KHTML, like Gecko) Chrome/83.0.4103.61 Safari/537.36"
[2020-06-09T11:08:32.390] [INFO] access - ::1 - - "GET /user/getAllUser HTTP/1.1" 200 21005 "http://localhost:9999/summary-month" "Mozilla/5.0 (Windows NT 10.0; Win64; x64) AppleWebKit/537.36 (KHTML, like Gecko) Chrome/83.0.4103.61 Safari/537.36"
[2020-06-09T11:08:37.168] [INFO] access - ::1 - - "OPTIONS /document/month/list?userId=7861a6f0-7024-11e9-85e6-9f1338560125&year=2020 HTTP/1.1" 204 - "http://localhost:9999/summary-month" "Mozilla/5.0 (Windows NT 10.0; Win64; x64) AppleWebKit/537.36 (KHTML, like Gecko) Chrome/83.0.4103.61 Safari/537.36"
[2020-06-09T11:08:37.169] [INFO] access - ::1 - - "OPTIONS /user/getAllUser HTTP/1.1" 204 - "http://localhost:9999/summary-month" "Mozilla/5.0 (Windows NT 10.0; Win64; x64) AppleWebKit/537.36 (KHTML, like Gecko) Chrome/83.0.4103.61 Safari/537.36"
[2020-06-09T11:08:37.187] [INFO] access - ::1 - - "GET /user/getAllUser HTTP/1.1" 200 21005 "http://localhost:9999/summary-month" "Mozilla/5.0 (Windows NT 10.0; Win64; x64) AppleWebKit/537.36 (KHTML, like Gecko) Chrome/83.0.4103.61 Safari/537.36"
[2020-06-09T11:08:37.189] [INFO] access - ::1 - - "GET /document/month/list?userId=7861a6f0-7024-11e9-85e6-9f1338560125&year=2020 HTTP/1.1" 200 2975 "http://localhost:9999/summary-month" "Mozilla/5.0 (Windows NT 10.0; Win64; x64) AppleWebKit/537.36 (KHTML, like Gecko) Chrome/83.0.4103.61 Safari/537.36"
[2020-06-09T11:15:22.893] [INFO] access - ::1 - - "OPTIONS /document/month/list?userId=7861a6f0-7024-11e9-85e6-9f1338560125&year=2020 HTTP/1.1" 204 - "http://localhost:9999/summary-month" "Mozilla/5.0 (Windows NT 10.0; Win64; x64) AppleWebKit/537.36 (KHTML, like Gecko) Chrome/83.0.4103.61 Safari/537.36"
[2020-06-09T11:15:22.893] [INFO] access - ::1 - - "OPTIONS /user/getAllUser HTTP/1.1" 204 - "http://localhost:9999/summary-month" "Mozilla/5.0 (Windows NT 10.0; Win64; x64) AppleWebKit/537.36 (KHTML, like Gecko) Chrome/83.0.4103.61 Safari/537.36"
[2020-06-09T11:15:22.907] [INFO] access - ::1 - - "GET /document/month/list?userId=7861a6f0-7024-11e9-85e6-9f1338560125&year=2020 HTTP/1.1" 200 2975 "http://localhost:9999/summary-month" "Mozilla/5.0 (Windows NT 10.0; Win64; x64) AppleWebKit/537.36 (KHTML, like Gecko) Chrome/83.0.4103.61 Safari/537.36"
[2020-06-09T11:15:22.914] [INFO] access - ::1 - - "GET /user/getAllUser HTTP/1.1" 200 21005 "http://localhost:9999/summary-month" "Mozilla/5.0 (Windows NT 10.0; Win64; x64) AppleWebKit/537.36 (KHTML, like Gecko) Chrome/83.0.4103.61 Safari/537.36"
[2020-06-09T11:15:35.119] [INFO] access - ::1 - - "OPTIONS /document/month/list?userId=7861a6f0-7024-11e9-85e6-9f1338560125&year=2020 HTTP/1.1" 204 - "http://localhost:9999/summary-month" "Mozilla/5.0 (Windows NT 10.0; Win64; x64) AppleWebKit/537.36 (KHTML, like Gecko) Chrome/83.0.4103.61 Safari/537.36"
[2020-06-09T11:15:35.120] [INFO] access - ::1 - - "OPTIONS /user/getAllUser HTTP/1.1" 204 - "http://localhost:9999/summary-month" "Mozilla/5.0 (Windows NT 10.0; Win64; x64) AppleWebKit/537.36 (KHTML, like Gecko) Chrome/83.0.4103.61 Safari/537.36"
[2020-06-09T11:15:35.131] [INFO] access - ::1 - - "GET /document/month/list?userId=7861a6f0-7024-11e9-85e6-9f1338560125&year=2020 HTTP/1.1" 200 2975 "http://localhost:9999/summary-month" "Mozilla/5.0 (Windows NT 10.0; Win64; x64) AppleWebKit/537.36 (KHTML, like Gecko) Chrome/83.0.4103.61 Safari/537.36"
[2020-06-09T11:15:35.141] [INFO] access - ::1 - - "GET /user/getAllUser HTTP/1.1" 200 21005 "http://localhost:9999/summary-month" "Mozilla/5.0 (Windows NT 10.0; Win64; x64) AppleWebKit/537.36 (KHTML, like Gecko) Chrome/83.0.4103.61 Safari/537.36"
[2020-06-09T11:17:18.300] [INFO] access - ::1 - - "OPTIONS /document/month/list?userId=7861a6f0-7024-11e9-85e6-9f1338560125&year=2020 HTTP/1.1" 204 - "http://localhost:9999/summary-month" "Mozilla/5.0 (Windows NT 10.0; Win64; x64) AppleWebKit/537.36 (KHTML, like Gecko) Chrome/83.0.4103.61 Safari/537.36"
[2020-06-09T11:17:18.308] [INFO] access - ::1 - - "OPTIONS /user/getAllUser HTTP/1.1" 204 - "http://localhost:9999/summary-month" "Mozilla/5.0 (Windows NT 10.0; Win64; x64) AppleWebKit/537.36 (KHTML, like Gecko) Chrome/83.0.4103.61 Safari/537.36"
[2020-06-09T11:17:18.318] [INFO] access - ::1 - - "GET /document/month/list?userId=7861a6f0-7024-11e9-85e6-9f1338560125&year=2020 HTTP/1.1" 200 2975 "http://localhost:9999/summary-month" "Mozilla/5.0 (Windows NT 10.0; Win64; x64) AppleWebKit/537.36 (KHTML, like Gecko) Chrome/83.0.4103.61 Safari/537.36"
[2020-06-09T11:17:18.322] [INFO] access - ::1 - - "GET /user/getAllUser HTTP/1.1" 200 21005 "http://localhost:9999/summary-month" "Mozilla/5.0 (Windows NT 10.0; Win64; x64) AppleWebKit/537.36 (KHTML, like Gecko) Chrome/83.0.4103.61 Safari/537.36"
[2020-06-09T11:33:50.918] [INFO] access - ::1 - - "OPTIONS /document/month/list?userId=7861a6f0-7024-11e9-85e6-9f1338560125&year=2020 HTTP/1.1" 204 - "http://localhost:9999/summary-month" "Mozilla/5.0 (Windows NT 10.0; Win64; x64) AppleWebKit/537.36 (KHTML, like Gecko) Chrome/83.0.4103.61 Safari/537.36"
[2020-06-09T11:33:50.922] [INFO] access - ::1 - - "OPTIONS /user/getAllUser HTTP/1.1" 204 - "http://localhost:9999/summary-month" "Mozilla/5.0 (Windows NT 10.0; Win64; x64) AppleWebKit/537.36 (KHTML, like Gecko) Chrome/83.0.4103.61 Safari/537.36"
[2020-06-09T11:33:50.970] [INFO] access - ::1 - - "GET /document/month/list?userId=7861a6f0-7024-11e9-85e6-9f1338560125&year=2020 HTTP/1.1" 200 2975 "http://localhost:9999/summary-month" "Mozilla/5.0 (Windows NT 10.0; Win64; x64) AppleWebKit/537.36 (KHTML, like Gecko) Chrome/83.0.4103.61 Safari/537.36"
[2020-06-09T11:33:50.986] [INFO] access - ::1 - - "GET /user/getAllUser HTTP/1.1" 200 21005 "http://localhost:9999/summary-month" "Mozilla/5.0 (Windows NT 10.0; Win64; x64) AppleWebKit/537.36 (KHTML, like Gecko) Chrome/83.0.4103.61 Safari/537.36"
[2020-06-09T11:35:02.141] [INFO] access - ::1 - - "OPTIONS /document/month/details?id=ba76afc0-a9fa-11ea-88c4-7beb299550a8 HTTP/1.1" 204 - "http://localhost:9999/summary/details?id=ba76afc0-a9fa-11ea-88c4-7beb299550a8&type=month" "Mozilla/5.0 (Windows NT 10.0; Win64; x64) AppleWebKit/537.36 (KHTML, like Gecko) Chrome/83.0.4103.61 Safari/537.36"
[2020-06-09T11:35:02.147] [INFO] access - ::1 - - "GET /document/month/details?id=ba76afc0-a9fa-11ea-88c4-7beb299550a8 HTTP/1.1" 200 3028 "http://localhost:9999/summary/details?id=ba76afc0-a9fa-11ea-88c4-7beb299550a8&type=month" "Mozilla/5.0 (Windows NT 10.0; Win64; x64) AppleWebKit/537.36 (KHTML, like Gecko) Chrome/83.0.4103.61 Safari/537.36"
[2020-06-09T11:35:20.674] [INFO] access - ::1 - - "OPTIONS /system/getAllList HTTP/1.1" 204 - "http://localhost:9999/summary/editmonth?id=ba76afc0-a9fa-11ea-88c4-7beb299550a8&type=month" "Mozilla/5.0 (Windows NT 10.0; Win64; x64) AppleWebKit/537.36 (KHTML, like Gecko) Chrome/83.0.4103.61 Safari/537.36"
[2020-06-09T11:35:20.677] [INFO] access - ::1 - - "OPTIONS /document/month/details?id=ba76afc0-a9fa-11ea-88c4-7beb299550a8 HTTP/1.1" 204 - "http://localhost:9999/summary/editmonth?id=ba76afc0-a9fa-11ea-88c4-7beb299550a8&type=month" "Mozilla/5.0 (Windows NT 10.0; Win64; x64) AppleWebKit/537.36 (KHTML, like Gecko) Chrome/83.0.4103.61 Safari/537.36"
[2020-06-09T11:35:20.699] [INFO] access - ::1 - - "GET /document/month/details?id=ba76afc0-a9fa-11ea-88c4-7beb299550a8 HTTP/1.1" 200 3028 "http://localhost:9999/summary/editmonth?id=ba76afc0-a9fa-11ea-88c4-7beb299550a8&type=month" "Mozilla/5.0 (Windows NT 10.0; Win64; x64) AppleWebKit/537.36 (KHTML, like Gecko) Chrome/83.0.4103.61 Safari/537.36"
[2020-06-09T11:35:20.750] [INFO] access - ::1 - - "GET /system/getAllList HTTP/1.1" 200 50146 "http://localhost:9999/summary/editmonth?id=ba76afc0-a9fa-11ea-88c4-7beb299550a8&type=month" "Mozilla/5.0 (Windows NT 10.0; Win64; x64) AppleWebKit/537.36 (KHTML, like Gecko) Chrome/83.0.4103.61 Safari/537.36"
[2020-06-09T11:35:47.448] [INFO] access - ::1 - - "OPTIONS /document/month/list?userId=7861a6f0-7024-11e9-85e6-9f1338560125&year=2020 HTTP/1.1" 204 - "http://localhost:9999/summary-month" "Mozilla/5.0 (Windows NT 10.0; Win64; x64) AppleWebKit/537.36 (KHTML, like Gecko) Chrome/83.0.4103.61 Safari/537.36"
[2020-06-09T11:35:47.450] [INFO] access - ::1 - - "OPTIONS /user/getAllUser HTTP/1.1" 204 - "http://localhost:9999/summary-month" "Mozilla/5.0 (Windows NT 10.0; Win64; x64) AppleWebKit/537.36 (KHTML, like Gecko) Chrome/83.0.4103.61 Safari/537.36"
[2020-06-09T11:35:47.457] [INFO] access - ::1 - - "GET /document/month/list?userId=7861a6f0-7024-11e9-85e6-9f1338560125&year=2020 HTTP/1.1" 200 2975 "http://localhost:9999/summary-month" "Mozilla/5.0 (Windows NT 10.0; Win64; x64) AppleWebKit/537.36 (KHTML, like Gecko) Chrome/83.0.4103.61 Safari/537.36"
[2020-06-09T11:35:47.462] [INFO] access - ::1 - - "GET /user/getAllUser HTTP/1.1" 200 21005 "http://localhost:9999/summary-month" "Mozilla/5.0 (Windows NT 10.0; Win64; x64) AppleWebKit/537.36 (KHTML, like Gecko) Chrome/83.0.4103.61 Safari/537.36"
[2020-06-09T11:35:49.861] [INFO] access - ::1 - - "OPTIONS /document/month/details?id=ba76afc0-a9fa-11ea-88c4-7beb299550a8 HTTP/1.1" 204 - "http://localhost:9999/summary/details?id=ba76afc0-a9fa-11ea-88c4-7beb299550a8&type=month" "Mozilla/5.0 (Windows NT 10.0; Win64; x64) AppleWebKit/537.36 (KHTML, like Gecko) Chrome/83.0.4103.61 Safari/537.36"
[2020-06-09T11:35:49.865] [INFO] access - ::1 - - "GET /document/month/details?id=ba76afc0-a9fa-11ea-88c4-7beb299550a8 HTTP/1.1" 200 3028 "http://localhost:9999/summary/details?id=ba76afc0-a9fa-11ea-88c4-7beb299550a8&type=month" "Mozilla/5.0 (Windows NT 10.0; Win64; x64) AppleWebKit/537.36 (KHTML, like Gecko) Chrome/83.0.4103.61 Safari/537.36"
[2020-06-09T11:35:53.420] [INFO] access - ::1 - - "OPTIONS /system/getAllList HTTP/1.1" 204 - "http://localhost:9999/sys-modal" "Mozilla/5.0 (Windows NT 10.0; Win64; x64) AppleWebKit/537.36 (KHTML, like Gecko) Chrome/83.0.4103.61 Safari/537.36"
[2020-06-09T11:35:53.457] [INFO] access - ::1 - - "GET /system/getAllList HTTP/1.1" 200 50146 "http://localhost:9999/sys-modal" "Mozilla/5.0 (Windows NT 10.0; Win64; x64) AppleWebKit/537.36 (KHTML, like Gecko) Chrome/83.0.4103.61 Safari/537.36"
[2020-06-09T11:36:22.108] [INFO] access - ::1 - - "OPTIONS /document/week/commit HTTP/1.1" 204 - "http://localhost:9999/summary-month" "Mozilla/5.0 (Windows NT 10.0; Win64; x64) AppleWebKit/537.36 (KHTML, like Gecko) Chrome/83.0.4103.61 Safari/537.36"
[2020-06-09T11:36:22.138] [INFO] access - ::1 - - "POST /document/week/commit HTTP/1.1" 200 31 "http://localhost:9999/summary-month" "Mozilla/5.0 (Windows NT 10.0; Win64; x64) AppleWebKit/537.36 (KHTML, like Gecko) Chrome/83.0.4103.61 Safari/537.36"
[2020-06-09T11:36:34.967] [INFO] access - ::1 - - "OPTIONS /login HTTP/1.1" 204 - "http://localhost:9999/login" "Mozilla/5.0 (Windows NT 10.0; Win64; x64) AppleWebKit/537.36 (KHTML, like Gecko) Chrome/83.0.4103.61 Safari/537.36"
[2020-06-09T11:36:34.996] [INFO] access - ::1 - - "POST /login HTTP/1.1" 200 43 "http://localhost:9999/login" "Mozilla/5.0 (Windows NT 10.0; Win64; x64) AppleWebKit/537.36 (KHTML, like Gecko) Chrome/83.0.4103.61 Safari/537.36"
[2020-06-09T11:36:37.821] [INFO] access - ::1 - - "OPTIONS /login HTTP/1.1" 204 - "http://localhost:9999/login" "Mozilla/5.0 (Windows NT 10.0; Win64; x64) AppleWebKit/537.36 (KHTML, like Gecko) Chrome/83.0.4103.61 Safari/537.36"
[2020-06-09T11:36:37.830] [INFO] access - ::1 - - "POST /login HTTP/1.1" 200 1094 "http://localhost:9999/login" "Mozilla/5.0 (Windows NT 10.0; Win64; x64) AppleWebKit/537.36 (KHTML, like Gecko) Chrome/83.0.4103.61 Safari/537.36"
[2020-06-09T11:36:37.835] [INFO] access - ::1 - - "OPTIONS /user/info HTTP/1.1" 204 - "http://localhost:9999/login" "Mozilla/5.0 (Windows NT 10.0; Win64; x64) AppleWebKit/537.36 (KHTML, like Gecko) Chrome/83.0.4103.61 Safari/537.36"
[2020-06-09T11:36:37.839] [INFO] access - ::1 - - "GET /user/info HTTP/1.1" 200 439 "http://localhost:9999/login" "Mozilla/5.0 (Windows NT 10.0; Win64; x64) AppleWebKit/537.36 (KHTML, like Gecko) Chrome/83.0.4103.61 Safari/537.36"
[2020-06-09T11:36:39.036] [INFO] access - ::1 - - "OPTIONS /time/workTimeCount?userId=b02fd560-7020-11e9-aa87-37732e5007de HTTP/1.1" 204 - "http://localhost:9999/home" "Mozilla/5.0 (Windows NT 10.0; Win64; x64) AppleWebKit/537.36 (KHTML, like Gecko) Chrome/83.0.4103.61 Safari/537.36"
[2020-06-09T11:36:39.045] [INFO] access - ::1 - - "OPTIONS /user/getAllUser HTTP/1.1" 204 - "http://localhost:9999/home" "Mozilla/5.0 (Windows NT 10.0; Win64; x64) AppleWebKit/537.36 (KHTML, like Gecko) Chrome/83.0.4103.61 Safari/537.36"
[2020-06-09T11:36:39.049] [INFO] access - ::1 - - "OPTIONS /system/getAllList HTTP/1.1" 204 - "http://localhost:9999/home" "Mozilla/5.0 (Windows NT 10.0; Win64; x64) AppleWebKit/537.36 (KHTML, like Gecko) Chrome/83.0.4103.61 Safari/537.36"
[2020-06-09T11:36:39.056] [INFO] access - ::1 - - "GET /time/workTimeCount?userId=b02fd560-7020-11e9-aa87-37732e5007de HTTP/1.1" 200 108 "http://localhost:9999/home" "Mozilla/5.0 (Windows NT 10.0; Win64; x64) AppleWebKit/537.36 (KHTML, like Gecko) Chrome/83.0.4103.61 Safari/537.36"
[2020-06-09T11:36:39.071] [INFO] access - ::1 - - "GET /user/getAllUser HTTP/1.1" 200 21005 "http://localhost:9999/home" "Mozilla/5.0 (Windows NT 10.0; Win64; x64) AppleWebKit/537.36 (KHTML, like Gecko) Chrome/83.0.4103.61 Safari/537.36"
[2020-06-09T11:36:39.130] [INFO] access - ::1 - - "GET /system/getAllList HTTP/1.1" 200 50146 "http://localhost:9999/home" "Mozilla/5.0 (Windows NT 10.0; Win64; x64) AppleWebKit/537.36 (KHTML, like Gecko) Chrome/83.0.4103.61 Safari/537.36"
[2020-06-09T11:36:41.656] [INFO] access - ::1 - - "OPTIONS /document/month/list?userId=b02fd560-7020-11e9-aa87-37732e5007de&year=2020 HTTP/1.1" 204 - "http://localhost:9999/summary-month" "Mozilla/5.0 (Windows NT 10.0; Win64; x64) AppleWebKit/537.36 (KHTML, like Gecko) Chrome/83.0.4103.61 Safari/537.36"
[2020-06-09T11:36:41.657] [INFO] access - ::1 - - "OPTIONS /user/getAllUser HTTP/1.1" 204 - "http://localhost:9999/summary-month" "Mozilla/5.0 (Windows NT 10.0; Win64; x64) AppleWebKit/537.36 (KHTML, like Gecko) Chrome/83.0.4103.61 Safari/537.36"
[2020-06-09T11:36:41.663] [INFO] access - ::1 - - "GET /document/month/list?userId=b02fd560-7020-11e9-aa87-37732e5007de&year=2020 HTTP/1.1" 200 41 "http://localhost:9999/summary-month" "Mozilla/5.0 (Windows NT 10.0; Win64; x64) AppleWebKit/537.36 (KHTML, like Gecko) Chrome/83.0.4103.61 Safari/537.36"
[2020-06-09T11:36:41.670] [INFO] access - ::1 - - "GET /user/getAllUser HTTP/1.1" 200 21005 "http://localhost:9999/summary-month" "Mozilla/5.0 (Windows NT 10.0; Win64; x64) AppleWebKit/537.36 (KHTML, like Gecko) Chrome/83.0.4103.61 Safari/537.36"
[2020-06-09T11:40:09.222] [INFO] access - ::1 - - "OPTIONS /system/getAllList HTTP/1.1" 204 - "http://localhost:9999/sys-modal" "Mozilla/5.0 (Windows NT 10.0; Win64; x64) AppleWebKit/537.36 (KHTML, like Gecko) Chrome/83.0.4103.61 Safari/537.36"
[2020-06-09T11:40:09.257] [INFO] access - ::1 - - "GET /system/getAllList HTTP/1.1" 200 50146 "http://localhost:9999/sys-modal" "Mozilla/5.0 (Windows NT 10.0; Win64; x64) AppleWebKit/537.36 (KHTML, like Gecko) Chrome/83.0.4103.61 Safari/537.36"
[2020-06-09T11:40:09.317] [INFO] access - ::1 - - "OPTIONS /document/month/list?userId=b02fd560-7020-11e9-aa87-37732e5007de&year=2020 HTTP/1.1" 204 - "http://localhost:9999/summary-month" "Mozilla/5.0 (Windows NT 10.0; Win64; x64) AppleWebKit/537.36 (KHTML, like Gecko) Chrome/83.0.4103.61 Safari/537.36"
[2020-06-09T11:40:09.318] [INFO] access - ::1 - - "OPTIONS /user/getAllUser HTTP/1.1" 204 - "http://localhost:9999/summary-month" "Mozilla/5.0 (Windows NT 10.0; Win64; x64) AppleWebKit/537.36 (KHTML, like Gecko) Chrome/83.0.4103.61 Safari/537.36"
[2020-06-09T11:40:09.325] [INFO] access - ::1 - - "GET /document/month/list?userId=b02fd560-7020-11e9-aa87-37732e5007de&year=2020 HTTP/1.1" 200 41 "http://localhost:9999/summary-month" "Mozilla/5.0 (Windows NT 10.0; Win64; x64) AppleWebKit/537.36 (KHTML, like Gecko) Chrome/83.0.4103.61 Safari/537.36"
[2020-06-09T11:40:09.330] [INFO] access - ::1 - - "GET /user/getAllUser HTTP/1.1" 200 21005 "http://localhost:9999/summary-month" "Mozilla/5.0 (Windows NT 10.0; Win64; x64) AppleWebKit/537.36 (KHTML, like Gecko) Chrome/83.0.4103.61 Safari/537.36"
[2020-06-09T12:17:46.799] [INFO] access - ::1 - - "OPTIONS /document/month/list?userId=b02fd560-7020-11e9-aa87-37732e5007de&year=2020 HTTP/1.1" 204 - "http://localhost:9999/summary-month" "Mozilla/5.0 (Windows NT 10.0; Win64; x64) AppleWebKit/537.36 (KHTML, like Gecko) Chrome/83.0.4103.61 Safari/537.36"
[2020-06-09T12:17:46.801] [INFO] access - ::1 - - "OPTIONS /user/getAllUser HTTP/1.1" 204 - "http://localhost:9999/summary-month" "Mozilla/5.0 (Windows NT 10.0; Win64; x64) AppleWebKit/537.36 (KHTML, like Gecko) Chrome/83.0.4103.61 Safari/537.36"
[2020-06-09T12:17:46.812] [INFO] access - ::1 - - "GET /document/month/list?userId=b02fd560-7020-11e9-aa87-37732e5007de&year=2020 HTTP/1.1" 200 41 "http://localhost:9999/summary-month" "Mozilla/5.0 (Windows NT 10.0; Win64; x64) AppleWebKit/537.36 (KHTML, like Gecko) Chrome/83.0.4103.61 Safari/537.36"
[2020-06-09T12:17:46.816] [INFO] access - ::1 - - "GET /user/getAllUser HTTP/1.1" 200 21005 "http://localhost:9999/summary-month" "Mozilla/5.0 (Windows NT 10.0; Win64; x64) AppleWebKit/537.36 (KHTML, like Gecko) Chrome/83.0.4103.61 Safari/537.36"
[2020-06-09T12:18:46.995] [INFO] access - ::1 - - "OPTIONS /document/month/list?userId=b02fd560-7020-11e9-aa87-37732e5007de&year=2020 HTTP/1.1" 204 - "http://localhost:9999/summary-month" "Mozilla/5.0 (Windows NT 10.0; Win64; x64) AppleWebKit/537.36 (KHTML, like Gecko) Chrome/83.0.4103.61 Safari/537.36"
[2020-06-09T12:18:46.996] [INFO] access - ::1 - - "OPTIONS /user/getAllUser HTTP/1.1" 204 - "http://localhost:9999/summary-month" "Mozilla/5.0 (Windows NT 10.0; Win64; x64) AppleWebKit/537.36 (KHTML, like Gecko) Chrome/83.0.4103.61 Safari/537.36"
[2020-06-09T12:18:47.002] [INFO] access - ::1 - - "GET /document/month/list?userId=b02fd560-7020-11e9-aa87-37732e5007de&year=2020 HTTP/1.1" 200 41 "http://localhost:9999/summary-month" "Mozilla/5.0 (Windows NT 10.0; Win64; x64) AppleWebKit/537.36 (KHTML, like Gecko) Chrome/83.0.4103.61 Safari/537.36"
[2020-06-09T12:18:47.006] [INFO] access - ::1 - - "GET /user/getAllUser HTTP/1.1" 200 21005 "http://localhost:9999/summary-month" "Mozilla/5.0 (Windows NT 10.0; Win64; x64) AppleWebKit/537.36 (KHTML, like Gecko) Chrome/83.0.4103.61 Safari/537.36"
[2020-06-09T12:19:47.761] [INFO] access - ::1 - - "OPTIONS /document/month/list?userId=b02fd560-7020-11e9-aa87-37732e5007de&year=2020 HTTP/1.1" 204 - "http://localhost:9999/summary-month" "Mozilla/5.0 (Windows NT 10.0; Win64; x64) AppleWebKit/537.36 (KHTML, like Gecko) Chrome/83.0.4103.61 Safari/537.36"
[2020-06-09T12:19:47.762] [INFO] access - ::1 - - "OPTIONS /user/getAllUser HTTP/1.1" 204 - "http://localhost:9999/summary-month" "Mozilla/5.0 (Windows NT 10.0; Win64; x64) AppleWebKit/537.36 (KHTML, like Gecko) Chrome/83.0.4103.61 Safari/537.36"
[2020-06-09T12:19:47.817] [INFO] access - ::1 - - "GET /document/month/list?userId=b02fd560-7020-11e9-aa87-37732e5007de&year=2020 HTTP/1.1" 200 41 "http://localhost:9999/summary-month" "Mozilla/5.0 (Windows NT 10.0; Win64; x64) AppleWebKit/537.36 (KHTML, like Gecko) Chrome/83.0.4103.61 Safari/537.36"
[2020-06-09T12:19:47.822] [INFO] access - ::1 - - "GET /user/getAllUser HTTP/1.1" 200 21005 "http://localhost:9999/summary-month" "Mozilla/5.0 (Windows NT 10.0; Win64; x64) AppleWebKit/537.36 (KHTML, like Gecko) Chrome/83.0.4103.61 Safari/537.36"
[2020-06-09T12:21:00.983] [INFO] access - ::1 - - "OPTIONS /document/month/seach HTTP/1.1" 204 - "http://localhost:9999/summary-month" "Mozilla/5.0 (Windows NT 10.0; Win64; x64) AppleWebKit/537.36 (KHTML, like Gecko) Chrome/83.0.4103.61 Safari/537.36"
[2020-06-09T12:21:01.010] [INFO] access - ::1 - - "POST /document/month/seach HTTP/1.1" 404 - "http://localhost:9999/summary-month" "Mozilla/5.0 (Windows NT 10.0; Win64; x64) AppleWebKit/537.36 (KHTML, like Gecko) Chrome/83.0.4103.61 Safari/537.36"
[2020-06-09T12:23:20.504] [INFO] access - ::1 - - "OPTIONS /document/month/list?userId=b02fd560-7020-11e9-aa87-37732e5007de&year=2020 HTTP/1.1" 204 - "http://localhost:9999/summary-month" "Mozilla/5.0 (Windows NT 10.0; Win64; x64) AppleWebKit/537.36 (KHTML, like Gecko) Chrome/83.0.4103.61 Safari/537.36"
[2020-06-09T12:23:20.510] [INFO] access - ::1 - - "OPTIONS /user/getAllUser HTTP/1.1" 204 - "http://localhost:9999/summary-month" "Mozilla/5.0 (Windows NT 10.0; Win64; x64) AppleWebKit/537.36 (KHTML, like Gecko) Chrome/83.0.4103.61 Safari/537.36"
[2020-06-09T12:23:20.536] [INFO] access - ::1 - - "GET /document/month/list?userId=b02fd560-7020-11e9-aa87-37732e5007de&year=2020 HTTP/1.1" 200 41 "http://localhost:9999/summary-month" "Mozilla/5.0 (Windows NT 10.0; Win64; x64) AppleWebKit/537.36 (KHTML, like Gecko) Chrome/83.0.4103.61 Safari/537.36"
[2020-06-09T12:23:20.552] [INFO] access - ::1 - - "GET /user/getAllUser HTTP/1.1" 200 21005 "http://localhost:9999/summary-month" "Mozilla/5.0 (Windows NT 10.0; Win64; x64) AppleWebKit/537.36 (KHTML, like Gecko) Chrome/83.0.4103.61 Safari/537.36"
[2020-06-09T12:23:25.753] [INFO] access - ::1 - - "OPTIONS /document/month/seach HTTP/1.1" 204 - "http://localhost:9999/summary-month" "Mozilla/5.0 (Windows NT 10.0; Win64; x64) AppleWebKit/537.36 (KHTML, like Gecko) Chrome/83.0.4103.61 Safari/537.36"
[2020-06-09T12:23:25.769] [INFO] access - ::1 - - "POST /document/month/seach HTTP/1.1" 404 - "http://localhost:9999/summary-month" "Mozilla/5.0 (Windows NT 10.0; Win64; x64) AppleWebKit/537.36 (KHTML, like Gecko) Chrome/83.0.4103.61 Safari/537.36"
[2020-06-09T12:24:45.701] [INFO] access - ::1 - - "OPTIONS /user/getAllUser HTTP/1.1" 204 - "http://localhost:9999/summary-month" "Mozilla/5.0 (Windows NT 10.0; Win64; x64) AppleWebKit/537.36 (KHTML, like Gecko) Chrome/83.0.4103.61 Safari/537.36"
[2020-06-09T12:24:45.707] [INFO] access - ::1 - - "OPTIONS /document/month/list?userId=b02fd560-7020-11e9-aa87-37732e5007de&year=2020 HTTP/1.1" 204 - "http://localhost:9999/summary-month" "Mozilla/5.0 (Windows NT 10.0; Win64; x64) AppleWebKit/537.36 (KHTML, like Gecko) Chrome/83.0.4103.61 Safari/537.36"
[2020-06-09T12:24:45.750] [INFO] access - ::1 - - "GET /user/getAllUser HTTP/1.1" 200 21005 "http://localhost:9999/summary-month" "Mozilla/5.0 (Windows NT 10.0; Win64; x64) AppleWebKit/537.36 (KHTML, like Gecko) Chrome/83.0.4103.61 Safari/537.36"
[2020-06-09T12:24:45.754] [INFO] access - ::1 - - "GET /document/month/list?userId=b02fd560-7020-11e9-aa87-37732e5007de&year=2020 HTTP/1.1" 200 41 "http://localhost:9999/summary-month" "Mozilla/5.0 (Windows NT 10.0; Win64; x64) AppleWebKit/537.36 (KHTML, like Gecko) Chrome/83.0.4103.61 Safari/537.36"
[2020-06-09T12:24:48.398] [INFO] access - ::1 - - "OPTIONS /document/month/seach HTTP/1.1" 204 - "http://localhost:9999/summary-month" "Mozilla/5.0 (Windows NT 10.0; Win64; x64) AppleWebKit/537.36 (KHTML, like Gecko) Chrome/83.0.4103.61 Safari/537.36"
[2020-06-09T12:24:48.416] [INFO] access - ::1 - - "POST /document/month/seach HTTP/1.1" 200 41 "http://localhost:9999/summary-month" "Mozilla/5.0 (Windows NT 10.0; Win64; x64) AppleWebKit/537.36 (KHTML, like Gecko) Chrome/83.0.4103.61 Safari/537.36"
[2020-06-09T12:24:53.896] [INFO] access - ::1 - - "OPTIONS /login HTTP/1.1" 204 - "http://localhost:9999/login" "Mozilla/5.0 (Windows NT 10.0; Win64; x64) AppleWebKit/537.36 (KHTML, like Gecko) Chrome/83.0.4103.61 Safari/537.36"
[2020-06-09T12:24:53.927] [INFO] access - ::1 - - "POST /login HTTP/1.1" 200 3329 "http://localhost:9999/login" "Mozilla/5.0 (Windows NT 10.0; Win64; x64) AppleWebKit/537.36 (KHTML, like Gecko) Chrome/83.0.4103.61 Safari/537.36"
[2020-06-09T12:24:53.933] [INFO] access - ::1 - - "OPTIONS /user/info HTTP/1.1" 204 - "http://localhost:9999/login" "Mozilla/5.0 (Windows NT 10.0; Win64; x64) AppleWebKit/537.36 (KHTML, like Gecko) Chrome/83.0.4103.61 Safari/537.36"
[2020-06-09T12:24:53.937] [INFO] access - ::1 - - "GET /user/info HTTP/1.1" 200 1397 "http://localhost:9999/login" "Mozilla/5.0 (Windows NT 10.0; Win64; x64) AppleWebKit/537.36 (KHTML, like Gecko) Chrome/83.0.4103.61 Safari/537.36"
[2020-06-09T12:25:03.283] [INFO] access - ::1 - - "OPTIONS /document/month/list?userId=7861a6f0-7024-11e9-85e6-9f1338560125&year=2020 HTTP/1.1" 204 - "http://localhost:9999/summary-month" "Mozilla/5.0 (Windows NT 10.0; Win64; x64) AppleWebKit/537.36 (KHTML, like Gecko) Chrome/83.0.4103.61 Safari/537.36"
[2020-06-09T12:25:03.290] [INFO] access - ::1 - - "GET /document/month/list?userId=7861a6f0-7024-11e9-85e6-9f1338560125&year=2020 HTTP/1.1" 200 2975 "http://localhost:9999/summary-month" "Mozilla/5.0 (Windows NT 10.0; Win64; x64) AppleWebKit/537.36 (KHTML, like Gecko) Chrome/83.0.4103.61 Safari/537.36"
[2020-06-09T12:25:03.292] [INFO] access - ::1 - - "OPTIONS /user/getAllUser HTTP/1.1" 204 - "http://localhost:9999/summary-month" "Mozilla/5.0 (Windows NT 10.0; Win64; x64) AppleWebKit/537.36 (KHTML, like Gecko) Chrome/83.0.4103.61 Safari/537.36"
[2020-06-09T12:25:03.323] [INFO] access - ::1 - - "GET /user/getAllUser HTTP/1.1" 200 21005 "http://localhost:9999/summary-month" "Mozilla/5.0 (Windows NT 10.0; Win64; x64) AppleWebKit/537.36 (KHTML, like Gecko) Chrome/83.0.4103.61 Safari/537.36"
[2020-06-09T12:25:05.768] [INFO] access - ::1 - - "OPTIONS /document/month/commit HTTP/1.1" 204 - "http://localhost:9999/summary-month" "Mozilla/5.0 (Windows NT 10.0; Win64; x64) AppleWebKit/537.36 (KHTML, like Gecko) Chrome/83.0.4103.61 Safari/537.36"
[2020-06-09T12:25:05.776] [INFO] access - ::1 - - "POST /document/month/commit HTTP/1.1" 200 31 "http://localhost:9999/summary-month" "Mozilla/5.0 (Windows NT 10.0; Win64; x64) AppleWebKit/537.36 (KHTML, like Gecko) Chrome/83.0.4103.61 Safari/537.36"
[2020-06-09T12:25:08.978] [INFO] access - ::1 - - "OPTIONS /document/month/list?userId=7861a6f0-7024-11e9-85e6-9f1338560125&year=2020 HTTP/1.1" 204 - "http://localhost:9999/summary-month" "Mozilla/5.0 (Windows NT 10.0; Win64; x64) AppleWebKit/537.36 (KHTML, like Gecko) Chrome/83.0.4103.61 Safari/537.36"
[2020-06-09T12:25:08.981] [INFO] access - ::1 - - "OPTIONS /user/getAllUser HTTP/1.1" 204 - "http://localhost:9999/summary-month" "Mozilla/5.0 (Windows NT 10.0; Win64; x64) AppleWebKit/537.36 (KHTML, like Gecko) Chrome/83.0.4103.61 Safari/537.36"
[2020-06-09T12:25:08.988] [INFO] access - ::1 - - "GET /document/month/list?userId=7861a6f0-7024-11e9-85e6-9f1338560125&year=2020 HTTP/1.1" 200 3045 "http://localhost:9999/summary-month" "Mozilla/5.0 (Windows NT 10.0; Win64; x64) AppleWebKit/537.36 (KHTML, like Gecko) Chrome/83.0.4103.61 Safari/537.36"
[2020-06-09T12:25:08.994] [INFO] access - ::1 - - "GET /user/getAllUser HTTP/1.1" 200 21005 "http://localhost:9999/summary-month" "Mozilla/5.0 (Windows NT 10.0; Win64; x64) AppleWebKit/537.36 (KHTML, like Gecko) Chrome/83.0.4103.61 Safari/537.36"
[2020-06-09T12:25:27.051] [INFO] access - ::1 - - "OPTIONS /login HTTP/1.1" 204 - "http://localhost:9999/login" "Mozilla/5.0 (Windows NT 10.0; Win64; x64) AppleWebKit/537.36 (KHTML, like Gecko) Chrome/83.0.4103.61 Safari/537.36"
[2020-06-09T12:25:27.059] [INFO] access - ::1 - - "POST /login HTTP/1.1" 200 1094 "http://localhost:9999/login" "Mozilla/5.0 (Windows NT 10.0; Win64; x64) AppleWebKit/537.36 (KHTML, like Gecko) Chrome/83.0.4103.61 Safari/537.36"
[2020-06-09T12:25:27.065] [INFO] access - ::1 - - "OPTIONS /user/info HTTP/1.1" 204 - "http://localhost:9999/login" "Mozilla/5.0 (Windows NT 10.0; Win64; x64) AppleWebKit/537.36 (KHTML, like Gecko) Chrome/83.0.4103.61 Safari/537.36"
[2020-06-09T12:25:27.068] [INFO] access - ::1 - - "GET /user/info HTTP/1.1" 200 439 "http://localhost:9999/login" "Mozilla/5.0 (Windows NT 10.0; Win64; x64) AppleWebKit/537.36 (KHTML, like Gecko) Chrome/83.0.4103.61 Safari/537.36"
[2020-06-09T12:25:28.293] [INFO] access - ::1 - - "OPTIONS /time/workTimeCount?userId=b02fd560-7020-11e9-aa87-37732e5007de HTTP/1.1" 204 - "http://localhost:9999/home" "Mozilla/5.0 (Windows NT 10.0; Win64; x64) AppleWebKit/537.36 (KHTML, like Gecko) Chrome/83.0.4103.61 Safari/537.36"
[2020-06-09T12:25:28.321] [INFO] access - ::1 - - "GET /time/workTimeCount?userId=b02fd560-7020-11e9-aa87-37732e5007de HTTP/1.1" 200 108 "http://localhost:9999/home" "Mozilla/5.0 (Windows NT 10.0; Win64; x64) AppleWebKit/537.36 (KHTML, like Gecko) Chrome/83.0.4103.61 Safari/537.36"
[2020-06-09T12:25:28.331] [INFO] access - ::1 - - "OPTIONS /user/getAllUser HTTP/1.1" 204 - "http://localhost:9999/home" "Mozilla/5.0 (Windows NT 10.0; Win64; x64) AppleWebKit/537.36 (KHTML, like Gecko) Chrome/83.0.4103.61 Safari/537.36"
[2020-06-09T12:25:28.333] [INFO] access - ::1 - - "OPTIONS /system/getAllList HTTP/1.1" 204 - "http://localhost:9999/home" "Mozilla/5.0 (Windows NT 10.0; Win64; x64) AppleWebKit/537.36 (KHTML, like Gecko) Chrome/83.0.4103.61 Safari/537.36"
[2020-06-09T12:25:28.362] [INFO] access - ::1 - - "GET /user/getAllUser HTTP/1.1" 200 21005 "http://localhost:9999/home" "Mozilla/5.0 (Windows NT 10.0; Win64; x64) AppleWebKit/537.36 (KHTML, like Gecko) Chrome/83.0.4103.61 Safari/537.36"
[2020-06-09T12:25:28.427] [INFO] access - ::1 - - "GET /system/getAllList HTTP/1.1" 200 50146 "http://localhost:9999/home" "Mozilla/5.0 (Windows NT 10.0; Win64; x64) AppleWebKit/537.36 (KHTML, like Gecko) Chrome/83.0.4103.61 Safari/537.36"
[2020-06-09T12:25:30.522] [INFO] access - ::1 - - "OPTIONS /document/month/list?userId=b02fd560-7020-11e9-aa87-37732e5007de&year=2020 HTTP/1.1" 204 - "http://localhost:9999/summary-month" "Mozilla/5.0 (Windows NT 10.0; Win64; x64) AppleWebKit/537.36 (KHTML, like Gecko) Chrome/83.0.4103.61 Safari/537.36"
[2020-06-09T12:25:30.523] [INFO] access - ::1 - - "OPTIONS /user/getAllUser HTTP/1.1" 204 - "http://localhost:9999/summary-month" "Mozilla/5.0 (Windows NT 10.0; Win64; x64) AppleWebKit/537.36 (KHTML, like Gecko) Chrome/83.0.4103.61 Safari/537.36"
[2020-06-09T12:25:30.545] [INFO] access - ::1 - - "GET /user/getAllUser HTTP/1.1" 200 21005 "http://localhost:9999/summary-month" "Mozilla/5.0 (Windows NT 10.0; Win64; x64) AppleWebKit/537.36 (KHTML, like Gecko) Chrome/83.0.4103.61 Safari/537.36"
[2020-06-09T12:25:30.551] [INFO] access - ::1 - - "GET /document/month/list?userId=b02fd560-7020-11e9-aa87-37732e5007de&year=2020 HTTP/1.1" 200 41 "http://localhost:9999/summary-month" "Mozilla/5.0 (Windows NT 10.0; Win64; x64) AppleWebKit/537.36 (KHTML, like Gecko) Chrome/83.0.4103.61 Safari/537.36"
[2020-06-09T12:25:36.214] [INFO] access - ::1 - - "OPTIONS /document/month/seach HTTP/1.1" 204 - "http://localhost:9999/summary-month" "Mozilla/5.0 (Windows NT 10.0; Win64; x64) AppleWebKit/537.36 (KHTML, like Gecko) Chrome/83.0.4103.61 Safari/537.36"
[2020-06-09T12:25:36.218] [INFO] access - ::1 - - "POST /document/month/seach HTTP/1.1" 200 3018 "http://localhost:9999/summary-month" "Mozilla/5.0 (Windows NT 10.0; Win64; x64) AppleWebKit/537.36 (KHTML, like Gecko) Chrome/83.0.4103.61 Safari/537.36"
[2020-06-09T12:25:39.331] [INFO] access - ::1 - - "OPTIONS /document/month/details?id=ba76afc0-a9fa-11ea-88c4-7beb299550a8 HTTP/1.1" 204 - "http://localhost:9999/summary/details?id=ba76afc0-a9fa-11ea-88c4-7beb299550a8&type=month" "Mozilla/5.0 (Windows NT 10.0; Win64; x64) AppleWebKit/537.36 (KHTML, like Gecko) Chrome/83.0.4103.61 Safari/537.36"
[2020-06-09T12:25:39.336] [INFO] access - ::1 - - "GET /document/month/details?id=ba76afc0-a9fa-11ea-88c4-7beb299550a8 HTTP/1.1" 200 3098 "http://localhost:9999/summary/details?id=ba76afc0-a9fa-11ea-88c4-7beb299550a8&type=month" "Mozilla/5.0 (Windows NT 10.0; Win64; x64) AppleWebKit/537.36 (KHTML, like Gecko) Chrome/83.0.4103.61 Safari/537.36"
[2020-06-09T12:26:46.291] [INFO] access - ::1 - - "OPTIONS /document/week/list?userId=b02fd560-7020-11e9-aa87-37732e5007de&year=2020&month=06 HTTP/1.1" 204 - "http://localhost:9999/summary-week" "Mozilla/5.0 (Windows NT 10.0; Win64; x64) AppleWebKit/537.36 (KHTML, like Gecko) Chrome/83.0.4103.61 Safari/537.36"
[2020-06-09T12:26:46.292] [INFO] access - ::1 - - "OPTIONS /user/getAllUser HTTP/1.1" 204 - "http://localhost:9999/summary-week" "Mozilla/5.0 (Windows NT 10.0; Win64; x64) AppleWebKit/537.36 (KHTML, like Gecko) Chrome/83.0.4103.61 Safari/537.36"
[2020-06-09T12:26:46.298] [INFO] access - ::1 - - "GET /document/week/list?userId=b02fd560-7020-11e9-aa87-37732e5007de&year=2020&month=06 HTTP/1.1" 200 41 "http://localhost:9999/summary-week" "Mozilla/5.0 (Windows NT 10.0; Win64; x64) AppleWebKit/537.36 (KHTML, like Gecko) Chrome/83.0.4103.61 Safari/537.36"
[2020-06-09T12:26:46.306] [INFO] access - ::1 - - "GET /user/getAllUser HTTP/1.1" 200 21005 "http://localhost:9999/summary-week" "Mozilla/5.0 (Windows NT 10.0; Win64; x64) AppleWebKit/537.36 (KHTML, like Gecko) Chrome/83.0.4103.61 Safari/537.36"
[2020-06-09T12:26:51.188] [INFO] access - ::1 - - "OPTIONS /login HTTP/1.1" 204 - "http://localhost:9999/login" "Mozilla/5.0 (Windows NT 10.0; Win64; x64) AppleWebKit/537.36 (KHTML, like Gecko) Chrome/83.0.4103.61 Safari/537.36"
[2020-06-09T12:26:51.196] [INFO] access - ::1 - - "POST /login HTTP/1.1" 200 3329 "http://localhost:9999/login" "Mozilla/5.0 (Windows NT 10.0; Win64; x64) AppleWebKit/537.36 (KHTML, like Gecko) Chrome/83.0.4103.61 Safari/537.36"
[2020-06-09T12:26:51.203] [INFO] access - ::1 - - "OPTIONS /user/info HTTP/1.1" 204 - "http://localhost:9999/login" "Mozilla/5.0 (Windows NT 10.0; Win64; x64) AppleWebKit/537.36 (KHTML, like Gecko) Chrome/83.0.4103.61 Safari/537.36"
[2020-06-09T12:26:51.206] [INFO] access - ::1 - - "GET /user/info HTTP/1.1" 200 1397 "http://localhost:9999/login" "Mozilla/5.0 (Windows NT 10.0; Win64; x64) AppleWebKit/537.36 (KHTML, like Gecko) Chrome/83.0.4103.61 Safari/537.36"
[2020-06-09T12:26:54.107] [INFO] access - ::1 - - "OPTIONS /document/week/list?userId=7861a6f0-7024-11e9-85e6-9f1338560125&year=2020&month=06 HTTP/1.1" 204 - "http://localhost:9999/summary-week" "Mozilla/5.0 (Windows NT 10.0; Win64; x64) AppleWebKit/537.36 (KHTML, like Gecko) Chrome/83.0.4103.61 Safari/537.36"
[2020-06-09T12:26:54.109] [INFO] access - ::1 - - "OPTIONS /user/getAllUser HTTP/1.1" 204 - "http://localhost:9999/summary-week" "Mozilla/5.0 (Windows NT 10.0; Win64; x64) AppleWebKit/537.36 (KHTML, like Gecko) Chrome/83.0.4103.61 Safari/537.36"
[2020-06-09T12:26:54.114] [INFO] access - ::1 - - "GET /document/week/list?userId=7861a6f0-7024-11e9-85e6-9f1338560125&year=2020&month=06 HTTP/1.1" 200 5511 "http://localhost:9999/summary-week" "Mozilla/5.0 (Windows NT 10.0; Win64; x64) AppleWebKit/537.36 (KHTML, like Gecko) Chrome/83.0.4103.61 Safari/537.36"
[2020-06-09T12:26:54.119] [INFO] access - ::1 - - "GET /user/getAllUser HTTP/1.1" 200 21005 "http://localhost:9999/summary-week" "Mozilla/5.0 (Windows NT 10.0; Win64; x64) AppleWebKit/537.36 (KHTML, like Gecko) Chrome/83.0.4103.61 Safari/537.36"
[2020-06-09T12:26:55.649] [INFO] access - ::1 - - "OPTIONS /document/month/list?userId=7861a6f0-7024-11e9-85e6-9f1338560125&year=2020 HTTP/1.1" 204 - "http://localhost:9999/summary-month" "Mozilla/5.0 (Windows NT 10.0; Win64; x64) AppleWebKit/537.36 (KHTML, like Gecko) Chrome/83.0.4103.61 Safari/537.36"
[2020-06-09T12:26:55.650] [INFO] access - ::1 - - "OPTIONS /user/getAllUser HTTP/1.1" 204 - "http://localhost:9999/summary-month" "Mozilla/5.0 (Windows NT 10.0; Win64; x64) AppleWebKit/537.36 (KHTML, like Gecko) Chrome/83.0.4103.61 Safari/537.36"
[2020-06-09T12:26:55.661] [INFO] access - ::1 - - "GET /document/month/list?userId=7861a6f0-7024-11e9-85e6-9f1338560125&year=2020 HTTP/1.1" 200 3045 "http://localhost:9999/summary-month" "Mozilla/5.0 (Windows NT 10.0; Win64; x64) AppleWebKit/537.36 (KHTML, like Gecko) Chrome/83.0.4103.61 Safari/537.36"
[2020-06-09T12:26:55.666] [INFO] access - ::1 - - "GET /user/getAllUser HTTP/1.1" 200 21005 "http://localhost:9999/summary-month" "Mozilla/5.0 (Windows NT 10.0; Win64; x64) AppleWebKit/537.36 (KHTML, like Gecko) Chrome/83.0.4103.61 Safari/537.36"
[2020-06-09T12:26:58.039] [INFO] access - ::1 - - "OPTIONS /document/month/details?id=ba76afc0-a9fa-11ea-88c4-7beb299550a8 HTTP/1.1" 204 - "http://localhost:9999/summary/details?id=ba76afc0-a9fa-11ea-88c4-7beb299550a8&type=month" "Mozilla/5.0 (Windows NT 10.0; Win64; x64) AppleWebKit/537.36 (KHTML, like Gecko) Chrome/83.0.4103.61 Safari/537.36"
[2020-06-09T12:26:58.044] [INFO] access - ::1 - - "GET /document/month/details?id=ba76afc0-a9fa-11ea-88c4-7beb299550a8 HTTP/1.1" 200 3098 "http://localhost:9999/summary/details?id=ba76afc0-a9fa-11ea-88c4-7beb299550a8&type=month" "Mozilla/5.0 (Windows NT 10.0; Win64; x64) AppleWebKit/537.36 (KHTML, like Gecko) Chrome/83.0.4103.61 Safari/537.36"
