[2020-01-03T10:02:53.123] [INFO] access - ::ffff:172.16.1.252 - - "GET / HTTP/1.0" 404 - "" "undefined"
[2020-01-03T10:02:53.148] [INFO] access - ::ffff:172.16.1.252 - - "OPTIONS / HTTP/1.0" 404 - "" "undefined"
[2020-01-03T10:02:53.200] [INFO] access - ::ffff:172.16.1.252 - - "GET /nice%20ports%2C/Tri%6Eity.txt%2ebak HTTP/1.0" 404 - "" "undefined"
[2020-01-03T10:51:49.684] [INFO] access - ::1 - - "OPTIONS /time/getTimeList HTTP/1.1" 204 - "http://localhost:9999/work-time" "Mozilla/5.0 (Windows NT 10.0; Win64; x64) AppleWebKit/537.36 (KHTML, like Gecko) Chrome/78.0.3904.108 Safari/537.36"
[2020-01-03T10:51:49.807] [INFO] access - ::1 - - "POST /time/getTimeList HTTP/1.1" 200 3741 "http://localhost:9999/work-time" "Mozilla/5.0 (Windows NT 10.0; Win64; x64) AppleWebKit/537.36 (KHTML, like Gecko) Chrome/78.0.3904.108 Safari/537.36"
[2020-01-03T10:53:10.401] [INFO] access - ::1 - - "OPTIONS /time/getTimeList HTTP/1.1" 204 - "http://localhost:9999/work-time" "Mozilla/5.0 (Windows NT 10.0; Win64; x64) AppleWebKit/537.36 (KHTML, like Gecko) Chrome/78.0.3904.108 Safari/537.36"
[2020-01-03T10:53:12.662] [INFO] access - ::1 - - "POST /time/getTimeList HTTP/1.1" 200 3741 "http://localhost:9999/work-time" "Mozilla/5.0 (Windows NT 10.0; Win64; x64) AppleWebKit/537.36 (KHTML, like Gecko) Chrome/78.0.3904.108 Safari/537.36"
[2020-01-03T10:53:44.328] [INFO] access - ::1 - - "OPTIONS /time/getTimeList HTTP/1.1" 204 - "http://localhost:9999/work-time" "Mozilla/5.0 (Windows NT 10.0; Win64; x64) AppleWebKit/537.36 (KHTML, like Gecko) Chrome/78.0.3904.108 Safari/537.36"
[2020-01-03T10:53:44.400] [INFO] access - ::1 - - "POST /time/getTimeList HTTP/1.1" 200 3741 "http://localhost:9999/work-time" "Mozilla/5.0 (Windows NT 10.0; Win64; x64) AppleWebKit/537.36 (KHTML, like Gecko) Chrome/78.0.3904.108 Safari/537.36"
[2020-01-03T10:53:48.336] [INFO] access - ::1 - - "POST /time/getTimeList HTTP/1.1" 200 3741 "http://localhost:9999/work-time" "Mozilla/5.0 (Windows NT 10.0; Win64; x64) AppleWebKit/537.36 (KHTML, like Gecko) Chrome/78.0.3904.108 Safari/537.36"
[2020-01-03T10:53:55.998] [INFO] access - ::1 - - "OPTIONS /time/getTimeList HTTP/1.1" 204 - "http://localhost:9999/work-time" "Mozilla/5.0 (Windows NT 10.0; Win64; x64) AppleWebKit/537.36 (KHTML, like Gecko) Chrome/78.0.3904.108 Safari/537.36"
[2020-01-03T10:53:56.434] [INFO] access - ::1 - - "POST /time/getTimeList HTTP/1.1" 200 4442 "http://localhost:9999/work-time" "Mozilla/5.0 (Windows NT 10.0; Win64; x64) AppleWebKit/537.36 (KHTML, like Gecko) Chrome/78.0.3904.108 Safari/537.36"
[2020-01-03T11:01:32.478] [INFO] access - ::1 - - "OPTIONS /template/list?userId=7861a6f0-7024-11e9-85e6-9f1338560125 HTTP/1.1" 204 - "http://localhost:9999/summary" "Mozilla/5.0 (Windows NT 10.0; Win64; x64) AppleWebKit/537.36 (KHTML, like Gecko) Chrome/78.0.3904.108 Safari/537.36"
[2020-01-03T11:01:32.591] [INFO] access - ::1 - - "GET /template/list?userId=7861a6f0-7024-11e9-85e6-9f1338560125 HTTP/1.1" 200 30896 "http://localhost:9999/summary" "Mozilla/5.0 (Windows NT 10.0; Win64; x64) AppleWebKit/537.36 (KHTML, like Gecko) Chrome/78.0.3904.108 Safari/537.36"
[2020-01-03T11:01:43.450] [INFO] access - ::1 - - "OPTIONS /template/details/b18b7760-1a4e-11ea-87ac-35d603ff4611 HTTP/1.1" 204 - "http://localhost:9999/summary/template/details/b18b7760-1a4e-11ea-87ac-35d603ff4611" "Mozilla/5.0 (Windows NT 10.0; Win64; x64) AppleWebKit/537.36 (KHTML, like Gecko) Chrome/78.0.3904.108 Safari/537.36"
[2020-01-03T11:01:43.503] [INFO] access - ::1 - - "GET /template/details/b18b7760-1a4e-11ea-87ac-35d603ff4611 HTTP/1.1" 200 919 "http://localhost:9999/summary/template/details/b18b7760-1a4e-11ea-87ac-35d603ff4611" "Mozilla/5.0 (Windows NT 10.0; Win64; x64) AppleWebKit/537.36 (KHTML, like Gecko) Chrome/78.0.3904.108 Safari/537.36"
[2020-01-03T11:01:45.552] [INFO] access - ::1 - - "OPTIONS /template/list?userId=7861a6f0-7024-11e9-85e6-9f1338560125 HTTP/1.1" 204 - "http://localhost:9999/summary" "Mozilla/5.0 (Windows NT 10.0; Win64; x64) AppleWebKit/537.36 (KHTML, like Gecko) Chrome/78.0.3904.108 Safari/537.36"
[2020-01-03T11:01:45.588] [INFO] access - ::1 - - "GET /template/list?userId=7861a6f0-7024-11e9-85e6-9f1338560125 HTTP/1.1" 200 30896 "http://localhost:9999/summary" "Mozilla/5.0 (Windows NT 10.0; Win64; x64) AppleWebKit/537.36 (KHTML, like Gecko) Chrome/78.0.3904.108 Safari/537.36"
[2020-01-03T11:01:52.165] [INFO] access - ::1 - - "OPTIONS /system/getAllList HTTP/1.1" 204 - "http://localhost:9999/summary/template/edit/45a1c560-1b1e-11ea-af89-797b0d5375ba" "Mozilla/5.0 (Windows NT 10.0; Win64; x64) AppleWebKit/537.36 (KHTML, like Gecko) Chrome/78.0.3904.108 Safari/537.36"
[2020-01-03T11:01:52.167] [INFO] access - ::1 - - "OPTIONS /template/details/45a1c560-1b1e-11ea-af89-797b0d5375ba HTTP/1.1" 204 - "http://localhost:9999/summary/template/edit/45a1c560-1b1e-11ea-af89-797b0d5375ba" "Mozilla/5.0 (Windows NT 10.0; Win64; x64) AppleWebKit/537.36 (KHTML, like Gecko) Chrome/78.0.3904.108 Safari/537.36"
[2020-01-03T11:01:52.227] [INFO] access - ::1 - - "GET /system/getAllList HTTP/1.1" 200 45531 "http://localhost:9999/summary/template/edit/45a1c560-1b1e-11ea-af89-797b0d5375ba" "Mozilla/5.0 (Windows NT 10.0; Win64; x64) AppleWebKit/537.36 (KHTML, like Gecko) Chrome/78.0.3904.108 Safari/537.36"
[2020-01-03T11:01:52.240] [INFO] access - ::1 - - "GET /template/details/45a1c560-1b1e-11ea-af89-797b0d5375ba HTTP/1.1" 200 2521 "http://localhost:9999/summary/template/edit/45a1c560-1b1e-11ea-af89-797b0d5375ba" "Mozilla/5.0 (Windows NT 10.0; Win64; x64) AppleWebKit/537.36 (KHTML, like Gecko) Chrome/78.0.3904.108 Safari/537.36"
[2020-01-03T11:02:02.821] [INFO] access - ::1 - - "OPTIONS /template/list?userId=7861a6f0-7024-11e9-85e6-9f1338560125 HTTP/1.1" 204 - "http://localhost:9999/summary" "Mozilla/5.0 (Windows NT 10.0; Win64; x64) AppleWebKit/537.36 (KHTML, like Gecko) Chrome/78.0.3904.108 Safari/537.36"
[2020-01-03T11:02:02.857] [INFO] access - ::1 - - "GET /template/list?userId=7861a6f0-7024-11e9-85e6-9f1338560125 HTTP/1.1" 200 30896 "http://localhost:9999/summary" "Mozilla/5.0 (Windows NT 10.0; Win64; x64) AppleWebKit/537.36 (KHTML, like Gecko) Chrome/78.0.3904.108 Safari/537.36"
[2020-01-03T11:02:05.333] [INFO] access - ::1 - - "OPTIONS /template/details/bae06b60-1b1e-11ea-9d57-cbbae792d7a0 HTTP/1.1" 204 - "http://localhost:9999/summary/template/details/bae06b60-1b1e-11ea-9d57-cbbae792d7a0" "Mozilla/5.0 (Windows NT 10.0; Win64; x64) AppleWebKit/537.36 (KHTML, like Gecko) Chrome/78.0.3904.108 Safari/537.36"
[2020-01-03T11:02:05.357] [INFO] access - ::1 - - "GET /template/details/bae06b60-1b1e-11ea-9d57-cbbae792d7a0 HTTP/1.1" 200 2521 "http://localhost:9999/summary/template/details/bae06b60-1b1e-11ea-9d57-cbbae792d7a0" "Mozilla/5.0 (Windows NT 10.0; Win64; x64) AppleWebKit/537.36 (KHTML, like Gecko) Chrome/78.0.3904.108 Safari/537.36"
[2020-01-03T11:03:17.388] [INFO] access - ::1 - - "OPTIONS /template/list?userId=7861a6f0-7024-11e9-85e6-9f1338560125 HTTP/1.1" 204 - "http://localhost:9999/summary" "Mozilla/5.0 (Windows NT 10.0; Win64; x64) AppleWebKit/537.36 (KHTML, like Gecko) Chrome/78.0.3904.108 Safari/537.36"
[2020-01-03T11:03:17.428] [INFO] access - ::1 - - "GET /template/list?userId=7861a6f0-7024-11e9-85e6-9f1338560125 HTTP/1.1" 200 30896 "http://localhost:9999/summary" "Mozilla/5.0 (Windows NT 10.0; Win64; x64) AppleWebKit/537.36 (KHTML, like Gecko) Chrome/78.0.3904.108 Safari/537.36"
