[2019-11-26T15:45:59.041] [INFO] access - ::1 - - "OPTIONS /time/workTimeCount?userId=b02fd560-7020-11e9-aa87-37732e5007de HTTP/1.1" 204 - "http://localhost:9999/home" "Mozilla/5.0 (Windows NT 10.0; Win64; x64) AppleWebKit/537.36 (KHTML, like Gecko) Chrome/78.0.3904.108 Safari/537.36"
[2019-11-26T15:45:59.049] [INFO] access - ::1 - - "OPTIONS /user/getAllUser HTTP/1.1" 204 - "http://localhost:9999/home" "Mozilla/5.0 (Windows NT 10.0; Win64; x64) AppleWebKit/537.36 (KHTML, like Gecko) Chrome/78.0.3904.108 Safari/537.36"
[2019-11-26T15:45:59.051] [INFO] access - ::1 - - "OPTIONS /system/getAllList HTTP/1.1" 204 - "http://localhost:9999/home" "Mozilla/5.0 (Windows NT 10.0; Win64; x64) AppleWebKit/537.36 (KHTML, like Gecko) Chrome/78.0.3904.108 Safari/537.36"
[2019-11-26T15:45:59.401] [INFO] access - ::1 - - "GET /user/getAllUser HTTP/1.1" 200 23045 "http://localhost:9999/home" "Mozilla/5.0 (Windows NT 10.0; Win64; x64) AppleWebKit/537.36 (KHTML, like Gecko) Chrome/78.0.3904.108 Safari/537.36"
[2019-11-26T15:45:59.475] [INFO] access - ::1 - - "GET /system/getAllList HTTP/1.1" 200 45531 "http://localhost:9999/home" "Mozilla/5.0 (Windows NT 10.0; Win64; x64) AppleWebKit/537.36 (KHTML, like Gecko) Chrome/78.0.3904.108 Safari/537.36"
[2019-11-26T15:45:59.754] [INFO] access - ::1 - - "GET /time/workTimeCount?userId=b02fd560-7020-11e9-aa87-37732e5007de HTTP/1.1" 200 114 "http://localhost:9999/home" "Mozilla/5.0 (Windows NT 10.0; Win64; x64) AppleWebKit/537.36 (KHTML, like Gecko) Chrome/78.0.3904.108 Safari/537.36"
[2019-11-26T15:47:04.719] [INFO] access - ::1 - - "OPTIONS /time/workTimeCount?userId=b02fd560-7020-11e9-aa87-37732e5007de HTTP/1.1" 204 - "http://localhost:9999/home" "Mozilla/5.0 (Windows NT 10.0; Win64; x64) AppleWebKit/537.36 (KHTML, like Gecko) Chrome/78.0.3904.108 Safari/537.36"
[2019-11-26T15:47:04.732] [INFO] access - ::1 - - "OPTIONS /user/getAllUser HTTP/1.1" 204 - "http://localhost:9999/home" "Mozilla/5.0 (Windows NT 10.0; Win64; x64) AppleWebKit/537.36 (KHTML, like Gecko) Chrome/78.0.3904.108 Safari/537.36"
[2019-11-26T15:47:04.734] [INFO] access - ::1 - - "OPTIONS /system/getAllList HTTP/1.1" 204 - "http://localhost:9999/home" "Mozilla/5.0 (Windows NT 10.0; Win64; x64) AppleWebKit/537.36 (KHTML, like Gecko) Chrome/78.0.3904.108 Safari/537.36"
[2019-11-26T15:47:04.786] [INFO] access - ::1 - - "GET /user/getAllUser HTTP/1.1" 200 23045 "http://localhost:9999/home" "Mozilla/5.0 (Windows NT 10.0; Win64; x64) AppleWebKit/537.36 (KHTML, like Gecko) Chrome/78.0.3904.108 Safari/537.36"
[2019-11-26T15:47:04.819] [INFO] access - ::1 - - "GET /system/getAllList HTTP/1.1" 200 45531 "http://localhost:9999/home" "Mozilla/5.0 (Windows NT 10.0; Win64; x64) AppleWebKit/537.36 (KHTML, like Gecko) Chrome/78.0.3904.108 Safari/537.36"
[2019-11-26T15:47:04.836] [INFO] access - ::1 - - "GET /time/workTimeCount?userId=b02fd560-7020-11e9-aa87-37732e5007de HTTP/1.1" 200 114 "http://localhost:9999/home" "Mozilla/5.0 (Windows NT 10.0; Win64; x64) AppleWebKit/537.36 (KHTML, like Gecko) Chrome/78.0.3904.108 Safari/537.36"
[2019-11-26T15:47:19.891] [INFO] access - ::1 - - "OPTIONS /user/userSystem HTTP/1.1" 204 - "http://localhost:9999/home" "Mozilla/5.0 (Windows NT 10.0; Win64; x64) AppleWebKit/537.36 (KHTML, like Gecko) Chrome/78.0.3904.108 Safari/537.36"
[2019-11-26T15:47:20.135] [INFO] access - ::1 - - "POST /user/userSystem HTTP/1.1" 200 7340 "http://localhost:9999/home" "Mozilla/5.0 (Windows NT 10.0; Win64; x64) AppleWebKit/537.36 (KHTML, like Gecko) Chrome/78.0.3904.108 Safari/537.36"
[2019-11-26T15:47:22.911] [INFO] access - ::1 - - "OPTIONS /time/workTimeSeach HTTP/1.1" 204 - "http://localhost:9999/home" "Mozilla/5.0 (Windows NT 10.0; Win64; x64) AppleWebKit/537.36 (KHTML, like Gecko) Chrome/78.0.3904.108 Safari/537.36"
[2019-11-26T15:47:22.913] [INFO] access - ::1 - - "OPTIONS /time/getMapTime HTTP/1.1" 204 - "http://localhost:9999/home" "Mozilla/5.0 (Windows NT 10.0; Win64; x64) AppleWebKit/537.36 (KHTML, like Gecko) Chrome/78.0.3904.108 Safari/537.36"
[2019-11-26T15:47:22.992] [INFO] access - ::1 - - "POST /time/workTimeSeach HTTP/1.1" 200 7660 "http://localhost:9999/home" "Mozilla/5.0 (Windows NT 10.0; Win64; x64) AppleWebKit/537.36 (KHTML, like Gecko) Chrome/78.0.3904.108 Safari/537.36"
[2019-11-26T15:47:23.038] [INFO] access - ::1 - - "POST /time/getMapTime HTTP/1.1" 200 5276 "http://localhost:9999/home" "Mozilla/5.0 (Windows NT 10.0; Win64; x64) AppleWebKit/537.36 (KHTML, like Gecko) Chrome/78.0.3904.108 Safari/537.36"
[2019-11-26T15:49:21.756] [INFO] access - ::1 - - "OPTIONS /time/resetTime HTTP/1.1" 204 - "http://localhost:9999/home" "Mozilla/5.0 (Windows NT 10.0; Win64; x64) AppleWebKit/537.36 (KHTML, like Gecko) Chrome/78.0.3904.108 Safari/537.36"
[2019-11-26T15:49:25.345] [INFO] access - ::1 - - "GET /time/resetTime HTTP/1.1" 200 31 "http://localhost:9999/home" "Mozilla/5.0 (Windows NT 10.0; Win64; x64) AppleWebKit/537.36 (KHTML, like Gecko) Chrome/78.0.3904.108 Safari/537.36"
[2019-11-26T15:58:03.572] [INFO] access - ::1 - - "OPTIONS /login HTTP/1.1" 204 - "http://localhost:9999/login" "Mozilla/5.0 (Windows NT 10.0; Win64; x64) AppleWebKit/537.36 (KHTML, like Gecko) Chrome/78.0.3904.108 Safari/537.36"
[2019-11-26T15:58:03.711] [INFO] access - ::1 - - "POST /login HTTP/1.1" 200 1094 "http://localhost:9999/login" "Mozilla/5.0 (Windows NT 10.0; Win64; x64) AppleWebKit/537.36 (KHTML, like Gecko) Chrome/78.0.3904.108 Safari/537.36"
[2019-11-26T15:58:03.720] [INFO] access - ::1 - - "OPTIONS /user/info HTTP/1.1" 204 - "http://localhost:9999/login" "Mozilla/5.0 (Windows NT 10.0; Win64; x64) AppleWebKit/537.36 (KHTML, like Gecko) Chrome/78.0.3904.108 Safari/537.36"
[2019-11-26T15:58:03.728] [INFO] access - ::1 - - "GET /user/info HTTP/1.1" 200 439 "http://localhost:9999/login" "Mozilla/5.0 (Windows NT 10.0; Win64; x64) AppleWebKit/537.36 (KHTML, like Gecko) Chrome/78.0.3904.108 Safari/537.36"
[2019-11-26T15:58:04.188] [INFO] access - ::1 - - "OPTIONS /time/workTimeCount?userId=b02fd560-7020-11e9-aa87-37732e5007de HTTP/1.1" 204 - "http://localhost:9999/home" "Mozilla/5.0 (Windows NT 10.0; Win64; x64) AppleWebKit/537.36 (KHTML, like Gecko) Chrome/78.0.3904.108 Safari/537.36"
[2019-11-26T15:58:04.190] [INFO] access - ::1 - - "OPTIONS /user/getAllUser HTTP/1.1" 204 - "http://localhost:9999/home" "Mozilla/5.0 (Windows NT 10.0; Win64; x64) AppleWebKit/537.36 (KHTML, like Gecko) Chrome/78.0.3904.108 Safari/537.36"
[2019-11-26T15:58:04.190] [INFO] access - ::1 - - "OPTIONS /system/getAllList HTTP/1.1" 204 - "http://localhost:9999/home" "Mozilla/5.0 (Windows NT 10.0; Win64; x64) AppleWebKit/537.36 (KHTML, like Gecko) Chrome/78.0.3904.108 Safari/537.36"
[2019-11-26T15:58:04.230] [INFO] access - ::1 - - "GET /user/getAllUser HTTP/1.1" 200 23045 "http://localhost:9999/home" "Mozilla/5.0 (Windows NT 10.0; Win64; x64) AppleWebKit/537.36 (KHTML, like Gecko) Chrome/78.0.3904.108 Safari/537.36"
[2019-11-26T15:58:04.275] [INFO] access - ::1 - - "GET /system/getAllList HTTP/1.1" 200 45531 "http://localhost:9999/home" "Mozilla/5.0 (Windows NT 10.0; Win64; x64) AppleWebKit/537.36 (KHTML, like Gecko) Chrome/78.0.3904.108 Safari/537.36"
[2019-11-26T15:58:04.293] [INFO] access - ::1 - - "GET /time/workTimeCount?userId=b02fd560-7020-11e9-aa87-37732e5007de HTTP/1.1" 200 114 "http://localhost:9999/home" "Mozilla/5.0 (Windows NT 10.0; Win64; x64) AppleWebKit/537.36 (KHTML, like Gecko) Chrome/78.0.3904.108 Safari/537.36"
[2019-11-26T15:59:50.479] [INFO] access - ::1 - - "OPTIONS /login HTTP/1.1" 204 - "http://localhost:9999/login" "Mozilla/5.0 (Windows NT 10.0; Win64; x64) AppleWebKit/537.36 (KHTML, like Gecko) Chrome/78.0.3904.108 Safari/537.36"
[2019-11-26T15:59:50.491] [INFO] access - ::1 - - "POST /login HTTP/1.1" 200 13976 "http://localhost:9999/login" "Mozilla/5.0 (Windows NT 10.0; Win64; x64) AppleWebKit/537.36 (KHTML, like Gecko) Chrome/78.0.3904.108 Safari/537.36"
[2019-11-26T15:59:50.495] [INFO] access - ::1 - - "OPTIONS /user/info HTTP/1.1" 204 - "http://localhost:9999/login" "Mozilla/5.0 (Windows NT 10.0; Win64; x64) AppleWebKit/537.36 (KHTML, like Gecko) Chrome/78.0.3904.108 Safari/537.36"
[2019-11-26T15:59:50.501] [INFO] access - ::1 - - "GET /user/info HTTP/1.1" 200 5960 "http://localhost:9999/login" "Mozilla/5.0 (Windows NT 10.0; Win64; x64) AppleWebKit/537.36 (KHTML, like Gecko) Chrome/78.0.3904.108 Safari/537.36"
[2019-11-26T16:00:10.564] [INFO] access - ::1 - - "OPTIONS /login HTTP/1.1" 204 - "http://localhost:9999/login" "Mozilla/5.0 (Windows NT 10.0; Win64; x64) AppleWebKit/537.36 (KHTML, like Gecko) Chrome/78.0.3904.108 Safari/537.36"
[2019-11-26T16:01:05.931] [INFO] access - ::1 - - "OPTIONS /login HTTP/1.1" 204 - "http://localhost:9999/login" "Mozilla/5.0 (Windows NT 10.0; Win64; x64) AppleWebKit/537.36 (KHTML, like Gecko) Chrome/78.0.3904.108 Safari/537.36"
[2019-11-26T16:07:23.286] [INFO] access - ::1 - - "OPTIONS /login HTTP/1.1" 204 - "http://localhost:9999/login" "Mozilla/5.0 (Windows NT 10.0; Win64; x64) AppleWebKit/537.36 (KHTML, like Gecko) Chrome/78.0.3904.108 Safari/537.36"
[2019-11-26T16:07:34.822] [INFO] access - ::1 - - "OPTIONS /login HTTP/1.1" 204 - "http://localhost:9999/login" "Mozilla/5.0 (Windows NT 10.0; Win64; x64) AppleWebKit/537.36 (KHTML, like Gecko) Chrome/78.0.3904.108 Safari/537.36"
[2019-11-26T16:08:43.177] [INFO] access - ::1 - - "OPTIONS /login HTTP/1.1" 204 - "http://localhost:9999/login" "Mozilla/5.0 (Windows NT 10.0; Win64; x64) AppleWebKit/537.36 (KHTML, like Gecko) Chrome/78.0.3904.108 Safari/537.36"
[2019-11-26T16:08:43.239] [INFO] access - ::1 - - "POST /login HTTP/1.1" 200 13976 "http://localhost:9999/login" "Mozilla/5.0 (Windows NT 10.0; Win64; x64) AppleWebKit/537.36 (KHTML, like Gecko) Chrome/78.0.3904.108 Safari/537.36"
[2019-11-26T16:08:43.244] [INFO] access - ::1 - - "OPTIONS /user/info HTTP/1.1" 204 - "http://localhost:9999/login" "Mozilla/5.0 (Windows NT 10.0; Win64; x64) AppleWebKit/537.36 (KHTML, like Gecko) Chrome/78.0.3904.108 Safari/537.36"
[2019-11-26T16:08:43.251] [INFO] access - ::1 - - "GET /user/info HTTP/1.1" 200 5960 "http://localhost:9999/login" "Mozilla/5.0 (Windows NT 10.0; Win64; x64) AppleWebKit/537.36 (KHTML, like Gecko) Chrome/78.0.3904.108 Safari/537.36"
[2019-11-26T16:09:22.666] [INFO] access - ::1 - - "OPTIONS /login HTTP/1.1" 204 - "http://localhost:9999/login" "Mozilla/5.0 (Windows NT 10.0; Win64; x64) AppleWebKit/537.36 (KHTML, like Gecko) Chrome/78.0.3904.108 Safari/537.36"
[2019-11-26T16:09:22.750] [INFO] access - ::1 - - "POST /login HTTP/1.1" 200 13976 "http://localhost:9999/login" "Mozilla/5.0 (Windows NT 10.0; Win64; x64) AppleWebKit/537.36 (KHTML, like Gecko) Chrome/78.0.3904.108 Safari/537.36"
[2019-11-26T16:09:22.755] [INFO] access - ::1 - - "OPTIONS /user/info HTTP/1.1" 204 - "http://localhost:9999/login" "Mozilla/5.0 (Windows NT 10.0; Win64; x64) AppleWebKit/537.36 (KHTML, like Gecko) Chrome/78.0.3904.108 Safari/537.36"
[2019-11-26T16:09:22.763] [INFO] access - ::1 - - "GET /user/info HTTP/1.1" 200 5960 "http://localhost:9999/login" "Mozilla/5.0 (Windows NT 10.0; Win64; x64) AppleWebKit/537.36 (KHTML, like Gecko) Chrome/78.0.3904.108 Safari/537.36"
[2019-11-26T16:11:09.144] [INFO] access - ::1 - - "OPTIONS /login HTTP/1.1" 204 - "http://localhost:9999/login" "Mozilla/5.0 (Windows NT 10.0; Win64; x64) AppleWebKit/537.36 (KHTML, like Gecko) Chrome/78.0.3904.108 Safari/537.36"
[2019-11-26T16:11:09.208] [INFO] access - ::1 - - "POST /login HTTP/1.1" 200 13976 "http://localhost:9999/login" "Mozilla/5.0 (Windows NT 10.0; Win64; x64) AppleWebKit/537.36 (KHTML, like Gecko) Chrome/78.0.3904.108 Safari/537.36"
[2019-11-26T16:11:09.213] [INFO] access - ::1 - - "OPTIONS /user/info HTTP/1.1" 204 - "http://localhost:9999/login" "Mozilla/5.0 (Windows NT 10.0; Win64; x64) AppleWebKit/537.36 (KHTML, like Gecko) Chrome/78.0.3904.108 Safari/537.36"
[2019-11-26T16:11:09.220] [INFO] access - ::1 - - "GET /user/info HTTP/1.1" 200 5960 "http://localhost:9999/login" "Mozilla/5.0 (Windows NT 10.0; Win64; x64) AppleWebKit/537.36 (KHTML, like Gecko) Chrome/78.0.3904.108 Safari/537.36"
[2019-11-26T16:12:17.369] [INFO] access - ::1 - - "OPTIONS /login HTTP/1.1" 204 - "http://localhost:9999/login" "Mozilla/5.0 (Windows NT 10.0; Win64; x64) AppleWebKit/537.36 (KHTML, like Gecko) Chrome/78.0.3904.108 Safari/537.36"
[2019-11-26T16:12:17.433] [INFO] access - ::1 - - "POST /login HTTP/1.1" 200 13976 "http://localhost:9999/login" "Mozilla/5.0 (Windows NT 10.0; Win64; x64) AppleWebKit/537.36 (KHTML, like Gecko) Chrome/78.0.3904.108 Safari/537.36"
[2019-11-26T16:12:17.438] [INFO] access - ::1 - - "OPTIONS /user/info HTTP/1.1" 204 - "http://localhost:9999/login" "Mozilla/5.0 (Windows NT 10.0; Win64; x64) AppleWebKit/537.36 (KHTML, like Gecko) Chrome/78.0.3904.108 Safari/537.36"
[2019-11-26T16:12:17.445] [INFO] access - ::1 - - "GET /user/info HTTP/1.1" 200 5960 "http://localhost:9999/login" "Mozilla/5.0 (Windows NT 10.0; Win64; x64) AppleWebKit/537.36 (KHTML, like Gecko) Chrome/78.0.3904.108 Safari/537.36"
[2019-11-26T16:14:23.073] [INFO] access - ::1 - - "OPTIONS /login HTTP/1.1" 204 - "http://localhost:9999/login" "Mozilla/5.0 (Windows NT 10.0; Win64; x64) AppleWebKit/537.36 (KHTML, like Gecko) Chrome/78.0.3904.108 Safari/537.36"
[2019-11-26T16:14:23.136] [INFO] access - ::1 - - "POST /login HTTP/1.1" 200 13976 "http://localhost:9999/login" "Mozilla/5.0 (Windows NT 10.0; Win64; x64) AppleWebKit/537.36 (KHTML, like Gecko) Chrome/78.0.3904.108 Safari/537.36"
[2019-11-26T16:14:23.142] [INFO] access - ::1 - - "OPTIONS /user/info HTTP/1.1" 204 - "http://localhost:9999/login" "Mozilla/5.0 (Windows NT 10.0; Win64; x64) AppleWebKit/537.36 (KHTML, like Gecko) Chrome/78.0.3904.108 Safari/537.36"
[2019-11-26T16:14:23.149] [INFO] access - ::1 - - "GET /user/info HTTP/1.1" 200 5960 "http://localhost:9999/login" "Mozilla/5.0 (Windows NT 10.0; Win64; x64) AppleWebKit/537.36 (KHTML, like Gecko) Chrome/78.0.3904.108 Safari/537.36"
[2019-11-26T16:18:55.047] [INFO] access - ::1 - - "OPTIONS /login HTTP/1.1" 204 - "http://localhost:9999/login" "Mozilla/5.0 (Windows NT 10.0; Win64; x64) AppleWebKit/537.36 (KHTML, like Gecko) Chrome/78.0.3904.108 Safari/537.36"
[2019-11-26T16:18:55.110] [INFO] access - ::1 - - "POST /login HTTP/1.1" 200 13976 "http://localhost:9999/login" "Mozilla/5.0 (Windows NT 10.0; Win64; x64) AppleWebKit/537.36 (KHTML, like Gecko) Chrome/78.0.3904.108 Safari/537.36"
[2019-11-26T16:18:55.116] [INFO] access - ::1 - - "OPTIONS /user/info HTTP/1.1" 204 - "http://localhost:9999/login" "Mozilla/5.0 (Windows NT 10.0; Win64; x64) AppleWebKit/537.36 (KHTML, like Gecko) Chrome/78.0.3904.108 Safari/537.36"
[2019-11-26T16:18:55.123] [INFO] access - ::1 - - "GET /user/info HTTP/1.1" 200 5960 "http://localhost:9999/login" "Mozilla/5.0 (Windows NT 10.0; Win64; x64) AppleWebKit/537.36 (KHTML, like Gecko) Chrome/78.0.3904.108 Safari/537.36"
[2019-11-26T16:20:41.759] [INFO] access - ::1 - - "OPTIONS /login HTTP/1.1" 204 - "http://localhost:9999/login" "Mozilla/5.0 (Windows NT 10.0; Win64; x64) AppleWebKit/537.36 (KHTML, like Gecko) Chrome/78.0.3904.108 Safari/537.36"
[2019-11-26T16:20:41.822] [INFO] access - ::1 - - "POST /login HTTP/1.1" 200 13976 "http://localhost:9999/login" "Mozilla/5.0 (Windows NT 10.0; Win64; x64) AppleWebKit/537.36 (KHTML, like Gecko) Chrome/78.0.3904.108 Safari/537.36"
[2019-11-26T16:20:41.827] [INFO] access - ::1 - - "OPTIONS /user/info HTTP/1.1" 204 - "http://localhost:9999/login" "Mozilla/5.0 (Windows NT 10.0; Win64; x64) AppleWebKit/537.36 (KHTML, like Gecko) Chrome/78.0.3904.108 Safari/537.36"
[2019-11-26T16:20:41.834] [INFO] access - ::1 - - "GET /user/info HTTP/1.1" 200 5960 "http://localhost:9999/login" "Mozilla/5.0 (Windows NT 10.0; Win64; x64) AppleWebKit/537.36 (KHTML, like Gecko) Chrome/78.0.3904.108 Safari/537.36"
[2019-11-26T16:31:02.554] [INFO] access - ::1 - - "OPTIONS /login HTTP/1.1" 204 - "http://localhost:9999/login" "Mozilla/5.0 (Windows NT 10.0; Win64; x64) AppleWebKit/537.36 (KHTML, like Gecko) Chrome/78.0.3904.108 Safari/537.36"
[2019-11-26T16:31:02.618] [INFO] access - ::1 - - "POST /login HTTP/1.1" 200 13976 "http://localhost:9999/login" "Mozilla/5.0 (Windows NT 10.0; Win64; x64) AppleWebKit/537.36 (KHTML, like Gecko) Chrome/78.0.3904.108 Safari/537.36"
[2019-11-26T16:31:02.625] [INFO] access - ::1 - - "OPTIONS /user/info HTTP/1.1" 204 - "http://localhost:9999/login" "Mozilla/5.0 (Windows NT 10.0; Win64; x64) AppleWebKit/537.36 (KHTML, like Gecko) Chrome/78.0.3904.108 Safari/537.36"
[2019-11-26T16:31:02.632] [INFO] access - ::1 - - "GET /user/info HTTP/1.1" 200 5960 "http://localhost:9999/login" "Mozilla/5.0 (Windows NT 10.0; Win64; x64) AppleWebKit/537.36 (KHTML, like Gecko) Chrome/78.0.3904.108 Safari/537.36"
[2019-11-26T16:33:19.148] [INFO] access - ::1 - - "OPTIONS /login HTTP/1.1" 204 - "http://localhost:9999/login" "Mozilla/5.0 (Windows NT 10.0; Win64; x64) AppleWebKit/537.36 (KHTML, like Gecko) Chrome/78.0.3904.108 Safari/537.36"
[2019-11-26T16:33:19.209] [INFO] access - ::1 - - "POST /login HTTP/1.1" 200 13976 "http://localhost:9999/login" "Mozilla/5.0 (Windows NT 10.0; Win64; x64) AppleWebKit/537.36 (KHTML, like Gecko) Chrome/78.0.3904.108 Safari/537.36"
[2019-11-26T16:33:19.215] [INFO] access - ::1 - - "OPTIONS /user/info HTTP/1.1" 204 - "http://localhost:9999/login" "Mozilla/5.0 (Windows NT 10.0; Win64; x64) AppleWebKit/537.36 (KHTML, like Gecko) Chrome/78.0.3904.108 Safari/537.36"
[2019-11-26T16:33:19.222] [INFO] access - ::1 - - "GET /user/info HTTP/1.1" 200 5960 "http://localhost:9999/login" "Mozilla/5.0 (Windows NT 10.0; Win64; x64) AppleWebKit/537.36 (KHTML, like Gecko) Chrome/78.0.3904.108 Safari/537.36"
[2019-11-26T16:35:33.514] [INFO] access - ::1 - - "OPTIONS /login HTTP/1.1" 204 - "http://localhost:9999/login" "Mozilla/5.0 (Windows NT 10.0; Win64; x64) AppleWebKit/537.36 (KHTML, like Gecko) Chrome/78.0.3904.108 Safari/537.36"
[2019-11-26T16:35:33.571] [INFO] access - ::1 - - "POST /login HTTP/1.1" 200 43 "http://localhost:9999/login" "Mozilla/5.0 (Windows NT 10.0; Win64; x64) AppleWebKit/537.36 (KHTML, like Gecko) Chrome/78.0.3904.108 Safari/537.36"
[2019-11-26T16:35:37.422] [INFO] access - ::1 - - "POST /login HTTP/1.1" 200 1094 "http://localhost:9999/login" "Mozilla/5.0 (Windows NT 10.0; Win64; x64) AppleWebKit/537.36 (KHTML, like Gecko) Chrome/78.0.3904.108 Safari/537.36"
[2019-11-26T16:35:37.426] [INFO] access - ::1 - - "OPTIONS /user/info HTTP/1.1" 204 - "http://localhost:9999/login" "Mozilla/5.0 (Windows NT 10.0; Win64; x64) AppleWebKit/537.36 (KHTML, like Gecko) Chrome/78.0.3904.108 Safari/537.36"
[2019-11-26T16:35:37.433] [INFO] access - ::1 - - "GET /user/info HTTP/1.1" 200 439 "http://localhost:9999/login" "Mozilla/5.0 (Windows NT 10.0; Win64; x64) AppleWebKit/537.36 (KHTML, like Gecko) Chrome/78.0.3904.108 Safari/537.36"
[2019-11-26T16:35:37.908] [INFO] access - ::1 - - "OPTIONS /time/workTimeCount?userId=b02fd560-7020-11e9-aa87-37732e5007de HTTP/1.1" 204 - "http://localhost:9999/home" "Mozilla/5.0 (Windows NT 10.0; Win64; x64) AppleWebKit/537.36 (KHTML, like Gecko) Chrome/78.0.3904.108 Safari/537.36"
[2019-11-26T16:35:37.909] [INFO] access - ::1 - - "OPTIONS /user/getAllUser HTTP/1.1" 204 - "http://localhost:9999/home" "Mozilla/5.0 (Windows NT 10.0; Win64; x64) AppleWebKit/537.36 (KHTML, like Gecko) Chrome/78.0.3904.108 Safari/537.36"
[2019-11-26T16:35:37.910] [INFO] access - ::1 - - "OPTIONS /system/getAllList HTTP/1.1" 204 - "http://localhost:9999/home" "Mozilla/5.0 (Windows NT 10.0; Win64; x64) AppleWebKit/537.36 (KHTML, like Gecko) Chrome/78.0.3904.108 Safari/537.36"
[2019-11-26T16:35:37.948] [INFO] access - ::1 - - "GET /user/getAllUser HTTP/1.1" 200 23045 "http://localhost:9999/home" "Mozilla/5.0 (Windows NT 10.0; Win64; x64) AppleWebKit/537.36 (KHTML, like Gecko) Chrome/78.0.3904.108 Safari/537.36"
[2019-11-26T16:35:38.015] [INFO] access - ::1 - - "GET /system/getAllList HTTP/1.1" 200 45531 "http://localhost:9999/home" "Mozilla/5.0 (Windows NT 10.0; Win64; x64) AppleWebKit/537.36 (KHTML, like Gecko) Chrome/78.0.3904.108 Safari/537.36"
[2019-11-26T16:35:38.059] [INFO] access - ::1 - - "GET /time/workTimeCount?userId=b02fd560-7020-11e9-aa87-37732e5007de HTTP/1.1" 200 114 "http://localhost:9999/home" "Mozilla/5.0 (Windows NT 10.0; Win64; x64) AppleWebKit/537.36 (KHTML, like Gecko) Chrome/78.0.3904.108 Safari/537.36"
[2019-11-26T16:35:48.495] [INFO] access - ::1 - - "OPTIONS /user/userSystem HTTP/1.1" 204 - "http://localhost:9999/home" "Mozilla/5.0 (Windows NT 10.0; Win64; x64) AppleWebKit/537.36 (KHTML, like Gecko) Chrome/78.0.3904.108 Safari/537.36"
[2019-11-26T16:35:48.514] [INFO] access - ::1 - - "POST /user/userSystem HTTP/1.1" 200 7340 "http://localhost:9999/home" "Mozilla/5.0 (Windows NT 10.0; Win64; x64) AppleWebKit/537.36 (KHTML, like Gecko) Chrome/78.0.3904.108 Safari/537.36"
[2019-11-26T16:35:50.601] [INFO] access - ::1 - - "OPTIONS /time/workTimeSeach HTTP/1.1" 204 - "http://localhost:9999/home" "Mozilla/5.0 (Windows NT 10.0; Win64; x64) AppleWebKit/537.36 (KHTML, like Gecko) Chrome/78.0.3904.108 Safari/537.36"
[2019-11-26T16:35:50.603] [INFO] access - ::1 - - "OPTIONS /time/getMapTime HTTP/1.1" 204 - "http://localhost:9999/home" "Mozilla/5.0 (Windows NT 10.0; Win64; x64) AppleWebKit/537.36 (KHTML, like Gecko) Chrome/78.0.3904.108 Safari/537.36"
[2019-11-26T16:35:50.638] [INFO] access - ::1 - - "POST /time/workTimeSeach HTTP/1.1" 200 7660 "http://localhost:9999/home" "Mozilla/5.0 (Windows NT 10.0; Win64; x64) AppleWebKit/537.36 (KHTML, like Gecko) Chrome/78.0.3904.108 Safari/537.36"
[2019-11-26T16:35:50.641] [INFO] access - ::1 - - "POST /time/getMapTime HTTP/1.1" 200 5276 "http://localhost:9999/home" "Mozilla/5.0 (Windows NT 10.0; Win64; x64) AppleWebKit/537.36 (KHTML, like Gecko) Chrome/78.0.3904.108 Safari/537.36"
[2019-11-26T16:36:09.082] [INFO] access - ::1 - - "OPTIONS /time/workTimeSeach HTTP/1.1" 204 - "http://localhost:9999/home" "Mozilla/5.0 (Windows NT 10.0; Win64; x64) AppleWebKit/537.36 (KHTML, like Gecko) Chrome/78.0.3904.108 Safari/537.36"
[2019-11-26T16:36:09.082] [INFO] access - ::1 - - "OPTIONS /time/getMapTime HTTP/1.1" 204 - "http://localhost:9999/home" "Mozilla/5.0 (Windows NT 10.0; Win64; x64) AppleWebKit/537.36 (KHTML, like Gecko) Chrome/78.0.3904.108 Safari/537.36"
[2019-11-26T16:36:09.099] [INFO] access - ::1 - - "POST /time/workTimeSeach HTTP/1.1" 200 7660 "http://localhost:9999/home" "Mozilla/5.0 (Windows NT 10.0; Win64; x64) AppleWebKit/537.36 (KHTML, like Gecko) Chrome/78.0.3904.108 Safari/537.36"
[2019-11-26T16:36:09.102] [INFO] access - ::1 - - "POST /time/getMapTime HTTP/1.1" 200 5276 "http://localhost:9999/home" "Mozilla/5.0 (Windows NT 10.0; Win64; x64) AppleWebKit/537.36 (KHTML, like Gecko) Chrome/78.0.3904.108 Safari/537.36"
[2019-11-26T16:38:06.575] [INFO] access - ::1 - - "OPTIONS /time/getTimeList HTTP/1.1" 204 - "http://localhost:9999/work-time" "Mozilla/5.0 (Windows NT 10.0; Win64; x64) AppleWebKit/537.36 (KHTML, like Gecko) Chrome/78.0.3904.108 Safari/537.36"
[2019-11-26T16:38:06.623] [INFO] access - ::1 - - "POST /time/getTimeList HTTP/1.1" 200 41 "http://localhost:9999/work-time" "Mozilla/5.0 (Windows NT 10.0; Win64; x64) AppleWebKit/537.36 (KHTML, like Gecko) Chrome/78.0.3904.108 Safari/537.36"
[2019-11-26T16:38:12.974] [INFO] access - ::1 - - "OPTIONS /system/getAllList HTTP/1.1" 204 - "http://localhost:9999/own-space" "Mozilla/5.0 (Windows NT 10.0; Win64; x64) AppleWebKit/537.36 (KHTML, like Gecko) Chrome/78.0.3904.108 Safari/537.36"
[2019-11-26T16:38:13.020] [INFO] access - ::1 - - "GET /system/getAllList HTTP/1.1" 200 45531 "http://localhost:9999/own-space" "Mozilla/5.0 (Windows NT 10.0; Win64; x64) AppleWebKit/537.36 (KHTML, like Gecko) Chrome/78.0.3904.108 Safari/537.36"
[2019-11-26T16:38:14.490] [INFO] access - ::1 - - "OPTIONS /system/systemTree HTTP/1.1" 204 - "http://localhost:9999/own-space" "Mozilla/5.0 (Windows NT 10.0; Win64; x64) AppleWebKit/537.36 (KHTML, like Gecko) Chrome/78.0.3904.108 Safari/537.36"
[2019-11-26T16:38:14.607] [INFO] access - ::1 - - "GET /system/systemTree HTTP/1.1" 200 50346 "http://localhost:9999/own-space" "Mozilla/5.0 (Windows NT 10.0; Win64; x64) AppleWebKit/537.36 (KHTML, like Gecko) Chrome/78.0.3904.108 Safari/537.36"
[2019-11-26T16:38:18.637] [INFO] access - ::1 - - "OPTIONS /user/edit HTTP/1.1" 204 - "http://localhost:9999/own-space" "Mozilla/5.0 (Windows NT 10.0; Win64; x64) AppleWebKit/537.36 (KHTML, like Gecko) Chrome/78.0.3904.108 Safari/537.36"
[2019-11-26T16:38:18.658] [INFO] access - ::1 - - "POST /user/edit HTTP/1.1" 200 34 "http://localhost:9999/own-space" "Mozilla/5.0 (Windows NT 10.0; Win64; x64) AppleWebKit/537.36 (KHTML, like Gecko) Chrome/78.0.3904.108 Safari/537.36"
[2019-11-26T16:38:26.912] [INFO] access - ::1 - - "OPTIONS /time/getTimeList HTTP/1.1" 204 - "http://localhost:9999/work-time" "Mozilla/5.0 (Windows NT 10.0; Win64; x64) AppleWebKit/537.36 (KHTML, like Gecko) Chrome/78.0.3904.108 Safari/537.36"
[2019-11-26T16:38:27.028] [INFO] access - ::1 - - "POST /time/getTimeList HTTP/1.1" 200 1262 "http://localhost:9999/work-time" "Mozilla/5.0 (Windows NT 10.0; Win64; x64) AppleWebKit/537.36 (KHTML, like Gecko) Chrome/78.0.3904.108 Safari/537.36"
[2019-11-26T16:38:32.718] [INFO] access - ::1 - - "OPTIONS /time/postTime HTTP/1.1" 204 - "http://localhost:9999/work-time" "Mozilla/5.0 (Windows NT 10.0; Win64; x64) AppleWebKit/537.36 (KHTML, like Gecko) Chrome/78.0.3904.108 Safari/537.36"
[2019-11-26T16:38:32.866] [INFO] access - ::1 - - "POST /time/postTime HTTP/1.1" 200 443 "http://localhost:9999/work-time" "Mozilla/5.0 (Windows NT 10.0; Win64; x64) AppleWebKit/537.36 (KHTML, like Gecko) Chrome/78.0.3904.108 Safari/537.36"
[2019-11-26T16:43:31.283] [INFO] access - ::1 - - "OPTIONS /time/postTime HTTP/1.1" 204 - "http://localhost:9999/work-time" "Mozilla/5.0 (Windows NT 10.0; Win64; x64) AppleWebKit/537.36 (KHTML, like Gecko) Chrome/78.0.3904.108 Safari/537.36"
[2019-11-26T16:43:31.394] [INFO] access - ::1 - - "POST /time/postTime HTTP/1.1" 200 41 "http://localhost:9999/work-time" "Mozilla/5.0 (Windows NT 10.0; Win64; x64) AppleWebKit/537.36 (KHTML, like Gecko) Chrome/78.0.3904.108 Safari/537.36"
[2019-11-26T16:45:05.954] [INFO] access - ::1 - - "OPTIONS /time/workTimeCount?userId=b02fd560-7020-11e9-aa87-37732e5007de HTTP/1.1" 204 - "http://localhost:9999/home" "Mozilla/5.0 (Windows NT 10.0; Win64; x64) AppleWebKit/537.36 (KHTML, like Gecko) Chrome/78.0.3904.108 Safari/537.36"
[2019-11-26T16:45:05.956] [INFO] access - ::1 - - "OPTIONS /user/getAllUser HTTP/1.1" 204 - "http://localhost:9999/home" "Mozilla/5.0 (Windows NT 10.0; Win64; x64) AppleWebKit/537.36 (KHTML, like Gecko) Chrome/78.0.3904.108 Safari/537.36"
[2019-11-26T16:45:05.958] [INFO] access - ::1 - - "OPTIONS /system/getAllList HTTP/1.1" 204 - "http://localhost:9999/home" "Mozilla/5.0 (Windows NT 10.0; Win64; x64) AppleWebKit/537.36 (KHTML, like Gecko) Chrome/78.0.3904.108 Safari/537.36"
[2019-11-26T16:45:05.992] [INFO] access - ::1 - - "GET /user/getAllUser HTTP/1.1" 200 23356 "http://localhost:9999/home" "Mozilla/5.0 (Windows NT 10.0; Win64; x64) AppleWebKit/537.36 (KHTML, like Gecko) Chrome/78.0.3904.108 Safari/537.36"
[2019-11-26T16:45:06.043] [INFO] access - ::1 - - "GET /system/getAllList HTTP/1.1" 200 45531 "http://localhost:9999/home" "Mozilla/5.0 (Windows NT 10.0; Win64; x64) AppleWebKit/537.36 (KHTML, like Gecko) Chrome/78.0.3904.108 Safari/537.36"
[2019-11-26T16:45:06.086] [INFO] access - ::1 - - "GET /time/workTimeCount?userId=b02fd560-7020-11e9-aa87-37732e5007de HTTP/1.1" 200 114 "http://localhost:9999/home" "Mozilla/5.0 (Windows NT 10.0; Win64; x64) AppleWebKit/537.36 (KHTML, like Gecko) Chrome/78.0.3904.108 Safari/537.36"
[2019-11-26T16:45:07.726] [INFO] access - ::1 - - "OPTIONS /time/resetTime HTTP/1.1" 204 - "http://localhost:9999/home" "Mozilla/5.0 (Windows NT 10.0; Win64; x64) AppleWebKit/537.36 (KHTML, like Gecko) Chrome/78.0.3904.108 Safari/537.36"
[2019-11-26T16:45:09.213] [INFO] access - ::1 - - "OPTIONS /time/resetTime HTTP/1.1" 204 - "http://localhost:9999/home" "Mozilla/5.0 (Windows NT 10.0; Win64; x64) AppleWebKit/537.36 (KHTML, like Gecko) Chrome/78.0.3904.108 Safari/537.36"
[2019-11-26T16:45:11.926] [INFO] access - ::1 - - "GET /time/resetTime HTTP/1.1" 200 31 "http://localhost:9999/home" "Mozilla/5.0 (Windows NT 10.0; Win64; x64) AppleWebKit/537.36 (KHTML, like Gecko) Chrome/78.0.3904.108 Safari/537.36"
[2019-11-26T16:45:12.630] [INFO] access - ::1 - - "GET /time/resetTime HTTP/1.1" 200 31 "http://localhost:9999/home" "Mozilla/5.0 (Windows NT 10.0; Win64; x64) AppleWebKit/537.36 (KHTML, like Gecko) Chrome/78.0.3904.108 Safari/537.36"
[2019-11-26T16:48:53.287] [INFO] access - ::1 - - "OPTIONS /user/userSystem HTTP/1.1" 204 - "http://localhost:9999/home" "Mozilla/5.0 (Windows NT 10.0; Win64; x64) AppleWebKit/537.36 (KHTML, like Gecko) Chrome/78.0.3904.108 Safari/537.36"
[2019-11-26T16:48:53.295] [INFO] access - ::1 - - "POST /user/userSystem HTTP/1.1" 200 5500 "http://localhost:9999/home" "Mozilla/5.0 (Windows NT 10.0; Win64; x64) AppleWebKit/537.36 (KHTML, like Gecko) Chrome/78.0.3904.108 Safari/537.36"
[2019-11-26T16:49:23.302] [INFO] access - ::1 - - "OPTIONS /time/workTimeSeach HTTP/1.1" 204 - "http://localhost:9999/home" "Mozilla/5.0 (Windows NT 10.0; Win64; x64) AppleWebKit/537.36 (KHTML, like Gecko) Chrome/78.0.3904.108 Safari/537.36"
[2019-11-26T16:49:23.303] [INFO] access - ::1 - - "OPTIONS /time/getMapTime HTTP/1.1" 204 - "http://localhost:9999/home" "Mozilla/5.0 (Windows NT 10.0; Win64; x64) AppleWebKit/537.36 (KHTML, like Gecko) Chrome/78.0.3904.108 Safari/537.36"
[2019-11-26T16:49:23.316] [INFO] access - ::1 - - "POST /time/workTimeSeach HTTP/1.1" 200 1158 "http://localhost:9999/home" "Mozilla/5.0 (Windows NT 10.0; Win64; x64) AppleWebKit/537.36 (KHTML, like Gecko) Chrome/78.0.3904.108 Safari/537.36"
[2019-11-26T16:49:23.321] [INFO] access - ::1 - - "POST /time/getMapTime HTTP/1.1" 200 783 "http://localhost:9999/home" "Mozilla/5.0 (Windows NT 10.0; Win64; x64) AppleWebKit/537.36 (KHTML, like Gecko) Chrome/78.0.3904.108 Safari/537.36"
