[2019-11-29T10:04:35.525] [INFO] access - ::1 - - "OPTIONS /login HTTP/1.1" 204 - "http://localhost:9999/login" "Mozilla/5.0 (Windows NT 10.0; Win64; x64) AppleWebKit/537.36 (KHTML, like Gecko) Chrome/78.0.3904.108 Safari/537.36"
[2019-11-29T10:04:36.064] [INFO] access - ::1 - - "POST /login HTTP/1.1" 200 3511 "http://localhost:9999/login" "Mozilla/5.0 (Windows NT 10.0; Win64; x64) AppleWebKit/537.36 (KHTML, like Gecko) Chrome/78.0.3904.108 Safari/537.36"
[2019-11-29T10:04:36.071] [INFO] access - ::1 - - "OPTIONS /user/info HTTP/1.1" 204 - "http://localhost:9999/login" "Mozilla/5.0 (Windows NT 10.0; Win64; x64) AppleWebKit/537.36 (KHTML, like Gecko) Chrome/78.0.3904.108 Safari/537.36"
[2019-11-29T10:04:36.125] [INFO] access - ::1 - - "GET /user/info HTTP/1.1" 200 1475 "http://localhost:9999/login" "Mozilla/5.0 (Windows NT 10.0; Win64; x64) AppleWebKit/537.36 (KHTML, like Gecko) Chrome/78.0.3904.108 Safari/537.36"
[2019-11-29T10:04:42.020] [INFO] access - ::1 - - "OPTIONS /time/getTimeList HTTP/1.1" 204 - "http://localhost:9999/work-time" "Mozilla/5.0 (Windows NT 10.0; Win64; x64) AppleWebKit/537.36 (KHTML, like Gecko) Chrome/78.0.3904.108 Safari/537.36"
[2019-11-29T10:04:42.712] [INFO] access - ::1 - - "POST /time/getTimeList HTTP/1.1" 200 4090 "http://localhost:9999/work-time" "Mozilla/5.0 (Windows NT 10.0; Win64; x64) AppleWebKit/537.36 (KHTML, like Gecko) Chrome/78.0.3904.108 Safari/537.36"
[2019-11-29T14:30:05.615] [INFO] access - ::1 - - "OPTIONS /time/getTimeList HTTP/1.1" 204 - "http://localhost:9999/work-time" "Mozilla/5.0 (Windows NT 10.0; Win64; x64) AppleWebKit/537.36 (KHTML, like Gecko) Chrome/78.0.3904.108 Safari/537.36"
[2019-11-29T14:30:05.786] [INFO] access - ::1 - - "POST /time/getTimeList HTTP/1.1" 200 4090 "http://localhost:9999/work-time" "Mozilla/5.0 (Windows NT 10.0; Win64; x64) AppleWebKit/537.36 (KHTML, like Gecko) Chrome/78.0.3904.108 Safari/537.36"
[2019-11-29T14:35:48.887] [INFO] access - ::1 - - "OPTIONS /system/getAllList HTTP/1.1" 204 - "http://localhost:9999/own-space" "Mozilla/5.0 (Windows NT 10.0; Win64; x64) AppleWebKit/537.36 (KHTML, like Gecko) Chrome/78.0.3904.108 Safari/537.36"
[2019-11-29T14:35:49.057] [INFO] access - ::1 - - "GET /system/getAllList HTTP/1.1" 200 45531 "http://localhost:9999/own-space" "Mozilla/5.0 (Windows NT 10.0; Win64; x64) AppleWebKit/537.36 (KHTML, like Gecko) Chrome/78.0.3904.108 Safari/537.36"
[2019-11-29T14:55:02.483] [INFO] access - ::1 - - "OPTIONS /system/systemTree HTTP/1.1" 204 - "http://localhost:9999/own-space" "Mozilla/5.0 (Windows NT 10.0; Win64; x64) AppleWebKit/537.36 (KHTML, like Gecko) Chrome/78.0.3904.108 Safari/537.36"
[2019-11-29T14:55:02.554] [INFO] access - ::1 - - "GET /system/systemTree HTTP/1.1" 200 50346 "http://localhost:9999/own-space" "Mozilla/5.0 (Windows NT 10.0; Win64; x64) AppleWebKit/537.36 (KHTML, like Gecko) Chrome/78.0.3904.108 Safari/537.36"
[2019-11-29T14:55:54.167] [INFO] access - ::1 - - "OPTIONS /time/getTimeList HTTP/1.1" 204 - "http://localhost:9999/work-time" "Mozilla/5.0 (Windows NT 10.0; Win64; x64) AppleWebKit/537.36 (KHTML, like Gecko) Chrome/78.0.3904.108 Safari/537.36"
[2019-11-29T14:55:54.359] [INFO] access - ::1 - - "POST /time/getTimeList HTTP/1.1" 200 4478 "http://localhost:9999/work-time" "Mozilla/5.0 (Windows NT 10.0; Win64; x64) AppleWebKit/537.36 (KHTML, like Gecko) Chrome/78.0.3904.108 Safari/537.36"
[2019-11-29T14:59:28.161] [INFO] access - ::1 - - "OPTIONS /time/getTimeList HTTP/1.1" 204 - "http://localhost:9999/work-time" "Mozilla/5.0 (Windows NT 10.0; Win64; x64) AppleWebKit/537.36 (KHTML, like Gecko) Chrome/78.0.3904.108 Safari/537.36"
[2019-11-29T14:59:28.454] [INFO] access - ::1 - - "POST /time/getTimeList HTTP/1.1" 200 4090 "http://localhost:9999/work-time" "Mozilla/5.0 (Windows NT 10.0; Win64; x64) AppleWebKit/537.36 (KHTML, like Gecko) Chrome/78.0.3904.108 Safari/537.36"
[2019-11-29T15:01:31.830] [INFO] access - ::1 - - "OPTIONS /time/getTimeList HTTP/1.1" 204 - "http://localhost:9999/work-time" "Mozilla/5.0 (Windows NT 10.0; Win64; x64) AppleWebKit/537.36 (KHTML, like Gecko) Chrome/78.0.3904.108 Safari/537.36"
[2019-11-29T15:01:32.070] [INFO] access - ::1 - - "POST /time/getTimeList HTTP/1.1" 200 4090 "http://localhost:9999/work-time" "Mozilla/5.0 (Windows NT 10.0; Win64; x64) AppleWebKit/537.36 (KHTML, like Gecko) Chrome/78.0.3904.108 Safari/537.36"
[2019-11-29T15:02:39.404] [INFO] access - ::1 - - "OPTIONS /time/getTimeList HTTP/1.1" 204 - "http://localhost:9999/work-time" "Mozilla/5.0 (Windows NT 10.0; Win64; x64) AppleWebKit/537.36 (KHTML, like Gecko) Chrome/78.0.3904.108 Safari/537.36"
[2019-11-29T15:02:39.574] [INFO] access - ::1 - - "POST /time/getTimeList HTTP/1.1" 200 4090 "http://localhost:9999/work-time" "Mozilla/5.0 (Windows NT 10.0; Win64; x64) AppleWebKit/537.36 (KHTML, like Gecko) Chrome/78.0.3904.108 Safari/537.36"
[2019-11-29T15:03:33.568] [INFO] access - ::1 - - "OPTIONS /time/getTimeList HTTP/1.1" 204 - "http://localhost:9999/work-time" "Mozilla/5.0 (Windows NT 10.0; Win64; x64) AppleWebKit/537.36 (KHTML, like Gecko) Chrome/78.0.3904.108 Safari/537.36"
[2019-11-29T15:03:34.164] [INFO] access - ::1 - - "POST /time/getTimeList HTTP/1.1" 200 4090 "http://localhost:9999/work-time" "Mozilla/5.0 (Windows NT 10.0; Win64; x64) AppleWebKit/537.36 (KHTML, like Gecko) Chrome/78.0.3904.108 Safari/537.36"
[2019-11-29T15:04:02.031] [INFO] access - ::1 - - "OPTIONS /time/getTimeList HTTP/1.1" 204 - "http://localhost:9999/work-time" "Mozilla/5.0 (Windows NT 10.0; Win64; x64) AppleWebKit/537.36 (KHTML, like Gecko) Chrome/78.0.3904.108 Safari/537.36"
[2019-11-29T15:04:03.087] [INFO] access - ::1 - - "POST /time/getTimeList HTTP/1.1" 200 4090 "http://localhost:9999/work-time" "Mozilla/5.0 (Windows NT 10.0; Win64; x64) AppleWebKit/537.36 (KHTML, like Gecko) Chrome/78.0.3904.108 Safari/537.36"
[2019-11-29T15:04:12.699] [INFO] access - ::1 - - "OPTIONS /time/getTimeList HTTP/1.1" 204 - "http://localhost:9999/work-time" "Mozilla/5.0 (Windows NT 10.0; Win64; x64) AppleWebKit/537.36 (KHTML, like Gecko) Chrome/78.0.3904.108 Safari/537.36"
[2019-11-29T15:04:12.897] [INFO] access - ::1 - - "POST /time/getTimeList HTTP/1.1" 200 4090 "http://localhost:9999/work-time" "Mozilla/5.0 (Windows NT 10.0; Win64; x64) AppleWebKit/537.36 (KHTML, like Gecko) Chrome/78.0.3904.108 Safari/537.36"
[2019-11-29T15:05:09.634] [INFO] access - ::1 - - "OPTIONS /system/getAllList HTTP/1.1" 204 - "http://localhost:9999/own-space" "Mozilla/5.0 (Windows NT 10.0; Win64; x64) AppleWebKit/537.36 (KHTML, like Gecko) Chrome/78.0.3904.108 Safari/537.36"
[2019-11-29T15:05:09.854] [INFO] access - ::1 - - "GET /system/getAllList HTTP/1.1" 200 45531 "http://localhost:9999/own-space" "Mozilla/5.0 (Windows NT 10.0; Win64; x64) AppleWebKit/537.36 (KHTML, like Gecko) Chrome/78.0.3904.108 Safari/537.36"
[2019-11-29T15:05:17.691] [INFO] access - ::1 - - "OPTIONS /system/systemTree HTTP/1.1" 204 - "http://localhost:9999/own-space" "Mozilla/5.0 (Windows NT 10.0; Win64; x64) AppleWebKit/537.36 (KHTML, like Gecko) Chrome/78.0.3904.108 Safari/537.36"
[2019-11-29T15:05:17.847] [INFO] access - ::1 - - "GET /system/systemTree HTTP/1.1" 200 50346 "http://localhost:9999/own-space" "Mozilla/5.0 (Windows NT 10.0; Win64; x64) AppleWebKit/537.36 (KHTML, like Gecko) Chrome/78.0.3904.108 Safari/537.36"
[2019-11-29T15:06:52.716] [INFO] access - ::1 - - "OPTIONS /login HTTP/1.1" 204 - "http://localhost:9999/login" "Mozilla/5.0 (Windows NT 10.0; Win64; x64) AppleWebKit/537.36 (KHTML, like Gecko) Chrome/78.0.3904.108 Safari/537.36"
[2019-11-29T15:06:53.940] [INFO] access - ::1 - - "POST /login HTTP/1.1" 200 1820 "http://localhost:9999/login" "Mozilla/5.0 (Windows NT 10.0; Win64; x64) AppleWebKit/537.36 (KHTML, like Gecko) Chrome/78.0.3904.108 Safari/537.36"
[2019-11-29T15:06:53.945] [INFO] access - ::1 - - "OPTIONS /user/info HTTP/1.1" 204 - "http://localhost:9999/login" "Mozilla/5.0 (Windows NT 10.0; Win64; x64) AppleWebKit/537.36 (KHTML, like Gecko) Chrome/78.0.3904.108 Safari/537.36"
[2019-11-29T15:06:54.397] [INFO] access - ::1 - - "GET /user/info HTTP/1.1" 200 750 "http://localhost:9999/login" "Mozilla/5.0 (Windows NT 10.0; Win64; x64) AppleWebKit/537.36 (KHTML, like Gecko) Chrome/78.0.3904.108 Safari/537.36"
[2019-11-29T15:06:55.046] [INFO] access - ::1 - - "OPTIONS /time/workTimeCount?userId=b02fd560-7020-11e9-aa87-37732e5007de HTTP/1.1" 204 - "http://localhost:9999/home" "Mozilla/5.0 (Windows NT 10.0; Win64; x64) AppleWebKit/537.36 (KHTML, like Gecko) Chrome/78.0.3904.108 Safari/537.36"
[2019-11-29T15:06:55.143] [INFO] access - ::1 - - "OPTIONS /user/getAllUser HTTP/1.1" 204 - "http://localhost:9999/home" "Mozilla/5.0 (Windows NT 10.0; Win64; x64) AppleWebKit/537.36 (KHTML, like Gecko) Chrome/78.0.3904.108 Safari/537.36"
[2019-11-29T15:06:55.148] [INFO] access - ::1 - - "OPTIONS /system/getAllList HTTP/1.1" 204 - "http://localhost:9999/home" "Mozilla/5.0 (Windows NT 10.0; Win64; x64) AppleWebKit/537.36 (KHTML, like Gecko) Chrome/78.0.3904.108 Safari/537.36"
[2019-11-29T15:06:56.160] [INFO] access - ::1 - - "GET /user/getAllUser HTTP/1.1" 200 18871 "http://localhost:9999/home" "Mozilla/5.0 (Windows NT 10.0; Win64; x64) AppleWebKit/537.36 (KHTML, like Gecko) Chrome/78.0.3904.108 Safari/537.36"
[2019-11-29T15:06:58.899] [INFO] access - ::1 - - "GET /system/getAllList HTTP/1.1" 200 45531 "http://localhost:9999/home" "Mozilla/5.0 (Windows NT 10.0; Win64; x64) AppleWebKit/537.36 (KHTML, like Gecko) Chrome/78.0.3904.108 Safari/537.36"
[2019-11-29T15:06:59.594] [INFO] access - ::1 - - "OPTIONS /user/userSystem HTTP/1.1" 204 - "http://localhost:9999/home" "Mozilla/5.0 (Windows NT 10.0; Win64; x64) AppleWebKit/537.36 (KHTML, like Gecko) Chrome/78.0.3904.108 Safari/537.36"
[2019-11-29T15:06:59.713] [INFO] access - ::1 - - "GET /time/workTimeCount?userId=b02fd560-7020-11e9-aa87-37732e5007de HTTP/1.1" 200 114 "http://localhost:9999/home" "Mozilla/5.0 (Windows NT 10.0; Win64; x64) AppleWebKit/537.36 (KHTML, like Gecko) Chrome/78.0.3904.108 Safari/537.36"
[2019-11-29T15:06:59.896] [INFO] access - ::1 - - "POST /user/userSystem HTTP/1.1" 200 6170 "http://localhost:9999/home" "Mozilla/5.0 (Windows NT 10.0; Win64; x64) AppleWebKit/537.36 (KHTML, like Gecko) Chrome/78.0.3904.108 Safari/537.36"
[2019-11-29T15:07:02.001] [INFO] access - ::1 - - "OPTIONS /time/workTimeSeach HTTP/1.1" 204 - "http://localhost:9999/home" "Mozilla/5.0 (Windows NT 10.0; Win64; x64) AppleWebKit/537.36 (KHTML, like Gecko) Chrome/78.0.3904.108 Safari/537.36"
[2019-11-29T15:07:02.003] [INFO] access - ::1 - - "OPTIONS /time/getMapTime HTTP/1.1" 204 - "http://localhost:9999/home" "Mozilla/5.0 (Windows NT 10.0; Win64; x64) AppleWebKit/537.36 (KHTML, like Gecko) Chrome/78.0.3904.108 Safari/537.36"
[2019-11-29T15:07:02.467] [INFO] access - ::1 - - "POST /time/getMapTime HTTP/1.1" 200 4853 "http://localhost:9999/home" "Mozilla/5.0 (Windows NT 10.0; Win64; x64) AppleWebKit/537.36 (KHTML, like Gecko) Chrome/78.0.3904.108 Safari/537.36"
[2019-11-29T15:07:02.550] [INFO] access - ::1 - - "POST /time/workTimeSeach HTTP/1.1" 200 7097 "http://localhost:9999/home" "Mozilla/5.0 (Windows NT 10.0; Win64; x64) AppleWebKit/537.36 (KHTML, like Gecko) Chrome/78.0.3904.108 Safari/537.36"
[2019-11-29T15:16:21.361] [INFO] access - ::1 - - "OPTIONS /time/resetTime HTTP/1.1" 204 - "http://localhost:9999/home" "Mozilla/5.0 (Windows NT 10.0; Win64; x64) AppleWebKit/537.36 (KHTML, like Gecko) Chrome/78.0.3904.108 Safari/537.36"
[2019-11-29T15:16:26.364] [INFO] access - ::1 - - "GET /time/resetTime HTTP/1.1" 200 31 "http://localhost:9999/home" "Mozilla/5.0 (Windows NT 10.0; Win64; x64) AppleWebKit/537.36 (KHTML, like Gecko) Chrome/78.0.3904.108 Safari/537.36"
[2019-11-29T15:16:29.239] [INFO] access - ::1 - - "OPTIONS /time/workTimeCount?userId=b02fd560-7020-11e9-aa87-37732e5007de HTTP/1.1" 204 - "http://localhost:9999/home" "Mozilla/5.0 (Windows NT 10.0; Win64; x64) AppleWebKit/537.36 (KHTML, like Gecko) Chrome/78.0.3904.108 Safari/537.36"
[2019-11-29T15:16:29.240] [INFO] access - ::1 - - "OPTIONS /user/getAllUser HTTP/1.1" 204 - "http://localhost:9999/home" "Mozilla/5.0 (Windows NT 10.0; Win64; x64) AppleWebKit/537.36 (KHTML, like Gecko) Chrome/78.0.3904.108 Safari/537.36"
[2019-11-29T15:16:29.241] [INFO] access - ::1 - - "OPTIONS /system/getAllList HTTP/1.1" 204 - "http://localhost:9999/home" "Mozilla/5.0 (Windows NT 10.0; Win64; x64) AppleWebKit/537.36 (KHTML, like Gecko) Chrome/78.0.3904.108 Safari/537.36"
[2019-11-29T15:16:29.300] [INFO] access - ::1 - - "GET /user/getAllUser HTTP/1.1" 200 18871 "http://localhost:9999/home" "Mozilla/5.0 (Windows NT 10.0; Win64; x64) AppleWebKit/537.36 (KHTML, like Gecko) Chrome/78.0.3904.108 Safari/537.36"
[2019-11-29T15:16:29.332] [INFO] access - ::1 - - "GET /system/getAllList HTTP/1.1" 200 45531 "http://localhost:9999/home" "Mozilla/5.0 (Windows NT 10.0; Win64; x64) AppleWebKit/537.36 (KHTML, like Gecko) Chrome/78.0.3904.108 Safari/537.36"
[2019-11-29T15:16:29.438] [INFO] access - ::1 - - "GET /time/workTimeCount?userId=b02fd560-7020-11e9-aa87-37732e5007de HTTP/1.1" 200 114 "http://localhost:9999/home" "Mozilla/5.0 (Windows NT 10.0; Win64; x64) AppleWebKit/537.36 (KHTML, like Gecko) Chrome/78.0.3904.108 Safari/537.36"
