[2020-05-18T14:43:16.904] [INFO] access - ::1 - - "OPTIONS /login HTTP/1.1" 204 - "http://localhost:9999/login" "Mozilla/5.0 (Windows NT 10.0; Win64; x64) AppleWebKit/537.36 (KHTML, like Gecko) Chrome/81.0.4044.92 Safari/537.36"
[2020-05-18T14:43:17.918] [INFO] access - ::1 - - "POST /login HTTP/1.1" 200 43 "http://localhost:9999/login" "Mozilla/5.0 (Windows NT 10.0; Win64; x64) AppleWebKit/537.36 (KHTML, like Gecko) Chrome/81.0.4044.92 Safari/537.36"
[2020-05-18T14:43:22.825] [INFO] access - ::1 - - "OPTIONS /login HTTP/1.1" 204 - "http://localhost:9999/login" "Mozilla/5.0 (Windows NT 10.0; Win64; x64) AppleWebKit/537.36 (KHTML, like Gecko) Chrome/81.0.4044.92 Safari/537.36"
[2020-05-18T14:43:22.835] [INFO] access - ::1 - - "POST /login HTTP/1.1" 200 1820 "http://localhost:9999/login" "Mozilla/5.0 (Windows NT 10.0; Win64; x64) AppleWebKit/537.36 (KHTML, like Gecko) Chrome/81.0.4044.92 Safari/537.36"
[2020-05-18T14:43:22.840] [INFO] access - ::1 - - "OPTIONS /user/info HTTP/1.1" 204 - "http://localhost:9999/login" "Mozilla/5.0 (Windows NT 10.0; Win64; x64) AppleWebKit/537.36 (KHTML, like Gecko) Chrome/81.0.4044.92 Safari/537.36"
[2020-05-18T14:43:22.845] [INFO] access - ::1 - - "GET /user/info HTTP/1.1" 200 750 "http://localhost:9999/login" "Mozilla/5.0 (Windows NT 10.0; Win64; x64) AppleWebKit/537.36 (KHTML, like Gecko) Chrome/81.0.4044.92 Safari/537.36"
[2020-05-18T14:43:23.414] [INFO] access - ::1 - - "OPTIONS /time/workTimeCount?userId=b02fd560-7020-11e9-aa87-37732e5007de HTTP/1.1" 204 - "http://localhost:9999/home" "Mozilla/5.0 (Windows NT 10.0; Win64; x64) AppleWebKit/537.36 (KHTML, like Gecko) Chrome/81.0.4044.92 Safari/537.36"
[2020-05-18T14:43:23.417] [INFO] access - ::1 - - "OPTIONS /user/getAllUser HTTP/1.1" 204 - "http://localhost:9999/home" "Mozilla/5.0 (Windows NT 10.0; Win64; x64) AppleWebKit/537.36 (KHTML, like Gecko) Chrome/81.0.4044.92 Safari/537.36"
[2020-05-18T14:43:23.420] [INFO] access - ::1 - - "OPTIONS /system/getAllList HTTP/1.1" 204 - "http://localhost:9999/home" "Mozilla/5.0 (Windows NT 10.0; Win64; x64) AppleWebKit/537.36 (KHTML, like Gecko) Chrome/81.0.4044.92 Safari/537.36"
[2020-05-18T14:43:23.439] [INFO] access - ::1 - - "GET /user/getAllUser HTTP/1.1" 200 18871 "http://localhost:9999/home" "Mozilla/5.0 (Windows NT 10.0; Win64; x64) AppleWebKit/537.36 (KHTML, like Gecko) Chrome/81.0.4044.92 Safari/537.36"
[2020-05-18T14:43:23.595] [INFO] access - ::1 - - "GET /system/getAllList HTTP/1.1" 200 45531 "http://localhost:9999/home" "Mozilla/5.0 (Windows NT 10.0; Win64; x64) AppleWebKit/537.36 (KHTML, like Gecko) Chrome/81.0.4044.92 Safari/537.36"
[2020-05-18T14:43:23.734] [INFO] access - ::1 - - "GET /time/workTimeCount?userId=b02fd560-7020-11e9-aa87-37732e5007de HTTP/1.1" 200 101 "http://localhost:9999/home" "Mozilla/5.0 (Windows NT 10.0; Win64; x64) AppleWebKit/537.36 (KHTML, like Gecko) Chrome/81.0.4044.92 Safari/537.36"
[2020-05-18T14:43:26.655] [INFO] access - ::1 - - "OPTIONS /department/getByParentId/0 HTTP/1.1" 204 - "http://localhost:9999/user-manage" "Mozilla/5.0 (Windows NT 10.0; Win64; x64) AppleWebKit/537.36 (KHTML, like Gecko) Chrome/81.0.4044.92 Safari/537.36"
[2020-05-18T14:43:26.664] [INFO] access - ::1 - - "OPTIONS /user/getByCondition?userName=&departmentId=&email=&type=&status=&pageNumber=1&pageSize=20&sort=createTime&order=desc&startDate=&endDate= HTTP/1.1" 204 - "http://localhost:9999/user-manage" "Mozilla/5.0 (Windows NT 10.0; Win64; x64) AppleWebKit/537.36 (KHTML, like Gecko) Chrome/81.0.4044.92 Safari/537.36"
[2020-05-18T14:43:26.686] [INFO] access - ::1 - - "GET /department/getByParentId/0 HTTP/1.1" 200 379 "http://localhost:9999/user-manage" "Mozilla/5.0 (Windows NT 10.0; Win64; x64) AppleWebKit/537.36 (KHTML, like Gecko) Chrome/81.0.4044.92 Safari/537.36"
[2020-05-18T14:43:26.718] [INFO] access - ::1 - - "GET /user/getByCondition?userName=&departmentId=&email=&type=&status=&pageNumber=1&pageSize=20&sort=createTime&order=desc&startDate=&endDate= HTTP/1.1" 200 18909 "http://localhost:9999/user-manage" "Mozilla/5.0 (Windows NT 10.0; Win64; x64) AppleWebKit/537.36 (KHTML, like Gecko) Chrome/81.0.4044.92 Safari/537.36"
[2020-05-18T14:43:42.933] [INFO] access - ::1 - - "OPTIONS /user/admin/resetPassword HTTP/1.1" 204 - "http://localhost:9999/user-manage" "Mozilla/5.0 (Windows NT 10.0; Win64; x64) AppleWebKit/537.36 (KHTML, like Gecko) Chrome/81.0.4044.92 Safari/537.36"
[2020-05-18T14:43:43.075] [INFO] access - ::1 - - "POST /user/admin/resetPassword HTTP/1.1" 200 58 "http://localhost:9999/user-manage" "Mozilla/5.0 (Windows NT 10.0; Win64; x64) AppleWebKit/537.36 (KHTML, like Gecko) Chrome/81.0.4044.92 Safari/537.36"
[2020-05-18T14:43:50.568] [INFO] access - ::1 - - "OPTIONS /system/getAllList HTTP/1.1" 204 - "http://localhost:9999/own-space" "Mozilla/5.0 (Windows NT 10.0; Win64; x64) AppleWebKit/537.36 (KHTML, like Gecko) Chrome/81.0.4044.92 Safari/537.36"
[2020-05-18T14:43:50.610] [INFO] access - ::1 - - "GET /system/getAllList HTTP/1.1" 200 45531 "http://localhost:9999/own-space" "Mozilla/5.0 (Windows NT 10.0; Win64; x64) AppleWebKit/537.36 (KHTML, like Gecko) Chrome/81.0.4044.92 Safari/537.36"
[2020-05-18T15:23:23.333] [INFO] access - ::1 - - "OPTIONS /time/workTimeCount?userId=b02fd560-7020-11e9-aa87-37732e5007de HTTP/1.1" 204 - "http://localhost:9999/home" "Mozilla/5.0 (Windows NT 10.0; Win64; x64) AppleWebKit/537.36 (KHTML, like Gecko) Chrome/81.0.4044.92 Safari/537.36"
[2020-05-18T15:23:23.337] [INFO] access - ::1 - - "OPTIONS /user/getAllUser HTTP/1.1" 204 - "http://localhost:9999/home" "Mozilla/5.0 (Windows NT 10.0; Win64; x64) AppleWebKit/537.36 (KHTML, like Gecko) Chrome/81.0.4044.92 Safari/537.36"
[2020-05-18T15:23:23.338] [INFO] access - ::1 - - "OPTIONS /system/getAllList HTTP/1.1" 204 - "http://localhost:9999/home" "Mozilla/5.0 (Windows NT 10.0; Win64; x64) AppleWebKit/537.36 (KHTML, like Gecko) Chrome/81.0.4044.92 Safari/537.36"
[2020-05-18T15:23:23.370] [INFO] access - ::1 - - "GET /user/getAllUser HTTP/1.1" 200 18871 "http://localhost:9999/home" "Mozilla/5.0 (Windows NT 10.0; Win64; x64) AppleWebKit/537.36 (KHTML, like Gecko) Chrome/81.0.4044.92 Safari/537.36"
[2020-05-18T15:23:23.410] [INFO] access - ::1 - - "GET /system/getAllList HTTP/1.1" 200 45531 "http://localhost:9999/home" "Mozilla/5.0 (Windows NT 10.0; Win64; x64) AppleWebKit/537.36 (KHTML, like Gecko) Chrome/81.0.4044.92 Safari/537.36"
[2020-05-18T15:23:23.422] [INFO] access - ::1 - - "GET /time/workTimeCount?userId=b02fd560-7020-11e9-aa87-37732e5007de HTTP/1.1" 200 101 "http://localhost:9999/home" "Mozilla/5.0 (Windows NT 10.0; Win64; x64) AppleWebKit/537.36 (KHTML, like Gecko) Chrome/81.0.4044.92 Safari/537.36"
[2020-05-18T15:23:31.770] [INFO] access - ::1 - - "OPTIONS /template/list?userId=b02fd560-7020-11e9-aa87-37732e5007de HTTP/1.1" 204 - "http://localhost:9999/summary" "Mozilla/5.0 (Windows NT 10.0; Win64; x64) AppleWebKit/537.36 (KHTML, like Gecko) Chrome/81.0.4044.92 Safari/537.36"
[2020-05-18T15:23:31.776] [INFO] access - ::1 - - "GET /template/list?userId=b02fd560-7020-11e9-aa87-37732e5007de HTTP/1.1" 200 41 "http://localhost:9999/summary" "Mozilla/5.0 (Windows NT 10.0; Win64; x64) AppleWebKit/537.36 (KHTML, like Gecko) Chrome/81.0.4044.92 Safari/537.36"
[2020-05-18T15:23:36.057] [INFO] access - ::1 - - "OPTIONS /system/getAllList HTTP/1.1" 204 - "http://localhost:9999/own-space" "Mozilla/5.0 (Windows NT 10.0; Win64; x64) AppleWebKit/537.36 (KHTML, like Gecko) Chrome/81.0.4044.92 Safari/537.36"
[2020-05-18T15:23:36.089] [INFO] access - ::1 - - "GET /system/getAllList HTTP/1.1" 200 45531 "http://localhost:9999/own-space" "Mozilla/5.0 (Windows NT 10.0; Win64; x64) AppleWebKit/537.36 (KHTML, like Gecko) Chrome/81.0.4044.92 Safari/537.36"
[2020-05-18T15:23:37.869] [INFO] access - ::1 - - "OPTIONS /template/listALL?time= HTTP/1.1" 204 - "http://localhost:9999/summary/seach" "Mozilla/5.0 (Windows NT 10.0; Win64; x64) AppleWebKit/537.36 (KHTML, like Gecko) Chrome/81.0.4044.92 Safari/537.36"
[2020-05-18T15:23:37.911] [INFO] access - ::1 - - "GET /template/listALL?time= HTTP/1.1" 200 30887 "http://localhost:9999/summary/seach" "Mozilla/5.0 (Windows NT 10.0; Win64; x64) AppleWebKit/537.36 (KHTML, like Gecko) Chrome/81.0.4044.92 Safari/537.36"
[2020-05-18T15:23:50.579] [INFO] access - ::1 - - "OPTIONS /template/list?userId=b02fd560-7020-11e9-aa87-37732e5007de HTTP/1.1" 204 - "http://localhost:9999/summary" "Mozilla/5.0 (Windows NT 10.0; Win64; x64) AppleWebKit/537.36 (KHTML, like Gecko) Chrome/81.0.4044.92 Safari/537.36"
[2020-05-18T15:23:50.583] [INFO] access - ::1 - - "GET /template/list?userId=b02fd560-7020-11e9-aa87-37732e5007de HTTP/1.1" 200 41 "http://localhost:9999/summary" "Mozilla/5.0 (Windows NT 10.0; Win64; x64) AppleWebKit/537.36 (KHTML, like Gecko) Chrome/81.0.4044.92 Safari/537.36"
[2020-05-18T15:23:57.719] [INFO] access - ::1 - - "OPTIONS /department/getByParentId/0 HTTP/1.1" 204 - "http://localhost:9999/department-manage" "Mozilla/5.0 (Windows NT 10.0; Win64; x64) AppleWebKit/537.36 (KHTML, like Gecko) Chrome/81.0.4044.92 Safari/537.36"
[2020-05-18T15:23:57.720] [INFO] access - ::1 - - "OPTIONS /department/getByParentId/0 HTTP/1.1" 204 - "http://localhost:9999/department-manage" "Mozilla/5.0 (Windows NT 10.0; Win64; x64) AppleWebKit/537.36 (KHTML, like Gecko) Chrome/81.0.4044.92 Safari/537.36"
[2020-05-18T15:23:57.732] [INFO] access - ::1 - - "GET /department/getByParentId/0 HTTP/1.1" 200 379 "http://localhost:9999/department-manage" "Mozilla/5.0 (Windows NT 10.0; Win64; x64) AppleWebKit/537.36 (KHTML, like Gecko) Chrome/81.0.4044.92 Safari/537.36"
[2020-05-18T15:23:57.738] [INFO] access - ::1 - - "GET /department/getByParentId/0 HTTP/1.1" 200 379 "http://localhost:9999/department-manage" "Mozilla/5.0 (Windows NT 10.0; Win64; x64) AppleWebKit/537.36 (KHTML, like Gecko) Chrome/81.0.4044.92 Safari/537.36"
[2020-05-18T15:23:58.943] [INFO] access - ::1 - - "OPTIONS /time/workTimeCount?userId=b02fd560-7020-11e9-aa87-37732e5007de HTTP/1.1" 204 - "http://localhost:9999/home" "Mozilla/5.0 (Windows NT 10.0; Win64; x64) AppleWebKit/537.36 (KHTML, like Gecko) Chrome/81.0.4044.92 Safari/537.36"
[2020-05-18T15:23:58.944] [INFO] access - ::1 - - "OPTIONS /user/getAllUser HTTP/1.1" 204 - "http://localhost:9999/home" "Mozilla/5.0 (Windows NT 10.0; Win64; x64) AppleWebKit/537.36 (KHTML, like Gecko) Chrome/81.0.4044.92 Safari/537.36"
[2020-05-18T15:23:58.946] [INFO] access - ::1 - - "OPTIONS /system/getAllList HTTP/1.1" 204 - "http://localhost:9999/home" "Mozilla/5.0 (Windows NT 10.0; Win64; x64) AppleWebKit/537.36 (KHTML, like Gecko) Chrome/81.0.4044.92 Safari/537.36"
[2020-05-18T15:23:58.956] [INFO] access - ::1 - - "GET /user/getAllUser HTTP/1.1" 200 18871 "http://localhost:9999/home" "Mozilla/5.0 (Windows NT 10.0; Win64; x64) AppleWebKit/537.36 (KHTML, like Gecko) Chrome/81.0.4044.92 Safari/537.36"
[2020-05-18T15:23:58.987] [INFO] access - ::1 - - "GET /system/getAllList HTTP/1.1" 200 45531 "http://localhost:9999/home" "Mozilla/5.0 (Windows NT 10.0; Win64; x64) AppleWebKit/537.36 (KHTML, like Gecko) Chrome/81.0.4044.92 Safari/537.36"
[2020-05-18T15:23:58.999] [INFO] access - ::1 - - "GET /time/workTimeCount?userId=b02fd560-7020-11e9-aa87-37732e5007de HTTP/1.1" 200 101 "http://localhost:9999/home" "Mozilla/5.0 (Windows NT 10.0; Win64; x64) AppleWebKit/537.36 (KHTML, like Gecko) Chrome/81.0.4044.92 Safari/537.36"
[2020-05-18T15:37:45.775] [INFO] access - ::1 - - "OPTIONS /template/list?userId=b02fd560-7020-11e9-aa87-37732e5007de HTTP/1.1" 204 - "http://localhost:9999/summary" "Mozilla/5.0 (Windows NT 10.0; Win64; x64) AppleWebKit/537.36 (KHTML, like Gecko) Chrome/81.0.4044.92 Safari/537.36"
[2020-05-18T15:37:45.780] [INFO] access - ::1 - - "GET /template/list?userId=b02fd560-7020-11e9-aa87-37732e5007de HTTP/1.1" 200 41 "http://localhost:9999/summary" "Mozilla/5.0 (Windows NT 10.0; Win64; x64) AppleWebKit/537.36 (KHTML, like Gecko) Chrome/81.0.4044.92 Safari/537.36"
[2020-05-18T15:37:50.071] [INFO] access - ::1 - - "OPTIONS /template/listALL?time= HTTP/1.1" 204 - "http://localhost:9999/summary/seach" "Mozilla/5.0 (Windows NT 10.0; Win64; x64) AppleWebKit/537.36 (KHTML, like Gecko) Chrome/81.0.4044.92 Safari/537.36"
[2020-05-18T15:37:50.104] [INFO] access - ::1 - - "GET /template/listALL?time= HTTP/1.1" 200 30887 "http://localhost:9999/summary/seach" "Mozilla/5.0 (Windows NT 10.0; Win64; x64) AppleWebKit/537.36 (KHTML, like Gecko) Chrome/81.0.4044.92 Safari/537.36"
[2020-05-18T15:38:40.967] [INFO] access - ::1 - - "OPTIONS /template/listALL?time= HTTP/1.1" 204 - "http://localhost:9999/summary/seach" "Mozilla/5.0 (Windows NT 10.0; Win64; x64) AppleWebKit/537.36 (KHTML, like Gecko) Chrome/81.0.4044.92 Safari/537.36"
[2020-05-18T15:38:40.993] [INFO] access - ::1 - - "GET /template/listALL?time= HTTP/1.1" 200 30887 "http://localhost:9999/summary/seach" "Mozilla/5.0 (Windows NT 10.0; Win64; x64) AppleWebKit/537.36 (KHTML, like Gecko) Chrome/81.0.4044.92 Safari/537.36"
