[2020-01-10T13:40:42.393] [INFO] access - ::1 - - "OPTIONS /time/getTimeList HTTP/1.1" 204 - "http://localhost:9999/work-time" "Mozilla/5.0 (Windows NT 10.0; Win64; x64) AppleWebKit/537.36 (KHTML, like Gecko) Chrome/78.0.3904.108 Safari/537.36"
[2020-01-10T13:40:43.153] [INFO] access - ::1 - - "POST /time/getTimeList HTTP/1.1" 200 3741 "http://localhost:9999/work-time" "Mozilla/5.0 (Windows NT 10.0; Win64; x64) AppleWebKit/537.36 (KHTML, like Gecko) Chrome/78.0.3904.108 Safari/537.36"
[2020-01-10T13:40:53.077] [INFO] access - ::1 - - "OPTIONS /login HTTP/1.1" 204 - "http://localhost:9999/login" "Mozilla/5.0 (Windows NT 10.0; Win64; x64) AppleWebKit/537.36 (KHTML, like Gecko) Chrome/78.0.3904.108 Safari/537.36"
[2020-01-10T13:40:53.122] [INFO] access - ::1 - - "POST /login HTTP/1.1" 200 3511 "http://localhost:9999/login" "Mozilla/5.0 (Windows NT 10.0; Win64; x64) AppleWebKit/537.36 (KHTML, like Gecko) Chrome/78.0.3904.108 Safari/537.36"
[2020-01-10T13:40:53.127] [INFO] access - ::1 - - "OPTIONS /user/info HTTP/1.1" 204 - "http://localhost:9999/login" "Mozilla/5.0 (Windows NT 10.0; Win64; x64) AppleWebKit/537.36 (KHTML, like Gecko) Chrome/78.0.3904.108 Safari/537.36"
[2020-01-10T13:40:53.134] [INFO] access - ::1 - - "GET /user/info HTTP/1.1" 200 1475 "http://localhost:9999/login" "Mozilla/5.0 (Windows NT 10.0; Win64; x64) AppleWebKit/537.36 (KHTML, like Gecko) Chrome/78.0.3904.108 Safari/537.36"
[2020-01-10T13:40:59.104] [INFO] access - ::1 - - "OPTIONS /template/list?userId=7861a6f0-7024-11e9-85e6-9f1338560125 HTTP/1.1" 204 - "http://localhost:9999/summary" "Mozilla/5.0 (Windows NT 10.0; Win64; x64) AppleWebKit/537.36 (KHTML, like Gecko) Chrome/78.0.3904.108 Safari/537.36"
[2020-01-10T13:40:59.154] [INFO] access - ::1 - - "GET /template/list?userId=7861a6f0-7024-11e9-85e6-9f1338560125 HTTP/1.1" 200 30896 "http://localhost:9999/summary" "Mozilla/5.0 (Windows NT 10.0; Win64; x64) AppleWebKit/537.36 (KHTML, like Gecko) Chrome/78.0.3904.108 Safari/537.36"
[2020-01-10T13:41:02.808] [INFO] access - ::1 - - "OPTIONS /time/getTimeList HTTP/1.1" 204 - "http://localhost:9999/work-time" "Mozilla/5.0 (Windows NT 10.0; Win64; x64) AppleWebKit/537.36 (KHTML, like Gecko) Chrome/78.0.3904.108 Safari/537.36"
[2020-01-10T13:41:02.925] [INFO] access - ::1 - - "POST /time/getTimeList HTTP/1.1" 200 3741 "http://localhost:9999/work-time" "Mozilla/5.0 (Windows NT 10.0; Win64; x64) AppleWebKit/537.36 (KHTML, like Gecko) Chrome/78.0.3904.108 Safari/537.36"
[2020-01-10T13:41:09.634] [INFO] access - ::1 - - "OPTIONS /time/postTime HTTP/1.1" 204 - "http://localhost:9999/work-time" "Mozilla/5.0 (Windows NT 10.0; Win64; x64) AppleWebKit/537.36 (KHTML, like Gecko) Chrome/78.0.3904.108 Safari/537.36"
[2020-01-10T13:41:10.016] [INFO] access - ::1 - - "POST /time/postTime HTTP/1.1" 200 436 "http://localhost:9999/work-time" "Mozilla/5.0 (Windows NT 10.0; Win64; x64) AppleWebKit/537.36 (KHTML, like Gecko) Chrome/78.0.3904.108 Safari/537.36"
[2020-01-10T13:41:13.966] [INFO] access - ::1 - - "OPTIONS /template/list?userId=7861a6f0-7024-11e9-85e6-9f1338560125 HTTP/1.1" 204 - "http://localhost:9999/summary" "Mozilla/5.0 (Windows NT 10.0; Win64; x64) AppleWebKit/537.36 (KHTML, like Gecko) Chrome/78.0.3904.108 Safari/537.36"
[2020-01-10T13:41:14.010] [INFO] access - ::1 - - "GET /template/list?userId=7861a6f0-7024-11e9-85e6-9f1338560125 HTTP/1.1" 200 30896 "http://localhost:9999/summary" "Mozilla/5.0 (Windows NT 10.0; Win64; x64) AppleWebKit/537.36 (KHTML, like Gecko) Chrome/78.0.3904.108 Safari/537.36"
[2020-01-10T13:44:33.434] [INFO] access - ::1 - - "OPTIONS /template/commit HTTP/1.1" 204 - "http://localhost:9999/summary" "Mozilla/5.0 (Windows NT 10.0; Win64; x64) AppleWebKit/537.36 (KHTML, like Gecko) Chrome/78.0.3904.108 Safari/537.36"
[2020-01-10T13:44:33.510] [INFO] access - ::1 - - "POST /template/commit HTTP/1.1" 200 31 "http://localhost:9999/summary" "Mozilla/5.0 (Windows NT 10.0; Win64; x64) AppleWebKit/537.36 (KHTML, like Gecko) Chrome/78.0.3904.108 Safari/537.36"
[2020-01-10T13:44:35.641] [INFO] access - ::1 - - "POST /template/commit HTTP/1.1" 200 31 "http://localhost:9999/summary" "Mozilla/5.0 (Windows NT 10.0; Win64; x64) AppleWebKit/537.36 (KHTML, like Gecko) Chrome/78.0.3904.108 Safari/537.36"
[2020-01-10T13:44:37.403] [INFO] access - ::1 - - "POST /template/commit HTTP/1.1" 200 31 "http://localhost:9999/summary" "Mozilla/5.0 (Windows NT 10.0; Win64; x64) AppleWebKit/537.36 (KHTML, like Gecko) Chrome/78.0.3904.108 Safari/537.36"
[2020-01-10T13:45:04.417] [INFO] access - ::1 - - "OPTIONS /template/commit HTTP/1.1" 204 - "http://localhost:9999/summary" "Mozilla/5.0 (Windows NT 10.0; Win64; x64) AppleWebKit/537.36 (KHTML, like Gecko) Chrome/78.0.3904.108 Safari/537.36"
[2020-01-10T13:45:04.422] [INFO] access - ::1 - - "POST /template/commit HTTP/1.1" 200 31 "http://localhost:9999/summary" "Mozilla/5.0 (Windows NT 10.0; Win64; x64) AppleWebKit/537.36 (KHTML, like Gecko) Chrome/78.0.3904.108 Safari/537.36"
[2020-01-10T13:45:06.361] [INFO] access - ::1 - - "POST /template/commit HTTP/1.1" 200 31 "http://localhost:9999/summary" "Mozilla/5.0 (Windows NT 10.0; Win64; x64) AppleWebKit/537.36 (KHTML, like Gecko) Chrome/78.0.3904.108 Safari/537.36"
[2020-01-10T13:45:08.162] [INFO] access - ::1 - - "POST /template/commit HTTP/1.1" 200 31 "http://localhost:9999/summary" "Mozilla/5.0 (Windows NT 10.0; Win64; x64) AppleWebKit/537.36 (KHTML, like Gecko) Chrome/78.0.3904.108 Safari/537.36"
[2020-01-10T13:45:10.183] [INFO] access - ::1 - - "OPTIONS /template/commit HTTP/1.1" 204 - "http://localhost:9999/summary" "Mozilla/5.0 (Windows NT 10.0; Win64; x64) AppleWebKit/537.36 (KHTML, like Gecko) Chrome/78.0.3904.108 Safari/537.36"
[2020-01-10T13:45:10.188] [INFO] access - ::1 - - "POST /template/commit HTTP/1.1" 200 31 "http://localhost:9999/summary" "Mozilla/5.0 (Windows NT 10.0; Win64; x64) AppleWebKit/537.36 (KHTML, like Gecko) Chrome/78.0.3904.108 Safari/537.36"
[2020-01-10T13:45:11.809] [INFO] access - ::1 - - "POST /template/commit HTTP/1.1" 200 31 "http://localhost:9999/summary" "Mozilla/5.0 (Windows NT 10.0; Win64; x64) AppleWebKit/537.36 (KHTML, like Gecko) Chrome/78.0.3904.108 Safari/537.36"
[2020-01-10T13:45:13.577] [INFO] access - ::1 - - "POST /template/commit HTTP/1.1" 200 31 "http://localhost:9999/summary" "Mozilla/5.0 (Windows NT 10.0; Win64; x64) AppleWebKit/537.36 (KHTML, like Gecko) Chrome/78.0.3904.108 Safari/537.36"
[2020-01-10T13:45:35.422] [INFO] access - ::1 - - "OPTIONS /login HTTP/1.1" 204 - "http://localhost:9999/login" "Mozilla/5.0 (Windows NT 10.0; Win64; x64) AppleWebKit/537.36 (KHTML, like Gecko) Chrome/78.0.3904.108 Safari/537.36"
[2020-01-10T13:45:35.432] [INFO] access - ::1 - - "POST /login HTTP/1.1" 200 1820 "http://localhost:9999/login" "Mozilla/5.0 (Windows NT 10.0; Win64; x64) AppleWebKit/537.36 (KHTML, like Gecko) Chrome/78.0.3904.108 Safari/537.36"
[2020-01-10T13:45:35.437] [INFO] access - ::1 - - "OPTIONS /user/info HTTP/1.1" 204 - "http://localhost:9999/login" "Mozilla/5.0 (Windows NT 10.0; Win64; x64) AppleWebKit/537.36 (KHTML, like Gecko) Chrome/78.0.3904.108 Safari/537.36"
[2020-01-10T13:45:35.441] [INFO] access - ::1 - - "GET /user/info HTTP/1.1" 200 750 "http://localhost:9999/login" "Mozilla/5.0 (Windows NT 10.0; Win64; x64) AppleWebKit/537.36 (KHTML, like Gecko) Chrome/78.0.3904.108 Safari/537.36"
[2020-01-10T13:45:35.898] [INFO] access - ::1 - - "OPTIONS /time/workTimeCount?userId=b02fd560-7020-11e9-aa87-37732e5007de HTTP/1.1" 204 - "http://localhost:9999/home" "Mozilla/5.0 (Windows NT 10.0; Win64; x64) AppleWebKit/537.36 (KHTML, like Gecko) Chrome/78.0.3904.108 Safari/537.36"
[2020-01-10T13:45:35.900] [INFO] access - ::1 - - "OPTIONS /user/getAllUser HTTP/1.1" 204 - "http://localhost:9999/home" "Mozilla/5.0 (Windows NT 10.0; Win64; x64) AppleWebKit/537.36 (KHTML, like Gecko) Chrome/78.0.3904.108 Safari/537.36"
[2020-01-10T13:45:35.901] [INFO] access - ::1 - - "OPTIONS /system/getAllList HTTP/1.1" 204 - "http://localhost:9999/home" "Mozilla/5.0 (Windows NT 10.0; Win64; x64) AppleWebKit/537.36 (KHTML, like Gecko) Chrome/78.0.3904.108 Safari/537.36"
[2020-01-10T13:45:35.923] [INFO] access - ::1 - - "GET /user/getAllUser HTTP/1.1" 200 18871 "http://localhost:9999/home" "Mozilla/5.0 (Windows NT 10.0; Win64; x64) AppleWebKit/537.36 (KHTML, like Gecko) Chrome/78.0.3904.108 Safari/537.36"
[2020-01-10T13:45:35.984] [INFO] access - ::1 - - "GET /system/getAllList HTTP/1.1" 200 45531 "http://localhost:9999/home" "Mozilla/5.0 (Windows NT 10.0; Win64; x64) AppleWebKit/537.36 (KHTML, like Gecko) Chrome/78.0.3904.108 Safari/537.36"
[2020-01-10T13:45:36.021] [INFO] access - ::1 - - "GET /time/workTimeCount?userId=b02fd560-7020-11e9-aa87-37732e5007de HTTP/1.1" 200 101 "http://localhost:9999/home" "Mozilla/5.0 (Windows NT 10.0; Win64; x64) AppleWebKit/537.36 (KHTML, like Gecko) Chrome/78.0.3904.108 Safari/537.36"
[2020-01-10T13:45:39.542] [INFO] access - ::1 - - "OPTIONS /template/list?userId=b02fd560-7020-11e9-aa87-37732e5007de HTTP/1.1" 204 - "http://localhost:9999/summary" "Mozilla/5.0 (Windows NT 10.0; Win64; x64) AppleWebKit/537.36 (KHTML, like Gecko) Chrome/78.0.3904.108 Safari/537.36"
[2020-01-10T13:45:39.551] [INFO] access - ::1 - - "GET /template/list?userId=b02fd560-7020-11e9-aa87-37732e5007de HTTP/1.1" 200 41 "http://localhost:9999/summary" "Mozilla/5.0 (Windows NT 10.0; Win64; x64) AppleWebKit/537.36 (KHTML, like Gecko) Chrome/78.0.3904.108 Safari/537.36"
[2020-01-10T13:45:41.705] [INFO] access - ::1 - - "OPTIONS /template/listALL?time= HTTP/1.1" 204 - "http://localhost:9999/summary/seach" "Mozilla/5.0 (Windows NT 10.0; Win64; x64) AppleWebKit/537.36 (KHTML, like Gecko) Chrome/78.0.3904.108 Safari/537.36"
[2020-01-10T13:45:41.738] [INFO] access - ::1 - - "GET /template/listALL?time= HTTP/1.1" 200 30887 "http://localhost:9999/summary/seach" "Mozilla/5.0 (Windows NT 10.0; Win64; x64) AppleWebKit/537.36 (KHTML, like Gecko) Chrome/78.0.3904.108 Safari/537.36"
[2020-01-10T13:45:53.633] [INFO] access - ::1 - - "OPTIONS /template/listALL?time= HTTP/1.1" 204 - "http://localhost:9999/summary/seach" "Mozilla/5.0 (Windows NT 10.0; Win64; x64) AppleWebKit/537.36 (KHTML, like Gecko) Chrome/78.0.3904.108 Safari/537.36"
[2020-01-10T13:45:53.663] [INFO] access - ::1 - - "GET /template/listALL?time= HTTP/1.1" 200 30887 "http://localhost:9999/summary/seach" "Mozilla/5.0 (Windows NT 10.0; Win64; x64) AppleWebKit/537.36 (KHTML, like Gecko) Chrome/78.0.3904.108 Safari/537.36"
[2020-01-10T13:53:27.630] [INFO] access - ::1 - - "OPTIONS /template/listALL?time= HTTP/1.1" 204 - "http://localhost:9999/summary/seach" "Mozilla/5.0 (Windows NT 10.0; Win64; x64) AppleWebKit/537.36 (KHTML, like Gecko) Chrome/78.0.3904.108 Safari/537.36"
[2020-01-10T13:53:27.660] [INFO] access - ::1 - - "GET /template/listALL?time= HTTP/1.1" 200 30887 "http://localhost:9999/summary/seach" "Mozilla/5.0 (Windows NT 10.0; Win64; x64) AppleWebKit/537.36 (KHTML, like Gecko) Chrome/78.0.3904.108 Safari/537.36"
[2020-01-10T13:53:38.190] [INFO] access - ::1 - - "OPTIONS /template/listALL?time= HTTP/1.1" 204 - "http://localhost:9999/summary/seach" "Mozilla/5.0 (Windows NT 10.0; Win64; x64) AppleWebKit/537.36 (KHTML, like Gecko) Chrome/78.0.3904.108 Safari/537.36"
[2020-01-10T13:53:38.218] [INFO] access - ::1 - - "GET /template/listALL?time= HTTP/1.1" 200 30887 "http://localhost:9999/summary/seach" "Mozilla/5.0 (Windows NT 10.0; Win64; x64) AppleWebKit/537.36 (KHTML, like Gecko) Chrome/78.0.3904.108 Safari/537.36"
[2020-01-10T14:43:40.266] [INFO] access - ::1 - - "OPTIONS /template/listALL?time= HTTP/1.1" 204 - "http://localhost:9999/summary/seach" "Mozilla/5.0 (Windows NT 10.0; Win64; x64) AppleWebKit/537.36 (KHTML, like Gecko) Chrome/78.0.3904.108 Safari/537.36"
[2020-01-10T14:43:40.296] [INFO] access - ::1 - - "GET /template/listALL?time= HTTP/1.1" 200 30887 "http://localhost:9999/summary/seach" "Mozilla/5.0 (Windows NT 10.0; Win64; x64) AppleWebKit/537.36 (KHTML, like Gecko) Chrome/78.0.3904.108 Safari/537.36"
[2020-01-10T14:43:52.189] [INFO] access - ::1 - - "OPTIONS /template/listALL?time= HTTP/1.1" 204 - "http://localhost:9999/summary/seach" "Mozilla/5.0 (Windows NT 10.0; Win64; x64) AppleWebKit/537.36 (KHTML, like Gecko) Chrome/78.0.3904.108 Safari/537.36"
[2020-01-10T14:43:52.211] [INFO] access - ::1 - - "GET /template/listALL?time= HTTP/1.1" 200 30887 "http://localhost:9999/summary/seach" "Mozilla/5.0 (Windows NT 10.0; Win64; x64) AppleWebKit/537.36 (KHTML, like Gecko) Chrome/78.0.3904.108 Safari/537.36"
[2020-01-10T14:47:42.209] [INFO] access - ::1 - - "OPTIONS /template/listALL?time= HTTP/1.1" 204 - "http://localhost:9999/summary/seach" "Mozilla/5.0 (Windows NT 10.0; Win64; x64) AppleWebKit/537.36 (KHTML, like Gecko) Chrome/78.0.3904.108 Safari/537.36"
[2020-01-10T14:47:42.271] [INFO] access - ::1 - - "GET /template/listALL?time= HTTP/1.1" 200 30887 "http://localhost:9999/summary/seach" "Mozilla/5.0 (Windows NT 10.0; Win64; x64) AppleWebKit/537.36 (KHTML, like Gecko) Chrome/78.0.3904.108 Safari/537.36"
[2020-01-10T15:06:21.564] [INFO] access - ::1 - - "OPTIONS /template/listALL?time= HTTP/1.1" 204 - "http://localhost:9999/summary/seach" "Mozilla/5.0 (Windows NT 10.0; Win64; x64) AppleWebKit/537.36 (KHTML, like Gecko) Chrome/78.0.3904.108 Safari/537.36"
[2020-01-10T15:06:21.603] [INFO] access - ::1 - - "GET /template/listALL?time= HTTP/1.1" 200 30887 "http://localhost:9999/summary/seach" "Mozilla/5.0 (Windows NT 10.0; Win64; x64) AppleWebKit/537.36 (KHTML, like Gecko) Chrome/78.0.3904.108 Safari/537.36"
[2020-01-10T15:06:22.767] [INFO] access - ::1 - - "OPTIONS /template/listALL?time= HTTP/1.1" 204 - "http://localhost:9999/summary/seach" "Mozilla/5.0 (Windows NT 10.0; Win64; x64) AppleWebKit/537.36 (KHTML, like Gecko) Chrome/78.0.3904.108 Safari/537.36"
[2020-01-10T15:06:22.801] [INFO] access - ::1 - - "GET /template/listALL?time= HTTP/1.1" 200 30887 "http://localhost:9999/summary/seach" "Mozilla/5.0 (Windows NT 10.0; Win64; x64) AppleWebKit/537.36 (KHTML, like Gecko) Chrome/78.0.3904.108 Safari/537.36"
[2020-01-10T15:18:12.703] [INFO] access - ::1 - - "OPTIONS /template/listALL?time= HTTP/1.1" 204 - "http://localhost:9999/summary/seach" "Mozilla/5.0 (Windows NT 10.0; Win64; x64) AppleWebKit/537.36 (KHTML, like Gecko) Chrome/78.0.3904.108 Safari/537.36"
[2020-01-10T15:18:12.736] [INFO] access - ::1 - - "GET /template/listALL?time= HTTP/1.1" 200 30887 "http://localhost:9999/summary/seach" "Mozilla/5.0 (Windows NT 10.0; Win64; x64) AppleWebKit/537.36 (KHTML, like Gecko) Chrome/78.0.3904.108 Safari/537.36"
[2020-01-10T15:23:11.389] [INFO] access - ::1 - - "OPTIONS /template/listALL?time= HTTP/1.1" 204 - "http://localhost:9999/summary/seach" "Mozilla/5.0 (Windows NT 10.0; Win64; x64) AppleWebKit/537.36 (KHTML, like Gecko) Chrome/78.0.3904.108 Safari/537.36"
[2020-01-10T15:23:11.417] [INFO] access - ::1 - - "GET /template/listALL?time= HTTP/1.1" 200 30887 "http://localhost:9999/summary/seach" "Mozilla/5.0 (Windows NT 10.0; Win64; x64) AppleWebKit/537.36 (KHTML, like Gecko) Chrome/78.0.3904.108 Safari/537.36"
[2020-01-10T15:23:37.122] [INFO] access - ::1 - - "OPTIONS /template/listALL?time= HTTP/1.1" 204 - "http://localhost:9999/summary/seach" "Mozilla/5.0 (Windows NT 10.0; Win64; x64) AppleWebKit/537.36 (KHTML, like Gecko) Chrome/78.0.3904.108 Safari/537.36"
[2020-01-10T15:23:37.160] [INFO] access - ::1 - - "GET /template/listALL?time= HTTP/1.1" 200 30887 "http://localhost:9999/summary/seach" "Mozilla/5.0 (Windows NT 10.0; Win64; x64) AppleWebKit/537.36 (KHTML, like Gecko) Chrome/78.0.3904.108 Safari/537.36"
[2020-01-10T15:23:48.856] [INFO] access - ::1 - - "OPTIONS /template/merge HTTP/1.1" 204 - "http://localhost:9999/summary/seach" "Mozilla/5.0 (Windows NT 10.0; Win64; x64) AppleWebKit/537.36 (KHTML, like Gecko) Chrome/78.0.3904.108 Safari/537.36"
[2020-01-10T15:24:04.991] [INFO] access - ::1 - - "OPTIONS /template/merge HTTP/1.1" 204 - "http://localhost:9999/summary/seach" "Mozilla/5.0 (Windows NT 10.0; Win64; x64) AppleWebKit/537.36 (KHTML, like Gecko) Chrome/78.0.3904.108 Safari/537.36"
[2020-01-10T15:24:26.304] [INFO] access - ::1 - - "OPTIONS /template/merge HTTP/1.1" 204 - "http://localhost:9999/summary/seach" "Mozilla/5.0 (Windows NT 10.0; Win64; x64) AppleWebKit/537.36 (KHTML, like Gecko) Chrome/78.0.3904.108 Safari/537.36"
[2020-01-10T15:26:24.062] [INFO] access - ::1 - - "OPTIONS /template/listALL?time= HTTP/1.1" 204 - "http://localhost:9999/summary/seach" "Mozilla/5.0 (Windows NT 10.0; Win64; x64) AppleWebKit/537.36 (KHTML, like Gecko) Chrome/78.0.3904.108 Safari/537.36"
[2020-01-10T15:26:24.122] [INFO] access - ::1 - - "GET /template/listALL?time= HTTP/1.1" 200 30887 "http://localhost:9999/summary/seach" "Mozilla/5.0 (Windows NT 10.0; Win64; x64) AppleWebKit/537.36 (KHTML, like Gecko) Chrome/78.0.3904.108 Safari/537.36"
[2020-01-10T15:26:30.662] [INFO] access - ::1 - - "OPTIONS /template/merge HTTP/1.1" 204 - "http://localhost:9999/summary/seach" "Mozilla/5.0 (Windows NT 10.0; Win64; x64) AppleWebKit/537.36 (KHTML, like Gecko) Chrome/78.0.3904.108 Safari/537.36"
[2020-01-10T15:33:20.702] [INFO] access - ::1 - - "OPTIONS /template/listALL?time= HTTP/1.1" 204 - "http://localhost:9999/summary/seach" "Mozilla/5.0 (Windows NT 10.0; Win64; x64) AppleWebKit/537.36 (KHTML, like Gecko) Chrome/78.0.3904.108 Safari/537.36"
[2020-01-10T15:33:20.740] [INFO] access - ::1 - - "GET /template/listALL?time= HTTP/1.1" 200 30887 "http://localhost:9999/summary/seach" "Mozilla/5.0 (Windows NT 10.0; Win64; x64) AppleWebKit/537.36 (KHTML, like Gecko) Chrome/78.0.3904.108 Safari/537.36"
[2020-01-10T15:33:38.577] [INFO] access - ::1 - - "OPTIONS /template/listALL?time= HTTP/1.1" 204 - "http://localhost:9999/summary/seach" "Mozilla/5.0 (Windows NT 10.0; Win64; x64) AppleWebKit/537.36 (KHTML, like Gecko) Chrome/78.0.3904.108 Safari/537.36"
[2020-01-10T15:33:38.660] [INFO] access - ::1 - - "GET /template/listALL?time= HTTP/1.1" 200 30887 "http://localhost:9999/summary/seach" "Mozilla/5.0 (Windows NT 10.0; Win64; x64) AppleWebKit/537.36 (KHTML, like Gecko) Chrome/78.0.3904.108 Safari/537.36"
[2020-01-10T15:33:49.515] [INFO] access - ::1 - - "OPTIONS /template/listALL?time= HTTP/1.1" 204 - "http://localhost:9999/summary/seach" "Mozilla/5.0 (Windows NT 10.0; Win64; x64) AppleWebKit/537.36 (KHTML, like Gecko) Chrome/78.0.3904.108 Safari/537.36"
[2020-01-10T15:33:49.584] [INFO] access - ::1 - - "GET /template/listALL?time= HTTP/1.1" 200 30887 "http://localhost:9999/summary/seach" "Mozilla/5.0 (Windows NT 10.0; Win64; x64) AppleWebKit/537.36 (KHTML, like Gecko) Chrome/78.0.3904.108 Safari/537.36"
[2020-01-10T15:33:53.589] [INFO] access - ::1 - - "OPTIONS /template/merge HTTP/1.1" 204 - "http://localhost:9999/summary/seach" "Mozilla/5.0 (Windows NT 10.0; Win64; x64) AppleWebKit/537.36 (KHTML, like Gecko) Chrome/78.0.3904.108 Safari/537.36"
[2020-01-10T15:34:11.285] [INFO] access - ::1 - - "OPTIONS /template/merge HTTP/1.1" 204 - "http://localhost:9999/summary/seach" "Mozilla/5.0 (Windows NT 10.0; Win64; x64) AppleWebKit/537.36 (KHTML, like Gecko) Chrome/78.0.3904.108 Safari/537.36"
[2020-01-10T15:40:18.193] [INFO] access - ::1 - - "OPTIONS /template/listALL?time= HTTP/1.1" 204 - "http://localhost:9999/summary/seach" "Mozilla/5.0 (Windows NT 10.0; Win64; x64) AppleWebKit/537.36 (KHTML, like Gecko) Chrome/78.0.3904.108 Safari/537.36"
[2020-01-10T15:40:18.220] [INFO] access - ::1 - - "GET /template/listALL?time= HTTP/1.1" 200 30887 "http://localhost:9999/summary/seach" "Mozilla/5.0 (Windows NT 10.0; Win64; x64) AppleWebKit/537.36 (KHTML, like Gecko) Chrome/78.0.3904.108 Safari/537.36"
[2020-01-10T15:40:31.818] [INFO] access - ::1 - - "OPTIONS /template/merge HTTP/1.1" 204 - "http://localhost:9999/summary/seach" "Mozilla/5.0 (Windows NT 10.0; Win64; x64) AppleWebKit/537.36 (KHTML, like Gecko) Chrome/78.0.3904.108 Safari/537.36"
[2020-01-10T15:40:47.311] [INFO] access - ::1 - - "OPTIONS /template/listALL?time= HTTP/1.1" 204 - "http://localhost:9999/summary/seach" "Mozilla/5.0 (Windows NT 10.0; Win64; x64) AppleWebKit/537.36 (KHTML, like Gecko) Chrome/78.0.3904.108 Safari/537.36"
[2020-01-10T15:40:47.340] [INFO] access - ::1 - - "GET /template/listALL?time= HTTP/1.1" 200 30887 "http://localhost:9999/summary/seach" "Mozilla/5.0 (Windows NT 10.0; Win64; x64) AppleWebKit/537.36 (KHTML, like Gecko) Chrome/78.0.3904.108 Safari/537.36"
[2020-01-10T15:40:51.328] [INFO] access - ::1 - - "OPTIONS /template/merge HTTP/1.1" 204 - "http://localhost:9999/summary/seach" "Mozilla/5.0 (Windows NT 10.0; Win64; x64) AppleWebKit/537.36 (KHTML, like Gecko) Chrome/78.0.3904.108 Safari/537.36"
[2020-01-10T15:41:02.318] [INFO] access - ::1 - - "OPTIONS /template/listALL?time= HTTP/1.1" 204 - "http://localhost:9999/summary/seach" "Mozilla/5.0 (Windows NT 10.0; Win64; x64) AppleWebKit/537.36 (KHTML, like Gecko) Chrome/78.0.3904.108 Safari/537.36"
[2020-01-10T15:41:02.356] [INFO] access - ::1 - - "GET /template/listALL?time= HTTP/1.1" 200 30887 "http://localhost:9999/summary/seach" "Mozilla/5.0 (Windows NT 10.0; Win64; x64) AppleWebKit/537.36 (KHTML, like Gecko) Chrome/78.0.3904.108 Safari/537.36"
[2020-01-10T15:41:07.162] [INFO] access - ::1 - - "OPTIONS /template/merge HTTP/1.1" 204 - "http://localhost:9999/summary/seach" "Mozilla/5.0 (Windows NT 10.0; Win64; x64) AppleWebKit/537.36 (KHTML, like Gecko) Chrome/78.0.3904.108 Safari/537.36"
[2020-01-10T15:42:10.487] [INFO] access - ::1 - - "OPTIONS /template/merge HTTP/1.1" 204 - "http://localhost:9999/summary/seach" "Mozilla/5.0 (Windows NT 10.0; Win64; x64) AppleWebKit/537.36 (KHTML, like Gecko) Chrome/78.0.3904.108 Safari/537.36"
[2020-01-10T16:00:50.213] [INFO] access - ::1 - - "OPTIONS /template/listALL?time= HTTP/1.1" 204 - "http://localhost:9999/summary/seach" "Mozilla/5.0 (Windows NT 10.0; Win64; x64) AppleWebKit/537.36 (KHTML, like Gecko) Chrome/78.0.3904.108 Safari/537.36"
[2020-01-10T16:00:50.288] [INFO] access - ::1 - - "GET /template/listALL?time= HTTP/1.1" 200 30887 "http://localhost:9999/summary/seach" "Mozilla/5.0 (Windows NT 10.0; Win64; x64) AppleWebKit/537.36 (KHTML, like Gecko) Chrome/78.0.3904.108 Safari/537.36"
[2020-01-10T16:00:56.719] [INFO] access - ::1 - - "OPTIONS /template/merge HTTP/1.1" 204 - "http://localhost:9999/summary/seach" "Mozilla/5.0 (Windows NT 10.0; Win64; x64) AppleWebKit/537.36 (KHTML, like Gecko) Chrome/78.0.3904.108 Safari/537.36"
[2020-01-10T16:00:56.740] [INFO] access - ::1 - - "POST /template/merge HTTP/1.1" 200 5312 "http://localhost:9999/summary/seach" "Mozilla/5.0 (Windows NT 10.0; Win64; x64) AppleWebKit/537.36 (KHTML, like Gecko) Chrome/78.0.3904.108 Safari/537.36"
[2020-01-10T16:10:49.016] [INFO] access - ::1 - - "OPTIONS /template/listALL?time= HTTP/1.1" 204 - "http://localhost:9999/summary/seach" "Mozilla/5.0 (Windows NT 10.0; Win64; x64) AppleWebKit/537.36 (KHTML, like Gecko) Chrome/78.0.3904.108 Safari/537.36"
[2020-01-10T16:10:54.892] [INFO] access - ::1 - - "GET /template/listALL?time= HTTP/1.1" 200 30887 "http://localhost:9999/summary/seach" "Mozilla/5.0 (Windows NT 10.0; Win64; x64) AppleWebKit/537.36 (KHTML, like Gecko) Chrome/78.0.3904.108 Safari/537.36"
[2020-01-10T16:11:24.484] [INFO] access - ::1 - - "OPTIONS /template/merge HTTP/1.1" 204 - "http://localhost:9999/summary/seach" "Mozilla/5.0 (Windows NT 10.0; Win64; x64) AppleWebKit/537.36 (KHTML, like Gecko) Chrome/78.0.3904.108 Safari/537.36"
[2020-01-10T16:12:51.084] [INFO] access - ::1 - - "OPTIONS /template/listALL?time= HTTP/1.1" 204 - "http://localhost:9999/summary/seach" "Mozilla/5.0 (Windows NT 10.0; Win64; x64) AppleWebKit/537.36 (KHTML, like Gecko) Chrome/78.0.3904.108 Safari/537.36"
[2020-01-10T16:12:51.190] [INFO] access - ::1 - - "GET /template/listALL?time= HTTP/1.1" 200 30887 "http://localhost:9999/summary/seach" "Mozilla/5.0 (Windows NT 10.0; Win64; x64) AppleWebKit/537.36 (KHTML, like Gecko) Chrome/78.0.3904.108 Safari/537.36"
[2020-01-10T16:12:55.795] [INFO] access - ::1 - - "OPTIONS /template/merge HTTP/1.1" 204 - "http://localhost:9999/summary/seach" "Mozilla/5.0 (Windows NT 10.0; Win64; x64) AppleWebKit/537.36 (KHTML, like Gecko) Chrome/78.0.3904.108 Safari/537.36"
[2020-01-10T16:13:09.079] [INFO] access - ::1 - - "OPTIONS /template/merge HTTP/1.1" 204 - "http://localhost:9999/summary/seach" "Mozilla/5.0 (Windows NT 10.0; Win64; x64) AppleWebKit/537.36 (KHTML, like Gecko) Chrome/78.0.3904.108 Safari/537.36"
[2020-01-10T16:15:37.935] [INFO] access - ::1 - - "OPTIONS /template/merge HTTP/1.1" 204 - "http://localhost:9999/summary/seach" "Mozilla/5.0 (Windows NT 10.0; Win64; x64) AppleWebKit/537.36 (KHTML, like Gecko) Chrome/78.0.3904.108 Safari/537.36"
[2020-01-10T16:15:37.965] [INFO] access - ::1 - - "POST /template/merge HTTP/1.1" 200 4742 "http://localhost:9999/summary/seach" "Mozilla/5.0 (Windows NT 10.0; Win64; x64) AppleWebKit/537.36 (KHTML, like Gecko) Chrome/78.0.3904.108 Safari/537.36"
[2020-01-10T16:18:20.478] [INFO] access - ::1 - - "OPTIONS /template/merge HTTP/1.1" 204 - "http://localhost:9999/summary/seach" "Mozilla/5.0 (Windows NT 10.0; Win64; x64) AppleWebKit/537.36 (KHTML, like Gecko) Chrome/78.0.3904.108 Safari/537.36"
[2020-01-10T16:18:20.509] [INFO] access - ::1 - - "POST /template/merge HTTP/1.1" 200 4724 "http://localhost:9999/summary/seach" "Mozilla/5.0 (Windows NT 10.0; Win64; x64) AppleWebKit/537.36 (KHTML, like Gecko) Chrome/78.0.3904.108 Safari/537.36"
[2020-01-10T16:38:21.792] [INFO] access - ::1 - - "OPTIONS /template/merge HTTP/1.1" 204 - "http://localhost:9999/summary/seach" "Mozilla/5.0 (Windows NT 10.0; Win64; x64) AppleWebKit/537.36 (KHTML, like Gecko) Chrome/78.0.3904.108 Safari/537.36"
[2020-01-10T16:38:21.800] [INFO] access - ::1 - - "POST /template/merge HTTP/1.1" 200 4724 "http://localhost:9999/summary/seach" "Mozilla/5.0 (Windows NT 10.0; Win64; x64) AppleWebKit/537.36 (KHTML, like Gecko) Chrome/78.0.3904.108 Safari/537.36"
