[2020-06-08T10:23:04.763] [INFO] access - ::1 - - "OPTIONS /document/day/list?userId=7861a6f0-7024-11e9-85e6-9f1338560125&year=2020&month=06 HTTP/1.1" 204 - "http://localhost:9999/summary-day" "Mozilla/5.0 (Windows NT 10.0; Win64; x64) AppleWebKit/537.36 (KHTML, like Gecko) Chrome/83.0.4103.61 Safari/537.36"
[2020-06-08T10:23:04.769] [INFO] access - ::1 - - "OPTIONS /user/getAllUser HTTP/1.1" 204 - "http://localhost:9999/summary-day" "Mozilla/5.0 (Windows NT 10.0; Win64; x64) AppleWebKit/537.36 (KHTML, like Gecko) Chrome/83.0.4103.61 Safari/537.36"
[2020-06-08T10:23:04.794] [INFO] access - ::1 - - "GET /document/day/list?userId=7861a6f0-7024-11e9-85e6-9f1338560125&year=2020&month=06 HTTP/1.1" 200 3445 "http://localhost:9999/summary-day" "Mozilla/5.0 (Windows NT 10.0; Win64; x64) AppleWebKit/537.36 (KHTML, like Gecko) Chrome/83.0.4103.61 Safari/537.36"
[2020-06-08T10:23:04.810] [INFO] access - ::1 - - "GET /user/getAllUser HTTP/1.1" 200 21005 "http://localhost:9999/summary-day" "Mozilla/5.0 (Windows NT 10.0; Win64; x64) AppleWebKit/537.36 (KHTML, like Gecko) Chrome/83.0.4103.61 Safari/537.36"
[2020-06-08T10:23:07.807] [INFO] access - ::1 - - "OPTIONS /document/day/merge HTTP/1.1" 204 - "http://localhost:9999/summary/merge?mergeList=48a63300-a55b-11ea-a3dc-43dd47562a0e&mergeList=9fff05e0-a70f-11ea-aaae-2d25a73b7072&mergeList=a815cb10-a70f-11ea-aaae-2d25a73b7072&type=day&month=06&day=02&day=03&day=04" "Mozilla/5.0 (Windows NT 10.0; Win64; x64) AppleWebKit/537.36 (KHTML, like Gecko) Chrome/83.0.4103.61 Safari/537.36"
[2020-06-08T10:23:07.824] [INFO] access - ::1 - - "POST /document/day/merge HTTP/1.1" 200 1428 "http://localhost:9999/summary/merge?mergeList=48a63300-a55b-11ea-a3dc-43dd47562a0e&mergeList=9fff05e0-a70f-11ea-aaae-2d25a73b7072&mergeList=a815cb10-a70f-11ea-aaae-2d25a73b7072&type=day&month=06&day=02&day=03&day=04" "Mozilla/5.0 (Windows NT 10.0; Win64; x64) AppleWebKit/537.36 (KHTML, like Gecko) Chrome/83.0.4103.61 Safari/537.36"
[2020-06-08T10:23:13.217] [INFO] access - ::1 - - "OPTIONS /download/document HTTP/1.1" 204 - "http://localhost:9999/summary/merge?mergeList=48a63300-a55b-11ea-a3dc-43dd47562a0e&mergeList=9fff05e0-a70f-11ea-aaae-2d25a73b7072&mergeList=a815cb10-a70f-11ea-aaae-2d25a73b7072&type=day&month=06&day=02&day=03&day=04" "Mozilla/5.0 (Windows NT 10.0; Win64; x64) AppleWebKit/537.36 (KHTML, like Gecko) Chrome/83.0.4103.61 Safari/537.36"
[2020-06-08T10:23:13.220] [INFO] access - ::1 - - "POST /download/document HTTP/1.1" 200 31 "http://localhost:9999/summary/merge?mergeList=48a63300-a55b-11ea-a3dc-43dd47562a0e&mergeList=9fff05e0-a70f-11ea-aaae-2d25a73b7072&mergeList=a815cb10-a70f-11ea-aaae-2d25a73b7072&type=day&month=06&day=02&day=03&day=04" "Mozilla/5.0 (Windows NT 10.0; Win64; x64) AppleWebKit/537.36 (KHTML, like Gecko) Chrome/83.0.4103.61 Safari/537.36"
[2020-06-08T10:23:14.926] [INFO] access - ::1 - - "GET /download/markdown?fileName=45 HTTP/1.1" 200 684 "http://localhost:9999/summary/merge?mergeList=48a63300-a55b-11ea-a3dc-43dd47562a0e&mergeList=9fff05e0-a70f-11ea-aaae-2d25a73b7072&mergeList=a815cb10-a70f-11ea-aaae-2d25a73b7072&type=day&month=06&day=02&day=03&day=04" "Mozilla/5.0 (Windows NT 10.0; Win64; x64) AppleWebKit/537.36 (KHTML, like Gecko) Chrome/83.0.4103.61 Safari/537.36"
[2020-06-08T10:35:07.652] [INFO] access - ::1 - - "OPTIONS /document/week/list?userId=7861a6f0-7024-11e9-85e6-9f1338560125&year=2020&month=06 HTTP/1.1" 204 - "http://localhost:9999/summary-week" "Mozilla/5.0 (Windows NT 10.0; Win64; x64) AppleWebKit/537.36 (KHTML, like Gecko) Chrome/83.0.4103.61 Safari/537.36"
[2020-06-08T10:35:07.652] [INFO] access - ::1 - - "OPTIONS /user/getAllUser HTTP/1.1" 204 - "http://localhost:9999/summary-week" "Mozilla/5.0 (Windows NT 10.0; Win64; x64) AppleWebKit/537.36 (KHTML, like Gecko) Chrome/83.0.4103.61 Safari/537.36"
[2020-06-08T10:35:07.659] [INFO] access - ::1 - - "GET /document/week/list?userId=7861a6f0-7024-11e9-85e6-9f1338560125&year=2020&month=06 HTTP/1.1" 200 6016 "http://localhost:9999/summary-week" "Mozilla/5.0 (Windows NT 10.0; Win64; x64) AppleWebKit/537.36 (KHTML, like Gecko) Chrome/83.0.4103.61 Safari/537.36"
[2020-06-08T10:35:07.666] [INFO] access - ::1 - - "GET /user/getAllUser HTTP/1.1" 200 21005 "http://localhost:9999/summary-week" "Mozilla/5.0 (Windows NT 10.0; Win64; x64) AppleWebKit/537.36 (KHTML, like Gecko) Chrome/83.0.4103.61 Safari/537.36"
[2020-06-08T10:35:14.122] [INFO] access - ::1 - - "OPTIONS /document/week/merge HTTP/1.1" 204 - "http://localhost:9999/summary/merge?mergeList=be588a00-a72a-11ea-be38-537b121f8e18&mergeList=797b6560-a725-11ea-88fa-110d0156a91d&type=week" "Mozilla/5.0 (Windows NT 10.0; Win64; x64) AppleWebKit/537.36 (KHTML, like Gecko) Chrome/83.0.4103.61 Safari/537.36"
[2020-06-08T10:35:14.126] [INFO] access - ::1 - - "POST /document/week/merge HTTP/1.1" 200 2860 "http://localhost:9999/summary/merge?mergeList=be588a00-a72a-11ea-be38-537b121f8e18&mergeList=797b6560-a725-11ea-88fa-110d0156a91d&type=week" "Mozilla/5.0 (Windows NT 10.0; Win64; x64) AppleWebKit/537.36 (KHTML, like Gecko) Chrome/83.0.4103.61 Safari/537.36"
[2020-06-08T10:35:26.984] [INFO] access - ::1 - - "OPTIONS /download/document HTTP/1.1" 204 - "http://localhost:9999/summary/merge?mergeList=be588a00-a72a-11ea-be38-537b121f8e18&mergeList=797b6560-a725-11ea-88fa-110d0156a91d&type=week" "Mozilla/5.0 (Windows NT 10.0; Win64; x64) AppleWebKit/537.36 (KHTML, like Gecko) Chrome/83.0.4103.61 Safari/537.36"
[2020-06-08T10:35:26.987] [INFO] access - ::1 - - "POST /download/document HTTP/1.1" 200 31 "http://localhost:9999/summary/merge?mergeList=be588a00-a72a-11ea-be38-537b121f8e18&mergeList=797b6560-a725-11ea-88fa-110d0156a91d&type=week" "Mozilla/5.0 (Windows NT 10.0; Win64; x64) AppleWebKit/537.36 (KHTML, like Gecko) Chrome/83.0.4103.61 Safari/537.36"
[2020-06-08T10:35:28.644] [INFO] access - ::1 - - "GET /download/markdown?fileName=%E6%B5%8B%E8%AF%95 HTTP/1.1" 200 1249 "http://localhost:9999/summary/merge?mergeList=be588a00-a72a-11ea-be38-537b121f8e18&mergeList=797b6560-a725-11ea-88fa-110d0156a91d&type=week" "Mozilla/5.0 (Windows NT 10.0; Win64; x64) AppleWebKit/537.36 (KHTML, like Gecko) Chrome/83.0.4103.61 Safari/537.36"
[2020-06-08T10:40:49.085] [INFO] access - ::1 - - "OPTIONS /document/week/list?userId=7861a6f0-7024-11e9-85e6-9f1338560125&year=2020&month=06 HTTP/1.1" 204 - "http://localhost:9999/summary-week" "Mozilla/5.0 (Windows NT 10.0; Win64; x64) AppleWebKit/537.36 (KHTML, like Gecko) Chrome/83.0.4103.61 Safari/537.36"
[2020-06-08T10:40:49.086] [INFO] access - ::1 - - "OPTIONS /user/getAllUser HTTP/1.1" 204 - "http://localhost:9999/summary-week" "Mozilla/5.0 (Windows NT 10.0; Win64; x64) AppleWebKit/537.36 (KHTML, like Gecko) Chrome/83.0.4103.61 Safari/537.36"
[2020-06-08T10:40:49.091] [INFO] access - ::1 - - "GET /document/week/list?userId=7861a6f0-7024-11e9-85e6-9f1338560125&year=2020&month=06 HTTP/1.1" 200 6016 "http://localhost:9999/summary-week" "Mozilla/5.0 (Windows NT 10.0; Win64; x64) AppleWebKit/537.36 (KHTML, like Gecko) Chrome/83.0.4103.61 Safari/537.36"
[2020-06-08T10:40:49.101] [INFO] access - ::1 - - "GET /user/getAllUser HTTP/1.1" 200 21005 "http://localhost:9999/summary-week" "Mozilla/5.0 (Windows NT 10.0; Win64; x64) AppleWebKit/537.36 (KHTML, like Gecko) Chrome/83.0.4103.61 Safari/537.36"
[2020-06-08T10:40:54.982] [INFO] access - ::1 - - "OPTIONS /document/week/del HTTP/1.1" 204 - "http://localhost:9999/summary-week" "Mozilla/5.0 (Windows NT 10.0; Win64; x64) AppleWebKit/537.36 (KHTML, like Gecko) Chrome/83.0.4103.61 Safari/537.36"
[2020-06-08T10:40:54.988] [INFO] access - ::1 - - "POST /document/week/del HTTP/1.1" 200 31 "http://localhost:9999/summary-week" "Mozilla/5.0 (Windows NT 10.0; Win64; x64) AppleWebKit/537.36 (KHTML, like Gecko) Chrome/83.0.4103.61 Safari/537.36"
[2020-06-08T10:40:58.676] [INFO] access - ::1 - - "OPTIONS /document/week/list?userId=7861a6f0-7024-11e9-85e6-9f1338560125&year=2020&month=06 HTTP/1.1" 204 - "http://localhost:9999/summary-week" "Mozilla/5.0 (Windows NT 10.0; Win64; x64) AppleWebKit/537.36 (KHTML, like Gecko) Chrome/83.0.4103.61 Safari/537.36"
[2020-06-08T10:40:58.678] [INFO] access - ::1 - - "OPTIONS /user/getAllUser HTTP/1.1" 204 - "http://localhost:9999/summary-week" "Mozilla/5.0 (Windows NT 10.0; Win64; x64) AppleWebKit/537.36 (KHTML, like Gecko) Chrome/83.0.4103.61 Safari/537.36"
[2020-06-08T10:40:58.682] [INFO] access - ::1 - - "GET /document/week/list?userId=7861a6f0-7024-11e9-85e6-9f1338560125&year=2020&month=06 HTTP/1.1" 200 3063 "http://localhost:9999/summary-week" "Mozilla/5.0 (Windows NT 10.0; Win64; x64) AppleWebKit/537.36 (KHTML, like Gecko) Chrome/83.0.4103.61 Safari/537.36"
[2020-06-08T10:40:58.690] [INFO] access - ::1 - - "GET /user/getAllUser HTTP/1.1" 200 21005 "http://localhost:9999/summary-week" "Mozilla/5.0 (Windows NT 10.0; Win64; x64) AppleWebKit/537.36 (KHTML, like Gecko) Chrome/83.0.4103.61 Safari/537.36"
[2020-06-08T11:07:54.834] [INFO] access - ::1 - - "OPTIONS /system/getAllList HTTP/1.1" 204 - "http://localhost:9999/sys-modal" "Mozilla/5.0 (Windows NT 10.0; Win64; x64) AppleWebKit/537.36 (KHTML, like Gecko) Chrome/83.0.4103.61 Safari/537.36"
[2020-06-08T11:07:54.893] [INFO] access - ::1 - - "GET /system/getAllList HTTP/1.1" 200 50146 "http://localhost:9999/sys-modal" "Mozilla/5.0 (Windows NT 10.0; Win64; x64) AppleWebKit/537.36 (KHTML, like Gecko) Chrome/83.0.4103.61 Safari/537.36"
[2020-06-08T11:17:44.019] [INFO] access - ::1 - - "OPTIONS /document/day/list?userId=7861a6f0-7024-11e9-85e6-9f1338560125&year=2020&month=06 HTTP/1.1" 204 - "http://localhost:9999/summary-day" "Mozilla/5.0 (Windows NT 10.0; Win64; x64) AppleWebKit/537.36 (KHTML, like Gecko) Chrome/83.0.4103.61 Safari/537.36"
[2020-06-08T11:17:44.027] [INFO] access - ::1 - - "OPTIONS /user/getAllUser HTTP/1.1" 204 - "http://localhost:9999/summary-day" "Mozilla/5.0 (Windows NT 10.0; Win64; x64) AppleWebKit/537.36 (KHTML, like Gecko) Chrome/83.0.4103.61 Safari/537.36"
[2020-06-08T11:17:44.029] [INFO] access - ::1 - - "GET /document/day/list?userId=7861a6f0-7024-11e9-85e6-9f1338560125&year=2020&month=06 HTTP/1.1" 200 3445 "http://localhost:9999/summary-day" "Mozilla/5.0 (Windows NT 10.0; Win64; x64) AppleWebKit/537.36 (KHTML, like Gecko) Chrome/83.0.4103.61 Safari/537.36"
[2020-06-08T11:17:44.038] [INFO] access - ::1 - - "GET /user/getAllUser HTTP/1.1" 200 21005 "http://localhost:9999/summary-day" "Mozilla/5.0 (Windows NT 10.0; Win64; x64) AppleWebKit/537.36 (KHTML, like Gecko) Chrome/83.0.4103.61 Safari/537.36"
[2020-06-08T11:18:30.756] [INFO] access - ::1 - - "OPTIONS /document/day/merge HTTP/1.1" 204 - "http://localhost:9999/summary/merge?mergeList=48a63300-a55b-11ea-a3dc-43dd47562a0e&mergeList=9fff05e0-a70f-11ea-aaae-2d25a73b7072&mergeList=a815cb10-a70f-11ea-aaae-2d25a73b7072&type=day&month=06&day=02&day=03&day=04" "Mozilla/5.0 (Windows NT 10.0; Win64; x64) AppleWebKit/537.36 (KHTML, like Gecko) Chrome/83.0.4103.61 Safari/537.36"
[2020-06-08T11:18:30.765] [INFO] access - ::1 - - "POST /document/day/merge HTTP/1.1" 200 1428 "http://localhost:9999/summary/merge?mergeList=48a63300-a55b-11ea-a3dc-43dd47562a0e&mergeList=9fff05e0-a70f-11ea-aaae-2d25a73b7072&mergeList=a815cb10-a70f-11ea-aaae-2d25a73b7072&type=day&month=06&day=02&day=03&day=04" "Mozilla/5.0 (Windows NT 10.0; Win64; x64) AppleWebKit/537.36 (KHTML, like Gecko) Chrome/83.0.4103.61 Safari/537.36"
[2020-06-08T11:18:37.749] [INFO] access - ::1 - - "OPTIONS /download/document HTTP/1.1" 204 - "http://localhost:9999/summary/merge?mergeList=48a63300-a55b-11ea-a3dc-43dd47562a0e&mergeList=9fff05e0-a70f-11ea-aaae-2d25a73b7072&mergeList=a815cb10-a70f-11ea-aaae-2d25a73b7072&type=day&month=06&day=02&day=03&day=04" "Mozilla/5.0 (Windows NT 10.0; Win64; x64) AppleWebKit/537.36 (KHTML, like Gecko) Chrome/83.0.4103.61 Safari/537.36"
[2020-06-08T11:18:37.752] [INFO] access - ::1 - - "POST /download/document HTTP/1.1" 200 31 "http://localhost:9999/summary/merge?mergeList=48a63300-a55b-11ea-a3dc-43dd47562a0e&mergeList=9fff05e0-a70f-11ea-aaae-2d25a73b7072&mergeList=a815cb10-a70f-11ea-aaae-2d25a73b7072&type=day&month=06&day=02&day=03&day=04" "Mozilla/5.0 (Windows NT 10.0; Win64; x64) AppleWebKit/537.36 (KHTML, like Gecko) Chrome/83.0.4103.61 Safari/537.36"
[2020-06-08T11:18:46.432] [INFO] access - ::1 - - "OPTIONS /document/day/merge HTTP/1.1" 204 - "http://localhost:9999/summary/merge?mergeList=48a63300-a55b-11ea-a3dc-43dd47562a0e&mergeList=9fff05e0-a70f-11ea-aaae-2d25a73b7072&mergeList=a815cb10-a70f-11ea-aaae-2d25a73b7072&type=day&month=06&day=02&day=03&day=04" "Mozilla/5.0 (Windows NT 10.0; Win64; x64) AppleWebKit/537.36 (KHTML, like Gecko) Chrome/83.0.4103.61 Safari/537.36"
[2020-06-08T11:18:46.435] [INFO] access - ::1 - - "POST /document/day/merge HTTP/1.1" 200 1428 "http://localhost:9999/summary/merge?mergeList=48a63300-a55b-11ea-a3dc-43dd47562a0e&mergeList=9fff05e0-a70f-11ea-aaae-2d25a73b7072&mergeList=a815cb10-a70f-11ea-aaae-2d25a73b7072&type=day&month=06&day=02&day=03&day=04" "Mozilla/5.0 (Windows NT 10.0; Win64; x64) AppleWebKit/537.36 (KHTML, like Gecko) Chrome/83.0.4103.61 Safari/537.36"
[2020-06-08T11:21:38.758] [INFO] access - ::1 - - "OPTIONS /download/document HTTP/1.1" 204 - "http://localhost:9999/summary/merge?mergeList=48a63300-a55b-11ea-a3dc-43dd47562a0e&mergeList=9fff05e0-a70f-11ea-aaae-2d25a73b7072&mergeList=a815cb10-a70f-11ea-aaae-2d25a73b7072&type=day&month=06&day=02&day=03&day=04" "Mozilla/5.0 (Windows NT 10.0; Win64; x64) AppleWebKit/537.36 (KHTML, like Gecko) Chrome/83.0.4103.61 Safari/537.36"
[2020-06-08T11:21:38.761] [INFO] access - ::1 - - "POST /download/document HTTP/1.1" 200 31 "http://localhost:9999/summary/merge?mergeList=48a63300-a55b-11ea-a3dc-43dd47562a0e&mergeList=9fff05e0-a70f-11ea-aaae-2d25a73b7072&mergeList=a815cb10-a70f-11ea-aaae-2d25a73b7072&type=day&month=06&day=02&day=03&day=04" "Mozilla/5.0 (Windows NT 10.0; Win64; x64) AppleWebKit/537.36 (KHTML, like Gecko) Chrome/83.0.4103.61 Safari/537.36"
[2020-06-08T11:22:16.924] [INFO] access - ::1 - - "OPTIONS /document/day/merge HTTP/1.1" 204 - "http://localhost:9999/summary/merge?mergeList=48a63300-a55b-11ea-a3dc-43dd47562a0e&mergeList=9fff05e0-a70f-11ea-aaae-2d25a73b7072&mergeList=a815cb10-a70f-11ea-aaae-2d25a73b7072&type=day&month=06&day=02&day=03&day=04" "Mozilla/5.0 (Windows NT 10.0; Win64; x64) AppleWebKit/537.36 (KHTML, like Gecko) Chrome/83.0.4103.61 Safari/537.36"
[2020-06-08T11:22:16.928] [INFO] access - ::1 - - "POST /document/day/merge HTTP/1.1" 200 1428 "http://localhost:9999/summary/merge?mergeList=48a63300-a55b-11ea-a3dc-43dd47562a0e&mergeList=9fff05e0-a70f-11ea-aaae-2d25a73b7072&mergeList=a815cb10-a70f-11ea-aaae-2d25a73b7072&type=day&month=06&day=02&day=03&day=04" "Mozilla/5.0 (Windows NT 10.0; Win64; x64) AppleWebKit/537.36 (KHTML, like Gecko) Chrome/83.0.4103.61 Safari/537.36"
[2020-06-08T11:22:24.965] [INFO] access - ::1 - - "OPTIONS /download/document HTTP/1.1" 204 - "http://localhost:9999/summary/merge?mergeList=48a63300-a55b-11ea-a3dc-43dd47562a0e&mergeList=9fff05e0-a70f-11ea-aaae-2d25a73b7072&mergeList=a815cb10-a70f-11ea-aaae-2d25a73b7072&type=day&month=06&day=02&day=03&day=04" "Mozilla/5.0 (Windows NT 10.0; Win64; x64) AppleWebKit/537.36 (KHTML, like Gecko) Chrome/83.0.4103.61 Safari/537.36"
[2020-06-08T11:22:24.967] [INFO] access - ::1 - - "POST /download/document HTTP/1.1" 200 31 "http://localhost:9999/summary/merge?mergeList=48a63300-a55b-11ea-a3dc-43dd47562a0e&mergeList=9fff05e0-a70f-11ea-aaae-2d25a73b7072&mergeList=a815cb10-a70f-11ea-aaae-2d25a73b7072&type=day&month=06&day=02&day=03&day=04" "Mozilla/5.0 (Windows NT 10.0; Win64; x64) AppleWebKit/537.36 (KHTML, like Gecko) Chrome/83.0.4103.61 Safari/537.36"
[2020-06-08T11:22:42.646] [INFO] access - ::1 - - "GET /download/markdown?fileName=1111 HTTP/1.1" 200 686 "" "Mozilla/5.0 (Windows NT 10.0; Win64; x64) AppleWebKit/537.36 (KHTML, like Gecko) Chrome/83.0.4103.61 Safari/537.36"
[2020-06-08T12:21:46.920] [INFO] access - ::1 - - "OPTIONS /system/getAllList HTTP/1.1" 204 - "http://localhost:9999/sys-modal" "Mozilla/5.0 (Windows NT 10.0; Win64; x64) AppleWebKit/537.36 (KHTML, like Gecko) Chrome/83.0.4103.61 Safari/537.36"
[2020-06-08T12:21:46.967] [INFO] access - ::1 - - "GET /system/getAllList HTTP/1.1" 200 50146 "http://localhost:9999/sys-modal" "Mozilla/5.0 (Windows NT 10.0; Win64; x64) AppleWebKit/537.36 (KHTML, like Gecko) Chrome/83.0.4103.61 Safari/537.36"
[2020-06-08T12:22:02.015] [INFO] access - ::1 - - "OPTIONS /system/getAllList HTTP/1.1" 204 - "http://localhost:9999/own-space" "Mozilla/5.0 (Windows NT 10.0; Win64; x64) AppleWebKit/537.36 (KHTML, like Gecko) Chrome/83.0.4103.61 Safari/537.36"
[2020-06-08T12:22:02.043] [INFO] access - ::1 - - "GET /system/getAllList HTTP/1.1" 200 50146 "http://localhost:9999/own-space" "Mozilla/5.0 (Windows NT 10.0; Win64; x64) AppleWebKit/537.36 (KHTML, like Gecko) Chrome/83.0.4103.61 Safari/537.36"
[2020-06-08T12:22:29.291] [INFO] access - ::1 - - "OPTIONS /login HTTP/1.1" 204 - "http://localhost:9999/login" "Mozilla/5.0 (Windows NT 10.0; Win64; x64) AppleWebKit/537.36 (KHTML, like Gecko) Chrome/83.0.4103.61 Safari/537.36"
[2020-06-08T12:22:29.331] [INFO] access - ::1 - - "POST /login HTTP/1.1" 200 1094 "http://localhost:9999/login" "Mozilla/5.0 (Windows NT 10.0; Win64; x64) AppleWebKit/537.36 (KHTML, like Gecko) Chrome/83.0.4103.61 Safari/537.36"
[2020-06-08T12:22:29.335] [INFO] access - ::1 - - "OPTIONS /user/info HTTP/1.1" 204 - "http://localhost:9999/login" "Mozilla/5.0 (Windows NT 10.0; Win64; x64) AppleWebKit/537.36 (KHTML, like Gecko) Chrome/83.0.4103.61 Safari/537.36"
[2020-06-08T12:22:29.338] [INFO] access - ::1 - - "GET /user/info HTTP/1.1" 200 439 "http://localhost:9999/login" "Mozilla/5.0 (Windows NT 10.0; Win64; x64) AppleWebKit/537.36 (KHTML, like Gecko) Chrome/83.0.4103.61 Safari/537.36"
[2020-06-08T12:22:29.770] [INFO] access - ::1 - - "OPTIONS /time/workTimeCount?userId=b02fd560-7020-11e9-aa87-37732e5007de HTTP/1.1" 204 - "http://localhost:9999/home" "Mozilla/5.0 (Windows NT 10.0; Win64; x64) AppleWebKit/537.36 (KHTML, like Gecko) Chrome/83.0.4103.61 Safari/537.36"
[2020-06-08T12:22:29.772] [INFO] access - ::1 - - "OPTIONS /user/getAllUser HTTP/1.1" 204 - "http://localhost:9999/home" "Mozilla/5.0 (Windows NT 10.0; Win64; x64) AppleWebKit/537.36 (KHTML, like Gecko) Chrome/83.0.4103.61 Safari/537.36"
[2020-06-08T12:22:29.773] [INFO] access - ::1 - - "OPTIONS /system/getAllList HTTP/1.1" 204 - "http://localhost:9999/home" "Mozilla/5.0 (Windows NT 10.0; Win64; x64) AppleWebKit/537.36 (KHTML, like Gecko) Chrome/83.0.4103.61 Safari/537.36"
[2020-06-08T12:22:29.785] [INFO] access - ::1 - - "GET /user/getAllUser HTTP/1.1" 200 21005 "http://localhost:9999/home" "Mozilla/5.0 (Windows NT 10.0; Win64; x64) AppleWebKit/537.36 (KHTML, like Gecko) Chrome/83.0.4103.61 Safari/537.36"
[2020-06-08T12:22:29.833] [INFO] access - ::1 - - "GET /system/getAllList HTTP/1.1" 200 50146 "http://localhost:9999/home" "Mozilla/5.0 (Windows NT 10.0; Win64; x64) AppleWebKit/537.36 (KHTML, like Gecko) Chrome/83.0.4103.61 Safari/537.36"
[2020-06-08T12:22:29.845] [INFO] access - ::1 - - "GET /time/workTimeCount?userId=b02fd560-7020-11e9-aa87-37732e5007de HTTP/1.1" 200 108 "http://localhost:9999/home" "Mozilla/5.0 (Windows NT 10.0; Win64; x64) AppleWebKit/537.36 (KHTML, like Gecko) Chrome/83.0.4103.61 Safari/537.36"
[2020-06-08T12:22:34.074] [INFO] access - ::1 - - "OPTIONS /department/getByParentId/0 HTTP/1.1" 204 - "http://localhost:9999/user-manage" "Mozilla/5.0 (Windows NT 10.0; Win64; x64) AppleWebKit/537.36 (KHTML, like Gecko) Chrome/83.0.4103.61 Safari/537.36"
[2020-06-08T12:22:34.083] [INFO] access - ::1 - - "OPTIONS /user/getByCondition?userName=&departmentId=&email=&type=&status=&pageNumber=1&pageSize=20&sort=createTime&order=desc&startDate=&endDate= HTTP/1.1" 204 - "http://localhost:9999/user-manage" "Mozilla/5.0 (Windows NT 10.0; Win64; x64) AppleWebKit/537.36 (KHTML, like Gecko) Chrome/83.0.4103.61 Safari/537.36"
[2020-06-08T12:22:34.100] [INFO] access - ::1 - - "GET /department/getByParentId/0 HTTP/1.1" 200 379 "http://localhost:9999/user-manage" "Mozilla/5.0 (Windows NT 10.0; Win64; x64) AppleWebKit/537.36 (KHTML, like Gecko) Chrome/83.0.4103.61 Safari/537.36"
[2020-06-08T12:22:34.165] [INFO] access - ::1 - - "GET /user/getByCondition?userName=&departmentId=&email=&type=&status=&pageNumber=1&pageSize=20&sort=createTime&order=desc&startDate=&endDate= HTTP/1.1" 200 21043 "http://localhost:9999/user-manage" "Mozilla/5.0 (Windows NT 10.0; Win64; x64) AppleWebKit/537.36 (KHTML, like Gecko) Chrome/83.0.4103.61 Safari/537.36"
[2020-06-08T12:22:42.402] [INFO] access - ::1 - - "OPTIONS /user/getByCondition?userName=&departmentId=&email=&type=&status=&pageNumber=1&pageSize=10&sort=createTime&order=desc&startDate=&endDate= HTTP/1.1" 204 - "http://localhost:9999/user-manage" "Mozilla/5.0 (Windows NT 10.0; Win64; x64) AppleWebKit/537.36 (KHTML, like Gecko) Chrome/83.0.4103.61 Safari/537.36"
[2020-06-08T12:22:42.415] [INFO] access - ::1 - - "GET /user/getByCondition?userName=&departmentId=&email=&type=&status=&pageNumber=1&pageSize=10&sort=createTime&order=desc&startDate=&endDate= HTTP/1.1" 200 16197 "http://localhost:9999/user-manage" "Mozilla/5.0 (Windows NT 10.0; Win64; x64) AppleWebKit/537.36 (KHTML, like Gecko) Chrome/83.0.4103.61 Safari/537.36"
[2020-06-08T12:22:44.555] [INFO] access - ::1 - - "OPTIONS /user/getByCondition?userName=&departmentId=&email=&type=&status=&pageNumber=2&pageSize=10&sort=createTime&order=desc&startDate=&endDate= HTTP/1.1" 204 - "http://localhost:9999/user-manage" "Mozilla/5.0 (Windows NT 10.0; Win64; x64) AppleWebKit/537.36 (KHTML, like Gecko) Chrome/83.0.4103.61 Safari/537.36"
[2020-06-08T12:22:44.564] [INFO] access - ::1 - - "GET /user/getByCondition?userName=&departmentId=&email=&type=&status=&pageNumber=2&pageSize=10&sort=createTime&order=desc&startDate=&endDate= HTTP/1.1" 200 4929 "http://localhost:9999/user-manage" "Mozilla/5.0 (Windows NT 10.0; Win64; x64) AppleWebKit/537.36 (KHTML, like Gecko) Chrome/83.0.4103.61 Safari/537.36"
[2020-06-08T12:22:46.524] [INFO] access - ::1 - - "GET /user/getByCondition?userName=&departmentId=&email=&type=&status=&pageNumber=1&pageSize=10&sort=createTime&order=desc&startDate=&endDate= HTTP/1.1" 200 16197 "http://localhost:9999/user-manage" "Mozilla/5.0 (Windows NT 10.0; Win64; x64) AppleWebKit/537.36 (KHTML, like Gecko) Chrome/83.0.4103.61 Safari/537.36"
[2020-06-08T12:22:59.946] [INFO] access - ::1 - - "OPTIONS /system/getAllList HTTP/1.1" 204 - "http://localhost:9999/sys-modal" "Mozilla/5.0 (Windows NT 10.0; Win64; x64) AppleWebKit/537.36 (KHTML, like Gecko) Chrome/83.0.4103.61 Safari/537.36"
[2020-06-08T12:22:59.977] [INFO] access - ::1 - - "GET /system/getAllList HTTP/1.1" 200 50146 "http://localhost:9999/sys-modal" "Mozilla/5.0 (Windows NT 10.0; Win64; x64) AppleWebKit/537.36 (KHTML, like Gecko) Chrome/83.0.4103.61 Safari/537.36"
[2020-06-08T14:57:17.115] [INFO] access - ::1 - - "OPTIONS /time/workTimeCount?userId=b02fd560-7020-11e9-aa87-37732e5007de HTTP/1.1" 204 - "http://localhost:9999/home" "Mozilla/5.0 (Windows NT 10.0; Win64; x64) AppleWebKit/537.36 (KHTML, like Gecko) Chrome/83.0.4103.61 Safari/537.36"
[2020-06-08T14:57:17.117] [INFO] access - ::1 - - "OPTIONS /user/getAllUser HTTP/1.1" 204 - "http://localhost:9999/home" "Mozilla/5.0 (Windows NT 10.0; Win64; x64) AppleWebKit/537.36 (KHTML, like Gecko) Chrome/83.0.4103.61 Safari/537.36"
[2020-06-08T14:57:17.118] [INFO] access - ::1 - - "OPTIONS /system/getAllList HTTP/1.1" 204 - "http://localhost:9999/home" "Mozilla/5.0 (Windows NT 10.0; Win64; x64) AppleWebKit/537.36 (KHTML, like Gecko) Chrome/83.0.4103.61 Safari/537.36"
[2020-06-08T14:57:17.142] [INFO] access - ::1 - - "GET /user/getAllUser HTTP/1.1" 200 21005 "http://localhost:9999/home" "Mozilla/5.0 (Windows NT 10.0; Win64; x64) AppleWebKit/537.36 (KHTML, like Gecko) Chrome/83.0.4103.61 Safari/537.36"
[2020-06-08T14:57:17.238] [INFO] access - ::1 - - "GET /system/getAllList HTTP/1.1" 200 50146 "http://localhost:9999/home" "Mozilla/5.0 (Windows NT 10.0; Win64; x64) AppleWebKit/537.36 (KHTML, like Gecko) Chrome/83.0.4103.61 Safari/537.36"
[2020-06-08T14:57:17.269] [INFO] access - ::1 - - "GET /time/workTimeCount?userId=b02fd560-7020-11e9-aa87-37732e5007de HTTP/1.1" 200 108 "http://localhost:9999/home" "Mozilla/5.0 (Windows NT 10.0; Win64; x64) AppleWebKit/537.36 (KHTML, like Gecko) Chrome/83.0.4103.61 Safari/537.36"
[2020-06-08T14:57:20.352] [INFO] access - ::1 - - "OPTIONS /document/week/list?userId=b02fd560-7020-11e9-aa87-37732e5007de&year=2020&month=06 HTTP/1.1" 204 - "http://localhost:9999/summary-week" "Mozilla/5.0 (Windows NT 10.0; Win64; x64) AppleWebKit/537.36 (KHTML, like Gecko) Chrome/83.0.4103.61 Safari/537.36"
[2020-06-08T14:57:20.360] [INFO] access - ::1 - - "GET /user/getAllUser HTTP/1.1" 200 21005 "http://localhost:9999/summary-week" "Mozilla/5.0 (Windows NT 10.0; Win64; x64) AppleWebKit/537.36 (KHTML, like Gecko) Chrome/83.0.4103.61 Safari/537.36"
[2020-06-08T14:57:20.369] [INFO] access - ::1 - - "GET /document/week/list?userId=b02fd560-7020-11e9-aa87-37732e5007de&year=2020&month=06 HTTP/1.1" 200 41 "http://localhost:9999/summary-week" "Mozilla/5.0 (Windows NT 10.0; Win64; x64) AppleWebKit/537.36 (KHTML, like Gecko) Chrome/83.0.4103.61 Safari/537.36"
[2020-06-08T14:57:24.380] [INFO] access - ::1 - - "OPTIONS /template/list?userId=b02fd560-7020-11e9-aa87-37732e5007de HTTP/1.1" 204 - "http://localhost:9999/summary-month" "Mozilla/5.0 (Windows NT 10.0; Win64; x64) AppleWebKit/537.36 (KHTML, like Gecko) Chrome/83.0.4103.61 Safari/537.36"
[2020-06-08T14:57:24.385] [INFO] access - ::1 - - "GET /template/list?userId=b02fd560-7020-11e9-aa87-37732e5007de HTTP/1.1" 200 41 "http://localhost:9999/summary-month" "Mozilla/5.0 (Windows NT 10.0; Win64; x64) AppleWebKit/537.36 (KHTML, like Gecko) Chrome/83.0.4103.61 Safari/537.36"
[2020-06-08T14:57:32.253] [INFO] access - ::1 - - "OPTIONS /document/week/list?userId=b02fd560-7020-11e9-aa87-37732e5007de&year=2020&month=06 HTTP/1.1" 204 - "http://localhost:9999/summary-week" "Mozilla/5.0 (Windows NT 10.0; Win64; x64) AppleWebKit/537.36 (KHTML, like Gecko) Chrome/83.0.4103.61 Safari/537.36"
[2020-06-08T14:57:32.254] [INFO] access - ::1 - - "OPTIONS /user/getAllUser HTTP/1.1" 204 - "http://localhost:9999/summary-week" "Mozilla/5.0 (Windows NT 10.0; Win64; x64) AppleWebKit/537.36 (KHTML, like Gecko) Chrome/83.0.4103.61 Safari/537.36"
[2020-06-08T14:57:32.265] [INFO] access - ::1 - - "GET /document/week/list?userId=b02fd560-7020-11e9-aa87-37732e5007de&year=2020&month=06 HTTP/1.1" 200 41 "http://localhost:9999/summary-week" "Mozilla/5.0 (Windows NT 10.0; Win64; x64) AppleWebKit/537.36 (KHTML, like Gecko) Chrome/83.0.4103.61 Safari/537.36"
[2020-06-08T14:57:32.268] [INFO] access - ::1 - - "GET /user/getAllUser HTTP/1.1" 200 21005 "http://localhost:9999/summary-week" "Mozilla/5.0 (Windows NT 10.0; Win64; x64) AppleWebKit/537.36 (KHTML, like Gecko) Chrome/83.0.4103.61 Safari/537.36"
[2020-06-08T14:57:35.171] [INFO] access - ::1 - - "OPTIONS /template/list?userId=b02fd560-7020-11e9-aa87-37732e5007de HTTP/1.1" 204 - "http://localhost:9999/summary-month" "Mozilla/5.0 (Windows NT 10.0; Win64; x64) AppleWebKit/537.36 (KHTML, like Gecko) Chrome/83.0.4103.61 Safari/537.36"
[2020-06-08T14:57:35.176] [INFO] access - ::1 - - "GET /template/list?userId=b02fd560-7020-11e9-aa87-37732e5007de HTTP/1.1" 200 41 "http://localhost:9999/summary-month" "Mozilla/5.0 (Windows NT 10.0; Win64; x64) AppleWebKit/537.36 (KHTML, like Gecko) Chrome/83.0.4103.61 Safari/537.36"
[2020-06-08T14:57:36.376] [INFO] access - ::1 - - "GET /document/week/list?userId=b02fd560-7020-11e9-aa87-37732e5007de&year=2020&month=06 HTTP/1.1" 200 41 "http://localhost:9999/summary-week" "Mozilla/5.0 (Windows NT 10.0; Win64; x64) AppleWebKit/537.36 (KHTML, like Gecko) Chrome/83.0.4103.61 Safari/537.36"
[2020-06-08T14:57:36.382] [INFO] access - ::1 - - "GET /user/getAllUser HTTP/1.1" 200 21005 "http://localhost:9999/summary-week" "Mozilla/5.0 (Windows NT 10.0; Win64; x64) AppleWebKit/537.36 (KHTML, like Gecko) Chrome/83.0.4103.61 Safari/537.36"
[2020-06-08T14:57:37.639] [INFO] access - ::1 - - "GET /template/list?userId=b02fd560-7020-11e9-aa87-37732e5007de HTTP/1.1" 200 41 "http://localhost:9999/summary-month" "Mozilla/5.0 (Windows NT 10.0; Win64; x64) AppleWebKit/537.36 (KHTML, like Gecko) Chrome/83.0.4103.61 Safari/537.36"
[2020-06-08T14:58:36.685] [INFO] access - ::1 - - "OPTIONS /document/week/list?userId=b02fd560-7020-11e9-aa87-37732e5007de&year=2020&month=06 HTTP/1.1" 204 - "http://localhost:9999/summary-month" "Mozilla/5.0 (Windows NT 10.0; Win64; x64) AppleWebKit/537.36 (KHTML, like Gecko) Chrome/83.0.4103.61 Safari/537.36"
[2020-06-08T14:58:36.685] [INFO] access - ::1 - - "OPTIONS /user/getAllUser HTTP/1.1" 204 - "http://localhost:9999/summary-month" "Mozilla/5.0 (Windows NT 10.0; Win64; x64) AppleWebKit/537.36 (KHTML, like Gecko) Chrome/83.0.4103.61 Safari/537.36"
[2020-06-08T14:58:36.690] [INFO] access - ::1 - - "GET /document/week/list?userId=b02fd560-7020-11e9-aa87-37732e5007de&year=2020&month=06 HTTP/1.1" 200 41 "http://localhost:9999/summary-month" "Mozilla/5.0 (Windows NT 10.0; Win64; x64) AppleWebKit/537.36 (KHTML, like Gecko) Chrome/83.0.4103.61 Safari/537.36"
[2020-06-08T14:58:36.696] [INFO] access - ::1 - - "GET /user/getAllUser HTTP/1.1" 200 21005 "http://localhost:9999/summary-month" "Mozilla/5.0 (Windows NT 10.0; Win64; x64) AppleWebKit/537.36 (KHTML, like Gecko) Chrome/83.0.4103.61 Safari/537.36"
[2020-06-08T14:58:53.351] [INFO] access - ::1 - - "OPTIONS /document/week/list?userId=b02fd560-7020-11e9-aa87-37732e5007de&year=2020&month=06 HTTP/1.1" 204 - "http://localhost:9999/summary-month" "Mozilla/5.0 (Windows NT 10.0; Win64; x64) AppleWebKit/537.36 (KHTML, like Gecko) Chrome/83.0.4103.61 Safari/537.36"
[2020-06-08T14:58:53.355] [INFO] access - ::1 - - "GET /document/week/list?userId=b02fd560-7020-11e9-aa87-37732e5007de&year=2020&month=06 HTTP/1.1" 200 41 "http://localhost:9999/summary-month" "Mozilla/5.0 (Windows NT 10.0; Win64; x64) AppleWebKit/537.36 (KHTML, like Gecko) Chrome/83.0.4103.61 Safari/537.36"
[2020-06-08T14:58:53.886] [INFO] access - ::1 - - "OPTIONS /user/getAllUser HTTP/1.1" 204 - "http://localhost:9999/summary-month" "Mozilla/5.0 (Windows NT 10.0; Win64; x64) AppleWebKit/537.36 (KHTML, like Gecko) Chrome/83.0.4103.61 Safari/537.36"
[2020-06-08T14:58:53.895] [INFO] access - ::1 - - "GET /user/getAllUser HTTP/1.1" 200 21005 "http://localhost:9999/summary-month" "Mozilla/5.0 (Windows NT 10.0; Win64; x64) AppleWebKit/537.36 (KHTML, like Gecko) Chrome/83.0.4103.61 Safari/537.36"
[2020-06-08T15:14:01.814] [INFO] access - ::1 - - "OPTIONS /document/week/list?userId=b02fd560-7020-11e9-aa87-37732e5007de&year=2020&month=06 HTTP/1.1" 204 - "http://localhost:9999/summary-week" "Mozilla/5.0 (Windows NT 10.0; Win64; x64) AppleWebKit/537.36 (KHTML, like Gecko) Chrome/83.0.4103.61 Safari/537.36"
[2020-06-08T15:14:01.814] [INFO] access - ::1 - - "OPTIONS /user/getAllUser HTTP/1.1" 204 - "http://localhost:9999/summary-week" "Mozilla/5.0 (Windows NT 10.0; Win64; x64) AppleWebKit/537.36 (KHTML, like Gecko) Chrome/83.0.4103.61 Safari/537.36"
[2020-06-08T15:14:01.820] [INFO] access - ::1 - - "GET /document/week/list?userId=b02fd560-7020-11e9-aa87-37732e5007de&year=2020&month=06 HTTP/1.1" 200 41 "http://localhost:9999/summary-week" "Mozilla/5.0 (Windows NT 10.0; Win64; x64) AppleWebKit/537.36 (KHTML, like Gecko) Chrome/83.0.4103.61 Safari/537.36"
[2020-06-08T15:14:01.828] [INFO] access - ::1 - - "GET /user/getAllUser HTTP/1.1" 200 21005 "http://localhost:9999/summary-week" "Mozilla/5.0 (Windows NT 10.0; Win64; x64) AppleWebKit/537.36 (KHTML, like Gecko) Chrome/83.0.4103.61 Safari/537.36"
[2020-06-08T15:18:44.626] [INFO] access - ::1 - - "OPTIONS /document/week/list?userId=b02fd560-7020-11e9-aa87-37732e5007de&year=2020&month=06 HTTP/1.1" 204 - "http://localhost:9999/summary-week" "Mozilla/5.0 (Windows NT 10.0; Win64; x64) AppleWebKit/537.36 (KHTML, like Gecko) Chrome/83.0.4103.61 Safari/537.36"
[2020-06-08T15:18:44.626] [INFO] access - ::1 - - "OPTIONS /user/getAllUser HTTP/1.1" 204 - "http://localhost:9999/summary-week" "Mozilla/5.0 (Windows NT 10.0; Win64; x64) AppleWebKit/537.36 (KHTML, like Gecko) Chrome/83.0.4103.61 Safari/537.36"
[2020-06-08T15:18:44.639] [INFO] access - ::1 - - "GET /document/week/list?userId=b02fd560-7020-11e9-aa87-37732e5007de&year=2020&month=06 HTTP/1.1" 200 41 "http://localhost:9999/summary-week" "Mozilla/5.0 (Windows NT 10.0; Win64; x64) AppleWebKit/537.36 (KHTML, like Gecko) Chrome/83.0.4103.61 Safari/537.36"
[2020-06-08T15:18:44.652] [INFO] access - ::1 - - "GET /user/getAllUser HTTP/1.1" 200 21005 "http://localhost:9999/summary-week" "Mozilla/5.0 (Windows NT 10.0; Win64; x64) AppleWebKit/537.36 (KHTML, like Gecko) Chrome/83.0.4103.61 Safari/537.36"
[2020-06-08T15:23:22.136] [INFO] access - ::1 - - "OPTIONS /document/week/list?userId=b02fd560-7020-11e9-aa87-37732e5007de&year=2020&month=06 HTTP/1.1" 204 - "http://localhost:9999/summary-month" "Mozilla/5.0 (Windows NT 10.0; Win64; x64) AppleWebKit/537.36 (KHTML, like Gecko) Chrome/83.0.4103.61 Safari/537.36"
[2020-06-08T15:23:22.137] [INFO] access - ::1 - - "OPTIONS /user/getAllUser HTTP/1.1" 204 - "http://localhost:9999/summary-month" "Mozilla/5.0 (Windows NT 10.0; Win64; x64) AppleWebKit/537.36 (KHTML, like Gecko) Chrome/83.0.4103.61 Safari/537.36"
[2020-06-08T15:23:22.151] [INFO] access - ::1 - - "GET /document/week/list?userId=b02fd560-7020-11e9-aa87-37732e5007de&year=2020&month=06 HTTP/1.1" 200 41 "http://localhost:9999/summary-month" "Mozilla/5.0 (Windows NT 10.0; Win64; x64) AppleWebKit/537.36 (KHTML, like Gecko) Chrome/83.0.4103.61 Safari/537.36"
[2020-06-08T15:23:22.156] [INFO] access - ::1 - - "GET /user/getAllUser HTTP/1.1" 200 21005 "http://localhost:9999/summary-month" "Mozilla/5.0 (Windows NT 10.0; Win64; x64) AppleWebKit/537.36 (KHTML, like Gecko) Chrome/83.0.4103.61 Safari/537.36"
[2020-06-08T15:23:23.647] [INFO] access - ::1 - - "GET /document/week/list?userId=b02fd560-7020-11e9-aa87-37732e5007de&year=2020&month=06 HTTP/1.1" 200 41 "http://localhost:9999/summary-week" "Mozilla/5.0 (Windows NT 10.0; Win64; x64) AppleWebKit/537.36 (KHTML, like Gecko) Chrome/83.0.4103.61 Safari/537.36"
[2020-06-08T15:23:23.651] [INFO] access - ::1 - - "GET /user/getAllUser HTTP/1.1" 200 21005 "http://localhost:9999/summary-week" "Mozilla/5.0 (Windows NT 10.0; Win64; x64) AppleWebKit/537.36 (KHTML, like Gecko) Chrome/83.0.4103.61 Safari/537.36"
[2020-06-08T15:23:24.114] [INFO] access - ::1 - - "GET /document/week/list?userId=b02fd560-7020-11e9-aa87-37732e5007de&year=2020&month=06 HTTP/1.1" 200 41 "http://localhost:9999/summary-month" "Mozilla/5.0 (Windows NT 10.0; Win64; x64) AppleWebKit/537.36 (KHTML, like Gecko) Chrome/83.0.4103.61 Safari/537.36"
[2020-06-08T15:23:24.119] [INFO] access - ::1 - - "GET /user/getAllUser HTTP/1.1" 200 21005 "http://localhost:9999/summary-month" "Mozilla/5.0 (Windows NT 10.0; Win64; x64) AppleWebKit/537.36 (KHTML, like Gecko) Chrome/83.0.4103.61 Safari/537.36"
[2020-06-08T15:23:24.394] [INFO] access - ::1 - - "GET /document/week/list?userId=b02fd560-7020-11e9-aa87-37732e5007de&year=2020&month=06 HTTP/1.1" 200 41 "http://localhost:9999/summary-week" "Mozilla/5.0 (Windows NT 10.0; Win64; x64) AppleWebKit/537.36 (KHTML, like Gecko) Chrome/83.0.4103.61 Safari/537.36"
[2020-06-08T15:23:24.400] [INFO] access - ::1 - - "GET /user/getAllUser HTTP/1.1" 200 21005 "http://localhost:9999/summary-week" "Mozilla/5.0 (Windows NT 10.0; Win64; x64) AppleWebKit/537.36 (KHTML, like Gecko) Chrome/83.0.4103.61 Safari/537.36"
[2020-06-08T15:23:24.614] [INFO] access - ::1 - - "GET /document/week/list?userId=b02fd560-7020-11e9-aa87-37732e5007de&year=2020&month=06 HTTP/1.1" 200 41 "http://localhost:9999/summary-month" "Mozilla/5.0 (Windows NT 10.0; Win64; x64) AppleWebKit/537.36 (KHTML, like Gecko) Chrome/83.0.4103.61 Safari/537.36"
[2020-06-08T15:23:24.618] [INFO] access - ::1 - - "GET /user/getAllUser HTTP/1.1" 200 21005 "http://localhost:9999/summary-month" "Mozilla/5.0 (Windows NT 10.0; Win64; x64) AppleWebKit/537.36 (KHTML, like Gecko) Chrome/83.0.4103.61 Safari/537.36"
[2020-06-08T15:23:24.822] [INFO] access - ::1 - - "GET /document/week/list?userId=b02fd560-7020-11e9-aa87-37732e5007de&year=2020&month=06 HTTP/1.1" 200 41 "http://localhost:9999/summary-week" "Mozilla/5.0 (Windows NT 10.0; Win64; x64) AppleWebKit/537.36 (KHTML, like Gecko) Chrome/83.0.4103.61 Safari/537.36"
[2020-06-08T15:23:24.827] [INFO] access - ::1 - - "GET /user/getAllUser HTTP/1.1" 200 21005 "http://localhost:9999/summary-week" "Mozilla/5.0 (Windows NT 10.0; Win64; x64) AppleWebKit/537.36 (KHTML, like Gecko) Chrome/83.0.4103.61 Safari/537.36"
[2020-06-08T15:23:25.616] [INFO] access - ::1 - - "OPTIONS /time/workTimeCount?userId=b02fd560-7020-11e9-aa87-37732e5007de HTTP/1.1" 204 - "http://localhost:9999/home" "Mozilla/5.0 (Windows NT 10.0; Win64; x64) AppleWebKit/537.36 (KHTML, like Gecko) Chrome/83.0.4103.61 Safari/537.36"
[2020-06-08T15:23:25.617] [INFO] access - ::1 - - "OPTIONS /system/getAllList HTTP/1.1" 204 - "http://localhost:9999/home" "Mozilla/5.0 (Windows NT 10.0; Win64; x64) AppleWebKit/537.36 (KHTML, like Gecko) Chrome/83.0.4103.61 Safari/537.36"
[2020-06-08T15:23:25.625] [INFO] access - ::1 - - "GET /user/getAllUser HTTP/1.1" 200 21005 "http://localhost:9999/home" "Mozilla/5.0 (Windows NT 10.0; Win64; x64) AppleWebKit/537.36 (KHTML, like Gecko) Chrome/83.0.4103.61 Safari/537.36"
[2020-06-08T15:23:25.654] [INFO] access - ::1 - - "GET /system/getAllList HTTP/1.1" 200 50146 "http://localhost:9999/home" "Mozilla/5.0 (Windows NT 10.0; Win64; x64) AppleWebKit/537.36 (KHTML, like Gecko) Chrome/83.0.4103.61 Safari/537.36"
[2020-06-08T15:23:25.673] [INFO] access - ::1 - - "GET /time/workTimeCount?userId=b02fd560-7020-11e9-aa87-37732e5007de HTTP/1.1" 200 108 "http://localhost:9999/home" "Mozilla/5.0 (Windows NT 10.0; Win64; x64) AppleWebKit/537.36 (KHTML, like Gecko) Chrome/83.0.4103.61 Safari/537.36"
[2020-06-08T16:05:30.175] [INFO] access - ::1 - - "OPTIONS /time/workTimeCount?userId=b02fd560-7020-11e9-aa87-37732e5007de HTTP/1.1" 204 - "http://localhost:9999/home" "Mozilla/5.0 (Windows NT 10.0; Win64; x64) AppleWebKit/537.36 (KHTML, like Gecko) Chrome/83.0.4103.61 Safari/537.36"
[2020-06-08T16:05:30.176] [INFO] access - ::1 - - "OPTIONS /user/getAllUser HTTP/1.1" 204 - "http://localhost:9999/home" "Mozilla/5.0 (Windows NT 10.0; Win64; x64) AppleWebKit/537.36 (KHTML, like Gecko) Chrome/83.0.4103.61 Safari/537.36"
[2020-06-08T16:05:30.177] [INFO] access - ::1 - - "OPTIONS /system/getAllList HTTP/1.1" 204 - "http://localhost:9999/home" "Mozilla/5.0 (Windows NT 10.0; Win64; x64) AppleWebKit/537.36 (KHTML, like Gecko) Chrome/83.0.4103.61 Safari/537.36"
[2020-06-08T16:05:30.192] [INFO] access - ::1 - - "GET /time/workTimeCount?userId=b02fd560-7020-11e9-aa87-37732e5007de HTTP/1.1" 200 108 "http://localhost:9999/home" "Mozilla/5.0 (Windows NT 10.0; Win64; x64) AppleWebKit/537.36 (KHTML, like Gecko) Chrome/83.0.4103.61 Safari/537.36"
[2020-06-08T16:05:30.198] [INFO] access - ::1 - - "GET /user/getAllUser HTTP/1.1" 200 21005 "http://localhost:9999/home" "Mozilla/5.0 (Windows NT 10.0; Win64; x64) AppleWebKit/537.36 (KHTML, like Gecko) Chrome/83.0.4103.61 Safari/537.36"
[2020-06-08T16:05:30.237] [INFO] access - ::1 - - "GET /system/getAllList HTTP/1.1" 200 50146 "http://localhost:9999/home" "Mozilla/5.0 (Windows NT 10.0; Win64; x64) AppleWebKit/537.36 (KHTML, like Gecko) Chrome/83.0.4103.61 Safari/537.36"
[2020-06-08T16:05:43.029] [INFO] access - ::1 - - "OPTIONS /login HTTP/1.1" 204 - "http://localhost:9999/login" "Mozilla/5.0 (Windows NT 10.0; Win64; x64) AppleWebKit/537.36 (KHTML, like Gecko) Chrome/83.0.4103.61 Safari/537.36"
[2020-06-08T16:05:43.040] [INFO] access - ::1 - - "POST /login HTTP/1.1" 200 3329 "http://localhost:9999/login" "Mozilla/5.0 (Windows NT 10.0; Win64; x64) AppleWebKit/537.36 (KHTML, like Gecko) Chrome/83.0.4103.61 Safari/537.36"
[2020-06-08T16:05:43.045] [INFO] access - ::1 - - "OPTIONS /user/info HTTP/1.1" 204 - "http://localhost:9999/login" "Mozilla/5.0 (Windows NT 10.0; Win64; x64) AppleWebKit/537.36 (KHTML, like Gecko) Chrome/83.0.4103.61 Safari/537.36"
[2020-06-08T16:05:43.048] [INFO] access - ::1 - - "GET /user/info HTTP/1.1" 200 1397 "http://localhost:9999/login" "Mozilla/5.0 (Windows NT 10.0; Win64; x64) AppleWebKit/537.36 (KHTML, like Gecko) Chrome/83.0.4103.61 Safari/537.36"
[2020-06-08T16:06:03.636] [INFO] access - ::1 - - "OPTIONS /document/day/list?userId=7861a6f0-7024-11e9-85e6-9f1338560125&year=2020&month=06 HTTP/1.1" 204 - "http://localhost:9999/summary-day" "Mozilla/5.0 (Windows NT 10.0; Win64; x64) AppleWebKit/537.36 (KHTML, like Gecko) Chrome/83.0.4103.61 Safari/537.36"
[2020-06-08T16:06:03.637] [INFO] access - ::1 - - "OPTIONS /user/getAllUser HTTP/1.1" 204 - "http://localhost:9999/summary-day" "Mozilla/5.0 (Windows NT 10.0; Win64; x64) AppleWebKit/537.36 (KHTML, like Gecko) Chrome/83.0.4103.61 Safari/537.36"
[2020-06-08T16:06:03.640] [INFO] access - ::1 - - "GET /document/day/list?userId=7861a6f0-7024-11e9-85e6-9f1338560125&year=2020&month=06 HTTP/1.1" 200 3445 "http://localhost:9999/summary-day" "Mozilla/5.0 (Windows NT 10.0; Win64; x64) AppleWebKit/537.36 (KHTML, like Gecko) Chrome/83.0.4103.61 Safari/537.36"
[2020-06-08T16:06:03.644] [INFO] access - ::1 - - "GET /user/getAllUser HTTP/1.1" 200 21005 "http://localhost:9999/summary-day" "Mozilla/5.0 (Windows NT 10.0; Win64; x64) AppleWebKit/537.36 (KHTML, like Gecko) Chrome/83.0.4103.61 Safari/537.36"
[2020-06-08T16:06:05.471] [INFO] access - ::1 - - "OPTIONS /document/week/list?userId=7861a6f0-7024-11e9-85e6-9f1338560125&year=2020&month=06 HTTP/1.1" 204 - "http://localhost:9999/summary-week" "Mozilla/5.0 (Windows NT 10.0; Win64; x64) AppleWebKit/537.36 (KHTML, like Gecko) Chrome/83.0.4103.61 Safari/537.36"
[2020-06-08T16:06:05.481] [INFO] access - ::1 - - "GET /user/getAllUser HTTP/1.1" 200 21005 "http://localhost:9999/summary-week" "Mozilla/5.0 (Windows NT 10.0; Win64; x64) AppleWebKit/537.36 (KHTML, like Gecko) Chrome/83.0.4103.61 Safari/537.36"
[2020-06-08T16:06:05.484] [INFO] access - ::1 - - "GET /document/week/list?userId=7861a6f0-7024-11e9-85e6-9f1338560125&year=2020&month=06 HTTP/1.1" 200 3063 "http://localhost:9999/summary-week" "Mozilla/5.0 (Windows NT 10.0; Win64; x64) AppleWebKit/537.36 (KHTML, like Gecko) Chrome/83.0.4103.61 Safari/537.36"
