[2019-12-04T10:17:49.896] [INFO] access - ::1 - - "OPTIONS /document/add HTTP/1.1" 204 - "http://localhost:9999/summary/edit" "Mozilla/5.0 (Windows NT 10.0; Win64; x64) AppleWebKit/537.36 (KHTML, like Gecko) Chrome/78.0.3904.108 Safari/537.36"
[2019-12-04T10:17:50.035] [INFO] access - ::1 - - "POST /document/add HTTP/1.1" 200 31 "http://localhost:9999/summary/edit" "Mozilla/5.0 (Windows NT 10.0; Win64; x64) AppleWebKit/537.36 (KHTML, like Gecko) Chrome/78.0.3904.108 Safari/537.36"
[2019-12-04T10:17:54.556] [INFO] access - ::1 - - "OPTIONS /document/add HTTP/1.1" 204 - "http://localhost:9999/summary/edit" "Mozilla/5.0 (Windows NT 10.0; Win64; x64) AppleWebKit/537.36 (KHTML, like Gecko) Chrome/78.0.3904.108 Safari/537.36"
[2019-12-04T10:17:54.561] [INFO] access - ::1 - - "POST /document/add HTTP/1.1" 200 31 "http://localhost:9999/summary/edit" "Mozilla/5.0 (Windows NT 10.0; Win64; x64) AppleWebKit/537.36 (KHTML, like Gecko) Chrome/78.0.3904.108 Safari/537.36"
[2019-12-04T10:19:07.708] [INFO] access - ::1 - - "OPTIONS /document/add HTTP/1.1" 204 - "http://localhost:9999/summary/edit" "Mozilla/5.0 (Windows NT 10.0; Win64; x64) AppleWebKit/537.36 (KHTML, like Gecko) Chrome/78.0.3904.108 Safari/537.36"
[2019-12-04T10:19:07.712] [INFO] access - ::1 - - "POST /document/add HTTP/1.1" 200 31 "http://localhost:9999/summary/edit" "Mozilla/5.0 (Windows NT 10.0; Win64; x64) AppleWebKit/537.36 (KHTML, like Gecko) Chrome/78.0.3904.108 Safari/537.36"
[2019-12-04T10:37:30.060] [INFO] access - ::1 - - "OPTIONS /document/add HTTP/1.1" 204 - "http://localhost:9999/summary/edit" "Mozilla/5.0 (Windows NT 10.0; Win64; x64) AppleWebKit/537.36 (KHTML, like Gecko) Chrome/78.0.3904.108 Safari/537.36"
[2019-12-04T10:37:53.388] [INFO] access - ::1 - - "OPTIONS /document/add HTTP/1.1" 204 - "http://localhost:9999/summary/edit" "Mozilla/5.0 (Windows NT 10.0; Win64; x64) AppleWebKit/537.36 (KHTML, like Gecko) Chrome/78.0.3904.108 Safari/537.36"
[2019-12-04T10:38:00.863] [INFO] access - ::1 - - "OPTIONS /document/add HTTP/1.1" 204 - "http://localhost:9999/summary/edit" "Mozilla/5.0 (Windows NT 10.0; Win64; x64) AppleWebKit/537.36 (KHTML, like Gecko) Chrome/78.0.3904.108 Safari/537.36"
[2019-12-04T10:38:09.294] [INFO] access - ::1 - - "OPTIONS /document/add HTTP/1.1" 204 - "http://localhost:9999/summary/edit" "Mozilla/5.0 (Windows NT 10.0; Win64; x64) AppleWebKit/537.36 (KHTML, like Gecko) Chrome/78.0.3904.108 Safari/537.36"
[2019-12-04T10:38:09.519] [INFO] access - ::1 - - "POST /document/add HTTP/1.1" 200 230 "http://localhost:9999/summary/edit" "Mozilla/5.0 (Windows NT 10.0; Win64; x64) AppleWebKit/537.36 (KHTML, like Gecko) Chrome/78.0.3904.108 Safari/537.36"
[2019-12-04T10:39:33.662] [INFO] access - ::1 - - "OPTIONS /document/add HTTP/1.1" 204 - "http://localhost:9999/summary/edit" "Mozilla/5.0 (Windows NT 10.0; Win64; x64) AppleWebKit/537.36 (KHTML, like Gecko) Chrome/78.0.3904.108 Safari/537.36"
[2019-12-04T10:39:33.671] [INFO] access - ::1 - - "POST /document/add HTTP/1.1" 200 299 "http://localhost:9999/summary/edit" "Mozilla/5.0 (Windows NT 10.0; Win64; x64) AppleWebKit/537.36 (KHTML, like Gecko) Chrome/78.0.3904.108 Safari/537.36"
[2019-12-04T10:58:25.085] [INFO] access - ::1 - - "OPTIONS /document/list HTTP/1.1" 204 - "http://localhost:9999/summary" "Mozilla/5.0 (Windows NT 10.0; Win64; x64) AppleWebKit/537.36 (KHTML, like Gecko) Chrome/78.0.3904.108 Safari/537.36"
[2019-12-04T10:58:25.101] [INFO] access - ::1 - - "POST /document/list HTTP/1.1" 404 - "http://localhost:9999/summary" "Mozilla/5.0 (Windows NT 10.0; Win64; x64) AppleWebKit/537.36 (KHTML, like Gecko) Chrome/78.0.3904.108 Safari/537.36"
[2019-12-04T10:58:32.246] [INFO] access - ::1 - - "OPTIONS /document/list HTTP/1.1" 204 - "http://localhost:9999/summary" "Mozilla/5.0 (Windows NT 10.0; Win64; x64) AppleWebKit/537.36 (KHTML, like Gecko) Chrome/78.0.3904.108 Safari/537.36"
[2019-12-04T10:58:32.263] [INFO] access - ::1 - - "POST /document/list HTTP/1.1" 404 - "http://localhost:9999/summary" "Mozilla/5.0 (Windows NT 10.0; Win64; x64) AppleWebKit/537.36 (KHTML, like Gecko) Chrome/78.0.3904.108 Safari/537.36"
[2019-12-04T10:59:07.069] [INFO] access - ::1 - - "OPTIONS /document/list HTTP/1.1" 204 - "http://localhost:9999/summary" "Mozilla/5.0 (Windows NT 10.0; Win64; x64) AppleWebKit/537.36 (KHTML, like Gecko) Chrome/78.0.3904.108 Safari/537.36"
[2019-12-04T10:59:07.109] [INFO] access - ::1 - - "POST /document/list HTTP/1.1" 405 - "http://localhost:9999/summary" "Mozilla/5.0 (Windows NT 10.0; Win64; x64) AppleWebKit/537.36 (KHTML, like Gecko) Chrome/78.0.3904.108 Safari/537.36"
[2019-12-04T10:59:32.290] [INFO] access - ::1 - - "OPTIONS /document/list?documentId=7861a6f0-7024-11e9-85e6-9f1338560125 HTTP/1.1" 204 - "http://localhost:9999/summary" "Mozilla/5.0 (Windows NT 10.0; Win64; x64) AppleWebKit/537.36 (KHTML, like Gecko) Chrome/78.0.3904.108 Safari/537.36"
[2019-12-04T10:59:32.338] [INFO] access - ::1 - - "GET /document/list?documentId=7861a6f0-7024-11e9-85e6-9f1338560125 HTTP/1.1" 200 41 "http://localhost:9999/summary" "Mozilla/5.0 (Windows NT 10.0; Win64; x64) AppleWebKit/537.36 (KHTML, like Gecko) Chrome/78.0.3904.108 Safari/537.36"
[2019-12-04T10:59:51.785] [INFO] access - ::1 - - "OPTIONS /document/list?documentId=7861a6f0-7024-11e9-85e6-9f1338560125 HTTP/1.1" 204 - "http://localhost:9999/summary" "Mozilla/5.0 (Windows NT 10.0; Win64; x64) AppleWebKit/537.36 (KHTML, like Gecko) Chrome/78.0.3904.108 Safari/537.36"
[2019-12-04T10:59:51.824] [INFO] access - ::1 - - "GET /document/list?documentId=7861a6f0-7024-11e9-85e6-9f1338560125 HTTP/1.1" 200 41 "http://localhost:9999/summary" "Mozilla/5.0 (Windows NT 10.0; Win64; x64) AppleWebKit/537.36 (KHTML, like Gecko) Chrome/78.0.3904.108 Safari/537.36"
[2019-12-04T11:02:00.167] [INFO] access - ::1 - - "OPTIONS /document/list?documentId=7861a6f0-7024-11e9-85e6-9f1338560125 HTTP/1.1" 204 - "http://localhost:9999/summary" "Mozilla/5.0 (Windows NT 10.0; Win64; x64) AppleWebKit/537.36 (KHTML, like Gecko) Chrome/78.0.3904.108 Safari/537.36"
[2019-12-04T11:02:00.200] [INFO] access - ::1 - - "GET /document/list?documentId=7861a6f0-7024-11e9-85e6-9f1338560125 HTTP/1.1" 200 41 "http://localhost:9999/summary" "Mozilla/5.0 (Windows NT 10.0; Win64; x64) AppleWebKit/537.36 (KHTML, like Gecko) Chrome/78.0.3904.108 Safari/537.36"
[2019-12-04T11:03:17.104] [INFO] access - ::1 - - "OPTIONS /document/list?documentId=7861a6f0-7024-11e9-85e6-9f1338560125 HTTP/1.1" 204 - "http://localhost:9999/summary" "Mozilla/5.0 (Windows NT 10.0; Win64; x64) AppleWebKit/537.36 (KHTML, like Gecko) Chrome/78.0.3904.108 Safari/537.36"
[2019-12-04T11:03:21.416] [INFO] access - ::1 - - "GET /document/list?documentId=7861a6f0-7024-11e9-85e6-9f1338560125 HTTP/1.1" 200 41 "http://localhost:9999/summary" "Mozilla/5.0 (Windows NT 10.0; Win64; x64) AppleWebKit/537.36 (KHTML, like Gecko) Chrome/78.0.3904.108 Safari/537.36"
[2019-12-04T11:04:12.354] [INFO] access - ::1 - - "OPTIONS /document/list?documentId[]=7861a6f0-7024-11e9-85e6-9f1338560125 HTTP/1.1" 204 - "http://localhost:9999/summary" "Mozilla/5.0 (Windows NT 10.0; Win64; x64) AppleWebKit/537.36 (KHTML, like Gecko) Chrome/78.0.3904.108 Safari/537.36"
[2019-12-04T11:04:12.400] [INFO] access - ::1 - - "GET /document/list?documentId[]=7861a6f0-7024-11e9-85e6-9f1338560125 HTTP/1.1" 200 41 "http://localhost:9999/summary" "Mozilla/5.0 (Windows NT 10.0; Win64; x64) AppleWebKit/537.36 (KHTML, like Gecko) Chrome/78.0.3904.108 Safari/537.36"
[2019-12-04T11:04:18.168] [INFO] access - ::1 - - "OPTIONS /document/list?documentId[]=7861a6f0-7024-11e9-85e6-9f1338560125 HTTP/1.1" 204 - "http://localhost:9999/summary" "Mozilla/5.0 (Windows NT 10.0; Win64; x64) AppleWebKit/537.36 (KHTML, like Gecko) Chrome/78.0.3904.108 Safari/537.36"
[2019-12-04T11:04:18.186] [INFO] access - ::1 - - "GET /document/list?documentId[]=7861a6f0-7024-11e9-85e6-9f1338560125 HTTP/1.1" 200 41 "http://localhost:9999/summary" "Mozilla/5.0 (Windows NT 10.0; Win64; x64) AppleWebKit/537.36 (KHTML, like Gecko) Chrome/78.0.3904.108 Safari/537.36"
[2019-12-04T11:04:33.900] [INFO] access - ::1 - - "OPTIONS /document/list?documentId[]=7861a6f0-7024-11e9-85e6-9f1338560125 HTTP/1.1" 204 - "http://localhost:9999/summary" "Mozilla/5.0 (Windows NT 10.0; Win64; x64) AppleWebKit/537.36 (KHTML, like Gecko) Chrome/78.0.3904.108 Safari/537.36"
[2019-12-04T11:04:33.925] [INFO] access - ::1 - - "GET /document/list?documentId[]=7861a6f0-7024-11e9-85e6-9f1338560125 HTTP/1.1" 200 41 "http://localhost:9999/summary" "Mozilla/5.0 (Windows NT 10.0; Win64; x64) AppleWebKit/537.36 (KHTML, like Gecko) Chrome/78.0.3904.108 Safari/537.36"
[2019-12-04T11:05:35.708] [INFO] access - ::1 - - "OPTIONS /document/list?documentId=7861a6f0-7024-11e9-85e6-9f1338560125 HTTP/1.1" 204 - "http://localhost:9999/summary" "Mozilla/5.0 (Windows NT 10.0; Win64; x64) AppleWebKit/537.36 (KHTML, like Gecko) Chrome/78.0.3904.108 Safari/537.36"
[2019-12-04T11:05:35.721] [INFO] access - ::1 - - "GET /document/list?documentId=7861a6f0-7024-11e9-85e6-9f1338560125 HTTP/1.1" 200 41 "http://localhost:9999/summary" "Mozilla/5.0 (Windows NT 10.0; Win64; x64) AppleWebKit/537.36 (KHTML, like Gecko) Chrome/78.0.3904.108 Safari/537.36"
[2019-12-04T11:05:45.636] [INFO] access - ::1 - - "OPTIONS /document/list?documentId=7861a6f0-7024-11e9-85e6-9f1338560125 HTTP/1.1" 204 - "http://localhost:9999/summary" "Mozilla/5.0 (Windows NT 10.0; Win64; x64) AppleWebKit/537.36 (KHTML, like Gecko) Chrome/78.0.3904.108 Safari/537.36"
[2019-12-04T11:05:47.420] [INFO] access - ::1 - - "GET /document/list?documentId=7861a6f0-7024-11e9-85e6-9f1338560125 HTTP/1.1" 200 41 "http://localhost:9999/summary" "Mozilla/5.0 (Windows NT 10.0; Win64; x64) AppleWebKit/537.36 (KHTML, like Gecko) Chrome/78.0.3904.108 Safari/537.36"
[2019-12-04T11:08:59.632] [INFO] access - ::1 - - "OPTIONS /document/list?documentId=7861a6f0-7024-11e9-85e6-9f1338560125 HTTP/1.1" 204 - "http://localhost:9999/summary" "Mozilla/5.0 (Windows NT 10.0; Win64; x64) AppleWebKit/537.36 (KHTML, like Gecko) Chrome/78.0.3904.108 Safari/537.36"
[2019-12-04T11:08:59.678] [INFO] access - ::1 - - "GET /document/list?documentId=7861a6f0-7024-11e9-85e6-9f1338560125 HTTP/1.1" 200 41 "http://localhost:9999/summary" "Mozilla/5.0 (Windows NT 10.0; Win64; x64) AppleWebKit/537.36 (KHTML, like Gecko) Chrome/78.0.3904.108 Safari/537.36"
[2019-12-04T11:09:08.858] [INFO] access - ::1 - - "OPTIONS /document/list?documentId=7861a6f0-7024-11e9-85e6-9f1338560125 HTTP/1.1" 204 - "http://localhost:9999/summary" "Mozilla/5.0 (Windows NT 10.0; Win64; x64) AppleWebKit/537.36 (KHTML, like Gecko) Chrome/78.0.3904.108 Safari/537.36"
[2019-12-04T11:09:08.880] [INFO] access - ::1 - - "GET /document/list?documentId=7861a6f0-7024-11e9-85e6-9f1338560125 HTTP/1.1" 200 41 "http://localhost:9999/summary" "Mozilla/5.0 (Windows NT 10.0; Win64; x64) AppleWebKit/537.36 (KHTML, like Gecko) Chrome/78.0.3904.108 Safari/537.36"
[2019-12-04T11:09:22.457] [INFO] access - ::1 - - "OPTIONS /document/list?userId=7861a6f0-7024-11e9-85e6-9f1338560125 HTTP/1.1" 204 - "http://localhost:9999/summary" "Mozilla/5.0 (Windows NT 10.0; Win64; x64) AppleWebKit/537.36 (KHTML, like Gecko) Chrome/78.0.3904.108 Safari/537.36"
[2019-12-04T11:09:22.489] [INFO] access - ::1 - - "GET /document/list?userId=7861a6f0-7024-11e9-85e6-9f1338560125 HTTP/1.1" 200 489 "http://localhost:9999/summary" "Mozilla/5.0 (Windows NT 10.0; Win64; x64) AppleWebKit/537.36 (KHTML, like Gecko) Chrome/78.0.3904.108 Safari/537.36"
[2019-12-04T11:09:27.697] [INFO] access - ::1 - - "OPTIONS /document/list?userId=7861a6f0-7024-11e9-85e6-9f1338560125 HTTP/1.1" 204 - "http://localhost:9999/summary" "Mozilla/5.0 (Windows NT 10.0; Win64; x64) AppleWebKit/537.36 (KHTML, like Gecko) Chrome/78.0.3904.108 Safari/537.36"
[2019-12-04T11:09:27.725] [INFO] access - ::1 - - "GET /document/list?userId=7861a6f0-7024-11e9-85e6-9f1338560125 HTTP/1.1" 200 489 "http://localhost:9999/summary" "Mozilla/5.0 (Windows NT 10.0; Win64; x64) AppleWebKit/537.36 (KHTML, like Gecko) Chrome/78.0.3904.108 Safari/537.36"
[2019-12-04T11:10:31.273] [INFO] access - ::1 - - "OPTIONS /document/list?userId=7861a6f0-7024-11e9-85e6-9f1338560125 HTTP/1.1" 204 - "http://localhost:9999/summary" "Mozilla/5.0 (Windows NT 10.0; Win64; x64) AppleWebKit/537.36 (KHTML, like Gecko) Chrome/78.0.3904.108 Safari/537.36"
[2019-12-04T11:10:31.306] [INFO] access - ::1 - - "GET /document/list?userId=7861a6f0-7024-11e9-85e6-9f1338560125 HTTP/1.1" 200 489 "http://localhost:9999/summary" "Mozilla/5.0 (Windows NT 10.0; Win64; x64) AppleWebKit/537.36 (KHTML, like Gecko) Chrome/78.0.3904.108 Safari/537.36"
[2019-12-04T11:12:09.888] [INFO] access - ::1 - - "OPTIONS /document/list?userId=7861a6f0-7024-11e9-85e6-9f1338560125 HTTP/1.1" 204 - "http://localhost:9999/summary" "Mozilla/5.0 (Windows NT 10.0; Win64; x64) AppleWebKit/537.36 (KHTML, like Gecko) Chrome/78.0.3904.108 Safari/537.36"
[2019-12-04T11:12:09.897] [INFO] access - ::1 - - "GET /document/list?userId=7861a6f0-7024-11e9-85e6-9f1338560125 HTTP/1.1" 200 489 "http://localhost:9999/summary" "Mozilla/5.0 (Windows NT 10.0; Win64; x64) AppleWebKit/537.36 (KHTML, like Gecko) Chrome/78.0.3904.108 Safari/537.36"
[2019-12-04T11:13:00.077] [INFO] access - ::1 - - "OPTIONS /document/list?userId=7861a6f0-7024-11e9-85e6-9f1338560125 HTTP/1.1" 204 - "http://localhost:9999/summary" "Mozilla/5.0 (Windows NT 10.0; Win64; x64) AppleWebKit/537.36 (KHTML, like Gecko) Chrome/78.0.3904.108 Safari/537.36"
[2019-12-04T11:13:00.095] [INFO] access - ::1 - - "GET /document/list?userId=7861a6f0-7024-11e9-85e6-9f1338560125 HTTP/1.1" 200 546 "http://localhost:9999/summary" "Mozilla/5.0 (Windows NT 10.0; Win64; x64) AppleWebKit/537.36 (KHTML, like Gecko) Chrome/78.0.3904.108 Safari/537.36"
[2019-12-04T11:18:07.855] [INFO] access - ::1 - - "OPTIONS /document/list?userId=7861a6f0-7024-11e9-85e6-9f1338560125 HTTP/1.1" 204 - "http://localhost:9999/summary" "Mozilla/5.0 (Windows NT 10.0; Win64; x64) AppleWebKit/537.36 (KHTML, like Gecko) Chrome/78.0.3904.108 Safari/537.36"
[2019-12-04T11:18:07.893] [INFO] access - ::1 - - "GET /document/list?userId=7861a6f0-7024-11e9-85e6-9f1338560125 HTTP/1.1" 200 546 "http://localhost:9999/summary" "Mozilla/5.0 (Windows NT 10.0; Win64; x64) AppleWebKit/537.36 (KHTML, like Gecko) Chrome/78.0.3904.108 Safari/537.36"
[2019-12-04T11:22:36.077] [INFO] access - ::1 - - "OPTIONS /document/list?userId=7861a6f0-7024-11e9-85e6-9f1338560125 HTTP/1.1" 204 - "http://localhost:9999/summary" "Mozilla/5.0 (Windows NT 10.0; Win64; x64) AppleWebKit/537.36 (KHTML, like Gecko) Chrome/78.0.3904.108 Safari/537.36"
[2019-12-04T11:22:36.086] [INFO] access - ::1 - - "GET /document/list?userId=7861a6f0-7024-11e9-85e6-9f1338560125 HTTP/1.1" 200 546 "http://localhost:9999/summary" "Mozilla/5.0 (Windows NT 10.0; Win64; x64) AppleWebKit/537.36 (KHTML, like Gecko) Chrome/78.0.3904.108 Safari/537.36"
[2019-12-04T11:34:34.779] [INFO] access - ::1 - - "OPTIONS /document/list?userId=7861a6f0-7024-11e9-85e6-9f1338560125 HTTP/1.1" 204 - "http://localhost:9999/summary" "Mozilla/5.0 (Windows NT 10.0; Win64; x64) AppleWebKit/537.36 (KHTML, like Gecko) Chrome/78.0.3904.108 Safari/537.36"
[2019-12-04T11:34:34.789] [INFO] access - ::1 - - "GET /document/list?userId=7861a6f0-7024-11e9-85e6-9f1338560125 HTTP/1.1" 200 546 "http://localhost:9999/summary" "Mozilla/5.0 (Windows NT 10.0; Win64; x64) AppleWebKit/537.36 (KHTML, like Gecko) Chrome/78.0.3904.108 Safari/537.36"
[2019-12-04T11:35:50.233] [INFO] access - ::1 - - "OPTIONS /document/list?userId=7861a6f0-7024-11e9-85e6-9f1338560125 HTTP/1.1" 204 - "http://localhost:9999/summary" "Mozilla/5.0 (Windows NT 10.0; Win64; x64) AppleWebKit/537.36 (KHTML, like Gecko) Chrome/78.0.3904.108 Safari/537.36"
[2019-12-04T11:35:50.241] [INFO] access - ::1 - - "GET /document/list?userId=7861a6f0-7024-11e9-85e6-9f1338560125 HTTP/1.1" 200 546 "http://localhost:9999/summary" "Mozilla/5.0 (Windows NT 10.0; Win64; x64) AppleWebKit/537.36 (KHTML, like Gecko) Chrome/78.0.3904.108 Safari/537.36"
[2019-12-04T11:35:56.779] [INFO] access - ::1 - - "OPTIONS /document/list?userId=7861a6f0-7024-11e9-85e6-9f1338560125 HTTP/1.1" 204 - "http://localhost:9999/summary" "Mozilla/5.0 (Windows NT 10.0; Win64; x64) AppleWebKit/537.36 (KHTML, like Gecko) Chrome/78.0.3904.108 Safari/537.36"
[2019-12-04T11:35:56.793] [INFO] access - ::1 - - "GET /document/list?userId=7861a6f0-7024-11e9-85e6-9f1338560125 HTTP/1.1" 200 546 "http://localhost:9999/summary" "Mozilla/5.0 (Windows NT 10.0; Win64; x64) AppleWebKit/537.36 (KHTML, like Gecko) Chrome/78.0.3904.108 Safari/537.36"
[2019-12-04T11:37:35.685] [INFO] access - ::1 - - "OPTIONS /document/list?userId=7861a6f0-7024-11e9-85e6-9f1338560125 HTTP/1.1" 204 - "http://localhost:9999/summary" "Mozilla/5.0 (Windows NT 10.0; Win64; x64) AppleWebKit/537.36 (KHTML, like Gecko) Chrome/78.0.3904.108 Safari/537.36"
[2019-12-04T11:37:35.724] [INFO] access - ::1 - - "GET /document/list?userId=7861a6f0-7024-11e9-85e6-9f1338560125 HTTP/1.1" 200 546 "http://localhost:9999/summary" "Mozilla/5.0 (Windows NT 10.0; Win64; x64) AppleWebKit/537.36 (KHTML, like Gecko) Chrome/78.0.3904.108 Safari/537.36"
[2019-12-04T11:38:37.174] [INFO] access - ::1 - - "OPTIONS /document/list?userId=7861a6f0-7024-11e9-85e6-9f1338560125 HTTP/1.1" 204 - "http://localhost:9999/summary" "Mozilla/5.0 (Windows NT 10.0; Win64; x64) AppleWebKit/537.36 (KHTML, like Gecko) Chrome/78.0.3904.108 Safari/537.36"
[2019-12-04T11:38:37.184] [INFO] access - ::1 - - "GET /document/list?userId=7861a6f0-7024-11e9-85e6-9f1338560125 HTTP/1.1" 200 546 "http://localhost:9999/summary" "Mozilla/5.0 (Windows NT 10.0; Win64; x64) AppleWebKit/537.36 (KHTML, like Gecko) Chrome/78.0.3904.108 Safari/537.36"
[2019-12-04T11:38:52.415] [INFO] access - ::1 - - "OPTIONS /document/list?userId=7861a6f0-7024-11e9-85e6-9f1338560125 HTTP/1.1" 204 - "http://localhost:9999/summary" "Mozilla/5.0 (Windows NT 10.0; Win64; x64) AppleWebKit/537.36 (KHTML, like Gecko) Chrome/78.0.3904.108 Safari/537.36"
[2019-12-04T11:38:52.424] [INFO] access - ::1 - - "GET /document/list?userId=7861a6f0-7024-11e9-85e6-9f1338560125 HTTP/1.1" 200 546 "http://localhost:9999/summary" "Mozilla/5.0 (Windows NT 10.0; Win64; x64) AppleWebKit/537.36 (KHTML, like Gecko) Chrome/78.0.3904.108 Safari/537.36"
[2019-12-04T11:38:53.529] [INFO] access - ::1 - - "OPTIONS /document/list?userId=7861a6f0-7024-11e9-85e6-9f1338560125 HTTP/1.1" 204 - "http://localhost:9999/summary" "Mozilla/5.0 (Windows NT 10.0; Win64; x64) AppleWebKit/537.36 (KHTML, like Gecko) Chrome/78.0.3904.108 Safari/537.36"
[2019-12-04T11:38:53.538] [INFO] access - ::1 - - "GET /document/list?userId=7861a6f0-7024-11e9-85e6-9f1338560125 HTTP/1.1" 200 546 "http://localhost:9999/summary" "Mozilla/5.0 (Windows NT 10.0; Win64; x64) AppleWebKit/537.36 (KHTML, like Gecko) Chrome/78.0.3904.108 Safari/537.36"
[2019-12-04T11:38:58.320] [INFO] access - ::1 - - "OPTIONS /document/list?userId=7861a6f0-7024-11e9-85e6-9f1338560125 HTTP/1.1" 204 - "http://localhost:9999/summary" "Mozilla/5.0 (Windows NT 10.0; Win64; x64) AppleWebKit/537.36 (KHTML, like Gecko) Chrome/78.0.3904.108 Safari/537.36"
[2019-12-04T11:38:58.347] [INFO] access - ::1 - - "GET /document/list?userId=7861a6f0-7024-11e9-85e6-9f1338560125 HTTP/1.1" 200 546 "http://localhost:9999/summary" "Mozilla/5.0 (Windows NT 10.0; Win64; x64) AppleWebKit/537.36 (KHTML, like Gecko) Chrome/78.0.3904.108 Safari/537.36"
[2019-12-04T11:39:00.637] [INFO] access - ::1 - - "OPTIONS /document/commit HTTP/1.1" 204 - "http://localhost:9999/summary" "Mozilla/5.0 (Windows NT 10.0; Win64; x64) AppleWebKit/537.36 (KHTML, like Gecko) Chrome/78.0.3904.108 Safari/537.36"
[2019-12-04T11:39:00.677] [INFO] access - ::1 - - "POST /document/commit HTTP/1.1" 200 31 "http://localhost:9999/summary" "Mozilla/5.0 (Windows NT 10.0; Win64; x64) AppleWebKit/537.36 (KHTML, like Gecko) Chrome/78.0.3904.108 Safari/537.36"
[2019-12-04T11:39:05.124] [INFO] access - ::1 - - "OPTIONS /document/list?userId=7861a6f0-7024-11e9-85e6-9f1338560125 HTTP/1.1" 204 - "http://localhost:9999/summary" "Mozilla/5.0 (Windows NT 10.0; Win64; x64) AppleWebKit/537.36 (KHTML, like Gecko) Chrome/78.0.3904.108 Safari/537.36"
[2019-12-04T11:39:05.147] [INFO] access - ::1 - - "GET /document/list?userId=7861a6f0-7024-11e9-85e6-9f1338560125 HTTP/1.1" 200 545 "http://localhost:9999/summary" "Mozilla/5.0 (Windows NT 10.0; Win64; x64) AppleWebKit/537.36 (KHTML, like Gecko) Chrome/78.0.3904.108 Safari/537.36"
[2019-12-04T11:41:57.176] [INFO] access - ::1 - - "OPTIONS /document/list?userId=7861a6f0-7024-11e9-85e6-9f1338560125 HTTP/1.1" 204 - "http://localhost:9999/summary" "Mozilla/5.0 (Windows NT 10.0; Win64; x64) AppleWebKit/537.36 (KHTML, like Gecko) Chrome/78.0.3904.108 Safari/537.36"
[2019-12-04T11:41:57.193] [INFO] access - ::1 - - "GET /document/list?userId=7861a6f0-7024-11e9-85e6-9f1338560125 HTTP/1.1" 200 545 "http://localhost:9999/summary" "Mozilla/5.0 (Windows NT 10.0; Win64; x64) AppleWebKit/537.36 (KHTML, like Gecko) Chrome/78.0.3904.108 Safari/537.36"
[2019-12-04T11:42:00.962] [INFO] access - ::1 - - "OPTIONS /document/list?userId=7861a6f0-7024-11e9-85e6-9f1338560125 HTTP/1.1" 204 - "http://localhost:9999/summary" "Mozilla/5.0 (Windows NT 10.0; Win64; x64) AppleWebKit/537.36 (KHTML, like Gecko) Chrome/78.0.3904.108 Safari/537.36"
[2019-12-04T11:42:00.982] [INFO] access - ::1 - - "GET /document/list?userId=7861a6f0-7024-11e9-85e6-9f1338560125 HTTP/1.1" 200 545 "http://localhost:9999/summary" "Mozilla/5.0 (Windows NT 10.0; Win64; x64) AppleWebKit/537.36 (KHTML, like Gecko) Chrome/78.0.3904.108 Safari/537.36"
[2019-12-04T11:42:02.412] [INFO] access - ::1 - - "OPTIONS /document/commit HTTP/1.1" 204 - "http://localhost:9999/summary" "Mozilla/5.0 (Windows NT 10.0; Win64; x64) AppleWebKit/537.36 (KHTML, like Gecko) Chrome/78.0.3904.108 Safari/537.36"
[2019-12-04T11:42:02.418] [INFO] access - ::1 - - "POST /document/commit HTTP/1.1" 200 31 "http://localhost:9999/summary" "Mozilla/5.0 (Windows NT 10.0; Win64; x64) AppleWebKit/537.36 (KHTML, like Gecko) Chrome/78.0.3904.108 Safari/537.36"
[2019-12-04T11:42:07.973] [INFO] access - ::1 - - "OPTIONS /document/list?userId=7861a6f0-7024-11e9-85e6-9f1338560125 HTTP/1.1" 204 - "http://localhost:9999/summary" "Mozilla/5.0 (Windows NT 10.0; Win64; x64) AppleWebKit/537.36 (KHTML, like Gecko) Chrome/78.0.3904.108 Safari/537.36"
[2019-12-04T11:42:07.996] [INFO] access - ::1 - - "GET /document/list?userId=7861a6f0-7024-11e9-85e6-9f1338560125 HTTP/1.1" 200 544 "http://localhost:9999/summary" "Mozilla/5.0 (Windows NT 10.0; Win64; x64) AppleWebKit/537.36 (KHTML, like Gecko) Chrome/78.0.3904.108 Safari/537.36"
[2019-12-04T11:44:23.979] [INFO] access - ::1 - - "OPTIONS /document/list?userId=7861a6f0-7024-11e9-85e6-9f1338560125 HTTP/1.1" 204 - "http://localhost:9999/summary" "Mozilla/5.0 (Windows NT 10.0; Win64; x64) AppleWebKit/537.36 (KHTML, like Gecko) Chrome/78.0.3904.108 Safari/537.36"
[2019-12-04T11:44:24.037] [INFO] access - ::1 - - "GET /document/list?userId=7861a6f0-7024-11e9-85e6-9f1338560125 HTTP/1.1" 200 545 "http://localhost:9999/summary" "Mozilla/5.0 (Windows NT 10.0; Win64; x64) AppleWebKit/537.36 (KHTML, like Gecko) Chrome/78.0.3904.108 Safari/537.36"
[2019-12-04T13:02:37.451] [INFO] access - ::1 - - "OPTIONS /login HTTP/1.1" 204 - "http://localhost:9999/login" "Mozilla/5.0 (Windows NT 10.0; Win64; x64) AppleWebKit/537.36 (KHTML, like Gecko) Chrome/78.0.3904.108 Safari/537.36"
[2019-12-04T13:02:37.588] [INFO] access - ::1 - - "POST /login HTTP/1.1" 200 43 "http://localhost:9999/login" "Mozilla/5.0 (Windows NT 10.0; Win64; x64) AppleWebKit/537.36 (KHTML, like Gecko) Chrome/78.0.3904.108 Safari/537.36"
[2019-12-04T13:02:41.066] [INFO] access - ::1 - - "POST /login HTTP/1.1" 200 1820 "http://localhost:9999/login" "Mozilla/5.0 (Windows NT 10.0; Win64; x64) AppleWebKit/537.36 (KHTML, like Gecko) Chrome/78.0.3904.108 Safari/537.36"
[2019-12-04T13:02:41.070] [INFO] access - ::1 - - "OPTIONS /user/info HTTP/1.1" 204 - "http://localhost:9999/login" "Mozilla/5.0 (Windows NT 10.0; Win64; x64) AppleWebKit/537.36 (KHTML, like Gecko) Chrome/78.0.3904.108 Safari/537.36"
[2019-12-04T13:02:41.074] [INFO] access - ::1 - - "GET /user/info HTTP/1.1" 200 750 "http://localhost:9999/login" "Mozilla/5.0 (Windows NT 10.0; Win64; x64) AppleWebKit/537.36 (KHTML, like Gecko) Chrome/78.0.3904.108 Safari/537.36"
[2019-12-04T13:02:41.521] [INFO] access - ::1 - - "OPTIONS /time/workTimeCount?userId=b02fd560-7020-11e9-aa87-37732e5007de HTTP/1.1" 204 - "http://localhost:9999/home" "Mozilla/5.0 (Windows NT 10.0; Win64; x64) AppleWebKit/537.36 (KHTML, like Gecko) Chrome/78.0.3904.108 Safari/537.36"
[2019-12-04T13:02:41.523] [INFO] access - ::1 - - "OPTIONS /user/getAllUser HTTP/1.1" 204 - "http://localhost:9999/home" "Mozilla/5.0 (Windows NT 10.0; Win64; x64) AppleWebKit/537.36 (KHTML, like Gecko) Chrome/78.0.3904.108 Safari/537.36"
[2019-12-04T13:02:41.523] [INFO] access - ::1 - - "OPTIONS /system/getAllList HTTP/1.1" 204 - "http://localhost:9999/home" "Mozilla/5.0 (Windows NT 10.0; Win64; x64) AppleWebKit/537.36 (KHTML, like Gecko) Chrome/78.0.3904.108 Safari/537.36"
[2019-12-04T13:02:43.552] [INFO] access - ::1 - - "GET /user/getAllUser HTTP/1.1" 200 18871 "http://localhost:9999/home" "Mozilla/5.0 (Windows NT 10.0; Win64; x64) AppleWebKit/537.36 (KHTML, like Gecko) Chrome/78.0.3904.108 Safari/537.36"
[2019-12-04T13:02:43.641] [INFO] access - ::1 - - "GET /system/getAllList HTTP/1.1" 200 45531 "http://localhost:9999/home" "Mozilla/5.0 (Windows NT 10.0; Win64; x64) AppleWebKit/537.36 (KHTML, like Gecko) Chrome/78.0.3904.108 Safari/537.36"
[2019-12-04T13:02:43.762] [INFO] access - ::1 - - "GET /time/workTimeCount?userId=b02fd560-7020-11e9-aa87-37732e5007de HTTP/1.1" 200 111 "http://localhost:9999/home" "Mozilla/5.0 (Windows NT 10.0; Win64; x64) AppleWebKit/537.36 (KHTML, like Gecko) Chrome/78.0.3904.108 Safari/537.36"
[2019-12-04T13:02:45.965] [INFO] access - ::1 - - "GET /user/getAllUser HTTP/1.1" 200 18871 "http://localhost:9999/home" "Mozilla/5.0 (Windows NT 10.0; Win64; x64) AppleWebKit/537.36 (KHTML, like Gecko) Chrome/78.0.3904.108 Safari/537.36"
[2019-12-04T13:02:45.998] [INFO] access - ::1 - - "GET /system/getAllList HTTP/1.1" 200 45531 "http://localhost:9999/home" "Mozilla/5.0 (Windows NT 10.0; Win64; x64) AppleWebKit/537.36 (KHTML, like Gecko) Chrome/78.0.3904.108 Safari/537.36"
[2019-12-04T13:02:46.011] [INFO] access - ::1 - - "GET /time/workTimeCount?userId=b02fd560-7020-11e9-aa87-37732e5007de HTTP/1.1" 200 111 "http://localhost:9999/home" "Mozilla/5.0 (Windows NT 10.0; Win64; x64) AppleWebKit/537.36 (KHTML, like Gecko) Chrome/78.0.3904.108 Safari/537.36"
[2019-12-04T13:03:03.127] [INFO] access - ::1 - - "OPTIONS /user/userSystem HTTP/1.1" 204 - "http://localhost:9999/home" "Mozilla/5.0 (Windows NT 10.0; Win64; x64) AppleWebKit/537.36 (KHTML, like Gecko) Chrome/78.0.3904.108 Safari/537.36"
[2019-12-04T13:03:03.213] [INFO] access - ::1 - - "POST /user/userSystem HTTP/1.1" 200 6170 "http://localhost:9999/home" "Mozilla/5.0 (Windows NT 10.0; Win64; x64) AppleWebKit/537.36 (KHTML, like Gecko) Chrome/78.0.3904.108 Safari/537.36"
[2019-12-04T13:03:05.106] [INFO] access - ::1 - - "OPTIONS /time/workTimeSeach HTTP/1.1" 204 - "http://localhost:9999/home" "Mozilla/5.0 (Windows NT 10.0; Win64; x64) AppleWebKit/537.36 (KHTML, like Gecko) Chrome/78.0.3904.108 Safari/537.36"
[2019-12-04T13:03:05.107] [INFO] access - ::1 - - "OPTIONS /time/getMapTime HTTP/1.1" 204 - "http://localhost:9999/home" "Mozilla/5.0 (Windows NT 10.0; Win64; x64) AppleWebKit/537.36 (KHTML, like Gecko) Chrome/78.0.3904.108 Safari/537.36"
[2019-12-04T13:03:05.207] [INFO] access - ::1 - - "POST /time/workTimeSeach HTTP/1.1" 200 41 "http://localhost:9999/home" "Mozilla/5.0 (Windows NT 10.0; Win64; x64) AppleWebKit/537.36 (KHTML, like Gecko) Chrome/78.0.3904.108 Safari/537.36"
[2019-12-04T13:03:05.207] [INFO] access - ::1 - - "POST /time/getMapTime HTTP/1.1" 200 53 "http://localhost:9999/home" "Mozilla/5.0 (Windows NT 10.0; Win64; x64) AppleWebKit/537.36 (KHTML, like Gecko) Chrome/78.0.3904.108 Safari/537.36"
[2019-12-04T13:03:11.121] [INFO] access - ::1 - - "OPTIONS /time/workTimeSeach HTTP/1.1" 204 - "http://localhost:9999/home" "Mozilla/5.0 (Windows NT 10.0; Win64; x64) AppleWebKit/537.36 (KHTML, like Gecko) Chrome/78.0.3904.108 Safari/537.36"
[2019-12-04T13:03:11.121] [INFO] access - ::1 - - "OPTIONS /time/getMapTime HTTP/1.1" 204 - "http://localhost:9999/home" "Mozilla/5.0 (Windows NT 10.0; Win64; x64) AppleWebKit/537.36 (KHTML, like Gecko) Chrome/78.0.3904.108 Safari/537.36"
[2019-12-04T13:03:11.157] [INFO] access - ::1 - - "POST /time/workTimeSeach HTTP/1.1" 200 7660 "http://localhost:9999/home" "Mozilla/5.0 (Windows NT 10.0; Win64; x64) AppleWebKit/537.36 (KHTML, like Gecko) Chrome/78.0.3904.108 Safari/537.36"
[2019-12-04T13:03:11.157] [INFO] access - ::1 - - "POST /time/getMapTime HTTP/1.1" 200 5276 "http://localhost:9999/home" "Mozilla/5.0 (Windows NT 10.0; Win64; x64) AppleWebKit/537.36 (KHTML, like Gecko) Chrome/78.0.3904.108 Safari/537.36"
[2019-12-04T13:04:06.726] [INFO] access - ::1 - - "OPTIONS /department/getByParentId/0 HTTP/1.1" 204 - "http://localhost:9999/department-manage" "Mozilla/5.0 (Windows NT 10.0; Win64; x64) AppleWebKit/537.36 (KHTML, like Gecko) Chrome/78.0.3904.108 Safari/537.36"
[2019-12-04T13:04:06.731] [INFO] access - ::1 - - "OPTIONS /department/getByParentId/0 HTTP/1.1" 204 - "http://localhost:9999/department-manage" "Mozilla/5.0 (Windows NT 10.0; Win64; x64) AppleWebKit/537.36 (KHTML, like Gecko) Chrome/78.0.3904.108 Safari/537.36"
[2019-12-04T13:04:06.774] [INFO] access - ::1 - - "GET /department/getByParentId/0 HTTP/1.1" 200 379 "http://localhost:9999/department-manage" "Mozilla/5.0 (Windows NT 10.0; Win64; x64) AppleWebKit/537.36 (KHTML, like Gecko) Chrome/78.0.3904.108 Safari/537.36"
[2019-12-04T13:04:06.778] [INFO] access - ::1 - - "GET /department/getByParentId/0 HTTP/1.1" 200 379 "http://localhost:9999/department-manage" "Mozilla/5.0 (Windows NT 10.0; Win64; x64) AppleWebKit/537.36 (KHTML, like Gecko) Chrome/78.0.3904.108 Safari/537.36"
[2019-12-04T13:04:18.412] [INFO] access - ::1 - - "OPTIONS /department/getByParentId/0 HTTP/1.1" 204 - "http://localhost:9999/user-manage" "Mozilla/5.0 (Windows NT 10.0; Win64; x64) AppleWebKit/537.36 (KHTML, like Gecko) Chrome/78.0.3904.108 Safari/537.36"
[2019-12-04T13:04:18.420] [INFO] access - ::1 - - "OPTIONS /user/getByCondition?userName=&departmentId=&email=&type=&status=&pageNumber=1&pageSize=20&sort=createTime&order=desc&startDate=&endDate= HTTP/1.1" 204 - "http://localhost:9999/user-manage" "Mozilla/5.0 (Windows NT 10.0; Win64; x64) AppleWebKit/537.36 (KHTML, like Gecko) Chrome/78.0.3904.108 Safari/537.36"
[2019-12-04T13:04:18.430] [INFO] access - ::1 - - "GET /department/getByParentId/0 HTTP/1.1" 200 379 "http://localhost:9999/user-manage" "Mozilla/5.0 (Windows NT 10.0; Win64; x64) AppleWebKit/537.36 (KHTML, like Gecko) Chrome/78.0.3904.108 Safari/537.36"
[2019-12-04T13:04:18.483] [INFO] access - ::1 - - "GET /user/getByCondition?userName=&departmentId=&email=&type=&status=&pageNumber=1&pageSize=20&sort=createTime&order=desc&startDate=&endDate= HTTP/1.1" 200 18909 "http://localhost:9999/user-manage" "Mozilla/5.0 (Windows NT 10.0; Win64; x64) AppleWebKit/537.36 (KHTML, like Gecko) Chrome/78.0.3904.108 Safari/537.36"
[2019-12-04T13:04:58.599] [INFO] access - ::1 - - "OPTIONS /system/getByParentId/0 HTTP/1.1" 204 - "http://localhost:9999/system-manage" "Mozilla/5.0 (Windows NT 10.0; Win64; x64) AppleWebKit/537.36 (KHTML, like Gecko) Chrome/78.0.3904.108 Safari/537.36"
[2019-12-04T13:04:58.599] [INFO] access - ::1 - - "OPTIONS /system/getByParentId/0 HTTP/1.1" 204 - "http://localhost:9999/system-manage" "Mozilla/5.0 (Windows NT 10.0; Win64; x64) AppleWebKit/537.36 (KHTML, like Gecko) Chrome/78.0.3904.108 Safari/537.36"
[2019-12-04T13:04:58.616] [INFO] access - ::1 - - "GET /system/getByParentId/0 HTTP/1.1" 200 7542 "http://localhost:9999/system-manage" "Mozilla/5.0 (Windows NT 10.0; Win64; x64) AppleWebKit/537.36 (KHTML, like Gecko) Chrome/78.0.3904.108 Safari/537.36"
[2019-12-04T13:04:58.627] [INFO] access - ::1 - - "GET /system/getByParentId/0 HTTP/1.1" 200 7542 "http://localhost:9999/system-manage" "Mozilla/5.0 (Windows NT 10.0; Win64; x64) AppleWebKit/537.36 (KHTML, like Gecko) Chrome/78.0.3904.108 Safari/537.36"
[2019-12-04T13:05:02.882] [INFO] access - ::1 - - "OPTIONS /time/getTimeList HTTP/1.1" 204 - "http://localhost:9999/work-time" "Mozilla/5.0 (Windows NT 10.0; Win64; x64) AppleWebKit/537.36 (KHTML, like Gecko) Chrome/78.0.3904.108 Safari/537.36"
[2019-12-04T13:05:02.983] [INFO] access - ::1 - - "POST /time/getTimeList HTTP/1.1" 200 1262 "http://localhost:9999/work-time" "Mozilla/5.0 (Windows NT 10.0; Win64; x64) AppleWebKit/537.36 (KHTML, like Gecko) Chrome/78.0.3904.108 Safari/537.36"
[2019-12-04T13:05:24.229] [INFO] access - ::1 - - "OPTIONS /system/getAllList HTTP/1.1" 204 - "http://localhost:9999/own-space" "Mozilla/5.0 (Windows NT 10.0; Win64; x64) AppleWebKit/537.36 (KHTML, like Gecko) Chrome/78.0.3904.108 Safari/537.36"
[2019-12-04T13:05:24.261] [INFO] access - ::1 - - "GET /system/getAllList HTTP/1.1" 200 45531 "http://localhost:9999/own-space" "Mozilla/5.0 (Windows NT 10.0; Win64; x64) AppleWebKit/537.36 (KHTML, like Gecko) Chrome/78.0.3904.108 Safari/537.36"
[2019-12-04T13:05:46.254] [INFO] access - ::1 - - "OPTIONS /document/list?userId=b02fd560-7020-11e9-aa87-37732e5007de HTTP/1.1" 204 - "http://localhost:9999/summary" "Mozilla/5.0 (Windows NT 10.0; Win64; x64) AppleWebKit/537.36 (KHTML, like Gecko) Chrome/78.0.3904.108 Safari/537.36"
[2019-12-04T13:05:46.263] [INFO] access - ::1 - - "GET /document/list?userId=b02fd560-7020-11e9-aa87-37732e5007de HTTP/1.1" 200 41 "http://localhost:9999/summary" "Mozilla/5.0 (Windows NT 10.0; Win64; x64) AppleWebKit/537.36 (KHTML, like Gecko) Chrome/78.0.3904.108 Safari/537.36"
[2019-12-04T13:05:51.924] [INFO] access - ::1 - - "OPTIONS /login HTTP/1.1" 204 - "http://localhost:9999/login" "Mozilla/5.0 (Windows NT 10.0; Win64; x64) AppleWebKit/537.36 (KHTML, like Gecko) Chrome/78.0.3904.108 Safari/537.36"
[2019-12-04T13:05:51.937] [INFO] access - ::1 - - "POST /login HTTP/1.1" 200 3511 "http://localhost:9999/login" "Mozilla/5.0 (Windows NT 10.0; Win64; x64) AppleWebKit/537.36 (KHTML, like Gecko) Chrome/78.0.3904.108 Safari/537.36"
[2019-12-04T13:05:51.941] [INFO] access - ::1 - - "OPTIONS /user/info HTTP/1.1" 204 - "http://localhost:9999/login" "Mozilla/5.0 (Windows NT 10.0; Win64; x64) AppleWebKit/537.36 (KHTML, like Gecko) Chrome/78.0.3904.108 Safari/537.36"
[2019-12-04T13:05:51.945] [INFO] access - ::1 - - "GET /user/info HTTP/1.1" 200 1475 "http://localhost:9999/login" "Mozilla/5.0 (Windows NT 10.0; Win64; x64) AppleWebKit/537.36 (KHTML, like Gecko) Chrome/78.0.3904.108 Safari/537.36"
[2019-12-04T13:05:53.703] [INFO] access - ::1 - - "OPTIONS /document/list?userId=7861a6f0-7024-11e9-85e6-9f1338560125 HTTP/1.1" 204 - "http://localhost:9999/summary" "Mozilla/5.0 (Windows NT 10.0; Win64; x64) AppleWebKit/537.36 (KHTML, like Gecko) Chrome/78.0.3904.108 Safari/537.36"
[2019-12-04T13:05:53.711] [INFO] access - ::1 - - "GET /document/list?userId=7861a6f0-7024-11e9-85e6-9f1338560125 HTTP/1.1" 200 545 "http://localhost:9999/summary" "Mozilla/5.0 (Windows NT 10.0; Win64; x64) AppleWebKit/537.36 (KHTML, like Gecko) Chrome/78.0.3904.108 Safari/537.36"
[2019-12-04T13:35:41.792] [INFO] access - ::1 - - "OPTIONS /document/commit HTTP/1.1" 204 - "http://localhost:9999/summary" "Mozilla/5.0 (Windows NT 10.0; Win64; x64) AppleWebKit/537.36 (KHTML, like Gecko) Chrome/78.0.3904.108 Safari/537.36"
[2019-12-04T13:35:41.798] [INFO] access - ::1 - - "POST /document/commit HTTP/1.1" 200 31 "http://localhost:9999/summary" "Mozilla/5.0 (Windows NT 10.0; Win64; x64) AppleWebKit/537.36 (KHTML, like Gecko) Chrome/78.0.3904.108 Safari/537.36"
[2019-12-04T13:40:09.516] [INFO] access - ::1 - - "OPTIONS /document/list?userId=7861a6f0-7024-11e9-85e6-9f1338560125 HTTP/1.1" 204 - "http://localhost:9999/summary" "Mozilla/5.0 (Windows NT 10.0; Win64; x64) AppleWebKit/537.36 (KHTML, like Gecko) Chrome/78.0.3904.108 Safari/537.36"
[2019-12-04T13:40:09.530] [INFO] access - ::1 - - "GET /document/list?userId=7861a6f0-7024-11e9-85e6-9f1338560125 HTTP/1.1" 200 544 "http://localhost:9999/summary" "Mozilla/5.0 (Windows NT 10.0; Win64; x64) AppleWebKit/537.36 (KHTML, like Gecko) Chrome/78.0.3904.108 Safari/537.36"
[2019-12-04T13:40:13.286] [INFO] access - ::1 - - "GET /document/list?userId=7861a6f0-7024-11e9-85e6-9f1338560125 HTTP/1.1" 200 544 "http://localhost:9999/summary" "Mozilla/5.0 (Windows NT 10.0; Win64; x64) AppleWebKit/537.36 (KHTML, like Gecko) Chrome/78.0.3904.108 Safari/537.36"
[2019-12-04T13:42:51.674] [INFO] access - ::1 - - "OPTIONS /document/add HTTP/1.1" 204 - "http://localhost:9999/summary/edit" "Mozilla/5.0 (Windows NT 10.0; Win64; x64) AppleWebKit/537.36 (KHTML, like Gecko) Chrome/78.0.3904.108 Safari/537.36"
[2019-12-04T13:42:51.694] [INFO] access - ::1 - - "POST /document/add HTTP/1.1" 200 7056 "http://localhost:9999/summary/edit" "Mozilla/5.0 (Windows NT 10.0; Win64; x64) AppleWebKit/537.36 (KHTML, like Gecko) Chrome/78.0.3904.108 Safari/537.36"
[2019-12-04T13:42:57.166] [INFO] access - ::1 - - "OPTIONS /document/list?userId=7861a6f0-7024-11e9-85e6-9f1338560125 HTTP/1.1" 204 - "http://localhost:9999/summary" "Mozilla/5.0 (Windows NT 10.0; Win64; x64) AppleWebKit/537.36 (KHTML, like Gecko) Chrome/78.0.3904.108 Safari/537.36"
[2019-12-04T13:42:57.187] [INFO] access - ::1 - - "GET /document/list?userId=7861a6f0-7024-11e9-85e6-9f1338560125 HTTP/1.1" 200 7560 "http://localhost:9999/summary" "Mozilla/5.0 (Windows NT 10.0; Win64; x64) AppleWebKit/537.36 (KHTML, like Gecko) Chrome/78.0.3904.108 Safari/537.36"
[2019-12-04T13:43:03.939] [INFO] access - ::1 - - "OPTIONS /document/commit HTTP/1.1" 204 - "http://localhost:9999/summary" "Mozilla/5.0 (Windows NT 10.0; Win64; x64) AppleWebKit/537.36 (KHTML, like Gecko) Chrome/78.0.3904.108 Safari/537.36"
[2019-12-04T13:43:03.943] [INFO] access - ::1 - - "POST /document/commit HTTP/1.1" 200 31 "http://localhost:9999/summary" "Mozilla/5.0 (Windows NT 10.0; Win64; x64) AppleWebKit/537.36 (KHTML, like Gecko) Chrome/78.0.3904.108 Safari/537.36"
[2019-12-04T15:23:24.545] [INFO] access - ::1 - - "OPTIONS /document/add HTTP/1.1" 204 - "http://localhost:9999/summary/edit" "Mozilla/5.0 (Windows NT 10.0; Win64; x64) AppleWebKit/537.36 (KHTML, like Gecko) Chrome/78.0.3904.108 Safari/537.36"
[2019-12-04T15:23:54.664] [INFO] access - ::1 - - "OPTIONS /document/add HTTP/1.1" 204 - "http://localhost:9999/summary/edit" "Mozilla/5.0 (Windows NT 10.0; Win64; x64) AppleWebKit/537.36 (KHTML, like Gecko) Chrome/78.0.3904.108 Safari/537.36"
[2019-12-04T15:25:57.713] [INFO] access - ::1 - - "OPTIONS /document/add HTTP/1.1" 204 - "http://localhost:9999/summary/edit" "Mozilla/5.0 (Windows NT 10.0; Win64; x64) AppleWebKit/537.36 (KHTML, like Gecko) Chrome/78.0.3904.108 Safari/537.36"
[2019-12-04T15:26:35.783] [INFO] access - ::1 - - "OPTIONS /document/add HTTP/1.1" 204 - "http://localhost:9999/summary/edit" "Mozilla/5.0 (Windows NT 10.0; Win64; x64) AppleWebKit/537.36 (KHTML, like Gecko) Chrome/78.0.3904.108 Safari/537.36"
[2019-12-04T15:26:49.950] [INFO] access - ::1 - - "OPTIONS /document/add HTTP/1.1" 204 - "http://localhost:9999/summary/edit" "Mozilla/5.0 (Windows NT 10.0; Win64; x64) AppleWebKit/537.36 (KHTML, like Gecko) Chrome/78.0.3904.108 Safari/537.36"
[2019-12-04T15:28:26.089] [INFO] access - ::1 - - "OPTIONS /document/add HTTP/1.1" 204 - "http://localhost:9999/summary/edit" "Mozilla/5.0 (Windows NT 10.0; Win64; x64) AppleWebKit/537.36 (KHTML, like Gecko) Chrome/78.0.3904.108 Safari/537.36"
[2019-12-04T15:28:53.415] [INFO] access - ::1 - - "OPTIONS /document/add HTTP/1.1" 204 - "http://localhost:9999/summary/edit" "Mozilla/5.0 (Windows NT 10.0; Win64; x64) AppleWebKit/537.36 (KHTML, like Gecko) Chrome/78.0.3904.108 Safari/537.36"
[2019-12-04T15:29:19.310] [INFO] access - ::1 - - "OPTIONS /document/add HTTP/1.1" 204 - "http://localhost:9999/summary/edit" "Mozilla/5.0 (Windows NT 10.0; Win64; x64) AppleWebKit/537.36 (KHTML, like Gecko) Chrome/78.0.3904.108 Safari/537.36"
[2019-12-04T15:37:09.122] [INFO] access - ::1 - - "OPTIONS /document/add HTTP/1.1" 204 - "http://localhost:9999/summary/edit" "Mozilla/5.0 (Windows NT 10.0; Win64; x64) AppleWebKit/537.36 (KHTML, like Gecko) Chrome/78.0.3904.108 Safari/537.36"
[2019-12-04T15:40:17.082] [INFO] access - ::1 - - "OPTIONS /document/add HTTP/1.1" 204 - "http://localhost:9999/summary/edit" "Mozilla/5.0 (Windows NT 10.0; Win64; x64) AppleWebKit/537.36 (KHTML, like Gecko) Chrome/78.0.3904.108 Safari/537.36"
[2019-12-04T15:50:09.531] [INFO] access - ::1 - - "OPTIONS /document/list?userId=7861a6f0-7024-11e9-85e6-9f1338560125 HTTP/1.1" 204 - "http://localhost:9999/summary" "Mozilla/5.0 (Windows NT 10.0; Win64; x64) AppleWebKit/537.36 (KHTML, like Gecko) Chrome/78.0.3904.108 Safari/537.36"
[2019-12-04T15:50:09.584] [INFO] access - ::1 - - "GET /document/list?userId=7861a6f0-7024-11e9-85e6-9f1338560125 HTTP/1.1" 200 7559 "http://localhost:9999/summary" "Mozilla/5.0 (Windows NT 10.0; Win64; x64) AppleWebKit/537.36 (KHTML, like Gecko) Chrome/78.0.3904.108 Safari/537.36"
[2019-12-04T15:50:13.467] [INFO] access - ::1 - - "OPTIONS /document/details/$%7Bids%7D HTTP/1.1" 204 - "http://localhost:9999/" "Mozilla/5.0 (Windows NT 10.0; Win64; x64) AppleWebKit/537.36 (KHTML, like Gecko) Chrome/78.0.3904.108 Safari/537.36"
[2019-12-04T15:50:13.475] [INFO] access - ::1 - - "POST /document/details/$%7Bids%7D HTTP/1.1" 405 - "http://localhost:9999/" "Mozilla/5.0 (Windows NT 10.0; Win64; x64) AppleWebKit/537.36 (KHTML, like Gecko) Chrome/78.0.3904.108 Safari/537.36"
[2019-12-04T15:51:00.398] [INFO] access - ::1 - - "OPTIONS /document/list?userId=7861a6f0-7024-11e9-85e6-9f1338560125 HTTP/1.1" 204 - "http://localhost:9999/summary" "Mozilla/5.0 (Windows NT 10.0; Win64; x64) AppleWebKit/537.36 (KHTML, like Gecko) Chrome/78.0.3904.108 Safari/537.36"
[2019-12-04T15:51:00.419] [INFO] access - ::1 - - "GET /document/list?userId=7861a6f0-7024-11e9-85e6-9f1338560125 HTTP/1.1" 200 7559 "http://localhost:9999/summary" "Mozilla/5.0 (Windows NT 10.0; Win64; x64) AppleWebKit/537.36 (KHTML, like Gecko) Chrome/78.0.3904.108 Safari/537.36"
[2019-12-04T15:53:12.349] [INFO] access - ::1 - - "OPTIONS /document/list?userId=7861a6f0-7024-11e9-85e6-9f1338560125 HTTP/1.1" 204 - "http://localhost:9999/summary" "Mozilla/5.0 (Windows NT 10.0; Win64; x64) AppleWebKit/537.36 (KHTML, like Gecko) Chrome/78.0.3904.108 Safari/537.36"
[2019-12-04T15:53:12.363] [INFO] access - ::1 - - "GET /document/list?userId=7861a6f0-7024-11e9-85e6-9f1338560125 HTTP/1.1" 200 7559 "http://localhost:9999/summary" "Mozilla/5.0 (Windows NT 10.0; Win64; x64) AppleWebKit/537.36 (KHTML, like Gecko) Chrome/78.0.3904.108 Safari/537.36"
[2019-12-04T15:53:18.456] [INFO] access - ::1 - - "OPTIONS /document/details/$%7Bids%7D HTTP/1.1" 204 - "http://localhost:9999/" "Mozilla/5.0 (Windows NT 10.0; Win64; x64) AppleWebKit/537.36 (KHTML, like Gecko) Chrome/78.0.3904.108 Safari/537.36"
[2019-12-04T15:53:18.464] [INFO] access - ::1 - - "POST /document/details/$%7Bids%7D HTTP/1.1" 405 - "http://localhost:9999/" "Mozilla/5.0 (Windows NT 10.0; Win64; x64) AppleWebKit/537.36 (KHTML, like Gecko) Chrome/78.0.3904.108 Safari/537.36"
[2019-12-04T15:54:08.083] [INFO] access - ::1 - - "OPTIONS /document/list?userId=7861a6f0-7024-11e9-85e6-9f1338560125 HTTP/1.1" 204 - "http://localhost:9999/summary" "Mozilla/5.0 (Windows NT 10.0; Win64; x64) AppleWebKit/537.36 (KHTML, like Gecko) Chrome/78.0.3904.108 Safari/537.36"
[2019-12-04T15:54:08.097] [INFO] access - ::1 - - "GET /document/list?userId=7861a6f0-7024-11e9-85e6-9f1338560125 HTTP/1.1" 200 7559 "http://localhost:9999/summary" "Mozilla/5.0 (Windows NT 10.0; Win64; x64) AppleWebKit/537.36 (KHTML, like Gecko) Chrome/78.0.3904.108 Safari/537.36"
[2019-12-04T15:54:16.221] [INFO] access - ::1 - - "OPTIONS /document/details/$%7Bids%7D HTTP/1.1" 204 - "http://localhost:9999/summary/show/e963daf0-1658-11ea-91c8-83239ef5e9f0" "Mozilla/5.0 (Windows NT 10.0; Win64; x64) AppleWebKit/537.36 (KHTML, like Gecko) Chrome/78.0.3904.108 Safari/537.36"
[2019-12-04T15:54:16.230] [INFO] access - ::1 - - "POST /document/details/$%7Bids%7D HTTP/1.1" 405 - "http://localhost:9999/summary/show/e963daf0-1658-11ea-91c8-83239ef5e9f0" "Mozilla/5.0 (Windows NT 10.0; Win64; x64) AppleWebKit/537.36 (KHTML, like Gecko) Chrome/78.0.3904.108 Safari/537.36"
[2019-12-04T15:54:59.716] [INFO] access - ::1 - - "OPTIONS /document/list?userId=7861a6f0-7024-11e9-85e6-9f1338560125 HTTP/1.1" 204 - "http://localhost:9999/summary" "Mozilla/5.0 (Windows NT 10.0; Win64; x64) AppleWebKit/537.36 (KHTML, like Gecko) Chrome/78.0.3904.108 Safari/537.36"
[2019-12-04T15:54:59.734] [INFO] access - ::1 - - "GET /document/list?userId=7861a6f0-7024-11e9-85e6-9f1338560125 HTTP/1.1" 200 7559 "http://localhost:9999/summary" "Mozilla/5.0 (Windows NT 10.0; Win64; x64) AppleWebKit/537.36 (KHTML, like Gecko) Chrome/78.0.3904.108 Safari/537.36"
[2019-12-04T15:55:08.472] [INFO] access - ::1 - - "OPTIONS /document/details/$%7Bids%7D HTTP/1.1" 204 - "http://localhost:9999/summary/show/e963daf0-1658-11ea-91c8-83239ef5e9f0" "Mozilla/5.0 (Windows NT 10.0; Win64; x64) AppleWebKit/537.36 (KHTML, like Gecko) Chrome/78.0.3904.108 Safari/537.36"
[2019-12-04T15:55:08.476] [INFO] access - ::1 - - "POST /document/details/$%7Bids%7D HTTP/1.1" 405 - "http://localhost:9999/summary/show/e963daf0-1658-11ea-91c8-83239ef5e9f0" "Mozilla/5.0 (Windows NT 10.0; Win64; x64) AppleWebKit/537.36 (KHTML, like Gecko) Chrome/78.0.3904.108 Safari/537.36"
[2019-12-04T15:56:44.269] [INFO] access - ::1 - - "OPTIONS /document/details/$%7Bids%7D HTTP/1.1" 204 - "http://localhost:9999/summary/show/e963daf0-1658-11ea-91c8-83239ef5e9f0" "Mozilla/5.0 (Windows NT 10.0; Win64; x64) AppleWebKit/537.36 (KHTML, like Gecko) Chrome/78.0.3904.108 Safari/537.36"
[2019-12-04T15:56:44.289] [INFO] access - ::1 - - "GET /document/details/$%7Bids%7D HTTP/1.1" 200 41 "http://localhost:9999/summary/show/e963daf0-1658-11ea-91c8-83239ef5e9f0" "Mozilla/5.0 (Windows NT 10.0; Win64; x64) AppleWebKit/537.36 (KHTML, like Gecko) Chrome/78.0.3904.108 Safari/537.36"
[2019-12-04T15:56:56.277] [INFO] access - ::1 - - "OPTIONS /document/details/$%7Bids%7D HTTP/1.1" 204 - "http://localhost:9999/summary/show/e963daf0-1658-11ea-91c8-83239ef5e9f0" "Mozilla/5.0 (Windows NT 10.0; Win64; x64) AppleWebKit/537.36 (KHTML, like Gecko) Chrome/78.0.3904.108 Safari/537.36"
[2019-12-04T15:56:56.319] [INFO] access - ::1 - - "GET /document/details/$%7Bids%7D HTTP/1.1" 200 41 "http://localhost:9999/summary/show/e963daf0-1658-11ea-91c8-83239ef5e9f0" "Mozilla/5.0 (Windows NT 10.0; Win64; x64) AppleWebKit/537.36 (KHTML, like Gecko) Chrome/78.0.3904.108 Safari/537.36"
[2019-12-04T15:57:18.206] [INFO] access - ::1 - - "OPTIONS /document/details/$%7Bids%7D HTTP/1.1" 204 - "http://localhost:9999/summary/show/e963daf0-1658-11ea-91c8-83239ef5e9f0" "Mozilla/5.0 (Windows NT 10.0; Win64; x64) AppleWebKit/537.36 (KHTML, like Gecko) Chrome/78.0.3904.108 Safari/537.36"
[2019-12-04T15:57:18.234] [INFO] access - ::1 - - "GET /document/details/$%7Bids%7D HTTP/1.1" 200 41 "http://localhost:9999/summary/show/e963daf0-1658-11ea-91c8-83239ef5e9f0" "Mozilla/5.0 (Windows NT 10.0; Win64; x64) AppleWebKit/537.36 (KHTML, like Gecko) Chrome/78.0.3904.108 Safari/537.36"
[2019-12-04T15:58:11.046] [INFO] access - ::1 - - "OPTIONS /document/details/$%7Bids%7D HTTP/1.1" 204 - "http://localhost:9999/summary/show/e963daf0-1658-11ea-91c8-83239ef5e9f0" "Mozilla/5.0 (Windows NT 10.0; Win64; x64) AppleWebKit/537.36 (KHTML, like Gecko) Chrome/78.0.3904.108 Safari/537.36"
[2019-12-04T15:58:11.079] [INFO] access - ::1 - - "GET /document/details/$%7Bids%7D HTTP/1.1" 200 41 "http://localhost:9999/summary/show/e963daf0-1658-11ea-91c8-83239ef5e9f0" "Mozilla/5.0 (Windows NT 10.0; Win64; x64) AppleWebKit/537.36 (KHTML, like Gecko) Chrome/78.0.3904.108 Safari/537.36"
[2019-12-04T15:59:20.860] [INFO] access - ::1 - - "OPTIONS /document/details/e963daf0-1658-11ea-91c8-83239ef5e9f0 HTTP/1.1" 204 - "http://localhost:9999/summary/show/e963daf0-1658-11ea-91c8-83239ef5e9f0" "Mozilla/5.0 (Windows NT 10.0; Win64; x64) AppleWebKit/537.36 (KHTML, like Gecko) Chrome/78.0.3904.108 Safari/537.36"
[2019-12-04T15:59:20.895] [INFO] access - ::1 - - "GET /document/details/e963daf0-1658-11ea-91c8-83239ef5e9f0 HTTP/1.1" 200 7055 "http://localhost:9999/summary/show/e963daf0-1658-11ea-91c8-83239ef5e9f0" "Mozilla/5.0 (Windows NT 10.0; Win64; x64) AppleWebKit/537.36 (KHTML, like Gecko) Chrome/78.0.3904.108 Safari/537.36"
[2019-12-04T16:00:27.417] [INFO] access - ::1 - - "OPTIONS /document/details/e963daf0-1658-11ea-91c8-83239ef5e9f0 HTTP/1.1" 204 - "http://localhost:9999/summary/show/e963daf0-1658-11ea-91c8-83239ef5e9f0" "Mozilla/5.0 (Windows NT 10.0; Win64; x64) AppleWebKit/537.36 (KHTML, like Gecko) Chrome/78.0.3904.108 Safari/537.36"
[2019-12-04T16:00:27.431] [INFO] access - ::1 - - "GET /document/details/e963daf0-1658-11ea-91c8-83239ef5e9f0 HTTP/1.1" 200 7055 "http://localhost:9999/summary/show/e963daf0-1658-11ea-91c8-83239ef5e9f0" "Mozilla/5.0 (Windows NT 10.0; Win64; x64) AppleWebKit/537.36 (KHTML, like Gecko) Chrome/78.0.3904.108 Safari/537.36"
[2019-12-04T16:00:46.194] [INFO] access - ::1 - - "OPTIONS /document/details/e963daf0-1658-11ea-91c8-83239ef5e9f0 HTTP/1.1" 204 - "http://localhost:9999/summary/show/e963daf0-1658-11ea-91c8-83239ef5e9f0" "Mozilla/5.0 (Windows NT 10.0; Win64; x64) AppleWebKit/537.36 (KHTML, like Gecko) Chrome/78.0.3904.108 Safari/537.36"
[2019-12-04T16:00:46.242] [INFO] access - ::1 - - "GET /document/details/e963daf0-1658-11ea-91c8-83239ef5e9f0 HTTP/1.1" 200 7055 "http://localhost:9999/summary/show/e963daf0-1658-11ea-91c8-83239ef5e9f0" "Mozilla/5.0 (Windows NT 10.0; Win64; x64) AppleWebKit/537.36 (KHTML, like Gecko) Chrome/78.0.3904.108 Safari/537.36"
[2019-12-04T16:01:25.813] [INFO] access - ::1 - - "OPTIONS /document/details/e963daf0-1658-11ea-91c8-83239ef5e9f0 HTTP/1.1" 204 - "http://localhost:9999/summary/show/e963daf0-1658-11ea-91c8-83239ef5e9f0" "Mozilla/5.0 (Windows NT 10.0; Win64; x64) AppleWebKit/537.36 (KHTML, like Gecko) Chrome/78.0.3904.108 Safari/537.36"
[2019-12-04T16:01:28.548] [INFO] access - ::1 - - "GET /document/details/e963daf0-1658-11ea-91c8-83239ef5e9f0 HTTP/1.1" 200 7053 "http://localhost:9999/summary/show/e963daf0-1658-11ea-91c8-83239ef5e9f0" "Mozilla/5.0 (Windows NT 10.0; Win64; x64) AppleWebKit/537.36 (KHTML, like Gecko) Chrome/78.0.3904.108 Safari/537.36"
[2019-12-04T16:02:07.912] [INFO] access - ::1 - - "OPTIONS /document/details/e963daf0-1658-11ea-91c8-83239ef5e9f0 HTTP/1.1" 204 - "http://localhost:9999/summary/show/e963daf0-1658-11ea-91c8-83239ef5e9f0" "Mozilla/5.0 (Windows NT 10.0; Win64; x64) AppleWebKit/537.36 (KHTML, like Gecko) Chrome/78.0.3904.108 Safari/537.36"
[2019-12-04T16:02:07.927] [INFO] access - ::1 - - "GET /document/details/e963daf0-1658-11ea-91c8-83239ef5e9f0 HTTP/1.1" 200 7053 "http://localhost:9999/summary/show/e963daf0-1658-11ea-91c8-83239ef5e9f0" "Mozilla/5.0 (Windows NT 10.0; Win64; x64) AppleWebKit/537.36 (KHTML, like Gecko) Chrome/78.0.3904.108 Safari/537.36"
[2019-12-04T16:03:41.507] [INFO] access - ::1 - - "OPTIONS /document/add HTTP/1.1" 204 - "http://localhost:9999/summary/edit/e963daf0-1658-11ea-91c8-83239ef5e9f0" "Mozilla/5.0 (Windows NT 10.0; Win64; x64) AppleWebKit/537.36 (KHTML, like Gecko) Chrome/78.0.3904.108 Safari/537.36"
[2019-12-04T16:04:35.546] [INFO] access - ::1 - - "OPTIONS /document/add HTTP/1.1" 204 - "http://localhost:9999/summary/edit/e963daf0-1658-11ea-91c8-83239ef5e9f0" "Mozilla/5.0 (Windows NT 10.0; Win64; x64) AppleWebKit/537.36 (KHTML, like Gecko) Chrome/78.0.3904.108 Safari/537.36"
[2019-12-04T16:06:57.154] [INFO] access - ::1 - - "OPTIONS /document/add HTTP/1.1" 204 - "http://localhost:9999/summary/edit/e963daf0-1658-11ea-91c8-83239ef5e9f0" "Mozilla/5.0 (Windows NT 10.0; Win64; x64) AppleWebKit/537.36 (KHTML, like Gecko) Chrome/78.0.3904.108 Safari/537.36"
[2019-12-04T16:08:38.687] [INFO] access - ::1 - - "OPTIONS /document/add HTTP/1.1" 204 - "http://localhost:9999/summary/edit/e963daf0-1658-11ea-91c8-83239ef5e9f0" "Mozilla/5.0 (Windows NT 10.0; Win64; x64) AppleWebKit/537.36 (KHTML, like Gecko) Chrome/78.0.3904.108 Safari/537.36"
[2019-12-04T16:09:29.721] [INFO] access - ::1 - - "OPTIONS /document/add HTTP/1.1" 204 - "http://localhost:9999/summary/edit/e963daf0-1658-11ea-91c8-83239ef5e9f0" "Mozilla/5.0 (Windows NT 10.0; Win64; x64) AppleWebKit/537.36 (KHTML, like Gecko) Chrome/78.0.3904.108 Safari/537.36"
[2019-12-04T16:09:42.496] [INFO] access - ::1 - - "OPTIONS /document/add HTTP/1.1" 204 - "http://localhost:9999/summary/edit/e963daf0-1658-11ea-91c8-83239ef5e9f0" "Mozilla/5.0 (Windows NT 10.0; Win64; x64) AppleWebKit/537.36 (KHTML, like Gecko) Chrome/78.0.3904.108 Safari/537.36"
[2019-12-04T16:10:19.856] [INFO] access - ::1 - - "OPTIONS /document/add HTTP/1.1" 204 - "http://localhost:9999/summary/edit/e963daf0-1658-11ea-91c8-83239ef5e9f0" "Mozilla/5.0 (Windows NT 10.0; Win64; x64) AppleWebKit/537.36 (KHTML, like Gecko) Chrome/78.0.3904.108 Safari/537.36"
[2019-12-04T16:10:32.064] [INFO] access - ::1 - - "OPTIONS /document/add HTTP/1.1" 204 - "http://localhost:9999/summary/edit/e963daf0-1658-11ea-91c8-83239ef5e9f0" "Mozilla/5.0 (Windows NT 10.0; Win64; x64) AppleWebKit/537.36 (KHTML, like Gecko) Chrome/78.0.3904.108 Safari/537.36"
[2019-12-04T16:11:01.536] [INFO] access - ::1 - - "OPTIONS /document/add HTTP/1.1" 204 - "http://localhost:9999/summary/edit/e963daf0-1658-11ea-91c8-83239ef5e9f0" "Mozilla/5.0 (Windows NT 10.0; Win64; x64) AppleWebKit/537.36 (KHTML, like Gecko) Chrome/78.0.3904.108 Safari/537.36"
[2019-12-04T16:11:28.238] [INFO] access - ::1 - - "OPTIONS /document/add HTTP/1.1" 204 - "http://localhost:9999/summary/edit/e963daf0-1658-11ea-91c8-83239ef5e9f0" "Mozilla/5.0 (Windows NT 10.0; Win64; x64) AppleWebKit/537.36 (KHTML, like Gecko) Chrome/78.0.3904.108 Safari/537.36"
[2019-12-04T16:12:57.078] [INFO] access - ::1 - - "OPTIONS /document/add HTTP/1.1" 204 - "http://localhost:9999/summary/edit/e963daf0-1658-11ea-91c8-83239ef5e9f0" "Mozilla/5.0 (Windows NT 10.0; Win64; x64) AppleWebKit/537.36 (KHTML, like Gecko) Chrome/78.0.3904.108 Safari/537.36"
[2019-12-04T16:12:58.401] [INFO] access - ::1 - - "OPTIONS /document/add HTTP/1.1" 204 - "http://localhost:9999/summary/edit/e963daf0-1658-11ea-91c8-83239ef5e9f0" "Mozilla/5.0 (Windows NT 10.0; Win64; x64) AppleWebKit/537.36 (KHTML, like Gecko) Chrome/78.0.3904.108 Safari/537.36"
[2019-12-04T16:14:00.427] [INFO] access - ::1 - - "OPTIONS /document/add HTTP/1.1" 204 - "http://localhost:9999/summary/edit/e963daf0-1658-11ea-91c8-83239ef5e9f0" "Mozilla/5.0 (Windows NT 10.0; Win64; x64) AppleWebKit/537.36 (KHTML, like Gecko) Chrome/78.0.3904.108 Safari/537.36"
[2019-12-04T16:16:25.388] [INFO] access - ::1 - - "OPTIONS /document/add HTTP/1.1" 204 - "http://localhost:9999/summary/edit/e963daf0-1658-11ea-91c8-83239ef5e9f0" "Mozilla/5.0 (Windows NT 10.0; Win64; x64) AppleWebKit/537.36 (KHTML, like Gecko) Chrome/78.0.3904.108 Safari/537.36"
[2019-12-04T16:16:25.455] [INFO] access - ::1 - - "POST /document/add HTTP/1.1" 200 260 "http://localhost:9999/summary/edit/e963daf0-1658-11ea-91c8-83239ef5e9f0" "Mozilla/5.0 (Windows NT 10.0; Win64; x64) AppleWebKit/537.36 (KHTML, like Gecko) Chrome/78.0.3904.108 Safari/537.36"
[2019-12-04T16:17:10.935] [INFO] access - ::1 - - "OPTIONS /document/add HTTP/1.1" 204 - "http://localhost:9999/summary/edit/e963daf0-1658-11ea-91c8-83239ef5e9f0" "Mozilla/5.0 (Windows NT 10.0; Win64; x64) AppleWebKit/537.36 (KHTML, like Gecko) Chrome/78.0.3904.108 Safari/537.36"
[2019-12-04T16:17:10.945] [INFO] access - ::1 - - "POST /document/add HTTP/1.1" 200 1623 "http://localhost:9999/summary/edit/e963daf0-1658-11ea-91c8-83239ef5e9f0" "Mozilla/5.0 (Windows NT 10.0; Win64; x64) AppleWebKit/537.36 (KHTML, like Gecko) Chrome/78.0.3904.108 Safari/537.36"
[2019-12-04T16:17:14.728] [INFO] access - ::1 - - "OPTIONS /document/list?userId=7861a6f0-7024-11e9-85e6-9f1338560125 HTTP/1.1" 204 - "http://localhost:9999/summary" "Mozilla/5.0 (Windows NT 10.0; Win64; x64) AppleWebKit/537.36 (KHTML, like Gecko) Chrome/78.0.3904.108 Safari/537.36"
[2019-12-04T16:17:14.743] [INFO] access - ::1 - - "GET /document/list?userId=7861a6f0-7024-11e9-85e6-9f1338560125 HTTP/1.1" 200 9362 "http://localhost:9999/summary" "Mozilla/5.0 (Windows NT 10.0; Win64; x64) AppleWebKit/537.36 (KHTML, like Gecko) Chrome/78.0.3904.108 Safari/537.36"
[2019-12-04T16:17:17.669] [INFO] access - ::1 - - "OPTIONS /document/details/7856ceb0-166e-11ea-bf88-3330bbf992d7 HTTP/1.1" 204 - "http://localhost:9999/summary/show/7856ceb0-166e-11ea-bf88-3330bbf992d7" "Mozilla/5.0 (Windows NT 10.0; Win64; x64) AppleWebKit/537.36 (KHTML, like Gecko) Chrome/78.0.3904.108 Safari/537.36"
[2019-12-04T16:17:17.684] [INFO] access - ::1 - - "GET /document/details/7856ceb0-166e-11ea-bf88-3330bbf992d7 HTTP/1.1" 200 1621 "http://localhost:9999/summary/show/7856ceb0-166e-11ea-bf88-3330bbf992d7" "Mozilla/5.0 (Windows NT 10.0; Win64; x64) AppleWebKit/537.36 (KHTML, like Gecko) Chrome/78.0.3904.108 Safari/537.36"
[2019-12-04T16:18:47.917] [INFO] access - ::1 - - "OPTIONS /document/add HTTP/1.1" 204 - "http://localhost:9999/summary/edit/e963daf0-1658-11ea-91c8-83239ef5e9f0" "Mozilla/5.0 (Windows NT 10.0; Win64; x64) AppleWebKit/537.36 (KHTML, like Gecko) Chrome/78.0.3904.108 Safari/537.36"
[2019-12-04T16:18:47.927] [INFO] access - ::1 - - "POST /document/add HTTP/1.1" 200 1624 "http://localhost:9999/summary/edit/e963daf0-1658-11ea-91c8-83239ef5e9f0" "Mozilla/5.0 (Windows NT 10.0; Win64; x64) AppleWebKit/537.36 (KHTML, like Gecko) Chrome/78.0.3904.108 Safari/537.36"
[2019-12-04T16:19:54.261] [INFO] access - ::1 - - "OPTIONS /document/add HTTP/1.1" 204 - "http://localhost:9999/summary/edit/e963daf0-1658-11ea-91c8-83239ef5e9f0" "Mozilla/5.0 (Windows NT 10.0; Win64; x64) AppleWebKit/537.36 (KHTML, like Gecko) Chrome/78.0.3904.108 Safari/537.36"
[2019-12-04T16:19:54.310] [INFO] access - ::1 - - "POST /document/add HTTP/1.1" 200 1623 "http://localhost:9999/summary/edit/e963daf0-1658-11ea-91c8-83239ef5e9f0" "Mozilla/5.0 (Windows NT 10.0; Win64; x64) AppleWebKit/537.36 (KHTML, like Gecko) Chrome/78.0.3904.108 Safari/537.36"
[2019-12-04T16:20:37.213] [INFO] access - ::1 - - "OPTIONS /document/add HTTP/1.1" 204 - "http://localhost:9999/summary/edit/e963daf0-1658-11ea-91c8-83239ef5e9f0" "Mozilla/5.0 (Windows NT 10.0; Win64; x64) AppleWebKit/537.36 (KHTML, like Gecko) Chrome/78.0.3904.108 Safari/537.36"
[2019-12-04T16:20:37.384] [INFO] access - ::1 - - "POST /document/add HTTP/1.1" 200 1623 "http://localhost:9999/summary/edit/e963daf0-1658-11ea-91c8-83239ef5e9f0" "Mozilla/5.0 (Windows NT 10.0; Win64; x64) AppleWebKit/537.36 (KHTML, like Gecko) Chrome/78.0.3904.108 Safari/537.36"
[2019-12-04T16:24:57.670] [INFO] access - ::1 - - "OPTIONS /document/add HTTP/1.1" 204 - "http://localhost:9999/summary/edit/e963daf0-1658-11ea-91c8-83239ef5e9f0" "Mozilla/5.0 (Windows NT 10.0; Win64; x64) AppleWebKit/537.36 (KHTML, like Gecko) Chrome/78.0.3904.108 Safari/537.36"
[2019-12-04T16:24:58.510] [INFO] access - ::1 - - "POST /document/add HTTP/1.1" 200 1623 "http://localhost:9999/summary/edit/e963daf0-1658-11ea-91c8-83239ef5e9f0" "Mozilla/5.0 (Windows NT 10.0; Win64; x64) AppleWebKit/537.36 (KHTML, like Gecko) Chrome/78.0.3904.108 Safari/537.36"
[2019-12-04T16:25:45.033] [INFO] access - ::1 - - "OPTIONS /document/add HTTP/1.1" 204 - "http://localhost:9999/summary/edit/e963daf0-1658-11ea-91c8-83239ef5e9f0" "Mozilla/5.0 (Windows NT 10.0; Win64; x64) AppleWebKit/537.36 (KHTML, like Gecko) Chrome/78.0.3904.108 Safari/537.36"
[2019-12-04T16:25:49.099] [INFO] access - ::1 - - "OPTIONS /document/add HTTP/1.1" 204 - "http://localhost:9999/summary/edit/e963daf0-1658-11ea-91c8-83239ef5e9f0" "Mozilla/5.0 (Windows NT 10.0; Win64; x64) AppleWebKit/537.36 (KHTML, like Gecko) Chrome/78.0.3904.108 Safari/537.36"
[2019-12-04T16:26:38.033] [INFO] access - ::1 - - "OPTIONS /document/add HTTP/1.1" 204 - "http://localhost:9999/summary/edit/e963daf0-1658-11ea-91c8-83239ef5e9f0" "Mozilla/5.0 (Windows NT 10.0; Win64; x64) AppleWebKit/537.36 (KHTML, like Gecko) Chrome/78.0.3904.108 Safari/537.36"
[2019-12-04T16:26:38.737] [INFO] access - ::1 - - "POST /document/add HTTP/1.1" 200 246 "http://localhost:9999/summary/edit/e963daf0-1658-11ea-91c8-83239ef5e9f0" "Mozilla/5.0 (Windows NT 10.0; Win64; x64) AppleWebKit/537.36 (KHTML, like Gecko) Chrome/78.0.3904.108 Safari/537.36"
[2019-12-04T16:28:20.720] [INFO] access - ::1 - - "OPTIONS /document/add HTTP/1.1" 204 - "http://localhost:9999/summary/edit/e963daf0-1658-11ea-91c8-83239ef5e9f0" "Mozilla/5.0 (Windows NT 10.0; Win64; x64) AppleWebKit/537.36 (KHTML, like Gecko) Chrome/78.0.3904.108 Safari/537.36"
[2019-12-04T16:28:32.427] [INFO] access - ::1 - - "OPTIONS /document/add HTTP/1.1" 204 - "http://localhost:9999/summary/edit/e963daf0-1658-11ea-91c8-83239ef5e9f0" "Mozilla/5.0 (Windows NT 10.0; Win64; x64) AppleWebKit/537.36 (KHTML, like Gecko) Chrome/78.0.3904.108 Safari/537.36"
[2019-12-04T16:28:32.446] [INFO] access - ::1 - - "POST /document/add HTTP/1.1" 200 283 "http://localhost:9999/summary/edit/e963daf0-1658-11ea-91c8-83239ef5e9f0" "Mozilla/5.0 (Windows NT 10.0; Win64; x64) AppleWebKit/537.36 (KHTML, like Gecko) Chrome/78.0.3904.108 Safari/537.36"
[2019-12-04T16:28:51.102] [INFO] access - ::1 - - "OPTIONS /document/list?userId=7861a6f0-7024-11e9-85e6-9f1338560125 HTTP/1.1" 204 - "http://localhost:9999/summary" "Mozilla/5.0 (Windows NT 10.0; Win64; x64) AppleWebKit/537.36 (KHTML, like Gecko) Chrome/78.0.3904.108 Safari/537.36"
[2019-12-04T16:28:51.124] [INFO] access - ::1 - - "GET /document/list?userId=7861a6f0-7024-11e9-85e6-9f1338560125 HTTP/1.1" 200 3655 "http://localhost:9999/summary" "Mozilla/5.0 (Windows NT 10.0; Win64; x64) AppleWebKit/537.36 (KHTML, like Gecko) Chrome/78.0.3904.108 Safari/537.36"
[2019-12-04T16:28:53.599] [INFO] access - ::1 - - "OPTIONS /document/details/0e8a3bf0-1670-11ea-818b-7bacadda64f2 HTTP/1.1" 204 - "http://localhost:9999/summary/show/0e8a3bf0-1670-11ea-818b-7bacadda64f2" "Mozilla/5.0 (Windows NT 10.0; Win64; x64) AppleWebKit/537.36 (KHTML, like Gecko) Chrome/78.0.3904.108 Safari/537.36"
[2019-12-04T16:28:53.614] [INFO] access - ::1 - - "GET /document/details/0e8a3bf0-1670-11ea-818b-7bacadda64f2 HTTP/1.1" 200 281 "http://localhost:9999/summary/show/0e8a3bf0-1670-11ea-818b-7bacadda64f2" "Mozilla/5.0 (Windows NT 10.0; Win64; x64) AppleWebKit/537.36 (KHTML, like Gecko) Chrome/78.0.3904.108 Safari/537.36"
[2019-12-04T16:29:25.665] [INFO] access - ::1 - - "OPTIONS /document/add HTTP/1.1" 204 - "http://localhost:9999/summary/edit/f34a7c20-166e-11ea-940f-15d4ee90a558" "Mozilla/5.0 (Windows NT 10.0; Win64; x64) AppleWebKit/537.36 (KHTML, like Gecko) Chrome/78.0.3904.108 Safari/537.36"
[2019-12-04T16:29:25.673] [INFO] access - ::1 - - "POST /document/add HTTP/1.1" 200 3403 "http://localhost:9999/summary/edit/f34a7c20-166e-11ea-940f-15d4ee90a558" "Mozilla/5.0 (Windows NT 10.0; Win64; x64) AppleWebKit/537.36 (KHTML, like Gecko) Chrome/78.0.3904.108 Safari/537.36"
[2019-12-04T16:29:28.067] [INFO] access - ::1 - - "OPTIONS /document/list?userId=7861a6f0-7024-11e9-85e6-9f1338560125 HTTP/1.1" 204 - "http://localhost:9999/summary" "Mozilla/5.0 (Windows NT 10.0; Win64; x64) AppleWebKit/537.36 (KHTML, like Gecko) Chrome/78.0.3904.108 Safari/537.36"
[2019-12-04T16:29:28.083] [INFO] access - ::1 - - "GET /document/list?userId=7861a6f0-7024-11e9-85e6-9f1338560125 HTTP/1.1" 200 7018 "http://localhost:9999/summary" "Mozilla/5.0 (Windows NT 10.0; Win64; x64) AppleWebKit/537.36 (KHTML, like Gecko) Chrome/78.0.3904.108 Safari/537.36"
[2019-12-04T16:30:01.235] [INFO] access - ::1 - - "OPTIONS /document/details/2e45b550-1670-11ea-818b-7bacadda64f2 HTTP/1.1" 204 - "http://localhost:9999/summary/show/2e45b550-1670-11ea-818b-7bacadda64f2" "Mozilla/5.0 (Windows NT 10.0; Win64; x64) AppleWebKit/537.36 (KHTML, like Gecko) Chrome/78.0.3904.108 Safari/537.36"
[2019-12-04T16:30:01.288] [INFO] access - ::1 - - "GET /document/details/2e45b550-1670-11ea-818b-7bacadda64f2 HTTP/1.1" 200 3401 "http://localhost:9999/summary/show/2e45b550-1670-11ea-818b-7bacadda64f2" "Mozilla/5.0 (Windows NT 10.0; Win64; x64) AppleWebKit/537.36 (KHTML, like Gecko) Chrome/78.0.3904.108 Safari/537.36"
[2019-12-04T16:33:05.818] [INFO] access - ::1 - - "OPTIONS /document/details/2e45b550-1670-11ea-818b-7bacadda64f2 HTTP/1.1" 204 - "http://localhost:9999/summary/show/2e45b550-1670-11ea-818b-7bacadda64f2" "Mozilla/5.0 (Windows NT 10.0; Win64; x64) AppleWebKit/537.36 (KHTML, like Gecko) Chrome/78.0.3904.108 Safari/537.36"
[2019-12-04T16:33:05.830] [INFO] access - ::1 - - "GET /document/details/2e45b550-1670-11ea-818b-7bacadda64f2 HTTP/1.1" 200 3401 "http://localhost:9999/summary/show/2e45b550-1670-11ea-818b-7bacadda64f2" "Mozilla/5.0 (Windows NT 10.0; Win64; x64) AppleWebKit/537.36 (KHTML, like Gecko) Chrome/78.0.3904.108 Safari/537.36"
[2019-12-04T16:33:54.191] [INFO] access - ::1 - - "OPTIONS /document/list?userId=7861a6f0-7024-11e9-85e6-9f1338560125 HTTP/1.1" 204 - "http://localhost:9999/summary" "Mozilla/5.0 (Windows NT 10.0; Win64; x64) AppleWebKit/537.36 (KHTML, like Gecko) Chrome/78.0.3904.108 Safari/537.36"
[2019-12-04T16:33:54.199] [INFO] access - ::1 - - "GET /document/list?userId=7861a6f0-7024-11e9-85e6-9f1338560125 HTTP/1.1" 200 7018 "http://localhost:9999/summary" "Mozilla/5.0 (Windows NT 10.0; Win64; x64) AppleWebKit/537.36 (KHTML, like Gecko) Chrome/78.0.3904.108 Safari/537.36"
[2019-12-04T16:34:34.495] [INFO] access - ::1 - - "OPTIONS /document/list?userId=7861a6f0-7024-11e9-85e6-9f1338560125 HTTP/1.1" 204 - "http://localhost:9999/summary" "Mozilla/5.0 (Windows NT 10.0; Win64; x64) AppleWebKit/537.36 (KHTML, like Gecko) Chrome/78.0.3904.108 Safari/537.36"
[2019-12-04T16:34:34.528] [INFO] access - ::1 - - "GET /document/list?userId=7861a6f0-7024-11e9-85e6-9f1338560125 HTTP/1.1" 200 7018 "http://localhost:9999/summary" "Mozilla/5.0 (Windows NT 10.0; Win64; x64) AppleWebKit/537.36 (KHTML, like Gecko) Chrome/78.0.3904.108 Safari/537.36"
[2019-12-04T16:34:37.766] [INFO] access - ::1 - - "GET /document/list?userId=7861a6f0-7024-11e9-85e6-9f1338560125 HTTP/1.1" 200 7018 "http://localhost:9999/summary" "Mozilla/5.0 (Windows NT 10.0; Win64; x64) AppleWebKit/537.36 (KHTML, like Gecko) Chrome/78.0.3904.108 Safari/537.36"
[2019-12-04T16:34:39.813] [INFO] access - ::1 - - "OPTIONS /document/details/2e45b550-1670-11ea-818b-7bacadda64f2 HTTP/1.1" 204 - "http://localhost:9999/summary/show/2e45b550-1670-11ea-818b-7bacadda64f2" "Mozilla/5.0 (Windows NT 10.0; Win64; x64) AppleWebKit/537.36 (KHTML, like Gecko) Chrome/78.0.3904.108 Safari/537.36"
[2019-12-04T16:34:39.821] [INFO] access - ::1 - - "GET /document/details/2e45b550-1670-11ea-818b-7bacadda64f2 HTTP/1.1" 200 3401 "http://localhost:9999/summary/show/2e45b550-1670-11ea-818b-7bacadda64f2" "Mozilla/5.0 (Windows NT 10.0; Win64; x64) AppleWebKit/537.36 (KHTML, like Gecko) Chrome/78.0.3904.108 Safari/537.36"
[2019-12-04T16:36:02.769] [INFO] access - ::1 - - "OPTIONS /document/details/2e45b550-1670-11ea-818b-7bacadda64f2 HTTP/1.1" 204 - "http://localhost:9999/summary/show/2e45b550-1670-11ea-818b-7bacadda64f2" "Mozilla/5.0 (Windows NT 10.0; Win64; x64) AppleWebKit/537.36 (KHTML, like Gecko) Chrome/78.0.3904.108 Safari/537.36"
[2019-12-04T16:36:02.791] [INFO] access - ::1 - - "GET /document/details/2e45b550-1670-11ea-818b-7bacadda64f2 HTTP/1.1" 200 3401 "http://localhost:9999/summary/show/2e45b550-1670-11ea-818b-7bacadda64f2" "Mozilla/5.0 (Windows NT 10.0; Win64; x64) AppleWebKit/537.36 (KHTML, like Gecko) Chrome/78.0.3904.108 Safari/537.36"
[2019-12-04T16:36:16.119] [INFO] access - ::1 - - "OPTIONS /document/list?userId=7861a6f0-7024-11e9-85e6-9f1338560125 HTTP/1.1" 204 - "http://localhost:9999/summary" "Mozilla/5.0 (Windows NT 10.0; Win64; x64) AppleWebKit/537.36 (KHTML, like Gecko) Chrome/78.0.3904.108 Safari/537.36"
[2019-12-04T16:36:16.136] [INFO] access - ::1 - - "GET /document/list?userId=7861a6f0-7024-11e9-85e6-9f1338560125 HTTP/1.1" 200 7018 "http://localhost:9999/summary" "Mozilla/5.0 (Windows NT 10.0; Win64; x64) AppleWebKit/537.36 (KHTML, like Gecko) Chrome/78.0.3904.108 Safari/537.36"
[2019-12-04T16:56:32.806] [INFO] access - ::1 - - "OPTIONS /document/list?userId=7861a6f0-7024-11e9-85e6-9f1338560125 HTTP/1.1" 204 - "http://localhost:9999/summary" "Mozilla/5.0 (Windows NT 10.0; Win64; x64) AppleWebKit/537.36 (KHTML, like Gecko) Chrome/78.0.3904.108 Safari/537.36"
[2019-12-04T16:56:32.813] [INFO] access - ::1 - - "GET /document/list?userId=7861a6f0-7024-11e9-85e6-9f1338560125 HTTP/1.1" 200 7018 "http://localhost:9999/summary" "Mozilla/5.0 (Windows NT 10.0; Win64; x64) AppleWebKit/537.36 (KHTML, like Gecko) Chrome/78.0.3904.108 Safari/537.36"
[2019-12-04T16:58:12.510] [INFO] access - ::1 - - "OPTIONS /document/list?userId=7861a6f0-7024-11e9-85e6-9f1338560125 HTTP/1.1" 204 - "http://localhost:9999/summary" "Mozilla/5.0 (Windows NT 10.0; Win64; x64) AppleWebKit/537.36 (KHTML, like Gecko) Chrome/78.0.3904.108 Safari/537.36"
[2019-12-04T16:58:12.527] [INFO] access - ::1 - - "GET /document/list?userId=7861a6f0-7024-11e9-85e6-9f1338560125 HTTP/1.1" 200 7018 "http://localhost:9999/summary" "Mozilla/5.0 (Windows NT 10.0; Win64; x64) AppleWebKit/537.36 (KHTML, like Gecko) Chrome/78.0.3904.108 Safari/537.36"
[2019-12-04T17:05:18.519] [INFO] access - ::1 - - "OPTIONS /document/details/f34a7c20-166e-11ea-940f-15d4ee90a558 HTTP/1.1" 204 - "http://localhost:9999/summary/edit/f34a7c20-166e-11ea-940f-15d4ee90a558" "Mozilla/5.0 (Windows NT 10.0; Win64; x64) AppleWebKit/537.36 (KHTML, like Gecko) Chrome/78.0.3904.108 Safari/537.36"
[2019-12-04T17:05:18.535] [INFO] access - ::1 - - "GET /document/details/f34a7c20-166e-11ea-940f-15d4ee90a558 HTTP/1.1" 200 1621 "http://localhost:9999/summary/edit/f34a7c20-166e-11ea-940f-15d4ee90a558" "Mozilla/5.0 (Windows NT 10.0; Win64; x64) AppleWebKit/537.36 (KHTML, like Gecko) Chrome/78.0.3904.108 Safari/537.36"
[2019-12-04T17:10:11.732] [INFO] access - ::1 - - "OPTIONS /document/details/f34a7c20-166e-11ea-940f-15d4ee90a558 HTTP/1.1" 204 - "http://localhost:9999/summary/edit/f34a7c20-166e-11ea-940f-15d4ee90a558" "Mozilla/5.0 (Windows NT 10.0; Win64; x64) AppleWebKit/537.36 (KHTML, like Gecko) Chrome/78.0.3904.108 Safari/537.36"
[2019-12-04T17:10:11.753] [INFO] access - ::1 - - "GET /document/details/f34a7c20-166e-11ea-940f-15d4ee90a558 HTTP/1.1" 200 1621 "http://localhost:9999/summary/edit/f34a7c20-166e-11ea-940f-15d4ee90a558" "Mozilla/5.0 (Windows NT 10.0; Win64; x64) AppleWebKit/537.36 (KHTML, like Gecko) Chrome/78.0.3904.108 Safari/537.36"
[2019-12-04T17:10:15.053] [INFO] access - ::1 - - "OPTIONS /document/details/f34a7c20-166e-11ea-940f-15d4ee90a558 HTTP/1.1" 204 - "http://localhost:9999/summary/edit/f34a7c20-166e-11ea-940f-15d4ee90a558" "Mozilla/5.0 (Windows NT 10.0; Win64; x64) AppleWebKit/537.36 (KHTML, like Gecko) Chrome/78.0.3904.108 Safari/537.36"
[2019-12-04T17:10:15.089] [INFO] access - ::1 - - "GET /document/details/f34a7c20-166e-11ea-940f-15d4ee90a558 HTTP/1.1" 200 1621 "http://localhost:9999/summary/edit/f34a7c20-166e-11ea-940f-15d4ee90a558" "Mozilla/5.0 (Windows NT 10.0; Win64; x64) AppleWebKit/537.36 (KHTML, like Gecko) Chrome/78.0.3904.108 Safari/537.36"
[2019-12-04T17:10:44.375] [INFO] access - ::1 - - "OPTIONS /document/details/f34a7c20-166e-11ea-940f-15d4ee90a558 HTTP/1.1" 204 - "http://localhost:9999/summary/edit/f34a7c20-166e-11ea-940f-15d4ee90a558" "Mozilla/5.0 (Windows NT 10.0; Win64; x64) AppleWebKit/537.36 (KHTML, like Gecko) Chrome/78.0.3904.108 Safari/537.36"
[2019-12-04T17:10:44.391] [INFO] access - ::1 - - "GET /document/details/f34a7c20-166e-11ea-940f-15d4ee90a558 HTTP/1.1" 200 1621 "http://localhost:9999/summary/edit/f34a7c20-166e-11ea-940f-15d4ee90a558" "Mozilla/5.0 (Windows NT 10.0; Win64; x64) AppleWebKit/537.36 (KHTML, like Gecko) Chrome/78.0.3904.108 Safari/537.36"
[2019-12-04T17:11:02.101] [INFO] access - ::1 - - "OPTIONS /document/details/f34a7c20-166e-11ea-940f-15d4ee90a558 HTTP/1.1" 204 - "http://localhost:9999/summary/edit/f34a7c20-166e-11ea-940f-15d4ee90a558" "Mozilla/5.0 (Windows NT 10.0; Win64; x64) AppleWebKit/537.36 (KHTML, like Gecko) Chrome/78.0.3904.108 Safari/537.36"
[2019-12-04T17:11:02.119] [INFO] access - ::1 - - "GET /document/details/f34a7c20-166e-11ea-940f-15d4ee90a558 HTTP/1.1" 200 1621 "http://localhost:9999/summary/edit/f34a7c20-166e-11ea-940f-15d4ee90a558" "Mozilla/5.0 (Windows NT 10.0; Win64; x64) AppleWebKit/537.36 (KHTML, like Gecko) Chrome/78.0.3904.108 Safari/537.36"
[2019-12-04T17:11:11.029] [INFO] access - ::1 - - "OPTIONS /document/details/f34a7c20-166e-11ea-940f-15d4ee90a558 HTTP/1.1" 204 - "http://localhost:9999/summary/edit/f34a7c20-166e-11ea-940f-15d4ee90a558" "Mozilla/5.0 (Windows NT 10.0; Win64; x64) AppleWebKit/537.36 (KHTML, like Gecko) Chrome/78.0.3904.108 Safari/537.36"
[2019-12-04T17:11:11.046] [INFO] access - ::1 - - "GET /document/details/f34a7c20-166e-11ea-940f-15d4ee90a558 HTTP/1.1" 200 1621 "http://localhost:9999/summary/edit/f34a7c20-166e-11ea-940f-15d4ee90a558" "Mozilla/5.0 (Windows NT 10.0; Win64; x64) AppleWebKit/537.36 (KHTML, like Gecko) Chrome/78.0.3904.108 Safari/537.36"
[2019-12-04T17:11:19.410] [INFO] access - ::1 - - "OPTIONS /document/details/f34a7c20-166e-11ea-940f-15d4ee90a558 HTTP/1.1" 204 - "http://localhost:9999/summary/edit/f34a7c20-166e-11ea-940f-15d4ee90a558" "Mozilla/5.0 (Windows NT 10.0; Win64; x64) AppleWebKit/537.36 (KHTML, like Gecko) Chrome/78.0.3904.108 Safari/537.36"
[2019-12-04T17:11:19.424] [INFO] access - ::1 - - "GET /document/details/f34a7c20-166e-11ea-940f-15d4ee90a558 HTTP/1.1" 200 1621 "http://localhost:9999/summary/edit/f34a7c20-166e-11ea-940f-15d4ee90a558" "Mozilla/5.0 (Windows NT 10.0; Win64; x64) AppleWebKit/537.36 (KHTML, like Gecko) Chrome/78.0.3904.108 Safari/537.36"
[2019-12-04T17:11:23.407] [INFO] access - ::1 - - "OPTIONS /document/details/f34a7c20-166e-11ea-940f-15d4ee90a558 HTTP/1.1" 204 - "http://localhost:9999/summary/edit/f34a7c20-166e-11ea-940f-15d4ee90a558" "Mozilla/5.0 (Windows NT 10.0; Win64; x64) AppleWebKit/537.36 (KHTML, like Gecko) Chrome/78.0.3904.108 Safari/537.36"
[2019-12-04T17:11:23.424] [INFO] access - ::1 - - "GET /document/details/f34a7c20-166e-11ea-940f-15d4ee90a558 HTTP/1.1" 200 1621 "http://localhost:9999/summary/edit/f34a7c20-166e-11ea-940f-15d4ee90a558" "Mozilla/5.0 (Windows NT 10.0; Win64; x64) AppleWebKit/537.36 (KHTML, like Gecko) Chrome/78.0.3904.108 Safari/537.36"
[2019-12-04T17:11:37.601] [INFO] access - ::1 - - "OPTIONS /document/list?userId=7861a6f0-7024-11e9-85e6-9f1338560125 HTTP/1.1" 204 - "http://localhost:9999/summary" "Mozilla/5.0 (Windows NT 10.0; Win64; x64) AppleWebKit/537.36 (KHTML, like Gecko) Chrome/78.0.3904.108 Safari/537.36"
[2019-12-04T17:11:37.616] [INFO] access - ::1 - - "GET /document/list?userId=7861a6f0-7024-11e9-85e6-9f1338560125 HTTP/1.1" 200 7018 "http://localhost:9999/summary" "Mozilla/5.0 (Windows NT 10.0; Win64; x64) AppleWebKit/537.36 (KHTML, like Gecko) Chrome/78.0.3904.108 Safari/537.36"
[2019-12-04T17:11:43.953] [INFO] access - ::1 - - "OPTIONS /document/list?userId=7861a6f0-7024-11e9-85e6-9f1338560125 HTTP/1.1" 204 - "http://localhost:9999/summary" "Mozilla/5.0 (Windows NT 10.0; Win64; x64) AppleWebKit/537.36 (KHTML, like Gecko) Chrome/78.0.3904.108 Safari/537.36"
[2019-12-04T17:11:43.978] [INFO] access - ::1 - - "GET /document/list?userId=7861a6f0-7024-11e9-85e6-9f1338560125 HTTP/1.1" 200 7018 "http://localhost:9999/summary" "Mozilla/5.0 (Windows NT 10.0; Win64; x64) AppleWebKit/537.36 (KHTML, like Gecko) Chrome/78.0.3904.108 Safari/537.36"
[2019-12-04T17:11:46.369] [INFO] access - ::1 - - "OPTIONS /document/details/ca5e4ca0-166f-11ea-8e6b-95f13740fd6f HTTP/1.1" 204 - "http://localhost:9999/summary/edit/ca5e4ca0-166f-11ea-8e6b-95f13740fd6f" "Mozilla/5.0 (Windows NT 10.0; Win64; x64) AppleWebKit/537.36 (KHTML, like Gecko) Chrome/78.0.3904.108 Safari/537.36"
[2019-12-04T17:11:46.405] [INFO] access - ::1 - - "GET /document/details/ca5e4ca0-166f-11ea-8e6b-95f13740fd6f HTTP/1.1" 200 244 "http://localhost:9999/summary/edit/ca5e4ca0-166f-11ea-8e6b-95f13740fd6f" "Mozilla/5.0 (Windows NT 10.0; Win64; x64) AppleWebKit/537.36 (KHTML, like Gecko) Chrome/78.0.3904.108 Safari/537.36"
[2019-12-04T17:18:30.803] [INFO] access - ::1 - - "OPTIONS /document/commit HTTP/1.1" 204 - "http://localhost:9999/summary" "Mozilla/5.0 (Windows NT 10.0; Win64; x64) AppleWebKit/537.36 (KHTML, like Gecko) Chrome/78.0.3904.108 Safari/537.36"
[2019-12-04T17:18:30.812] [INFO] access - ::1 - - "POST /document/commit HTTP/1.1" 200 31 "http://localhost:9999/summary" "Mozilla/5.0 (Windows NT 10.0; Win64; x64) AppleWebKit/537.36 (KHTML, like Gecko) Chrome/78.0.3904.108 Safari/537.36"
[2019-12-04T17:18:31.788] [INFO] access - ::1 - - "OPTIONS /document/commit HTTP/1.1" 204 - "http://localhost:9999/summary" "Mozilla/5.0 (Windows NT 10.0; Win64; x64) AppleWebKit/537.36 (KHTML, like Gecko) Chrome/78.0.3904.108 Safari/537.36"
[2019-12-04T17:18:31.793] [INFO] access - ::1 - - "POST /document/commit HTTP/1.1" 200 31 "http://localhost:9999/summary" "Mozilla/5.0 (Windows NT 10.0; Win64; x64) AppleWebKit/537.36 (KHTML, like Gecko) Chrome/78.0.3904.108 Safari/537.36"
[2019-12-04T17:18:33.051] [INFO] access - ::1 - - "OPTIONS /document/commit HTTP/1.1" 204 - "http://localhost:9999/summary" "Mozilla/5.0 (Windows NT 10.0; Win64; x64) AppleWebKit/537.36 (KHTML, like Gecko) Chrome/78.0.3904.108 Safari/537.36"
[2019-12-04T17:18:33.055] [INFO] access - ::1 - - "POST /document/commit HTTP/1.1" 200 31 "http://localhost:9999/summary" "Mozilla/5.0 (Windows NT 10.0; Win64; x64) AppleWebKit/537.36 (KHTML, like Gecko) Chrome/78.0.3904.108 Safari/537.36"
[2019-12-04T17:18:33.643] [INFO] access - ::1 - - "OPTIONS /document/commit HTTP/1.1" 204 - "http://localhost:9999/summary" "Mozilla/5.0 (Windows NT 10.0; Win64; x64) AppleWebKit/537.36 (KHTML, like Gecko) Chrome/78.0.3904.108 Safari/537.36"
[2019-12-04T17:18:33.648] [INFO] access - ::1 - - "POST /document/commit HTTP/1.1" 200 31 "http://localhost:9999/summary" "Mozilla/5.0 (Windows NT 10.0; Win64; x64) AppleWebKit/537.36 (KHTML, like Gecko) Chrome/78.0.3904.108 Safari/537.36"
[2019-12-04T17:18:34.548] [INFO] access - ::1 - - "OPTIONS /document/commit HTTP/1.1" 204 - "http://localhost:9999/summary" "Mozilla/5.0 (Windows NT 10.0; Win64; x64) AppleWebKit/537.36 (KHTML, like Gecko) Chrome/78.0.3904.108 Safari/537.36"
[2019-12-04T17:18:34.553] [INFO] access - ::1 - - "POST /document/commit HTTP/1.1" 200 31 "http://localhost:9999/summary" "Mozilla/5.0 (Windows NT 10.0; Win64; x64) AppleWebKit/537.36 (KHTML, like Gecko) Chrome/78.0.3904.108 Safari/537.36"
[2019-12-04T17:18:38.005] [INFO] access - ::1 - - "OPTIONS /document/list?userId=7861a6f0-7024-11e9-85e6-9f1338560125 HTTP/1.1" 204 - "http://localhost:9999/summary" "Mozilla/5.0 (Windows NT 10.0; Win64; x64) AppleWebKit/537.36 (KHTML, like Gecko) Chrome/78.0.3904.108 Safari/537.36"
[2019-12-04T17:18:38.033] [INFO] access - ::1 - - "GET /document/list?userId=7861a6f0-7024-11e9-85e6-9f1338560125 HTTP/1.1" 200 7013 "http://localhost:9999/summary" "Mozilla/5.0 (Windows NT 10.0; Win64; x64) AppleWebKit/537.36 (KHTML, like Gecko) Chrome/78.0.3904.108 Safari/537.36"
