[2020-06-03T17:42:14.259] [ERROR] application - { MongoError: $in needs an array
    at Connection.<anonymous> (D:\1\starff-working\后台\node_modules\_mongodb@3.5.7@mongodb\lib\core\connection\pool.js:450:61)
    at Connection.emit (events.js:198:13)
    at processMessage (D:\1\starff-working\后台\node_modules\_mongodb@3.5.7@mongodb\lib\core\connection\connection.js:384:10)
    at Socket.<anonymous> (D:\1\starff-working\后台\node_modules\_mongodb@3.5.7@mongodb\lib\core\connection\connection.js:553:15)
    at Socket.emit (events.js:198:13)
    at addChunk (_stream_readable.js:287:12)
    at readableAddChunk (_stream_readable.js:268:11)
    at Socket.Readable.push (_stream_readable.js:223:10)
    at TCP.onStreamRead [as onread] (internal/stream_base_commons.js:94:17)
  ok: 0,
  errmsg: '$in needs an array',
  code: 2,
  codeName: 'BadValue',
  name: 'MongoError',
  [Symbol(mongoErrorContextSymbol)]: {} }
[2020-06-03T17:42:43.215] [ERROR] application - { MongoError: $in needs an array
    at Connection.<anonymous> (D:\1\starff-working\后台\node_modules\_mongodb@3.5.7@mongodb\lib\core\connection\pool.js:450:61)
    at Connection.emit (events.js:198:13)
    at processMessage (D:\1\starff-working\后台\node_modules\_mongodb@3.5.7@mongodb\lib\core\connection\connection.js:384:10)
    at Socket.<anonymous> (D:\1\starff-working\后台\node_modules\_mongodb@3.5.7@mongodb\lib\core\connection\connection.js:553:15)
    at Socket.emit (events.js:198:13)
    at addChunk (_stream_readable.js:287:12)
    at readableAddChunk (_stream_readable.js:268:11)
    at Socket.Readable.push (_stream_readable.js:223:10)
    at TCP.onStreamRead [as onread] (internal/stream_base_commons.js:94:17)
  ok: 0,
  errmsg: '$in needs an array',
  code: 2,
  codeName: 'BadValue',
  name: 'MongoError',
  [Symbol(mongoErrorContextSymbol)]: {} }
