[2019-12-04T10:37:30.096] [ERROR] application - { ValidationError: document validation failed: documentName: Path `documentName` is required.
    at ValidationError.inspect (D:\1\starff-working\后台\node_modules\_mongoose@5.7.12@mongoose\lib\error\validation.js:61:24)
    at formatValue (internal/util/inspect.js:491:31)
    at inspect (internal/util/inspect.js:189:10)
    at formatWithOptions (util.js:84:12)
    at Object.format (util.js:72:10)
    at basicLayout (D:\1\starff-working\后台\node_modules\_log4js@3.0.6@log4js\lib\layouts.js:69:12)
    at app (D:\1\starff-working\后台\node_modules\_log4js@3.0.6@log4js\lib\appenders\dateFile.js:30:19)
    at categoryAppenders.forEach (D:\1\starff-working\后台\node_modules\_log4js@3.0.6@log4js\lib\log4js.js:42:5)
    at Array.forEach (<anonymous>)
    at sendLogEventToAppender (D:\1\starff-working\后台\node_modules\_log4js@3.0.6@log4js\lib\log4js.js:41:21)
    at listeners.forEach.l (D:\1\starff-working\后台\node_modules\_log4js@3.0.6@log4js\lib\clustering.js:16:26)
    at Array.forEach (<anonymous>)
    at sendToListeners (D:\1\starff-working\后台\node_modules\_log4js@3.0.6@log4js\lib\clustering.js:16:13)
    at Object.send (D:\1\starff-working\后台\node_modules\_log4js@3.0.6@log4js\lib\clustering.js:78:7)
    at Logger._log (D:\1\starff-working\后台\node_modules\_log4js@3.0.6@log4js\lib\logger.js:56:16)
    at Logger.log (D:\1\starff-working\后台\node_modules\_log4js@3.0.6@log4js\lib\logger.js:45:12)
  errors:
   { documentName:
      { ValidatorError: Path `documentName` is required.
          at new ValidatorError (D:\1\starff-working\后台\node_modules\_mongoose@5.7.12@mongoose\lib\error\validator.js:29:11)
          at validate (D:\1\starff-working\后台\node_modules\_mongoose@5.7.12@mongoose\lib\schematype.js:1055:13)
          at D:\1\starff-working\后台\node_modules\_mongoose@5.7.12@mongoose\lib\schematype.js:1109:11
          at Array.forEach (<anonymous>)
          at SchemaString.SchemaType.doValidate (D:\1\starff-working\后台\node_modules\_mongoose@5.7.12@mongoose\lib\schematype.js:1064:14)
          at D:\1\starff-working\后台\node_modules\_mongoose@5.7.12@mongoose\lib\document.js:2255:9
          at process._tickCallback (internal/process/next_tick.js:61:11)
        message: 'Path `documentName` is required.',
        name: 'ValidatorError',
        properties: [Object],
        kind: 'required',
        path: 'documentName',
        value: '',
        reason: undefined,
        [Symbol(mongoose:validatorError)]: true } },
  _message: 'document validation failed',
  name: 'ValidationError' }
[2019-12-04T10:37:53.421] [ERROR] application - { ValidationError: document validation failed: documentName: Path `documentName` is required.
    at ValidationError.inspect (D:\1\starff-working\后台\node_modules\_mongoose@5.7.12@mongoose\lib\error\validation.js:61:24)
    at formatValue (internal/util/inspect.js:491:31)
    at inspect (internal/util/inspect.js:189:10)
    at formatWithOptions (util.js:84:12)
    at Object.format (util.js:72:10)
    at basicLayout (D:\1\starff-working\后台\node_modules\_log4js@3.0.6@log4js\lib\layouts.js:69:12)
    at app (D:\1\starff-working\后台\node_modules\_log4js@3.0.6@log4js\lib\appenders\dateFile.js:30:19)
    at categoryAppenders.forEach (D:\1\starff-working\后台\node_modules\_log4js@3.0.6@log4js\lib\log4js.js:42:5)
    at Array.forEach (<anonymous>)
    at sendLogEventToAppender (D:\1\starff-working\后台\node_modules\_log4js@3.0.6@log4js\lib\log4js.js:41:21)
    at listeners.forEach.l (D:\1\starff-working\后台\node_modules\_log4js@3.0.6@log4js\lib\clustering.js:16:26)
    at Array.forEach (<anonymous>)
    at sendToListeners (D:\1\starff-working\后台\node_modules\_log4js@3.0.6@log4js\lib\clustering.js:16:13)
    at Object.send (D:\1\starff-working\后台\node_modules\_log4js@3.0.6@log4js\lib\clustering.js:78:7)
    at Logger._log (D:\1\starff-working\后台\node_modules\_log4js@3.0.6@log4js\lib\logger.js:56:16)
    at Logger.log (D:\1\starff-working\后台\node_modules\_log4js@3.0.6@log4js\lib\logger.js:45:12)
  errors:
   { documentName:
      { ValidatorError: Path `documentName` is required.
          at new ValidatorError (D:\1\starff-working\后台\node_modules\_mongoose@5.7.12@mongoose\lib\error\validator.js:29:11)
          at validate (D:\1\starff-working\后台\node_modules\_mongoose@5.7.12@mongoose\lib\schematype.js:1055:13)
          at D:\1\starff-working\后台\node_modules\_mongoose@5.7.12@mongoose\lib\schematype.js:1109:11
          at Array.forEach (<anonymous>)
          at SchemaString.SchemaType.doValidate (D:\1\starff-working\后台\node_modules\_mongoose@5.7.12@mongoose\lib\schematype.js:1064:14)
          at D:\1\starff-working\后台\node_modules\_mongoose@5.7.12@mongoose\lib\document.js:2255:9
          at process._tickCallback (internal/process/next_tick.js:61:11)
        message: 'Path `documentName` is required.',
        name: 'ValidatorError',
        properties: [Object],
        kind: 'required',
        path: 'documentName',
        value: '',
        reason: undefined,
        [Symbol(mongoose:validatorError)]: true } },
  _message: 'document validation failed',
  name: 'ValidationError' }
[2019-12-04T10:38:00.869] [ERROR] application - { ValidationError: document validation failed: documentName: Path `documentName` is required.
    at ValidationError.inspect (D:\1\starff-working\后台\node_modules\_mongoose@5.7.12@mongoose\lib\error\validation.js:61:24)
    at formatValue (internal/util/inspect.js:491:31)
    at inspect (internal/util/inspect.js:189:10)
    at formatWithOptions (util.js:84:12)
    at Object.format (util.js:72:10)
    at basicLayout (D:\1\starff-working\后台\node_modules\_log4js@3.0.6@log4js\lib\layouts.js:69:12)
    at app (D:\1\starff-working\后台\node_modules\_log4js@3.0.6@log4js\lib\appenders\dateFile.js:30:19)
    at categoryAppenders.forEach (D:\1\starff-working\后台\node_modules\_log4js@3.0.6@log4js\lib\log4js.js:42:5)
    at Array.forEach (<anonymous>)
    at sendLogEventToAppender (D:\1\starff-working\后台\node_modules\_log4js@3.0.6@log4js\lib\log4js.js:41:21)
    at listeners.forEach.l (D:\1\starff-working\后台\node_modules\_log4js@3.0.6@log4js\lib\clustering.js:16:26)
    at Array.forEach (<anonymous>)
    at sendToListeners (D:\1\starff-working\后台\node_modules\_log4js@3.0.6@log4js\lib\clustering.js:16:13)
    at Object.send (D:\1\starff-working\后台\node_modules\_log4js@3.0.6@log4js\lib\clustering.js:78:7)
    at Logger._log (D:\1\starff-working\后台\node_modules\_log4js@3.0.6@log4js\lib\logger.js:56:16)
    at Logger.log (D:\1\starff-working\后台\node_modules\_log4js@3.0.6@log4js\lib\logger.js:45:12)
  errors:
   { documentName:
      { ValidatorError: Path `documentName` is required.
          at new ValidatorError (D:\1\starff-working\后台\node_modules\_mongoose@5.7.12@mongoose\lib\error\validator.js:29:11)
          at validate (D:\1\starff-working\后台\node_modules\_mongoose@5.7.12@mongoose\lib\schematype.js:1055:13)
          at D:\1\starff-working\后台\node_modules\_mongoose@5.7.12@mongoose\lib\schematype.js:1109:11
          at Array.forEach (<anonymous>)
          at SchemaString.SchemaType.doValidate (D:\1\starff-working\后台\node_modules\_mongoose@5.7.12@mongoose\lib\schematype.js:1064:14)
          at D:\1\starff-working\后台\node_modules\_mongoose@5.7.12@mongoose\lib\document.js:2255:9
          at process._tickCallback (internal/process/next_tick.js:61:11)
        message: 'Path `documentName` is required.',
        name: 'ValidatorError',
        properties: [Object],
        kind: 'required',
        path: 'documentName',
        value: '',
        reason: undefined,
        [Symbol(mongoose:validatorError)]: true } },
  _message: 'document validation failed',
  name: 'ValidationError' }
[2019-12-04T15:23:24.691] [ERROR] application - { ValidationError: document validation failed: contentHtml: Path `contentHtml` is required., documentName: Path `documentName` is required., content: Path `content` is required.
    at ValidationError.inspect (D:\1\starff-working\后台\node_modules\_mongoose@5.7.12@mongoose\lib\error\validation.js:61:24)
    at formatValue (internal/util/inspect.js:491:31)
    at inspect (internal/util/inspect.js:189:10)
    at formatWithOptions (util.js:84:12)
    at Object.format (util.js:72:10)
    at basicLayout (D:\1\starff-working\后台\node_modules\_log4js@3.0.6@log4js\lib\layouts.js:69:12)
    at app (D:\1\starff-working\后台\node_modules\_log4js@3.0.6@log4js\lib\appenders\dateFile.js:30:19)
    at categoryAppenders.forEach (D:\1\starff-working\后台\node_modules\_log4js@3.0.6@log4js\lib\log4js.js:42:5)
    at Array.forEach (<anonymous>)
    at sendLogEventToAppender (D:\1\starff-working\后台\node_modules\_log4js@3.0.6@log4js\lib\log4js.js:41:21)
    at listeners.forEach.l (D:\1\starff-working\后台\node_modules\_log4js@3.0.6@log4js\lib\clustering.js:16:26)
    at Array.forEach (<anonymous>)
    at sendToListeners (D:\1\starff-working\后台\node_modules\_log4js@3.0.6@log4js\lib\clustering.js:16:13)
    at Object.send (D:\1\starff-working\后台\node_modules\_log4js@3.0.6@log4js\lib\clustering.js:78:7)
    at Logger._log (D:\1\starff-working\后台\node_modules\_log4js@3.0.6@log4js\lib\logger.js:56:16)
    at Logger.log (D:\1\starff-working\后台\node_modules\_log4js@3.0.6@log4js\lib\logger.js:45:12)
  errors:
   { contentHtml:
      { ValidatorError: Path `contentHtml` is required.
          at new ValidatorError (D:\1\starff-working\后台\node_modules\_mongoose@5.7.12@mongoose\lib\error\validator.js:29:11)
          at validate (D:\1\starff-working\后台\node_modules\_mongoose@5.7.12@mongoose\lib\schematype.js:1055:13)
          at D:\1\starff-working\后台\node_modules\_mongoose@5.7.12@mongoose\lib\schematype.js:1109:11
          at Array.forEach (<anonymous>)
          at SchemaString.SchemaType.doValidate (D:\1\starff-working\后台\node_modules\_mongoose@5.7.12@mongoose\lib\schematype.js:1064:14)
          at D:\1\starff-working\后台\node_modules\_mongoose@5.7.12@mongoose\lib\document.js:2255:9
          at process._tickCallback (internal/process/next_tick.js:61:11)
        message: 'Path `contentHtml` is required.',
        name: 'ValidatorError',
        properties: [Object],
        kind: 'required',
        path: 'contentHtml',
        value: undefined,
        reason: undefined,
        [Symbol(mongoose:validatorError)]: true },
     documentName:
      { ValidatorError: Path `documentName` is required.
          at new ValidatorError (D:\1\starff-working\后台\node_modules\_mongoose@5.7.12@mongoose\lib\error\validator.js:29:11)
          at validate (D:\1\starff-working\后台\node_modules\_mongoose@5.7.12@mongoose\lib\schematype.js:1055:13)
          at D:\1\starff-working\后台\node_modules\_mongoose@5.7.12@mongoose\lib\schematype.js:1109:11
          at Array.forEach (<anonymous>)
          at SchemaString.SchemaType.doValidate (D:\1\starff-working\后台\node_modules\_mongoose@5.7.12@mongoose\lib\schematype.js:1064:14)
          at D:\1\starff-working\后台\node_modules\_mongoose@5.7.12@mongoose\lib\document.js:2255:9
          at process._tickCallback (internal/process/next_tick.js:61:11)
        message: 'Path `documentName` is required.',
        name: 'ValidatorError',
        properties: [Object],
        kind: 'required',
        path: 'documentName',
        value: '',
        reason: undefined,
        [Symbol(mongoose:validatorError)]: true },
     content:
      { ValidatorError: Path `content` is required.
          at new ValidatorError (D:\1\starff-working\后台\node_modules\_mongoose@5.7.12@mongoose\lib\error\validator.js:29:11)
          at validate (D:\1\starff-working\后台\node_modules\_mongoose@5.7.12@mongoose\lib\schematype.js:1055:13)
          at D:\1\starff-working\后台\node_modules\_mongoose@5.7.12@mongoose\lib\schematype.js:1109:11
          at Array.forEach (<anonymous>)
          at SchemaString.SchemaType.doValidate (D:\1\starff-working\后台\node_modules\_mongoose@5.7.12@mongoose\lib\schematype.js:1064:14)
          at D:\1\starff-working\后台\node_modules\_mongoose@5.7.12@mongoose\lib\document.js:2255:9
          at process._tickCallback (internal/process/next_tick.js:61:11)
        message: 'Path `content` is required.',
        name: 'ValidatorError',
        properties: [Object],
        kind: 'required',
        path: 'content',
        value: '',
        reason: undefined,
        [Symbol(mongoose:validatorError)]: true } },
  _message: 'document validation failed',
  name: 'ValidationError' }
[2019-12-04T15:23:54.671] [ERROR] application - { ValidationError: document validation failed: contentHtml: Path `contentHtml` is required.
    at ValidationError.inspect (D:\1\starff-working\后台\node_modules\_mongoose@5.7.12@mongoose\lib\error\validation.js:61:24)
    at formatValue (internal/util/inspect.js:491:31)
    at inspect (internal/util/inspect.js:189:10)
    at formatWithOptions (util.js:84:12)
    at Object.format (util.js:72:10)
    at basicLayout (D:\1\starff-working\后台\node_modules\_log4js@3.0.6@log4js\lib\layouts.js:69:12)
    at app (D:\1\starff-working\后台\node_modules\_log4js@3.0.6@log4js\lib\appenders\dateFile.js:30:19)
    at categoryAppenders.forEach (D:\1\starff-working\后台\node_modules\_log4js@3.0.6@log4js\lib\log4js.js:42:5)
    at Array.forEach (<anonymous>)
    at sendLogEventToAppender (D:\1\starff-working\后台\node_modules\_log4js@3.0.6@log4js\lib\log4js.js:41:21)
    at listeners.forEach.l (D:\1\starff-working\后台\node_modules\_log4js@3.0.6@log4js\lib\clustering.js:16:26)
    at Array.forEach (<anonymous>)
    at sendToListeners (D:\1\starff-working\后台\node_modules\_log4js@3.0.6@log4js\lib\clustering.js:16:13)
    at Object.send (D:\1\starff-working\后台\node_modules\_log4js@3.0.6@log4js\lib\clustering.js:78:7)
    at Logger._log (D:\1\starff-working\后台\node_modules\_log4js@3.0.6@log4js\lib\logger.js:56:16)
    at Logger.log (D:\1\starff-working\后台\node_modules\_log4js@3.0.6@log4js\lib\logger.js:45:12)
  errors:
   { contentHtml:
      { ValidatorError: Path `contentHtml` is required.
          at new ValidatorError (D:\1\starff-working\后台\node_modules\_mongoose@5.7.12@mongoose\lib\error\validator.js:29:11)
          at validate (D:\1\starff-working\后台\node_modules\_mongoose@5.7.12@mongoose\lib\schematype.js:1055:13)
          at D:\1\starff-working\后台\node_modules\_mongoose@5.7.12@mongoose\lib\schematype.js:1109:11
          at Array.forEach (<anonymous>)
          at SchemaString.SchemaType.doValidate (D:\1\starff-working\后台\node_modules\_mongoose@5.7.12@mongoose\lib\schematype.js:1064:14)
          at D:\1\starff-working\后台\node_modules\_mongoose@5.7.12@mongoose\lib\document.js:2255:9
          at process._tickCallback (internal/process/next_tick.js:61:11)
        message: 'Path `contentHtml` is required.',
        name: 'ValidatorError',
        properties: [Object],
        kind: 'required',
        path: 'contentHtml',
        value: undefined,
        reason: undefined,
        [Symbol(mongoose:validatorError)]: true } },
  _message: 'document validation failed',
  name: 'ValidationError' }
[2019-12-04T15:25:57.722] [ERROR] application - { ValidationError: document validation failed: contentHtml: Path `contentHtml` is required.
    at ValidationError.inspect (D:\1\starff-working\后台\node_modules\_mongoose@5.7.12@mongoose\lib\error\validation.js:61:24)
    at formatValue (internal/util/inspect.js:491:31)
    at inspect (internal/util/inspect.js:189:10)
    at formatWithOptions (util.js:84:12)
    at Object.format (util.js:72:10)
    at basicLayout (D:\1\starff-working\后台\node_modules\_log4js@3.0.6@log4js\lib\layouts.js:69:12)
    at app (D:\1\starff-working\后台\node_modules\_log4js@3.0.6@log4js\lib\appenders\dateFile.js:30:19)
    at categoryAppenders.forEach (D:\1\starff-working\后台\node_modules\_log4js@3.0.6@log4js\lib\log4js.js:42:5)
    at Array.forEach (<anonymous>)
    at sendLogEventToAppender (D:\1\starff-working\后台\node_modules\_log4js@3.0.6@log4js\lib\log4js.js:41:21)
    at listeners.forEach.l (D:\1\starff-working\后台\node_modules\_log4js@3.0.6@log4js\lib\clustering.js:16:26)
    at Array.forEach (<anonymous>)
    at sendToListeners (D:\1\starff-working\后台\node_modules\_log4js@3.0.6@log4js\lib\clustering.js:16:13)
    at Object.send (D:\1\starff-working\后台\node_modules\_log4js@3.0.6@log4js\lib\clustering.js:78:7)
    at Logger._log (D:\1\starff-working\后台\node_modules\_log4js@3.0.6@log4js\lib\logger.js:56:16)
    at Logger.log (D:\1\starff-working\后台\node_modules\_log4js@3.0.6@log4js\lib\logger.js:45:12)
  errors:
   { contentHtml:
      { ValidatorError: Path `contentHtml` is required.
          at new ValidatorError (D:\1\starff-working\后台\node_modules\_mongoose@5.7.12@mongoose\lib\error\validator.js:29:11)
          at validate (D:\1\starff-working\后台\node_modules\_mongoose@5.7.12@mongoose\lib\schematype.js:1055:13)
          at D:\1\starff-working\后台\node_modules\_mongoose@5.7.12@mongoose\lib\schematype.js:1109:11
          at Array.forEach (<anonymous>)
          at SchemaString.SchemaType.doValidate (D:\1\starff-working\后台\node_modules\_mongoose@5.7.12@mongoose\lib\schematype.js:1064:14)
          at D:\1\starff-working\后台\node_modules\_mongoose@5.7.12@mongoose\lib\document.js:2255:9
          at process._tickCallback (internal/process/next_tick.js:61:11)
        message: 'Path `contentHtml` is required.',
        name: 'ValidatorError',
        properties: [Object],
        kind: 'required',
        path: 'contentHtml',
        value: undefined,
        reason: undefined,
        [Symbol(mongoose:validatorError)]: true } },
  _message: 'document validation failed',
  name: 'ValidationError' }
[2019-12-04T15:26:35.789] [ERROR] application - { ValidationError: document validation failed: contentHtml: Path `contentHtml` is required.
    at ValidationError.inspect (D:\1\starff-working\后台\node_modules\_mongoose@5.7.12@mongoose\lib\error\validation.js:61:24)
    at formatValue (internal/util/inspect.js:491:31)
    at inspect (internal/util/inspect.js:189:10)
    at formatWithOptions (util.js:84:12)
    at Object.format (util.js:72:10)
    at basicLayout (D:\1\starff-working\后台\node_modules\_log4js@3.0.6@log4js\lib\layouts.js:69:12)
    at app (D:\1\starff-working\后台\node_modules\_log4js@3.0.6@log4js\lib\appenders\dateFile.js:30:19)
    at categoryAppenders.forEach (D:\1\starff-working\后台\node_modules\_log4js@3.0.6@log4js\lib\log4js.js:42:5)
    at Array.forEach (<anonymous>)
    at sendLogEventToAppender (D:\1\starff-working\后台\node_modules\_log4js@3.0.6@log4js\lib\log4js.js:41:21)
    at listeners.forEach.l (D:\1\starff-working\后台\node_modules\_log4js@3.0.6@log4js\lib\clustering.js:16:26)
    at Array.forEach (<anonymous>)
    at sendToListeners (D:\1\starff-working\后台\node_modules\_log4js@3.0.6@log4js\lib\clustering.js:16:13)
    at Object.send (D:\1\starff-working\后台\node_modules\_log4js@3.0.6@log4js\lib\clustering.js:78:7)
    at Logger._log (D:\1\starff-working\后台\node_modules\_log4js@3.0.6@log4js\lib\logger.js:56:16)
    at Logger.log (D:\1\starff-working\后台\node_modules\_log4js@3.0.6@log4js\lib\logger.js:45:12)
  errors:
   { contentHtml:
      { ValidatorError: Path `contentHtml` is required.
          at new ValidatorError (D:\1\starff-working\后台\node_modules\_mongoose@5.7.12@mongoose\lib\error\validator.js:29:11)
          at validate (D:\1\starff-working\后台\node_modules\_mongoose@5.7.12@mongoose\lib\schematype.js:1055:13)
          at D:\1\starff-working\后台\node_modules\_mongoose@5.7.12@mongoose\lib\schematype.js:1109:11
          at Array.forEach (<anonymous>)
          at SchemaString.SchemaType.doValidate (D:\1\starff-working\后台\node_modules\_mongoose@5.7.12@mongoose\lib\schematype.js:1064:14)
          at D:\1\starff-working\后台\node_modules\_mongoose@5.7.12@mongoose\lib\document.js:2255:9
          at process._tickCallback (internal/process/next_tick.js:61:11)
        message: 'Path `contentHtml` is required.',
        name: 'ValidatorError',
        properties: [Object],
        kind: 'required',
        path: 'contentHtml',
        value: undefined,
        reason: undefined,
        [Symbol(mongoose:validatorError)]: true } },
  _message: 'document validation failed',
  name: 'ValidationError' }
[2019-12-04T15:26:49.955] [ERROR] application - { ValidationError: document validation failed: contentHtml: Path `contentHtml` is required., content: Path `content` is required., documentName: Path `documentName` is required.
    at ValidationError.inspect (D:\1\starff-working\后台\node_modules\_mongoose@5.7.12@mongoose\lib\error\validation.js:61:24)
    at formatValue (internal/util/inspect.js:491:31)
    at inspect (internal/util/inspect.js:189:10)
    at formatWithOptions (util.js:84:12)
    at Object.format (util.js:72:10)
    at basicLayout (D:\1\starff-working\后台\node_modules\_log4js@3.0.6@log4js\lib\layouts.js:69:12)
    at app (D:\1\starff-working\后台\node_modules\_log4js@3.0.6@log4js\lib\appenders\dateFile.js:30:19)
    at categoryAppenders.forEach (D:\1\starff-working\后台\node_modules\_log4js@3.0.6@log4js\lib\log4js.js:42:5)
    at Array.forEach (<anonymous>)
    at sendLogEventToAppender (D:\1\starff-working\后台\node_modules\_log4js@3.0.6@log4js\lib\log4js.js:41:21)
    at listeners.forEach.l (D:\1\starff-working\后台\node_modules\_log4js@3.0.6@log4js\lib\clustering.js:16:26)
    at Array.forEach (<anonymous>)
    at sendToListeners (D:\1\starff-working\后台\node_modules\_log4js@3.0.6@log4js\lib\clustering.js:16:13)
    at Object.send (D:\1\starff-working\后台\node_modules\_log4js@3.0.6@log4js\lib\clustering.js:78:7)
    at Logger._log (D:\1\starff-working\后台\node_modules\_log4js@3.0.6@log4js\lib\logger.js:56:16)
    at Logger.log (D:\1\starff-working\后台\node_modules\_log4js@3.0.6@log4js\lib\logger.js:45:12)
  errors:
   { contentHtml:
      { ValidatorError: Path `contentHtml` is required.
          at new ValidatorError (D:\1\starff-working\后台\node_modules\_mongoose@5.7.12@mongoose\lib\error\validator.js:29:11)
          at validate (D:\1\starff-working\后台\node_modules\_mongoose@5.7.12@mongoose\lib\schematype.js:1055:13)
          at D:\1\starff-working\后台\node_modules\_mongoose@5.7.12@mongoose\lib\schematype.js:1109:11
          at Array.forEach (<anonymous>)
          at SchemaString.SchemaType.doValidate (D:\1\starff-working\后台\node_modules\_mongoose@5.7.12@mongoose\lib\schematype.js:1064:14)
          at D:\1\starff-working\后台\node_modules\_mongoose@5.7.12@mongoose\lib\document.js:2255:9
          at process._tickCallback (internal/process/next_tick.js:61:11)
        message: 'Path `contentHtml` is required.',
        name: 'ValidatorError',
        properties: [Object],
        kind: 'required',
        path: 'contentHtml',
        value: undefined,
        reason: undefined,
        [Symbol(mongoose:validatorError)]: true },
     content:
      { ValidatorError: Path `content` is required.
          at new ValidatorError (D:\1\starff-working\后台\node_modules\_mongoose@5.7.12@mongoose\lib\error\validator.js:29:11)
          at validate (D:\1\starff-working\后台\node_modules\_mongoose@5.7.12@mongoose\lib\schematype.js:1055:13)
          at D:\1\starff-working\后台\node_modules\_mongoose@5.7.12@mongoose\lib\schematype.js:1109:11
          at Array.forEach (<anonymous>)
          at SchemaString.SchemaType.doValidate (D:\1\starff-working\后台\node_modules\_mongoose@5.7.12@mongoose\lib\schematype.js:1064:14)
          at D:\1\starff-working\后台\node_modules\_mongoose@5.7.12@mongoose\lib\document.js:2255:9
          at process._tickCallback (internal/process/next_tick.js:61:11)
        message: 'Path `content` is required.',
        name: 'ValidatorError',
        properties: [Object],
        kind: 'required',
        path: 'content',
        value: undefined,
        reason: undefined,
        [Symbol(mongoose:validatorError)]: true },
     documentName:
      { ValidatorError: Path `documentName` is required.
          at new ValidatorError (D:\1\starff-working\后台\node_modules\_mongoose@5.7.12@mongoose\lib\error\validator.js:29:11)
          at validate (D:\1\starff-working\后台\node_modules\_mongoose@5.7.12@mongoose\lib\schematype.js:1055:13)
          at D:\1\starff-working\后台\node_modules\_mongoose@5.7.12@mongoose\lib\schematype.js:1109:11
          at Array.forEach (<anonymous>)
          at SchemaString.SchemaType.doValidate (D:\1\starff-working\后台\node_modules\_mongoose@5.7.12@mongoose\lib\schematype.js:1064:14)
          at D:\1\starff-working\后台\node_modules\_mongoose@5.7.12@mongoose\lib\document.js:2255:9
          at process._tickCallback (internal/process/next_tick.js:61:11)
        message: 'Path `documentName` is required.',
        name: 'ValidatorError',
        properties: [Object],
        kind: 'required',
        path: 'documentName',
        value: '',
        reason: undefined,
        [Symbol(mongoose:validatorError)]: true } },
  _message: 'document validation failed',
  name: 'ValidationError' }
[2019-12-04T15:28:26.093] [ERROR] application - ReferenceError: Department_col is not defined
    at addDocument (D:\1\starff-working\后台\app\controllers\document_controller.js:18:9)
    at dispatch (D:\1\starff-working\后台\node_modules\_koa-compose@3.2.1@koa-compose\index.js:44:32)
    at next (D:\1\starff-working\后台\node_modules\_koa-compose@3.2.1@koa-compose\index.js:45:18)
    at D:\1\starff-working\后台\node_modules\_koa-router@7.4.0@koa-router\lib\router.js:346:16
    at dispatch (D:\1\starff-working\后台\node_modules\_koa-compose@3.2.1@koa-compose\index.js:44:32)
    at D:\1\starff-working\后台\node_modules\_koa-compose@3.2.1@koa-compose\index.js:36:12
    at dispatch (D:\1\starff-working\后台\node_modules\_koa-router@7.4.0@koa-router\lib\router.js:351:31)
    at dispatch (D:\1\starff-working\后台\node_modules\_koa-compose@4.1.0@koa-compose\index.js:42:32)
    at allowedMethods (D:\1\starff-working\后台\node_modules\_koa-router@7.4.0@koa-router\lib\router.js:407:12)
    at dispatch (D:\1\starff-working\后台\node_modules\_koa-compose@4.1.0@koa-compose\index.js:42:32)
    at dispatch (D:\1\starff-working\后台\node_modules\_koa-router@7.4.0@koa-router\lib\router.js:332:32)
    at dispatch (D:\1\starff-working\后台\node_modules\_koa-compose@4.1.0@koa-compose\index.js:42:32)
    at allowedMethods (D:\1\starff-working\后台\node_modules\_koa-router@7.4.0@koa-router\lib\router.js:407:12)
    at dispatch (D:\1\starff-working\后台\node_modules\_koa-compose@4.1.0@koa-compose\index.js:42:32)
    at dispatch (D:\1\starff-working\后台\node_modules\_koa-router@7.4.0@koa-router\lib\router.js:332:32)
    at dispatch (D:\1\starff-working\后台\node_modules\_koa-compose@4.1.0@koa-compose\index.js:42:32)
[2019-12-04T15:28:53.420] [ERROR] application - { ValidationError: document validation failed: documentName: Path `documentName` is required., contentHtml: Path `contentHtml` is required.
    at ValidationError.inspect (D:\1\starff-working\后台\node_modules\_mongoose@5.7.12@mongoose\lib\error\validation.js:61:24)
    at formatValue (internal/util/inspect.js:491:31)
    at inspect (internal/util/inspect.js:189:10)
    at formatWithOptions (util.js:84:12)
    at Object.format (util.js:72:10)
    at basicLayout (D:\1\starff-working\后台\node_modules\_log4js@3.0.6@log4js\lib\layouts.js:69:12)
    at app (D:\1\starff-working\后台\node_modules\_log4js@3.0.6@log4js\lib\appenders\dateFile.js:30:19)
    at categoryAppenders.forEach (D:\1\starff-working\后台\node_modules\_log4js@3.0.6@log4js\lib\log4js.js:42:5)
    at Array.forEach (<anonymous>)
    at sendLogEventToAppender (D:\1\starff-working\后台\node_modules\_log4js@3.0.6@log4js\lib\log4js.js:41:21)
    at listeners.forEach.l (D:\1\starff-working\后台\node_modules\_log4js@3.0.6@log4js\lib\clustering.js:16:26)
    at Array.forEach (<anonymous>)
    at sendToListeners (D:\1\starff-working\后台\node_modules\_log4js@3.0.6@log4js\lib\clustering.js:16:13)
    at Object.send (D:\1\starff-working\后台\node_modules\_log4js@3.0.6@log4js\lib\clustering.js:78:7)
    at Logger._log (D:\1\starff-working\后台\node_modules\_log4js@3.0.6@log4js\lib\logger.js:56:16)
    at Logger.log (D:\1\starff-working\后台\node_modules\_log4js@3.0.6@log4js\lib\logger.js:45:12)
  errors:
   { documentName:
      { ValidatorError: Path `documentName` is required.
          at new ValidatorError (D:\1\starff-working\后台\node_modules\_mongoose@5.7.12@mongoose\lib\error\validator.js:29:11)
          at validate (D:\1\starff-working\后台\node_modules\_mongoose@5.7.12@mongoose\lib\schematype.js:1055:13)
          at D:\1\starff-working\后台\node_modules\_mongoose@5.7.12@mongoose\lib\schematype.js:1109:11
          at Array.forEach (<anonymous>)
          at SchemaString.SchemaType.doValidate (D:\1\starff-working\后台\node_modules\_mongoose@5.7.12@mongoose\lib\schematype.js:1064:14)
          at D:\1\starff-working\后台\node_modules\_mongoose@5.7.12@mongoose\lib\document.js:2255:9
          at process._tickCallback (internal/process/next_tick.js:61:11)
        message: 'Path `documentName` is required.',
        name: 'ValidatorError',
        properties: [Object],
        kind: 'required',
        path: 'documentName',
        value: '',
        reason: undefined,
        [Symbol(mongoose:validatorError)]: true },
     contentHtml:
      { ValidatorError: Path `contentHtml` is required.
          at new ValidatorError (D:\1\starff-working\后台\node_modules\_mongoose@5.7.12@mongoose\lib\error\validator.js:29:11)
          at validate (D:\1\starff-working\后台\node_modules\_mongoose@5.7.12@mongoose\lib\schematype.js:1055:13)
          at D:\1\starff-working\后台\node_modules\_mongoose@5.7.12@mongoose\lib\schematype.js:1109:11
          at Array.forEach (<anonymous>)
          at SchemaString.SchemaType.doValidate (D:\1\starff-working\后台\node_modules\_mongoose@5.7.12@mongoose\lib\schematype.js:1064:14)
          at D:\1\starff-working\后台\node_modules\_mongoose@5.7.12@mongoose\lib\document.js:2255:9
          at process._tickCallback (internal/process/next_tick.js:61:11)
        message: 'Path `contentHtml` is required.',
        name: 'ValidatorError',
        properties: [Object],
        kind: 'required',
        path: 'contentHtml',
        value: '',
        reason: undefined,
        [Symbol(mongoose:validatorError)]: true } },
  _message: 'document validation failed',
  name: 'ValidationError' }
[2019-12-04T15:29:19.315] [ERROR] application - { ValidationError: document validation failed: contentHtml: Path `contentHtml` is required., documentName: Path `documentName` is required.
    at ValidationError.inspect (D:\1\starff-working\后台\node_modules\_mongoose@5.7.12@mongoose\lib\error\validation.js:61:24)
    at formatValue (internal/util/inspect.js:491:31)
    at inspect (internal/util/inspect.js:189:10)
    at formatWithOptions (util.js:84:12)
    at Object.format (util.js:72:10)
    at basicLayout (D:\1\starff-working\后台\node_modules\_log4js@3.0.6@log4js\lib\layouts.js:69:12)
    at app (D:\1\starff-working\后台\node_modules\_log4js@3.0.6@log4js\lib\appenders\dateFile.js:30:19)
    at categoryAppenders.forEach (D:\1\starff-working\后台\node_modules\_log4js@3.0.6@log4js\lib\log4js.js:42:5)
    at Array.forEach (<anonymous>)
    at sendLogEventToAppender (D:\1\starff-working\后台\node_modules\_log4js@3.0.6@log4js\lib\log4js.js:41:21)
    at listeners.forEach.l (D:\1\starff-working\后台\node_modules\_log4js@3.0.6@log4js\lib\clustering.js:16:26)
    at Array.forEach (<anonymous>)
    at sendToListeners (D:\1\starff-working\后台\node_modules\_log4js@3.0.6@log4js\lib\clustering.js:16:13)
    at Object.send (D:\1\starff-working\后台\node_modules\_log4js@3.0.6@log4js\lib\clustering.js:78:7)
    at Logger._log (D:\1\starff-working\后台\node_modules\_log4js@3.0.6@log4js\lib\logger.js:56:16)
    at Logger.log (D:\1\starff-working\后台\node_modules\_log4js@3.0.6@log4js\lib\logger.js:45:12)
  errors:
   { contentHtml:
      { ValidatorError: Path `contentHtml` is required.
          at new ValidatorError (D:\1\starff-working\后台\node_modules\_mongoose@5.7.12@mongoose\lib\error\validator.js:29:11)
          at validate (D:\1\starff-working\后台\node_modules\_mongoose@5.7.12@mongoose\lib\schematype.js:1055:13)
          at D:\1\starff-working\后台\node_modules\_mongoose@5.7.12@mongoose\lib\schematype.js:1109:11
          at Array.forEach (<anonymous>)
          at SchemaString.SchemaType.doValidate (D:\1\starff-working\后台\node_modules\_mongoose@5.7.12@mongoose\lib\schematype.js:1064:14)
          at D:\1\starff-working\后台\node_modules\_mongoose@5.7.12@mongoose\lib\document.js:2255:9
          at process._tickCallback (internal/process/next_tick.js:61:11)
        message: 'Path `contentHtml` is required.',
        name: 'ValidatorError',
        properties: [Object],
        kind: 'required',
        path: 'contentHtml',
        value: undefined,
        reason: undefined,
        [Symbol(mongoose:validatorError)]: true },
     documentName:
      { ValidatorError: Path `documentName` is required.
          at new ValidatorError (D:\1\starff-working\后台\node_modules\_mongoose@5.7.12@mongoose\lib\error\validator.js:29:11)
          at validate (D:\1\starff-working\后台\node_modules\_mongoose@5.7.12@mongoose\lib\schematype.js:1055:13)
          at D:\1\starff-working\后台\node_modules\_mongoose@5.7.12@mongoose\lib\schematype.js:1109:11
          at Array.forEach (<anonymous>)
          at SchemaString.SchemaType.doValidate (D:\1\starff-working\后台\node_modules\_mongoose@5.7.12@mongoose\lib\schematype.js:1064:14)
          at D:\1\starff-working\后台\node_modules\_mongoose@5.7.12@mongoose\lib\document.js:2255:9
          at process._tickCallback (internal/process/next_tick.js:61:11)
        message: 'Path `documentName` is required.',
        name: 'ValidatorError',
        properties: [Object],
        kind: 'required',
        path: 'documentName',
        value: '',
        reason: undefined,
        [Symbol(mongoose:validatorError)]: true } },
  _message: 'document validation failed',
  name: 'ValidationError' }
[2019-12-04T15:37:09.130] [ERROR] application - { ValidationError: document validation failed: contentHtml: Path `contentHtml` is required., documentName: Path `documentName` is required.
    at ValidationError.inspect (D:\1\starff-working\后台\node_modules\_mongoose@5.7.12@mongoose\lib\error\validation.js:61:24)
    at formatValue (internal/util/inspect.js:491:31)
    at inspect (internal/util/inspect.js:189:10)
    at formatWithOptions (util.js:84:12)
    at Object.format (util.js:72:10)
    at basicLayout (D:\1\starff-working\后台\node_modules\_log4js@3.0.6@log4js\lib\layouts.js:69:12)
    at app (D:\1\starff-working\后台\node_modules\_log4js@3.0.6@log4js\lib\appenders\dateFile.js:30:19)
    at categoryAppenders.forEach (D:\1\starff-working\后台\node_modules\_log4js@3.0.6@log4js\lib\log4js.js:42:5)
    at Array.forEach (<anonymous>)
    at sendLogEventToAppender (D:\1\starff-working\后台\node_modules\_log4js@3.0.6@log4js\lib\log4js.js:41:21)
    at listeners.forEach.l (D:\1\starff-working\后台\node_modules\_log4js@3.0.6@log4js\lib\clustering.js:16:26)
    at Array.forEach (<anonymous>)
    at sendToListeners (D:\1\starff-working\后台\node_modules\_log4js@3.0.6@log4js\lib\clustering.js:16:13)
    at Object.send (D:\1\starff-working\后台\node_modules\_log4js@3.0.6@log4js\lib\clustering.js:78:7)
    at Logger._log (D:\1\starff-working\后台\node_modules\_log4js@3.0.6@log4js\lib\logger.js:56:16)
    at Logger.log (D:\1\starff-working\后台\node_modules\_log4js@3.0.6@log4js\lib\logger.js:45:12)
  errors:
   { contentHtml:
      { ValidatorError: Path `contentHtml` is required.
          at new ValidatorError (D:\1\starff-working\后台\node_modules\_mongoose@5.7.12@mongoose\lib\error\validator.js:29:11)
          at validate (D:\1\starff-working\后台\node_modules\_mongoose@5.7.12@mongoose\lib\schematype.js:1055:13)
          at D:\1\starff-working\后台\node_modules\_mongoose@5.7.12@mongoose\lib\schematype.js:1109:11
          at Array.forEach (<anonymous>)
          at SchemaString.SchemaType.doValidate (D:\1\starff-working\后台\node_modules\_mongoose@5.7.12@mongoose\lib\schematype.js:1064:14)
          at D:\1\starff-working\后台\node_modules\_mongoose@5.7.12@mongoose\lib\document.js:2255:9
          at process._tickCallback (internal/process/next_tick.js:61:11)
        message: 'Path `contentHtml` is required.',
        name: 'ValidatorError',
        properties: [Object],
        kind: 'required',
        path: 'contentHtml',
        value: undefined,
        reason: undefined,
        [Symbol(mongoose:validatorError)]: true },
     documentName:
      { ValidatorError: Path `documentName` is required.
          at new ValidatorError (D:\1\starff-working\后台\node_modules\_mongoose@5.7.12@mongoose\lib\error\validator.js:29:11)
          at validate (D:\1\starff-working\后台\node_modules\_mongoose@5.7.12@mongoose\lib\schematype.js:1055:13)
          at D:\1\starff-working\后台\node_modules\_mongoose@5.7.12@mongoose\lib\schematype.js:1109:11
          at Array.forEach (<anonymous>)
          at SchemaString.SchemaType.doValidate (D:\1\starff-working\后台\node_modules\_mongoose@5.7.12@mongoose\lib\schematype.js:1064:14)
          at D:\1\starff-working\后台\node_modules\_mongoose@5.7.12@mongoose\lib\document.js:2255:9
          at process._tickCallback (internal/process/next_tick.js:61:11)
        message: 'Path `documentName` is required.',
        name: 'ValidatorError',
        properties: [Object],
        kind: 'required',
        path: 'documentName',
        value: '',
        reason: undefined,
        [Symbol(mongoose:validatorError)]: true } },
  _message: 'document validation failed',
  name: 'ValidationError' }
[2019-12-04T15:40:17.087] [ERROR] application - { ValidationError: document validation failed: contentHtml: Path `contentHtml` is required., documentName: Path `documentName` is required.
    at ValidationError.inspect (D:\1\starff-working\后台\node_modules\_mongoose@5.7.12@mongoose\lib\error\validation.js:61:24)
    at formatValue (internal/util/inspect.js:491:31)
    at inspect (internal/util/inspect.js:189:10)
    at formatWithOptions (util.js:84:12)
    at Object.format (util.js:72:10)
    at basicLayout (D:\1\starff-working\后台\node_modules\_log4js@3.0.6@log4js\lib\layouts.js:69:12)
    at app (D:\1\starff-working\后台\node_modules\_log4js@3.0.6@log4js\lib\appenders\dateFile.js:30:19)
    at categoryAppenders.forEach (D:\1\starff-working\后台\node_modules\_log4js@3.0.6@log4js\lib\log4js.js:42:5)
    at Array.forEach (<anonymous>)
    at sendLogEventToAppender (D:\1\starff-working\后台\node_modules\_log4js@3.0.6@log4js\lib\log4js.js:41:21)
    at listeners.forEach.l (D:\1\starff-working\后台\node_modules\_log4js@3.0.6@log4js\lib\clustering.js:16:26)
    at Array.forEach (<anonymous>)
    at sendToListeners (D:\1\starff-working\后台\node_modules\_log4js@3.0.6@log4js\lib\clustering.js:16:13)
    at Object.send (D:\1\starff-working\后台\node_modules\_log4js@3.0.6@log4js\lib\clustering.js:78:7)
    at Logger._log (D:\1\starff-working\后台\node_modules\_log4js@3.0.6@log4js\lib\logger.js:56:16)
    at Logger.log (D:\1\starff-working\后台\node_modules\_log4js@3.0.6@log4js\lib\logger.js:45:12)
  errors:
   { contentHtml:
      { ValidatorError: Path `contentHtml` is required.
          at new ValidatorError (D:\1\starff-working\后台\node_modules\_mongoose@5.7.12@mongoose\lib\error\validator.js:29:11)
          at validate (D:\1\starff-working\后台\node_modules\_mongoose@5.7.12@mongoose\lib\schematype.js:1055:13)
          at D:\1\starff-working\后台\node_modules\_mongoose@5.7.12@mongoose\lib\schematype.js:1109:11
          at Array.forEach (<anonymous>)
          at SchemaString.SchemaType.doValidate (D:\1\starff-working\后台\node_modules\_mongoose@5.7.12@mongoose\lib\schematype.js:1064:14)
          at D:\1\starff-working\后台\node_modules\_mongoose@5.7.12@mongoose\lib\document.js:2255:9
          at process._tickCallback (internal/process/next_tick.js:61:11)
        message: 'Path `contentHtml` is required.',
        name: 'ValidatorError',
        properties: [Object],
        kind: 'required',
        path: 'contentHtml',
        value: undefined,
        reason: undefined,
        [Symbol(mongoose:validatorError)]: true },
     documentName:
      { ValidatorError: Path `documentName` is required.
          at new ValidatorError (D:\1\starff-working\后台\node_modules\_mongoose@5.7.12@mongoose\lib\error\validator.js:29:11)
          at validate (D:\1\starff-working\后台\node_modules\_mongoose@5.7.12@mongoose\lib\schematype.js:1055:13)
          at D:\1\starff-working\后台\node_modules\_mongoose@5.7.12@mongoose\lib\schematype.js:1109:11
          at Array.forEach (<anonymous>)
          at SchemaString.SchemaType.doValidate (D:\1\starff-working\后台\node_modules\_mongoose@5.7.12@mongoose\lib\schematype.js:1064:14)
          at D:\1\starff-working\后台\node_modules\_mongoose@5.7.12@mongoose\lib\document.js:2255:9
          at process._tickCallback (internal/process/next_tick.js:61:11)
        message: 'Path `documentName` is required.',
        name: 'ValidatorError',
        properties: [Object],
        kind: 'required',
        path: 'documentName',
        value: '',
        reason: undefined,
        [Symbol(mongoose:validatorError)]: true } },
  _message: 'document validation failed',
  name: 'ValidationError' }
[2019-12-04T16:03:41.626] [ERROR] application - { ValidationError: document validation failed: contentHtml: Path `contentHtml` is required., documentName: Path `documentName` is required.
    at ValidationError.inspect (D:\1\starff-working\后台\node_modules\_mongoose@5.7.12@mongoose\lib\error\validation.js:61:24)
    at formatValue (internal/util/inspect.js:491:31)
    at inspect (internal/util/inspect.js:189:10)
    at formatWithOptions (util.js:84:12)
    at Object.format (util.js:72:10)
    at basicLayout (D:\1\starff-working\后台\node_modules\_log4js@3.0.6@log4js\lib\layouts.js:69:12)
    at app (D:\1\starff-working\后台\node_modules\_log4js@3.0.6@log4js\lib\appenders\dateFile.js:30:19)
    at categoryAppenders.forEach (D:\1\starff-working\后台\node_modules\_log4js@3.0.6@log4js\lib\log4js.js:42:5)
    at Array.forEach (<anonymous>)
    at sendLogEventToAppender (D:\1\starff-working\后台\node_modules\_log4js@3.0.6@log4js\lib\log4js.js:41:21)
    at listeners.forEach.l (D:\1\starff-working\后台\node_modules\_log4js@3.0.6@log4js\lib\clustering.js:16:26)
    at Array.forEach (<anonymous>)
    at sendToListeners (D:\1\starff-working\后台\node_modules\_log4js@3.0.6@log4js\lib\clustering.js:16:13)
    at Object.send (D:\1\starff-working\后台\node_modules\_log4js@3.0.6@log4js\lib\clustering.js:78:7)
    at Logger._log (D:\1\starff-working\后台\node_modules\_log4js@3.0.6@log4js\lib\logger.js:56:16)
    at Logger.log (D:\1\starff-working\后台\node_modules\_log4js@3.0.6@log4js\lib\logger.js:45:12)
  errors:
   { contentHtml:
      { ValidatorError: Path `contentHtml` is required.
          at new ValidatorError (D:\1\starff-working\后台\node_modules\_mongoose@5.7.12@mongoose\lib\error\validator.js:29:11)
          at validate (D:\1\starff-working\后台\node_modules\_mongoose@5.7.12@mongoose\lib\schematype.js:1055:13)
          at D:\1\starff-working\后台\node_modules\_mongoose@5.7.12@mongoose\lib\schematype.js:1109:11
          at Array.forEach (<anonymous>)
          at SchemaString.SchemaType.doValidate (D:\1\starff-working\后台\node_modules\_mongoose@5.7.12@mongoose\lib\schematype.js:1064:14)
          at D:\1\starff-working\后台\node_modules\_mongoose@5.7.12@mongoose\lib\document.js:2255:9
          at process._tickCallback (internal/process/next_tick.js:61:11)
        message: 'Path `contentHtml` is required.',
        name: 'ValidatorError',
        properties: [Object],
        kind: 'required',
        path: 'contentHtml',
        value: undefined,
        reason: undefined,
        [Symbol(mongoose:validatorError)]: true },
     documentName:
      { ValidatorError: Path `documentName` is required.
          at new ValidatorError (D:\1\starff-working\后台\node_modules\_mongoose@5.7.12@mongoose\lib\error\validator.js:29:11)
          at validate (D:\1\starff-working\后台\node_modules\_mongoose@5.7.12@mongoose\lib\schematype.js:1055:13)
          at D:\1\starff-working\后台\node_modules\_mongoose@5.7.12@mongoose\lib\schematype.js:1109:11
          at Array.forEach (<anonymous>)
          at SchemaString.SchemaType.doValidate (D:\1\starff-working\后台\node_modules\_mongoose@5.7.12@mongoose\lib\schematype.js:1064:14)
          at D:\1\starff-working\后台\node_modules\_mongoose@5.7.12@mongoose\lib\document.js:2255:9
          at process._tickCallback (internal/process/next_tick.js:61:11)
        message: 'Path `documentName` is required.',
        name: 'ValidatorError',
        properties: [Object],
        kind: 'required',
        path: 'documentName',
        value: '',
        reason: undefined,
        [Symbol(mongoose:validatorError)]: true } },
  _message: 'document validation failed',
  name: 'ValidationError' }
[2019-12-04T16:04:35.556] [ERROR] application - { ValidationError: document validation failed: contentHtml: Path `contentHtml` is required., documentName: Path `documentName` is required., content: Path `content` is required.
    at ValidationError.inspect (D:\1\starff-working\后台\node_modules\_mongoose@5.7.12@mongoose\lib\error\validation.js:61:24)
    at formatValue (internal/util/inspect.js:491:31)
    at inspect (internal/util/inspect.js:189:10)
    at formatWithOptions (util.js:84:12)
    at Object.format (util.js:72:10)
    at basicLayout (D:\1\starff-working\后台\node_modules\_log4js@3.0.6@log4js\lib\layouts.js:69:12)
    at app (D:\1\starff-working\后台\node_modules\_log4js@3.0.6@log4js\lib\appenders\dateFile.js:30:19)
    at categoryAppenders.forEach (D:\1\starff-working\后台\node_modules\_log4js@3.0.6@log4js\lib\log4js.js:42:5)
    at Array.forEach (<anonymous>)
    at sendLogEventToAppender (D:\1\starff-working\后台\node_modules\_log4js@3.0.6@log4js\lib\log4js.js:41:21)
    at listeners.forEach.l (D:\1\starff-working\后台\node_modules\_log4js@3.0.6@log4js\lib\clustering.js:16:26)
    at Array.forEach (<anonymous>)
    at sendToListeners (D:\1\starff-working\后台\node_modules\_log4js@3.0.6@log4js\lib\clustering.js:16:13)
    at Object.send (D:\1\starff-working\后台\node_modules\_log4js@3.0.6@log4js\lib\clustering.js:78:7)
    at Logger._log (D:\1\starff-working\后台\node_modules\_log4js@3.0.6@log4js\lib\logger.js:56:16)
    at Logger.log (D:\1\starff-working\后台\node_modules\_log4js@3.0.6@log4js\lib\logger.js:45:12)
  errors:
   { contentHtml:
      { ValidatorError: Path `contentHtml` is required.
          at new ValidatorError (D:\1\starff-working\后台\node_modules\_mongoose@5.7.12@mongoose\lib\error\validator.js:29:11)
          at validate (D:\1\starff-working\后台\node_modules\_mongoose@5.7.12@mongoose\lib\schematype.js:1055:13)
          at D:\1\starff-working\后台\node_modules\_mongoose@5.7.12@mongoose\lib\schematype.js:1109:11
          at Array.forEach (<anonymous>)
          at SchemaString.SchemaType.doValidate (D:\1\starff-working\后台\node_modules\_mongoose@5.7.12@mongoose\lib\schematype.js:1064:14)
          at D:\1\starff-working\后台\node_modules\_mongoose@5.7.12@mongoose\lib\document.js:2255:9
          at process._tickCallback (internal/process/next_tick.js:61:11)
        message: 'Path `contentHtml` is required.',
        name: 'ValidatorError',
        properties: [Object],
        kind: 'required',
        path: 'contentHtml',
        value: undefined,
        reason: undefined,
        [Symbol(mongoose:validatorError)]: true },
     documentName:
      { ValidatorError: Path `documentName` is required.
          at new ValidatorError (D:\1\starff-working\后台\node_modules\_mongoose@5.7.12@mongoose\lib\error\validator.js:29:11)
          at validate (D:\1\starff-working\后台\node_modules\_mongoose@5.7.12@mongoose\lib\schematype.js:1055:13)
          at D:\1\starff-working\后台\node_modules\_mongoose@5.7.12@mongoose\lib\schematype.js:1109:11
          at Array.forEach (<anonymous>)
          at SchemaString.SchemaType.doValidate (D:\1\starff-working\后台\node_modules\_mongoose@5.7.12@mongoose\lib\schematype.js:1064:14)
          at D:\1\starff-working\后台\node_modules\_mongoose@5.7.12@mongoose\lib\document.js:2255:9
          at process._tickCallback (internal/process/next_tick.js:61:11)
        message: 'Path `documentName` is required.',
        name: 'ValidatorError',
        properties: [Object],
        kind: 'required',
        path: 'documentName',
        value: '',
        reason: undefined,
        [Symbol(mongoose:validatorError)]: true },
     content:
      { ValidatorError: Path `content` is required.
          at new ValidatorError (D:\1\starff-working\后台\node_modules\_mongoose@5.7.12@mongoose\lib\error\validator.js:29:11)
          at validate (D:\1\starff-working\后台\node_modules\_mongoose@5.7.12@mongoose\lib\schematype.js:1055:13)
          at D:\1\starff-working\后台\node_modules\_mongoose@5.7.12@mongoose\lib\schematype.js:1109:11
          at Array.forEach (<anonymous>)
          at SchemaString.SchemaType.doValidate (D:\1\starff-working\后台\node_modules\_mongoose@5.7.12@mongoose\lib\schematype.js:1064:14)
          at D:\1\starff-working\后台\node_modules\_mongoose@5.7.12@mongoose\lib\document.js:2255:9
          at process._tickCallback (internal/process/next_tick.js:61:11)
        message: 'Path `content` is required.',
        name: 'ValidatorError',
        properties: [Object],
        kind: 'required',
        path: 'content',
        value: '',
        reason: undefined,
        [Symbol(mongoose:validatorError)]: true } },
  _message: 'document validation failed',
  name: 'ValidationError' }
[2019-12-04T16:06:57.159] [ERROR] application - { ValidationError: document validation failed: contentHtml: Path `contentHtml` is required., documentName: Path `documentName` is required., content: Path `content` is required.
    at ValidationError.inspect (D:\1\starff-working\后台\node_modules\_mongoose@5.7.12@mongoose\lib\error\validation.js:61:24)
    at formatValue (internal/util/inspect.js:491:31)
    at inspect (internal/util/inspect.js:189:10)
    at formatWithOptions (util.js:84:12)
    at Object.format (util.js:72:10)
    at basicLayout (D:\1\starff-working\后台\node_modules\_log4js@3.0.6@log4js\lib\layouts.js:69:12)
    at app (D:\1\starff-working\后台\node_modules\_log4js@3.0.6@log4js\lib\appenders\dateFile.js:30:19)
    at categoryAppenders.forEach (D:\1\starff-working\后台\node_modules\_log4js@3.0.6@log4js\lib\log4js.js:42:5)
    at Array.forEach (<anonymous>)
    at sendLogEventToAppender (D:\1\starff-working\后台\node_modules\_log4js@3.0.6@log4js\lib\log4js.js:41:21)
    at listeners.forEach.l (D:\1\starff-working\后台\node_modules\_log4js@3.0.6@log4js\lib\clustering.js:16:26)
    at Array.forEach (<anonymous>)
    at sendToListeners (D:\1\starff-working\后台\node_modules\_log4js@3.0.6@log4js\lib\clustering.js:16:13)
    at Object.send (D:\1\starff-working\后台\node_modules\_log4js@3.0.6@log4js\lib\clustering.js:78:7)
    at Logger._log (D:\1\starff-working\后台\node_modules\_log4js@3.0.6@log4js\lib\logger.js:56:16)
    at Logger.log (D:\1\starff-working\后台\node_modules\_log4js@3.0.6@log4js\lib\logger.js:45:12)
  errors:
   { contentHtml:
      { ValidatorError: Path `contentHtml` is required.
          at new ValidatorError (D:\1\starff-working\后台\node_modules\_mongoose@5.7.12@mongoose\lib\error\validator.js:29:11)
          at validate (D:\1\starff-working\后台\node_modules\_mongoose@5.7.12@mongoose\lib\schematype.js:1055:13)
          at D:\1\starff-working\后台\node_modules\_mongoose@5.7.12@mongoose\lib\schematype.js:1109:11
          at Array.forEach (<anonymous>)
          at SchemaString.SchemaType.doValidate (D:\1\starff-working\后台\node_modules\_mongoose@5.7.12@mongoose\lib\schematype.js:1064:14)
          at D:\1\starff-working\后台\node_modules\_mongoose@5.7.12@mongoose\lib\document.js:2255:9
          at process._tickCallback (internal/process/next_tick.js:61:11)
        message: 'Path `contentHtml` is required.',
        name: 'ValidatorError',
        properties: [Object],
        kind: 'required',
        path: 'contentHtml',
        value: undefined,
        reason: undefined,
        [Symbol(mongoose:validatorError)]: true },
     documentName:
      { ValidatorError: Path `documentName` is required.
          at new ValidatorError (D:\1\starff-working\后台\node_modules\_mongoose@5.7.12@mongoose\lib\error\validator.js:29:11)
          at validate (D:\1\starff-working\后台\node_modules\_mongoose@5.7.12@mongoose\lib\schematype.js:1055:13)
          at D:\1\starff-working\后台\node_modules\_mongoose@5.7.12@mongoose\lib\schematype.js:1109:11
          at Array.forEach (<anonymous>)
          at SchemaString.SchemaType.doValidate (D:\1\starff-working\后台\node_modules\_mongoose@5.7.12@mongoose\lib\schematype.js:1064:14)
          at D:\1\starff-working\后台\node_modules\_mongoose@5.7.12@mongoose\lib\document.js:2255:9
          at process._tickCallback (internal/process/next_tick.js:61:11)
        message: 'Path `documentName` is required.',
        name: 'ValidatorError',
        properties: [Object],
        kind: 'required',
        path: 'documentName',
        value: '',
        reason: undefined,
        [Symbol(mongoose:validatorError)]: true },
     content:
      { ValidatorError: Path `content` is required.
          at new ValidatorError (D:\1\starff-working\后台\node_modules\_mongoose@5.7.12@mongoose\lib\error\validator.js:29:11)
          at validate (D:\1\starff-working\后台\node_modules\_mongoose@5.7.12@mongoose\lib\schematype.js:1055:13)
          at D:\1\starff-working\后台\node_modules\_mongoose@5.7.12@mongoose\lib\schematype.js:1109:11
          at Array.forEach (<anonymous>)
          at SchemaString.SchemaType.doValidate (D:\1\starff-working\后台\node_modules\_mongoose@5.7.12@mongoose\lib\schematype.js:1064:14)
          at D:\1\starff-working\后台\node_modules\_mongoose@5.7.12@mongoose\lib\document.js:2255:9
          at process._tickCallback (internal/process/next_tick.js:61:11)
        message: 'Path `content` is required.',
        name: 'ValidatorError',
        properties: [Object],
        kind: 'required',
        path: 'content',
        value: '',
        reason: undefined,
        [Symbol(mongoose:validatorError)]: true } },
  _message: 'document validation failed',
  name: 'ValidationError' }
[2019-12-04T16:08:38.728] [ERROR] application - { ValidationError: document validation failed: contentHtml: Path `contentHtml` is required., documentName: Path `documentName` is required., content: Path `content` is required.
    at ValidationError.inspect (D:\1\starff-working\后台\node_modules\_mongoose@5.7.12@mongoose\lib\error\validation.js:61:24)
    at formatValue (internal/util/inspect.js:491:31)
    at inspect (internal/util/inspect.js:189:10)
    at formatWithOptions (util.js:84:12)
    at Object.format (util.js:72:10)
    at basicLayout (D:\1\starff-working\后台\node_modules\_log4js@3.0.6@log4js\lib\layouts.js:69:12)
    at app (D:\1\starff-working\后台\node_modules\_log4js@3.0.6@log4js\lib\appenders\dateFile.js:30:19)
    at categoryAppenders.forEach (D:\1\starff-working\后台\node_modules\_log4js@3.0.6@log4js\lib\log4js.js:42:5)
    at Array.forEach (<anonymous>)
    at sendLogEventToAppender (D:\1\starff-working\后台\node_modules\_log4js@3.0.6@log4js\lib\log4js.js:41:21)
    at listeners.forEach.l (D:\1\starff-working\后台\node_modules\_log4js@3.0.6@log4js\lib\clustering.js:16:26)
    at Array.forEach (<anonymous>)
    at sendToListeners (D:\1\starff-working\后台\node_modules\_log4js@3.0.6@log4js\lib\clustering.js:16:13)
    at Object.send (D:\1\starff-working\后台\node_modules\_log4js@3.0.6@log4js\lib\clustering.js:78:7)
    at Logger._log (D:\1\starff-working\后台\node_modules\_log4js@3.0.6@log4js\lib\logger.js:56:16)
    at Logger.log (D:\1\starff-working\后台\node_modules\_log4js@3.0.6@log4js\lib\logger.js:45:12)
  errors:
   { contentHtml:
      { ValidatorError: Path `contentHtml` is required.
          at new ValidatorError (D:\1\starff-working\后台\node_modules\_mongoose@5.7.12@mongoose\lib\error\validator.js:29:11)
          at validate (D:\1\starff-working\后台\node_modules\_mongoose@5.7.12@mongoose\lib\schematype.js:1055:13)
          at D:\1\starff-working\后台\node_modules\_mongoose@5.7.12@mongoose\lib\schematype.js:1109:11
          at Array.forEach (<anonymous>)
          at SchemaString.SchemaType.doValidate (D:\1\starff-working\后台\node_modules\_mongoose@5.7.12@mongoose\lib\schematype.js:1064:14)
          at D:\1\starff-working\后台\node_modules\_mongoose@5.7.12@mongoose\lib\document.js:2255:9
          at process._tickCallback (internal/process/next_tick.js:61:11)
        message: 'Path `contentHtml` is required.',
        name: 'ValidatorError',
        properties: [Object],
        kind: 'required',
        path: 'contentHtml',
        value: undefined,
        reason: undefined,
        [Symbol(mongoose:validatorError)]: true },
     documentName:
      { ValidatorError: Path `documentName` is required.
          at new ValidatorError (D:\1\starff-working\后台\node_modules\_mongoose@5.7.12@mongoose\lib\error\validator.js:29:11)
          at validate (D:\1\starff-working\后台\node_modules\_mongoose@5.7.12@mongoose\lib\schematype.js:1055:13)
          at D:\1\starff-working\后台\node_modules\_mongoose@5.7.12@mongoose\lib\schematype.js:1109:11
          at Array.forEach (<anonymous>)
          at SchemaString.SchemaType.doValidate (D:\1\starff-working\后台\node_modules\_mongoose@5.7.12@mongoose\lib\schematype.js:1064:14)
          at D:\1\starff-working\后台\node_modules\_mongoose@5.7.12@mongoose\lib\document.js:2255:9
          at process._tickCallback (internal/process/next_tick.js:61:11)
        message: 'Path `documentName` is required.',
        name: 'ValidatorError',
        properties: [Object],
        kind: 'required',
        path: 'documentName',
        value: '',
        reason: undefined,
        [Symbol(mongoose:validatorError)]: true },
     content:
      { ValidatorError: Path `content` is required.
          at new ValidatorError (D:\1\starff-working\后台\node_modules\_mongoose@5.7.12@mongoose\lib\error\validator.js:29:11)
          at validate (D:\1\starff-working\后台\node_modules\_mongoose@5.7.12@mongoose\lib\schematype.js:1055:13)
          at D:\1\starff-working\后台\node_modules\_mongoose@5.7.12@mongoose\lib\schematype.js:1109:11
          at Array.forEach (<anonymous>)
          at SchemaString.SchemaType.doValidate (D:\1\starff-working\后台\node_modules\_mongoose@5.7.12@mongoose\lib\schematype.js:1064:14)
          at D:\1\starff-working\后台\node_modules\_mongoose@5.7.12@mongoose\lib\document.js:2255:9
          at process._tickCallback (internal/process/next_tick.js:61:11)
        message: 'Path `content` is required.',
        name: 'ValidatorError',
        properties: [Object],
        kind: 'required',
        path: 'content',
        value: '',
        reason: undefined,
        [Symbol(mongoose:validatorError)]: true } },
  _message: 'document validation failed',
  name: 'ValidationError' }
[2019-12-04T16:09:29.726] [ERROR] application - { ValidationError: document validation failed: contentHtml: Path `contentHtml` is required., documentName: Path `documentName` is required., content: Path `content` is required.
    at ValidationError.inspect (D:\1\starff-working\后台\node_modules\_mongoose@5.7.12@mongoose\lib\error\validation.js:61:24)
    at formatValue (internal/util/inspect.js:491:31)
    at inspect (internal/util/inspect.js:189:10)
    at formatWithOptions (util.js:84:12)
    at Object.format (util.js:72:10)
    at basicLayout (D:\1\starff-working\后台\node_modules\_log4js@3.0.6@log4js\lib\layouts.js:69:12)
    at app (D:\1\starff-working\后台\node_modules\_log4js@3.0.6@log4js\lib\appenders\dateFile.js:30:19)
    at categoryAppenders.forEach (D:\1\starff-working\后台\node_modules\_log4js@3.0.6@log4js\lib\log4js.js:42:5)
    at Array.forEach (<anonymous>)
    at sendLogEventToAppender (D:\1\starff-working\后台\node_modules\_log4js@3.0.6@log4js\lib\log4js.js:41:21)
    at listeners.forEach.l (D:\1\starff-working\后台\node_modules\_log4js@3.0.6@log4js\lib\clustering.js:16:26)
    at Array.forEach (<anonymous>)
    at sendToListeners (D:\1\starff-working\后台\node_modules\_log4js@3.0.6@log4js\lib\clustering.js:16:13)
    at Object.send (D:\1\starff-working\后台\node_modules\_log4js@3.0.6@log4js\lib\clustering.js:78:7)
    at Logger._log (D:\1\starff-working\后台\node_modules\_log4js@3.0.6@log4js\lib\logger.js:56:16)
    at Logger.log (D:\1\starff-working\后台\node_modules\_log4js@3.0.6@log4js\lib\logger.js:45:12)
  errors:
   { contentHtml:
      { ValidatorError: Path `contentHtml` is required.
          at new ValidatorError (D:\1\starff-working\后台\node_modules\_mongoose@5.7.12@mongoose\lib\error\validator.js:29:11)
          at validate (D:\1\starff-working\后台\node_modules\_mongoose@5.7.12@mongoose\lib\schematype.js:1055:13)
          at D:\1\starff-working\后台\node_modules\_mongoose@5.7.12@mongoose\lib\schematype.js:1109:11
          at Array.forEach (<anonymous>)
          at SchemaString.SchemaType.doValidate (D:\1\starff-working\后台\node_modules\_mongoose@5.7.12@mongoose\lib\schematype.js:1064:14)
          at D:\1\starff-working\后台\node_modules\_mongoose@5.7.12@mongoose\lib\document.js:2255:9
          at process._tickCallback (internal/process/next_tick.js:61:11)
        message: 'Path `contentHtml` is required.',
        name: 'ValidatorError',
        properties: [Object],
        kind: 'required',
        path: 'contentHtml',
        value: undefined,
        reason: undefined,
        [Symbol(mongoose:validatorError)]: true },
     documentName:
      { ValidatorError: Path `documentName` is required.
          at new ValidatorError (D:\1\starff-working\后台\node_modules\_mongoose@5.7.12@mongoose\lib\error\validator.js:29:11)
          at validate (D:\1\starff-working\后台\node_modules\_mongoose@5.7.12@mongoose\lib\schematype.js:1055:13)
          at D:\1\starff-working\后台\node_modules\_mongoose@5.7.12@mongoose\lib\schematype.js:1109:11
          at Array.forEach (<anonymous>)
          at SchemaString.SchemaType.doValidate (D:\1\starff-working\后台\node_modules\_mongoose@5.7.12@mongoose\lib\schematype.js:1064:14)
          at D:\1\starff-working\后台\node_modules\_mongoose@5.7.12@mongoose\lib\document.js:2255:9
          at process._tickCallback (internal/process/next_tick.js:61:11)
        message: 'Path `documentName` is required.',
        name: 'ValidatorError',
        properties: [Object],
        kind: 'required',
        path: 'documentName',
        value: '',
        reason: undefined,
        [Symbol(mongoose:validatorError)]: true },
     content:
      { ValidatorError: Path `content` is required.
          at new ValidatorError (D:\1\starff-working\后台\node_modules\_mongoose@5.7.12@mongoose\lib\error\validator.js:29:11)
          at validate (D:\1\starff-working\后台\node_modules\_mongoose@5.7.12@mongoose\lib\schematype.js:1055:13)
          at D:\1\starff-working\后台\node_modules\_mongoose@5.7.12@mongoose\lib\schematype.js:1109:11
          at Array.forEach (<anonymous>)
          at SchemaString.SchemaType.doValidate (D:\1\starff-working\后台\node_modules\_mongoose@5.7.12@mongoose\lib\schematype.js:1064:14)
          at D:\1\starff-working\后台\node_modules\_mongoose@5.7.12@mongoose\lib\document.js:2255:9
          at process._tickCallback (internal/process/next_tick.js:61:11)
        message: 'Path `content` is required.',
        name: 'ValidatorError',
        properties: [Object],
        kind: 'required',
        path: 'content',
        value: '',
        reason: undefined,
        [Symbol(mongoose:validatorError)]: true } },
  _message: 'document validation failed',
  name: 'ValidationError' }
[2019-12-04T16:09:42.502] [ERROR] application - { ValidationError: document validation failed: contentHtml: Path `contentHtml` is required., userId: Path `userId` is required., documentName: Path `documentName` is required., content: Path `content` is required.
    at ValidationError.inspect (D:\1\starff-working\后台\node_modules\_mongoose@5.7.12@mongoose\lib\error\validation.js:61:24)
    at formatValue (internal/util/inspect.js:491:31)
    at inspect (internal/util/inspect.js:189:10)
    at formatWithOptions (util.js:84:12)
    at Object.format (util.js:72:10)
    at basicLayout (D:\1\starff-working\后台\node_modules\_log4js@3.0.6@log4js\lib\layouts.js:69:12)
    at app (D:\1\starff-working\后台\node_modules\_log4js@3.0.6@log4js\lib\appenders\dateFile.js:30:19)
    at categoryAppenders.forEach (D:\1\starff-working\后台\node_modules\_log4js@3.0.6@log4js\lib\log4js.js:42:5)
    at Array.forEach (<anonymous>)
    at sendLogEventToAppender (D:\1\starff-working\后台\node_modules\_log4js@3.0.6@log4js\lib\log4js.js:41:21)
    at listeners.forEach.l (D:\1\starff-working\后台\node_modules\_log4js@3.0.6@log4js\lib\clustering.js:16:26)
    at Array.forEach (<anonymous>)
    at sendToListeners (D:\1\starff-working\后台\node_modules\_log4js@3.0.6@log4js\lib\clustering.js:16:13)
    at Object.send (D:\1\starff-working\后台\node_modules\_log4js@3.0.6@log4js\lib\clustering.js:78:7)
    at Logger._log (D:\1\starff-working\后台\node_modules\_log4js@3.0.6@log4js\lib\logger.js:56:16)
    at Logger.log (D:\1\starff-working\后台\node_modules\_log4js@3.0.6@log4js\lib\logger.js:45:12)
  errors:
   { contentHtml:
      { ValidatorError: Path `contentHtml` is required.
          at new ValidatorError (D:\1\starff-working\后台\node_modules\_mongoose@5.7.12@mongoose\lib\error\validator.js:29:11)
          at validate (D:\1\starff-working\后台\node_modules\_mongoose@5.7.12@mongoose\lib\schematype.js:1055:13)
          at D:\1\starff-working\后台\node_modules\_mongoose@5.7.12@mongoose\lib\schematype.js:1109:11
          at Array.forEach (<anonymous>)
          at SchemaString.SchemaType.doValidate (D:\1\starff-working\后台\node_modules\_mongoose@5.7.12@mongoose\lib\schematype.js:1064:14)
          at D:\1\starff-working\后台\node_modules\_mongoose@5.7.12@mongoose\lib\document.js:2255:9
          at process._tickCallback (internal/process/next_tick.js:61:11)
        message: 'Path `contentHtml` is required.',
        name: 'ValidatorError',
        properties: [Object],
        kind: 'required',
        path: 'contentHtml',
        value: undefined,
        reason: undefined,
        [Symbol(mongoose:validatorError)]: true },
     userId:
      { ValidatorError: Path `userId` is required.
          at new ValidatorError (D:\1\starff-working\后台\node_modules\_mongoose@5.7.12@mongoose\lib\error\validator.js:29:11)
          at validate (D:\1\starff-working\后台\node_modules\_mongoose@5.7.12@mongoose\lib\schematype.js:1055:13)
          at D:\1\starff-working\后台\node_modules\_mongoose@5.7.12@mongoose\lib\schematype.js:1109:11
          at Array.forEach (<anonymous>)
          at SchemaString.SchemaType.doValidate (D:\1\starff-working\后台\node_modules\_mongoose@5.7.12@mongoose\lib\schematype.js:1064:14)
          at D:\1\starff-working\后台\node_modules\_mongoose@5.7.12@mongoose\lib\document.js:2255:9
          at process._tickCallback (internal/process/next_tick.js:61:11)
        message: 'Path `userId` is required.',
        name: 'ValidatorError',
        properties: [Object],
        kind: 'required',
        path: 'userId',
        value: undefined,
        reason: undefined,
        [Symbol(mongoose:validatorError)]: true },
     documentName:
      { ValidatorError: Path `documentName` is required.
          at new ValidatorError (D:\1\starff-working\后台\node_modules\_mongoose@5.7.12@mongoose\lib\error\validator.js:29:11)
          at validate (D:\1\starff-working\后台\node_modules\_mongoose@5.7.12@mongoose\lib\schematype.js:1055:13)
          at D:\1\starff-working\后台\node_modules\_mongoose@5.7.12@mongoose\lib\schematype.js:1109:11
          at Array.forEach (<anonymous>)
          at SchemaString.SchemaType.doValidate (D:\1\starff-working\后台\node_modules\_mongoose@5.7.12@mongoose\lib\schematype.js:1064:14)
          at D:\1\starff-working\后台\node_modules\_mongoose@5.7.12@mongoose\lib\document.js:2255:9
          at process._tickCallback (internal/process/next_tick.js:61:11)
        message: 'Path `documentName` is required.',
        name: 'ValidatorError',
        properties: [Object],
        kind: 'required',
        path: 'documentName',
        value: '',
        reason: undefined,
        [Symbol(mongoose:validatorError)]: true },
     content:
      { ValidatorError: Path `content` is required.
          at new ValidatorError (D:\1\starff-working\后台\node_modules\_mongoose@5.7.12@mongoose\lib\error\validator.js:29:11)
          at validate (D:\1\starff-working\后台\node_modules\_mongoose@5.7.12@mongoose\lib\schematype.js:1055:13)
          at D:\1\starff-working\后台\node_modules\_mongoose@5.7.12@mongoose\lib\schematype.js:1109:11
          at Array.forEach (<anonymous>)
          at SchemaString.SchemaType.doValidate (D:\1\starff-working\后台\node_modules\_mongoose@5.7.12@mongoose\lib\schematype.js:1064:14)
          at D:\1\starff-working\后台\node_modules\_mongoose@5.7.12@mongoose\lib\document.js:2255:9
          at process._tickCallback (internal/process/next_tick.js:61:11)
        message: 'Path `content` is required.',
        name: 'ValidatorError',
        properties: [Object],
        kind: 'required',
        path: 'content',
        value: '',
        reason: undefined,
        [Symbol(mongoose:validatorError)]: true } },
  _message: 'document validation failed',
  name: 'ValidationError' }
[2019-12-04T16:10:19.860] [ERROR] application - { ValidationError: document validation failed: contentHtml: Path `contentHtml` is required., documentName: Path `documentName` is required., content: Path `content` is required.
    at ValidationError.inspect (D:\1\starff-working\后台\node_modules\_mongoose@5.7.12@mongoose\lib\error\validation.js:61:24)
    at formatValue (internal/util/inspect.js:491:31)
    at inspect (internal/util/inspect.js:189:10)
    at formatWithOptions (util.js:84:12)
    at Object.format (util.js:72:10)
    at basicLayout (D:\1\starff-working\后台\node_modules\_log4js@3.0.6@log4js\lib\layouts.js:69:12)
    at app (D:\1\starff-working\后台\node_modules\_log4js@3.0.6@log4js\lib\appenders\dateFile.js:30:19)
    at categoryAppenders.forEach (D:\1\starff-working\后台\node_modules\_log4js@3.0.6@log4js\lib\log4js.js:42:5)
    at Array.forEach (<anonymous>)
    at sendLogEventToAppender (D:\1\starff-working\后台\node_modules\_log4js@3.0.6@log4js\lib\log4js.js:41:21)
    at listeners.forEach.l (D:\1\starff-working\后台\node_modules\_log4js@3.0.6@log4js\lib\clustering.js:16:26)
    at Array.forEach (<anonymous>)
    at sendToListeners (D:\1\starff-working\后台\node_modules\_log4js@3.0.6@log4js\lib\clustering.js:16:13)
    at Object.send (D:\1\starff-working\后台\node_modules\_log4js@3.0.6@log4js\lib\clustering.js:78:7)
    at Logger._log (D:\1\starff-working\后台\node_modules\_log4js@3.0.6@log4js\lib\logger.js:56:16)
    at Logger.log (D:\1\starff-working\后台\node_modules\_log4js@3.0.6@log4js\lib\logger.js:45:12)
  errors:
   { contentHtml:
      { ValidatorError: Path `contentHtml` is required.
          at new ValidatorError (D:\1\starff-working\后台\node_modules\_mongoose@5.7.12@mongoose\lib\error\validator.js:29:11)
          at validate (D:\1\starff-working\后台\node_modules\_mongoose@5.7.12@mongoose\lib\schematype.js:1055:13)
          at D:\1\starff-working\后台\node_modules\_mongoose@5.7.12@mongoose\lib\schematype.js:1109:11
          at Array.forEach (<anonymous>)
          at SchemaString.SchemaType.doValidate (D:\1\starff-working\后台\node_modules\_mongoose@5.7.12@mongoose\lib\schematype.js:1064:14)
          at D:\1\starff-working\后台\node_modules\_mongoose@5.7.12@mongoose\lib\document.js:2255:9
          at process._tickCallback (internal/process/next_tick.js:61:11)
        message: 'Path `contentHtml` is required.',
        name: 'ValidatorError',
        properties: [Object],
        kind: 'required',
        path: 'contentHtml',
        value: undefined,
        reason: undefined,
        [Symbol(mongoose:validatorError)]: true },
     documentName:
      { ValidatorError: Path `documentName` is required.
          at new ValidatorError (D:\1\starff-working\后台\node_modules\_mongoose@5.7.12@mongoose\lib\error\validator.js:29:11)
          at validate (D:\1\starff-working\后台\node_modules\_mongoose@5.7.12@mongoose\lib\schematype.js:1055:13)
          at D:\1\starff-working\后台\node_modules\_mongoose@5.7.12@mongoose\lib\schematype.js:1109:11
          at Array.forEach (<anonymous>)
          at SchemaString.SchemaType.doValidate (D:\1\starff-working\后台\node_modules\_mongoose@5.7.12@mongoose\lib\schematype.js:1064:14)
          at D:\1\starff-working\后台\node_modules\_mongoose@5.7.12@mongoose\lib\document.js:2255:9
          at process._tickCallback (internal/process/next_tick.js:61:11)
        message: 'Path `documentName` is required.',
        name: 'ValidatorError',
        properties: [Object],
        kind: 'required',
        path: 'documentName',
        value: '',
        reason: undefined,
        [Symbol(mongoose:validatorError)]: true },
     content:
      { ValidatorError: Path `content` is required.
          at new ValidatorError (D:\1\starff-working\后台\node_modules\_mongoose@5.7.12@mongoose\lib\error\validator.js:29:11)
          at validate (D:\1\starff-working\后台\node_modules\_mongoose@5.7.12@mongoose\lib\schematype.js:1055:13)
          at D:\1\starff-working\后台\node_modules\_mongoose@5.7.12@mongoose\lib\schematype.js:1109:11
          at Array.forEach (<anonymous>)
          at SchemaString.SchemaType.doValidate (D:\1\starff-working\后台\node_modules\_mongoose@5.7.12@mongoose\lib\schematype.js:1064:14)
          at D:\1\starff-working\后台\node_modules\_mongoose@5.7.12@mongoose\lib\document.js:2255:9
          at process._tickCallback (internal/process/next_tick.js:61:11)
        message: 'Path `content` is required.',
        name: 'ValidatorError',
        properties: [Object],
        kind: 'required',
        path: 'content',
        value: '',
        reason: undefined,
        [Symbol(mongoose:validatorError)]: true } },
  _message: 'document validation failed',
  name: 'ValidationError' }
[2019-12-04T16:10:32.068] [ERROR] application - { ValidationError: document validation failed: contentHtml: Path `contentHtml` is required., documentName: Path `documentName` is required.
    at ValidationError.inspect (D:\1\starff-working\后台\node_modules\_mongoose@5.7.12@mongoose\lib\error\validation.js:61:24)
    at formatValue (internal/util/inspect.js:491:31)
    at inspect (internal/util/inspect.js:189:10)
    at formatWithOptions (util.js:84:12)
    at Object.format (util.js:72:10)
    at basicLayout (D:\1\starff-working\后台\node_modules\_log4js@3.0.6@log4js\lib\layouts.js:69:12)
    at app (D:\1\starff-working\后台\node_modules\_log4js@3.0.6@log4js\lib\appenders\dateFile.js:30:19)
    at categoryAppenders.forEach (D:\1\starff-working\后台\node_modules\_log4js@3.0.6@log4js\lib\log4js.js:42:5)
    at Array.forEach (<anonymous>)
    at sendLogEventToAppender (D:\1\starff-working\后台\node_modules\_log4js@3.0.6@log4js\lib\log4js.js:41:21)
    at listeners.forEach.l (D:\1\starff-working\后台\node_modules\_log4js@3.0.6@log4js\lib\clustering.js:16:26)
    at Array.forEach (<anonymous>)
    at sendToListeners (D:\1\starff-working\后台\node_modules\_log4js@3.0.6@log4js\lib\clustering.js:16:13)
    at Object.send (D:\1\starff-working\后台\node_modules\_log4js@3.0.6@log4js\lib\clustering.js:78:7)
    at Logger._log (D:\1\starff-working\后台\node_modules\_log4js@3.0.6@log4js\lib\logger.js:56:16)
    at Logger.log (D:\1\starff-working\后台\node_modules\_log4js@3.0.6@log4js\lib\logger.js:45:12)
  errors:
   { contentHtml:
      { ValidatorError: Path `contentHtml` is required.
          at new ValidatorError (D:\1\starff-working\后台\node_modules\_mongoose@5.7.12@mongoose\lib\error\validator.js:29:11)
          at validate (D:\1\starff-working\后台\node_modules\_mongoose@5.7.12@mongoose\lib\schematype.js:1055:13)
          at D:\1\starff-working\后台\node_modules\_mongoose@5.7.12@mongoose\lib\schematype.js:1109:11
          at Array.forEach (<anonymous>)
          at SchemaString.SchemaType.doValidate (D:\1\starff-working\后台\node_modules\_mongoose@5.7.12@mongoose\lib\schematype.js:1064:14)
          at D:\1\starff-working\后台\node_modules\_mongoose@5.7.12@mongoose\lib\document.js:2255:9
          at process._tickCallback (internal/process/next_tick.js:61:11)
        message: 'Path `contentHtml` is required.',
        name: 'ValidatorError',
        properties: [Object],
        kind: 'required',
        path: 'contentHtml',
        value: undefined,
        reason: undefined,
        [Symbol(mongoose:validatorError)]: true },
     documentName:
      { ValidatorError: Path `documentName` is required.
          at new ValidatorError (D:\1\starff-working\后台\node_modules\_mongoose@5.7.12@mongoose\lib\error\validator.js:29:11)
          at validate (D:\1\starff-working\后台\node_modules\_mongoose@5.7.12@mongoose\lib\schematype.js:1055:13)
          at D:\1\starff-working\后台\node_modules\_mongoose@5.7.12@mongoose\lib\schematype.js:1109:11
          at Array.forEach (<anonymous>)
          at SchemaString.SchemaType.doValidate (D:\1\starff-working\后台\node_modules\_mongoose@5.7.12@mongoose\lib\schematype.js:1064:14)
          at D:\1\starff-working\后台\node_modules\_mongoose@5.7.12@mongoose\lib\document.js:2255:9
          at process._tickCallback (internal/process/next_tick.js:61:11)
        message: 'Path `documentName` is required.',
        name: 'ValidatorError',
        properties: [Object],
        kind: 'required',
        path: 'documentName',
        value: '',
        reason: undefined,
        [Symbol(mongoose:validatorError)]: true } },
  _message: 'document validation failed',
  name: 'ValidationError' }
[2019-12-04T16:11:01.540] [ERROR] application - { ValidationError: document validation failed: contentHtml: Path `contentHtml` is required., documentName: Path `documentName` is required.
    at ValidationError.inspect (D:\1\starff-working\后台\node_modules\_mongoose@5.7.12@mongoose\lib\error\validation.js:61:24)
    at formatValue (internal/util/inspect.js:491:31)
    at inspect (internal/util/inspect.js:189:10)
    at formatWithOptions (util.js:84:12)
    at Object.format (util.js:72:10)
    at basicLayout (D:\1\starff-working\后台\node_modules\_log4js@3.0.6@log4js\lib\layouts.js:69:12)
    at app (D:\1\starff-working\后台\node_modules\_log4js@3.0.6@log4js\lib\appenders\dateFile.js:30:19)
    at categoryAppenders.forEach (D:\1\starff-working\后台\node_modules\_log4js@3.0.6@log4js\lib\log4js.js:42:5)
    at Array.forEach (<anonymous>)
    at sendLogEventToAppender (D:\1\starff-working\后台\node_modules\_log4js@3.0.6@log4js\lib\log4js.js:41:21)
    at listeners.forEach.l (D:\1\starff-working\后台\node_modules\_log4js@3.0.6@log4js\lib\clustering.js:16:26)
    at Array.forEach (<anonymous>)
    at sendToListeners (D:\1\starff-working\后台\node_modules\_log4js@3.0.6@log4js\lib\clustering.js:16:13)
    at Object.send (D:\1\starff-working\后台\node_modules\_log4js@3.0.6@log4js\lib\clustering.js:78:7)
    at Logger._log (D:\1\starff-working\后台\node_modules\_log4js@3.0.6@log4js\lib\logger.js:56:16)
    at Logger.log (D:\1\starff-working\后台\node_modules\_log4js@3.0.6@log4js\lib\logger.js:45:12)
  errors:
   { contentHtml:
      { ValidatorError: Path `contentHtml` is required.
          at new ValidatorError (D:\1\starff-working\后台\node_modules\_mongoose@5.7.12@mongoose\lib\error\validator.js:29:11)
          at validate (D:\1\starff-working\后台\node_modules\_mongoose@5.7.12@mongoose\lib\schematype.js:1055:13)
          at D:\1\starff-working\后台\node_modules\_mongoose@5.7.12@mongoose\lib\schematype.js:1109:11
          at Array.forEach (<anonymous>)
          at SchemaString.SchemaType.doValidate (D:\1\starff-working\后台\node_modules\_mongoose@5.7.12@mongoose\lib\schematype.js:1064:14)
          at D:\1\starff-working\后台\node_modules\_mongoose@5.7.12@mongoose\lib\document.js:2255:9
          at process._tickCallback (internal/process/next_tick.js:61:11)
        message: 'Path `contentHtml` is required.',
        name: 'ValidatorError',
        properties: [Object],
        kind: 'required',
        path: 'contentHtml',
        value: undefined,
        reason: undefined,
        [Symbol(mongoose:validatorError)]: true },
     documentName:
      { ValidatorError: Path `documentName` is required.
          at new ValidatorError (D:\1\starff-working\后台\node_modules\_mongoose@5.7.12@mongoose\lib\error\validator.js:29:11)
          at validate (D:\1\starff-working\后台\node_modules\_mongoose@5.7.12@mongoose\lib\schematype.js:1055:13)
          at D:\1\starff-working\后台\node_modules\_mongoose@5.7.12@mongoose\lib\schematype.js:1109:11
          at Array.forEach (<anonymous>)
          at SchemaString.SchemaType.doValidate (D:\1\starff-working\后台\node_modules\_mongoose@5.7.12@mongoose\lib\schematype.js:1064:14)
          at D:\1\starff-working\后台\node_modules\_mongoose@5.7.12@mongoose\lib\document.js:2255:9
          at process._tickCallback (internal/process/next_tick.js:61:11)
        message: 'Path `documentName` is required.',
        name: 'ValidatorError',
        properties: [Object],
        kind: 'required',
        path: 'documentName',
        value: '',
        reason: undefined,
        [Symbol(mongoose:validatorError)]: true } },
  _message: 'document validation failed',
  name: 'ValidationError' }
[2019-12-04T16:11:28.275] [ERROR] application - { ValidationError: document validation failed: contentHtml: Path `contentHtml` is required.
    at ValidationError.inspect (D:\1\starff-working\后台\node_modules\_mongoose@5.7.12@mongoose\lib\error\validation.js:61:24)
    at formatValue (internal/util/inspect.js:491:31)
    at inspect (internal/util/inspect.js:189:10)
    at formatWithOptions (util.js:84:12)
    at Object.format (util.js:72:10)
    at basicLayout (D:\1\starff-working\后台\node_modules\_log4js@3.0.6@log4js\lib\layouts.js:69:12)
    at app (D:\1\starff-working\后台\node_modules\_log4js@3.0.6@log4js\lib\appenders\dateFile.js:30:19)
    at categoryAppenders.forEach (D:\1\starff-working\后台\node_modules\_log4js@3.0.6@log4js\lib\log4js.js:42:5)
    at Array.forEach (<anonymous>)
    at sendLogEventToAppender (D:\1\starff-working\后台\node_modules\_log4js@3.0.6@log4js\lib\log4js.js:41:21)
    at listeners.forEach.l (D:\1\starff-working\后台\node_modules\_log4js@3.0.6@log4js\lib\clustering.js:16:26)
    at Array.forEach (<anonymous>)
    at sendToListeners (D:\1\starff-working\后台\node_modules\_log4js@3.0.6@log4js\lib\clustering.js:16:13)
    at Object.send (D:\1\starff-working\后台\node_modules\_log4js@3.0.6@log4js\lib\clustering.js:78:7)
    at Logger._log (D:\1\starff-working\后台\node_modules\_log4js@3.0.6@log4js\lib\logger.js:56:16)
    at Logger.log (D:\1\starff-working\后台\node_modules\_log4js@3.0.6@log4js\lib\logger.js:45:12)
  errors:
   { contentHtml:
      { ValidatorError: Path `contentHtml` is required.
          at new ValidatorError (D:\1\starff-working\后台\node_modules\_mongoose@5.7.12@mongoose\lib\error\validator.js:29:11)
          at validate (D:\1\starff-working\后台\node_modules\_mongoose@5.7.12@mongoose\lib\schematype.js:1055:13)
          at D:\1\starff-working\后台\node_modules\_mongoose@5.7.12@mongoose\lib\schematype.js:1109:11
          at Array.forEach (<anonymous>)
          at SchemaString.SchemaType.doValidate (D:\1\starff-working\后台\node_modules\_mongoose@5.7.12@mongoose\lib\schematype.js:1064:14)
          at D:\1\starff-working\后台\node_modules\_mongoose@5.7.12@mongoose\lib\document.js:2255:9
          at process._tickCallback (internal/process/next_tick.js:61:11)
        message: 'Path `contentHtml` is required.',
        name: 'ValidatorError',
        properties: [Object],
        kind: 'required',
        path: 'contentHtml',
        value: undefined,
        reason: undefined,
        [Symbol(mongoose:validatorError)]: true } },
  _message: 'document validation failed',
  name: 'ValidationError' }
[2019-12-04T16:12:57.115] [ERROR] application - { ValidationError: document validation failed: contentHtml: Path `contentHtml` is required.
    at ValidationError.inspect (D:\1\starff-working\后台\node_modules\_mongoose@5.7.12@mongoose\lib\error\validation.js:61:24)
    at formatValue (internal/util/inspect.js:491:31)
    at inspect (internal/util/inspect.js:189:10)
    at formatWithOptions (util.js:84:12)
    at Object.format (util.js:72:10)
    at basicLayout (D:\1\starff-working\后台\node_modules\_log4js@3.0.6@log4js\lib\layouts.js:69:12)
    at app (D:\1\starff-working\后台\node_modules\_log4js@3.0.6@log4js\lib\appenders\dateFile.js:30:19)
    at categoryAppenders.forEach (D:\1\starff-working\后台\node_modules\_log4js@3.0.6@log4js\lib\log4js.js:42:5)
    at Array.forEach (<anonymous>)
    at sendLogEventToAppender (D:\1\starff-working\后台\node_modules\_log4js@3.0.6@log4js\lib\log4js.js:41:21)
    at listeners.forEach.l (D:\1\starff-working\后台\node_modules\_log4js@3.0.6@log4js\lib\clustering.js:16:26)
    at Array.forEach (<anonymous>)
    at sendToListeners (D:\1\starff-working\后台\node_modules\_log4js@3.0.6@log4js\lib\clustering.js:16:13)
    at Object.send (D:\1\starff-working\后台\node_modules\_log4js@3.0.6@log4js\lib\clustering.js:78:7)
    at Logger._log (D:\1\starff-working\后台\node_modules\_log4js@3.0.6@log4js\lib\logger.js:56:16)
    at Logger.log (D:\1\starff-working\后台\node_modules\_log4js@3.0.6@log4js\lib\logger.js:45:12)
  errors:
   { contentHtml:
      { ValidatorError: Path `contentHtml` is required.
          at new ValidatorError (D:\1\starff-working\后台\node_modules\_mongoose@5.7.12@mongoose\lib\error\validator.js:29:11)
          at validate (D:\1\starff-working\后台\node_modules\_mongoose@5.7.12@mongoose\lib\schematype.js:1055:13)
          at D:\1\starff-working\后台\node_modules\_mongoose@5.7.12@mongoose\lib\schematype.js:1109:11
          at Array.forEach (<anonymous>)
          at SchemaString.SchemaType.doValidate (D:\1\starff-working\后台\node_modules\_mongoose@5.7.12@mongoose\lib\schematype.js:1064:14)
          at D:\1\starff-working\后台\node_modules\_mongoose@5.7.12@mongoose\lib\document.js:2255:9
          at process._tickCallback (internal/process/next_tick.js:61:11)
        message: 'Path `contentHtml` is required.',
        name: 'ValidatorError',
        properties: [Object],
        kind: 'required',
        path: 'contentHtml',
        value: undefined,
        reason: undefined,
        [Symbol(mongoose:validatorError)]: true } },
  _message: 'document validation failed',
  name: 'ValidationError' }
[2019-12-04T16:12:58.411] [ERROR] application - { ValidationError: document validation failed: contentHtml: Path `contentHtml` is required.
    at ValidationError.inspect (D:\1\starff-working\后台\node_modules\_mongoose@5.7.12@mongoose\lib\error\validation.js:61:24)
    at formatValue (internal/util/inspect.js:491:31)
    at inspect (internal/util/inspect.js:189:10)
    at formatWithOptions (util.js:84:12)
    at Object.format (util.js:72:10)
    at basicLayout (D:\1\starff-working\后台\node_modules\_log4js@3.0.6@log4js\lib\layouts.js:69:12)
    at app (D:\1\starff-working\后台\node_modules\_log4js@3.0.6@log4js\lib\appenders\dateFile.js:30:19)
    at categoryAppenders.forEach (D:\1\starff-working\后台\node_modules\_log4js@3.0.6@log4js\lib\log4js.js:42:5)
    at Array.forEach (<anonymous>)
    at sendLogEventToAppender (D:\1\starff-working\后台\node_modules\_log4js@3.0.6@log4js\lib\log4js.js:41:21)
    at listeners.forEach.l (D:\1\starff-working\后台\node_modules\_log4js@3.0.6@log4js\lib\clustering.js:16:26)
    at Array.forEach (<anonymous>)
    at sendToListeners (D:\1\starff-working\后台\node_modules\_log4js@3.0.6@log4js\lib\clustering.js:16:13)
    at Object.send (D:\1\starff-working\后台\node_modules\_log4js@3.0.6@log4js\lib\clustering.js:78:7)
    at Logger._log (D:\1\starff-working\后台\node_modules\_log4js@3.0.6@log4js\lib\logger.js:56:16)
    at Logger.log (D:\1\starff-working\后台\node_modules\_log4js@3.0.6@log4js\lib\logger.js:45:12)
  errors:
   { contentHtml:
      { ValidatorError: Path `contentHtml` is required.
          at new ValidatorError (D:\1\starff-working\后台\node_modules\_mongoose@5.7.12@mongoose\lib\error\validator.js:29:11)
          at validate (D:\1\starff-working\后台\node_modules\_mongoose@5.7.12@mongoose\lib\schematype.js:1055:13)
          at D:\1\starff-working\后台\node_modules\_mongoose@5.7.12@mongoose\lib\schematype.js:1109:11
          at Array.forEach (<anonymous>)
          at SchemaString.SchemaType.doValidate (D:\1\starff-working\后台\node_modules\_mongoose@5.7.12@mongoose\lib\schematype.js:1064:14)
          at D:\1\starff-working\后台\node_modules\_mongoose@5.7.12@mongoose\lib\document.js:2255:9
          at process._tickCallback (internal/process/next_tick.js:61:11)
        message: 'Path `contentHtml` is required.',
        name: 'ValidatorError',
        properties: [Object],
        kind: 'required',
        path: 'contentHtml',
        value: undefined,
        reason: undefined,
        [Symbol(mongoose:validatorError)]: true } },
  _message: 'document validation failed',
  name: 'ValidationError' }
[2019-12-04T16:14:00.465] [ERROR] application - { ValidationError: document validation failed: contentHtml: Path `contentHtml` is required.
    at ValidationError.inspect (D:\1\starff-working\后台\node_modules\_mongoose@5.7.12@mongoose\lib\error\validation.js:61:24)
    at formatValue (internal/util/inspect.js:491:31)
    at inspect (internal/util/inspect.js:189:10)
    at formatWithOptions (util.js:84:12)
    at Object.format (util.js:72:10)
    at basicLayout (D:\1\starff-working\后台\node_modules\_log4js@3.0.6@log4js\lib\layouts.js:69:12)
    at app (D:\1\starff-working\后台\node_modules\_log4js@3.0.6@log4js\lib\appenders\dateFile.js:30:19)
    at categoryAppenders.forEach (D:\1\starff-working\后台\node_modules\_log4js@3.0.6@log4js\lib\log4js.js:42:5)
    at Array.forEach (<anonymous>)
    at sendLogEventToAppender (D:\1\starff-working\后台\node_modules\_log4js@3.0.6@log4js\lib\log4js.js:41:21)
    at listeners.forEach.l (D:\1\starff-working\后台\node_modules\_log4js@3.0.6@log4js\lib\clustering.js:16:26)
    at Array.forEach (<anonymous>)
    at sendToListeners (D:\1\starff-working\后台\node_modules\_log4js@3.0.6@log4js\lib\clustering.js:16:13)
    at Object.send (D:\1\starff-working\后台\node_modules\_log4js@3.0.6@log4js\lib\clustering.js:78:7)
    at Logger._log (D:\1\starff-working\后台\node_modules\_log4js@3.0.6@log4js\lib\logger.js:56:16)
    at Logger.log (D:\1\starff-working\后台\node_modules\_log4js@3.0.6@log4js\lib\logger.js:45:12)
  errors:
   { contentHtml:
      { ValidatorError: Path `contentHtml` is required.
          at new ValidatorError (D:\1\starff-working\后台\node_modules\_mongoose@5.7.12@mongoose\lib\error\validator.js:29:11)
          at validate (D:\1\starff-working\后台\node_modules\_mongoose@5.7.12@mongoose\lib\schematype.js:1055:13)
          at D:\1\starff-working\后台\node_modules\_mongoose@5.7.12@mongoose\lib\schematype.js:1109:11
          at Array.forEach (<anonymous>)
          at SchemaString.SchemaType.doValidate (D:\1\starff-working\后台\node_modules\_mongoose@5.7.12@mongoose\lib\schematype.js:1064:14)
          at D:\1\starff-working\后台\node_modules\_mongoose@5.7.12@mongoose\lib\document.js:2255:9
          at process._tickCallback (internal/process/next_tick.js:61:11)
        message: 'Path `contentHtml` is required.',
        name: 'ValidatorError',
        properties: [Object],
        kind: 'required',
        path: 'contentHtml',
        value: undefined,
        reason: undefined,
        [Symbol(mongoose:validatorError)]: true } },
  _message: 'document validation failed',
  name: 'ValidationError' }
[2019-12-04T16:25:45.069] [ERROR] application - { ValidationError: document validation failed: documentName: Path `documentName` is required.
    at ValidationError.inspect (D:\1\starff-working\后台\node_modules\_mongoose@5.7.12@mongoose\lib\error\validation.js:61:24)
    at formatValue (internal/util/inspect.js:491:31)
    at inspect (internal/util/inspect.js:189:10)
    at formatWithOptions (util.js:84:12)
    at Object.format (util.js:72:10)
    at basicLayout (D:\1\starff-working\后台\node_modules\_log4js@3.0.6@log4js\lib\layouts.js:69:12)
    at app (D:\1\starff-working\后台\node_modules\_log4js@3.0.6@log4js\lib\appenders\dateFile.js:30:19)
    at categoryAppenders.forEach (D:\1\starff-working\后台\node_modules\_log4js@3.0.6@log4js\lib\log4js.js:42:5)
    at Array.forEach (<anonymous>)
    at sendLogEventToAppender (D:\1\starff-working\后台\node_modules\_log4js@3.0.6@log4js\lib\log4js.js:41:21)
    at listeners.forEach.l (D:\1\starff-working\后台\node_modules\_log4js@3.0.6@log4js\lib\clustering.js:16:26)
    at Array.forEach (<anonymous>)
    at sendToListeners (D:\1\starff-working\后台\node_modules\_log4js@3.0.6@log4js\lib\clustering.js:16:13)
    at Object.send (D:\1\starff-working\后台\node_modules\_log4js@3.0.6@log4js\lib\clustering.js:78:7)
    at Logger._log (D:\1\starff-working\后台\node_modules\_log4js@3.0.6@log4js\lib\logger.js:56:16)
    at Logger.log (D:\1\starff-working\后台\node_modules\_log4js@3.0.6@log4js\lib\logger.js:45:12)
  errors:
   { documentName:
      { ValidatorError: Path `documentName` is required.
          at new ValidatorError (D:\1\starff-working\后台\node_modules\_mongoose@5.7.12@mongoose\lib\error\validator.js:29:11)
          at validate (D:\1\starff-working\后台\node_modules\_mongoose@5.7.12@mongoose\lib\schematype.js:1055:13)
          at D:\1\starff-working\后台\node_modules\_mongoose@5.7.12@mongoose\lib\schematype.js:1109:11
          at Array.forEach (<anonymous>)
          at SchemaString.SchemaType.doValidate (D:\1\starff-working\后台\node_modules\_mongoose@5.7.12@mongoose\lib\schematype.js:1064:14)
          at D:\1\starff-working\后台\node_modules\_mongoose@5.7.12@mongoose\lib\document.js:2255:9
          at process._tickCallback (internal/process/next_tick.js:61:11)
        message: 'Path `documentName` is required.',
        name: 'ValidatorError',
        properties: [Object],
        kind: 'required',
        path: 'documentName',
        value: '',
        reason: undefined,
        [Symbol(mongoose:validatorError)]: true } },
  _message: 'document validation failed',
  name: 'ValidationError' }
[2019-12-04T16:25:49.104] [ERROR] application - { ValidationError: document validation failed: documentName: Path `documentName` is required.
    at ValidationError.inspect (D:\1\starff-working\后台\node_modules\_mongoose@5.7.12@mongoose\lib\error\validation.js:61:24)
    at formatValue (internal/util/inspect.js:491:31)
    at inspect (internal/util/inspect.js:189:10)
    at formatWithOptions (util.js:84:12)
    at Object.format (util.js:72:10)
    at basicLayout (D:\1\starff-working\后台\node_modules\_log4js@3.0.6@log4js\lib\layouts.js:69:12)
    at app (D:\1\starff-working\后台\node_modules\_log4js@3.0.6@log4js\lib\appenders\dateFile.js:30:19)
    at categoryAppenders.forEach (D:\1\starff-working\后台\node_modules\_log4js@3.0.6@log4js\lib\log4js.js:42:5)
    at Array.forEach (<anonymous>)
    at sendLogEventToAppender (D:\1\starff-working\后台\node_modules\_log4js@3.0.6@log4js\lib\log4js.js:41:21)
    at listeners.forEach.l (D:\1\starff-working\后台\node_modules\_log4js@3.0.6@log4js\lib\clustering.js:16:26)
    at Array.forEach (<anonymous>)
    at sendToListeners (D:\1\starff-working\后台\node_modules\_log4js@3.0.6@log4js\lib\clustering.js:16:13)
    at Object.send (D:\1\starff-working\后台\node_modules\_log4js@3.0.6@log4js\lib\clustering.js:78:7)
    at Logger._log (D:\1\starff-working\后台\node_modules\_log4js@3.0.6@log4js\lib\logger.js:56:16)
    at Logger.log (D:\1\starff-working\后台\node_modules\_log4js@3.0.6@log4js\lib\logger.js:45:12)
  errors:
   { documentName:
      { ValidatorError: Path `documentName` is required.
          at new ValidatorError (D:\1\starff-working\后台\node_modules\_mongoose@5.7.12@mongoose\lib\error\validator.js:29:11)
          at validate (D:\1\starff-working\后台\node_modules\_mongoose@5.7.12@mongoose\lib\schematype.js:1055:13)
          at D:\1\starff-working\后台\node_modules\_mongoose@5.7.12@mongoose\lib\schematype.js:1109:11
          at Array.forEach (<anonymous>)
          at SchemaString.SchemaType.doValidate (D:\1\starff-working\后台\node_modules\_mongoose@5.7.12@mongoose\lib\schematype.js:1064:14)
          at D:\1\starff-working\后台\node_modules\_mongoose@5.7.12@mongoose\lib\document.js:2255:9
          at process._tickCallback (internal/process/next_tick.js:61:11)
        message: 'Path `documentName` is required.',
        name: 'ValidatorError',
        properties: [Object],
        kind: 'required',
        path: 'documentName',
        value: '',
        reason: undefined,
        [Symbol(mongoose:validatorError)]: true } },
  _message: 'document validation failed',
  name: 'ValidationError' }
[2019-12-04T16:28:20.756] [ERROR] application - { ValidationError: document validation failed: documentName: Path `documentName` is required.
    at ValidationError.inspect (D:\1\starff-working\后台\node_modules\_mongoose@5.7.12@mongoose\lib\error\validation.js:61:24)
    at formatValue (internal/util/inspect.js:491:31)
    at inspect (internal/util/inspect.js:189:10)
    at formatWithOptions (util.js:84:12)
    at Object.format (util.js:72:10)
    at basicLayout (D:\1\starff-working\后台\node_modules\_log4js@3.0.6@log4js\lib\layouts.js:69:12)
    at app (D:\1\starff-working\后台\node_modules\_log4js@3.0.6@log4js\lib\appenders\dateFile.js:30:19)
    at categoryAppenders.forEach (D:\1\starff-working\后台\node_modules\_log4js@3.0.6@log4js\lib\log4js.js:42:5)
    at Array.forEach (<anonymous>)
    at sendLogEventToAppender (D:\1\starff-working\后台\node_modules\_log4js@3.0.6@log4js\lib\log4js.js:41:21)
    at listeners.forEach.l (D:\1\starff-working\后台\node_modules\_log4js@3.0.6@log4js\lib\clustering.js:16:26)
    at Array.forEach (<anonymous>)
    at sendToListeners (D:\1\starff-working\后台\node_modules\_log4js@3.0.6@log4js\lib\clustering.js:16:13)
    at Object.send (D:\1\starff-working\后台\node_modules\_log4js@3.0.6@log4js\lib\clustering.js:78:7)
    at Logger._log (D:\1\starff-working\后台\node_modules\_log4js@3.0.6@log4js\lib\logger.js:56:16)
    at Logger.log (D:\1\starff-working\后台\node_modules\_log4js@3.0.6@log4js\lib\logger.js:45:12)
  errors:
   { documentName:
      { ValidatorError: Path `documentName` is required.
          at new ValidatorError (D:\1\starff-working\后台\node_modules\_mongoose@5.7.12@mongoose\lib\error\validator.js:29:11)
          at validate (D:\1\starff-working\后台\node_modules\_mongoose@5.7.12@mongoose\lib\schematype.js:1055:13)
          at D:\1\starff-working\后台\node_modules\_mongoose@5.7.12@mongoose\lib\schematype.js:1109:11
          at Array.forEach (<anonymous>)
          at SchemaString.SchemaType.doValidate (D:\1\starff-working\后台\node_modules\_mongoose@5.7.12@mongoose\lib\schematype.js:1064:14)
          at D:\1\starff-working\后台\node_modules\_mongoose@5.7.12@mongoose\lib\document.js:2255:9
          at process._tickCallback (internal/process/next_tick.js:61:11)
        message: 'Path `documentName` is required.',
        name: 'ValidatorError',
        properties: [Object],
        kind: 'required',
        path: 'documentName',
        value: '',
        reason: undefined,
        [Symbol(mongoose:validatorError)]: true } },
  _message: 'document validation failed',
  name: 'ValidationError' }
