[2020-06-08T11:18:39.567] [ERROR] application - { [Error: ENOENT: no such file or directory, stat 'D:\1\starff-working\后台\data\document\去哇md.md']
  errno: -4058,
  code: 'ENOENT',
  syscall: 'stat',
  path: 'D:\\1\\starff-working\\后台\\data\\document\\去哇md.md',
  expose: true,
  statusCode: 404,
  status: 404 }
[2020-06-08T11:21:45.130] [ERROR] application - { [Error: ENOENT: no such file or directory, stat 'D:\1\starff-working\后台\data\document\1111md.md']
  errno: -4058,
  code: 'ENOENT',
  syscall: 'stat',
  path: 'D:\\1\\starff-working\\后台\\data\\document\\1111md.md',
  expose: true,
  statusCode: 404,
  status: 404 }
[2020-06-08T11:22:27.306] [ERROR] application - { [Error: ENOENT: no such file or directory, stat 'D:\1\starff-working\后台\data\document\1111md.md']
  errno: -4058,
  code: 'ENOENT',
  syscall: 'stat',
  path: 'D:\\1\\starff-working\\后台\\data\\document\\1111md.md',
  expose: true,
  statusCode: 404,
  status: 404 }
