[2020-05-25T09:35:31.634] [ERROR] application - { CastError: Cast to string failed for value "{ '0': 'd38373d0-6fd7-11e9-b5f5-d15fdff1a166',
  '1': 'd6934be0-6fd7-11e9-b5f5-d15fdff1a166',
  '2': 'd9ed2540-6fd7-11e9-b5f5-d15fdff1a166',
  '3': 'e0897f70-6fd7-11e9-b5f5-d15fdff1a166',
  '4': 'e375f100-6fd7-11e9-b5f5-d15fdff1a166',
  '5': 'eb468570-6fd7-11e9-b5f5-d15fdff1a166',
  '6': 'eea519c0-6fd7-11e9-b5f5-d15fdff1a166',
  '7': 'faf988a0-6fd7-11e9-b5f5-d15fdff1a166',
  '8': 'fe5cd7e0-6fd7-11e9-b5f5-d15fdff1a166',
  '9': '013f5e60-6fd8-11e9-b5f5-d15fdff1a166',
  '10': '046137d0-6fd8-11e9-b5f5-d15fdff1a166',
  '11': '07944f50-6fd8-11e9-b5f5-d15fdff1a166',
  '12': '0b2cdf60-6fd8-11e9-b5f5-d15fdff1a166',
  '13': '145e3c50-6fd8-11e9-b5f5-d15fdff1a166',
  '14': '26aafd30-6fd8-11e9-b5f5-d15fdff1a166',
  '15': '2b6ec6d0-6fd8-11e9-b5f5-d15fdff1a166',
  '16': '35849050-6fd8-11e9-b5f5-d15fdff1a166',
  '17': '4d25a2f0-7526-11e9-8d1e-9bdf1f8ffe38',
  '18': '4cec89a0-6fd8-11e9-b5f5-d15fdff1a166',
  '19': '5a04bdb0-6fd8-11e9-b5f5-d15fdff1a166',
  '20': '802232d0-be65-11e9-8553-4fc07ea7e78a',
  '21': '691ef8c0-6fd7-11e9-b5f5-d15fdff1a166',
  '22': '6af0b610-6fd8-11e9-b5f5-d15fdff1a166',
  '23': '78ae03c0-6fd8-11e9-b5f5-d15fdff1a166',
  '24': '7c230640-6fd8-11e9-b5f5-d15fdff1a166',
  '25': '8f2d4ac0-6fd8-11e9-b5f5-d15fdff1a166',
  '26': '230a3370-933d-11e9-9cd0-6fb8f3d26b41',
  '27': 'dd4c1240-6fd8-11e9-b5f5-d15fdff1a166',
  '28': 'e0034300-6fd8-11e9-b5f5-d15fdff1a166',
  '29': '28921d50-7626-11e9-9b4a-c7dfbbe537c4',
  '30': '66694140-a843-11e9-a12d-e3971d38aae3',
  '31': '0ce659c0-6fd9-11e9-b5f5-d15fdff1a166',
  '32': '131e25c0-6fd9-11e9-b5f5-d15fdff1a166',
  '33': 'd0189cb0-7307-11e9-8d1e-9bdf1f8ffe38',
  '34': 'd7173b20-7307-11e9-8d1e-9bdf1f8ffe38',
  '35': 'efa58110-752d-11e9-8d1e-9bdf1f8ffe38',
  '36': 'c28065e0-7b9c-11e9-9b4a-c7dfbbe537c4',
  '37': 'c82f04b0-7b9c-11e9-9b4a-c7dfbbe537c4',
  '38': 'ae2c1370-8c2a-11e9-9707-4b87eca1469f',
  '39': 'ce4f7660-8c2a-11e9-9707-4b87eca1469f',
  '40': 'c74ea000-a15d-11e9-a12d-e3971d38aae3',
  '41': 'cdc39c10-a15d-11e9-a12d-e3971d38aae3' }" at path "id" for model "system"
    at new CastError (D:\1\starff-working\后台\node_modules\_mongoose@5.9.15@mongoose\lib\error\cast.js:29:11)
    at model.Query.exec (D:\1\starff-working\后台\node_modules\_mongoose@5.9.15@mongoose\lib\query.js:4341:21)
    at model.Query.Query.then (D:\1\starff-working\后台\node_modules\_mongoose@5.9.15@mongoose\lib\query.js:4433:15)
    at process._tickCallback (internal/process/next_tick.js:68:7)
  message:
   'Cast to string failed for value "{ \'0\': \'d38373d0-6fd7-11e9-b5f5-d15fdff1a166\',\n  \'1\': \'d6934be0-6fd7-11e9-b5f5-d15fdff1a166\',\n  \'2\': \'d9ed2540-6fd7-11e9-b5f5-d15fdff1a166\',\n  \'3\': \'e0897f70-6fd7-11e9-b5f5-d15fdff1a166\',\n  \'4\': \'e375f100-6fd7-11e9-b5f5-d15fdff1a166\',\n  \'5\': \'eb468570-6fd7-11e9-b5f5-d15fdff1a166\',\n  \'6\': \'eea519c0-6fd7-11e9-b5f5-d15fdff1a166\',\n  \'7\': \'faf988a0-6fd7-11e9-b5f5-d15fdff1a166\',\n  \'8\': \'fe5cd7e0-6fd7-11e9-b5f5-d15fdff1a166\',\n  \'9\': \'013f5e60-6fd8-11e9-b5f5-d15fdff1a166\',\n  \'10\': \'046137d0-6fd8-11e9-b5f5-d15fdff1a166\',\n  \'11\': \'07944f50-6fd8-11e9-b5f5-d15fdff1a166\',\n  \'12\': \'0b2cdf60-6fd8-11e9-b5f5-d15fdff1a166\',\n  \'13\': \'145e3c50-6fd8-11e9-b5f5-d15fdff1a166\',\n  \'14\': \'26aafd30-6fd8-11e9-b5f5-d15fdff1a166\',\n  \'15\': \'2b6ec6d0-6fd8-11e9-b5f5-d15fdff1a166\',\n  \'16\': \'35849050-6fd8-11e9-b5f5-d15fdff1a166\',\n  \'17\': \'4d25a2f0-7526-11e9-8d1e-9bdf1f8ffe38\',\n  \'18\': \'4cec89a0-6fd8-11e9-b5f5-d15fdff1a166\',\n  \'19\': \'5a04bdb0-6fd8-11e9-b5f5-d15fdff1a166\',\n  \'20\': \'802232d0-be65-11e9-8553-4fc07ea7e78a\',\n  \'21\': \'691ef8c0-6fd7-11e9-b5f5-d15fdff1a166\',\n  \'22\': \'6af0b610-6fd8-11e9-b5f5-d15fdff1a166\',\n  \'23\': \'78ae03c0-6fd8-11e9-b5f5-d15fdff1a166\',\n  \'24\': \'7c230640-6fd8-11e9-b5f5-d15fdff1a166\',\n  \'25\': \'8f2d4ac0-6fd8-11e9-b5f5-d15fdff1a166\',\n  \'26\': \'230a3370-933d-11e9-9cd0-6fb8f3d26b41\',\n  \'27\': \'dd4c1240-6fd8-11e9-b5f5-d15fdff1a166\',\n  \'28\': \'e0034300-6fd8-11e9-b5f5-d15fdff1a166\',\n  \'29\': \'28921d50-7626-11e9-9b4a-c7dfbbe537c4\',\n  \'30\': \'66694140-a843-11e9-a12d-e3971d38aae3\',\n  \'31\': \'0ce659c0-6fd9-11e9-b5f5-d15fdff1a166\',\n  \'32\': \'131e25c0-6fd9-11e9-b5f5-d15fdff1a166\',\n  \'33\': \'d0189cb0-7307-11e9-8d1e-9bdf1f8ffe38\',\n  \'34\': \'d7173b20-7307-11e9-8d1e-9bdf1f8ffe38\',\n  \'35\': \'efa58110-752d-11e9-8d1e-9bdf1f8ffe38\',\n  \'36\': \'c28065e0-7b9c-11e9-9b4a-c7dfbbe537c4\',\n  \'37\': \'c82f04b0-7b9c-11e9-9b4a-c7dfbbe537c4\',\n  \'38\': \'ae2c1370-8c2a-11e9-9707-4b87eca1469f\',\n  \'39\': \'ce4f7660-8c2a-11e9-9707-4b87eca1469f\',\n  \'40\': \'c74ea000-a15d-11e9-a12d-e3971d38aae3\',\n  \'41\': \'cdc39c10-a15d-11e9-a12d-e3971d38aae3\' }" at path "id" for model "system"',
  name: 'CastError',
  messageFormat: undefined,
  stringValue:
   '"{ \'0\': \'d38373d0-6fd7-11e9-b5f5-d15fdff1a166\',\n  \'1\': \'d6934be0-6fd7-11e9-b5f5-d15fdff1a166\',\n  \'2\': \'d9ed2540-6fd7-11e9-b5f5-d15fdff1a166\',\n  \'3\': \'e0897f70-6fd7-11e9-b5f5-d15fdff1a166\',\n  \'4\': \'e375f100-6fd7-11e9-b5f5-d15fdff1a166\',\n  \'5\': \'eb468570-6fd7-11e9-b5f5-d15fdff1a166\',\n  \'6\': \'eea519c0-6fd7-11e9-b5f5-d15fdff1a166\',\n  \'7\': \'faf988a0-6fd7-11e9-b5f5-d15fdff1a166\',\n  \'8\': \'fe5cd7e0-6fd7-11e9-b5f5-d15fdff1a166\',\n  \'9\': \'013f5e60-6fd8-11e9-b5f5-d15fdff1a166\',\n  \'10\': \'046137d0-6fd8-11e9-b5f5-d15fdff1a166\',\n  \'11\': \'07944f50-6fd8-11e9-b5f5-d15fdff1a166\',\n  \'12\': \'0b2cdf60-6fd8-11e9-b5f5-d15fdff1a166\',\n  \'13\': \'145e3c50-6fd8-11e9-b5f5-d15fdff1a166\',\n  \'14\': \'26aafd30-6fd8-11e9-b5f5-d15fdff1a166\',\n  \'15\': \'2b6ec6d0-6fd8-11e9-b5f5-d15fdff1a166\',\n  \'16\': \'35849050-6fd8-11e9-b5f5-d15fdff1a166\',\n  \'17\': \'4d25a2f0-7526-11e9-8d1e-9bdf1f8ffe38\',\n  \'18\': \'4cec89a0-6fd8-11e9-b5f5-d15fdff1a166\',\n  \'19\': \'5a04bdb0-6fd8-11e9-b5f5-d15fdff1a166\',\n  \'20\': \'802232d0-be65-11e9-8553-4fc07ea7e78a\',\n  \'21\': \'691ef8c0-6fd7-11e9-b5f5-d15fdff1a166\',\n  \'22\': \'6af0b610-6fd8-11e9-b5f5-d15fdff1a166\',\n  \'23\': \'78ae03c0-6fd8-11e9-b5f5-d15fdff1a166\',\n  \'24\': \'7c230640-6fd8-11e9-b5f5-d15fdff1a166\',\n  \'25\': \'8f2d4ac0-6fd8-11e9-b5f5-d15fdff1a166\',\n  \'26\': \'230a3370-933d-11e9-9cd0-6fb8f3d26b41\',\n  \'27\': \'dd4c1240-6fd8-11e9-b5f5-d15fdff1a166\',\n  \'28\': \'e0034300-6fd8-11e9-b5f5-d15fdff1a166\',\n  \'29\': \'28921d50-7626-11e9-9b4a-c7dfbbe537c4\',\n  \'30\': \'66694140-a843-11e9-a12d-e3971d38aae3\',\n  \'31\': \'0ce659c0-6fd9-11e9-b5f5-d15fdff1a166\',\n  \'32\': \'131e25c0-6fd9-11e9-b5f5-d15fdff1a166\',\n  \'33\': \'d0189cb0-7307-11e9-8d1e-9bdf1f8ffe38\',\n  \'34\': \'d7173b20-7307-11e9-8d1e-9bdf1f8ffe38\',\n  \'35\': \'efa58110-752d-11e9-8d1e-9bdf1f8ffe38\',\n  \'36\': \'c28065e0-7b9c-11e9-9b4a-c7dfbbe537c4\',\n  \'37\': \'c82f04b0-7b9c-11e9-9b4a-c7dfbbe537c4\',\n  \'38\': \'ae2c1370-8c2a-11e9-9707-4b87eca1469f\',\n  \'39\': \'ce4f7660-8c2a-11e9-9707-4b87eca1469f\',\n  \'40\': \'c74ea000-a15d-11e9-a12d-e3971d38aae3\',\n  \'41\': \'cdc39c10-a15d-11e9-a12d-e3971d38aae3\' }"',
  kind: 'string',
  value:
   { '0': 'd38373d0-6fd7-11e9-b5f5-d15fdff1a166',
     '1': 'd6934be0-6fd7-11e9-b5f5-d15fdff1a166',
     '2': 'd9ed2540-6fd7-11e9-b5f5-d15fdff1a166',
     '3': 'e0897f70-6fd7-11e9-b5f5-d15fdff1a166',
     '4': 'e375f100-6fd7-11e9-b5f5-d15fdff1a166',
     '5': 'eb468570-6fd7-11e9-b5f5-d15fdff1a166',
     '6': 'eea519c0-6fd7-11e9-b5f5-d15fdff1a166',
     '7': 'faf988a0-6fd7-11e9-b5f5-d15fdff1a166',
     '8': 'fe5cd7e0-6fd7-11e9-b5f5-d15fdff1a166',
     '9': '013f5e60-6fd8-11e9-b5f5-d15fdff1a166',
     '10': '046137d0-6fd8-11e9-b5f5-d15fdff1a166',
     '11': '07944f50-6fd8-11e9-b5f5-d15fdff1a166',
     '12': '0b2cdf60-6fd8-11e9-b5f5-d15fdff1a166',
     '13': '145e3c50-6fd8-11e9-b5f5-d15fdff1a166',
     '14': '26aafd30-6fd8-11e9-b5f5-d15fdff1a166',
     '15': '2b6ec6d0-6fd8-11e9-b5f5-d15fdff1a166',
     '16': '35849050-6fd8-11e9-b5f5-d15fdff1a166',
     '17': '4d25a2f0-7526-11e9-8d1e-9bdf1f8ffe38',
     '18': '4cec89a0-6fd8-11e9-b5f5-d15fdff1a166',
     '19': '5a04bdb0-6fd8-11e9-b5f5-d15fdff1a166',
     '20': '802232d0-be65-11e9-8553-4fc07ea7e78a',
     '21': '691ef8c0-6fd7-11e9-b5f5-d15fdff1a166',
     '22': '6af0b610-6fd8-11e9-b5f5-d15fdff1a166',
     '23': '78ae03c0-6fd8-11e9-b5f5-d15fdff1a166',
     '24': '7c230640-6fd8-11e9-b5f5-d15fdff1a166',
     '25': '8f2d4ac0-6fd8-11e9-b5f5-d15fdff1a166',
     '26': '230a3370-933d-11e9-9cd0-6fb8f3d26b41',
     '27': 'dd4c1240-6fd8-11e9-b5f5-d15fdff1a166',
     '28': 'e0034300-6fd8-11e9-b5f5-d15fdff1a166',
     '29': '28921d50-7626-11e9-9b4a-c7dfbbe537c4',
     '30': '66694140-a843-11e9-a12d-e3971d38aae3',
     '31': '0ce659c0-6fd9-11e9-b5f5-d15fdff1a166',
     '32': '131e25c0-6fd9-11e9-b5f5-d15fdff1a166',
     '33': 'd0189cb0-7307-11e9-8d1e-9bdf1f8ffe38',
     '34': 'd7173b20-7307-11e9-8d1e-9bdf1f8ffe38',
     '35': 'efa58110-752d-11e9-8d1e-9bdf1f8ffe38',
     '36': 'c28065e0-7b9c-11e9-9b4a-c7dfbbe537c4',
     '37': 'c82f04b0-7b9c-11e9-9b4a-c7dfbbe537c4',
     '38': 'ae2c1370-8c2a-11e9-9707-4b87eca1469f',
     '39': 'ce4f7660-8c2a-11e9-9707-4b87eca1469f',
     '40': 'c74ea000-a15d-11e9-a12d-e3971d38aae3',
     '41': 'cdc39c10-a15d-11e9-a12d-e3971d38aae3' },
  path: 'id',
  reason: null }
[2020-05-25T09:35:35.882] [ERROR] application - { CastError: Cast to string failed for value "{ '0': 'd38373d0-6fd7-11e9-b5f5-d15fdff1a166',
  '1': 'd6934be0-6fd7-11e9-b5f5-d15fdff1a166',
  '2': 'd9ed2540-6fd7-11e9-b5f5-d15fdff1a166',
  '3': 'e0897f70-6fd7-11e9-b5f5-d15fdff1a166',
  '4': 'e375f100-6fd7-11e9-b5f5-d15fdff1a166',
  '5': 'eb468570-6fd7-11e9-b5f5-d15fdff1a166',
  '6': 'eea519c0-6fd7-11e9-b5f5-d15fdff1a166',
  '7': 'faf988a0-6fd7-11e9-b5f5-d15fdff1a166',
  '8': 'fe5cd7e0-6fd7-11e9-b5f5-d15fdff1a166',
  '9': '013f5e60-6fd8-11e9-b5f5-d15fdff1a166',
  '10': '046137d0-6fd8-11e9-b5f5-d15fdff1a166',
  '11': '07944f50-6fd8-11e9-b5f5-d15fdff1a166',
  '12': '0b2cdf60-6fd8-11e9-b5f5-d15fdff1a166',
  '13': '145e3c50-6fd8-11e9-b5f5-d15fdff1a166',
  '14': '26aafd30-6fd8-11e9-b5f5-d15fdff1a166',
  '15': '2b6ec6d0-6fd8-11e9-b5f5-d15fdff1a166',
  '16': '35849050-6fd8-11e9-b5f5-d15fdff1a166',
  '17': '4d25a2f0-7526-11e9-8d1e-9bdf1f8ffe38',
  '18': '4cec89a0-6fd8-11e9-b5f5-d15fdff1a166',
  '19': '5a04bdb0-6fd8-11e9-b5f5-d15fdff1a166',
  '20': '802232d0-be65-11e9-8553-4fc07ea7e78a',
  '21': '691ef8c0-6fd7-11e9-b5f5-d15fdff1a166',
  '22': '6af0b610-6fd8-11e9-b5f5-d15fdff1a166',
  '23': '78ae03c0-6fd8-11e9-b5f5-d15fdff1a166',
  '24': '7c230640-6fd8-11e9-b5f5-d15fdff1a166',
  '25': '8f2d4ac0-6fd8-11e9-b5f5-d15fdff1a166',
  '26': '230a3370-933d-11e9-9cd0-6fb8f3d26b41',
  '27': 'dd4c1240-6fd8-11e9-b5f5-d15fdff1a166',
  '28': 'e0034300-6fd8-11e9-b5f5-d15fdff1a166',
  '29': '28921d50-7626-11e9-9b4a-c7dfbbe537c4',
  '30': '66694140-a843-11e9-a12d-e3971d38aae3',
  '31': '0ce659c0-6fd9-11e9-b5f5-d15fdff1a166',
  '32': '131e25c0-6fd9-11e9-b5f5-d15fdff1a166',
  '33': 'd0189cb0-7307-11e9-8d1e-9bdf1f8ffe38',
  '34': 'd7173b20-7307-11e9-8d1e-9bdf1f8ffe38',
  '35': 'efa58110-752d-11e9-8d1e-9bdf1f8ffe38',
  '36': 'c28065e0-7b9c-11e9-9b4a-c7dfbbe537c4',
  '37': 'c82f04b0-7b9c-11e9-9b4a-c7dfbbe537c4',
  '38': 'ae2c1370-8c2a-11e9-9707-4b87eca1469f',
  '39': 'ce4f7660-8c2a-11e9-9707-4b87eca1469f',
  '40': 'c74ea000-a15d-11e9-a12d-e3971d38aae3',
  '41': 'cdc39c10-a15d-11e9-a12d-e3971d38aae3' }" at path "id" for model "system"
    at new CastError (D:\1\starff-working\后台\node_modules\_mongoose@5.9.15@mongoose\lib\error\cast.js:29:11)
    at model.Query.exec (D:\1\starff-working\后台\node_modules\_mongoose@5.9.15@mongoose\lib\query.js:4341:21)
    at model.Query.Query.then (D:\1\starff-working\后台\node_modules\_mongoose@5.9.15@mongoose\lib\query.js:4433:15)
    at process._tickCallback (internal/process/next_tick.js:68:7)
  message:
   'Cast to string failed for value "{ \'0\': \'d38373d0-6fd7-11e9-b5f5-d15fdff1a166\',\n  \'1\': \'d6934be0-6fd7-11e9-b5f5-d15fdff1a166\',\n  \'2\': \'d9ed2540-6fd7-11e9-b5f5-d15fdff1a166\',\n  \'3\': \'e0897f70-6fd7-11e9-b5f5-d15fdff1a166\',\n  \'4\': \'e375f100-6fd7-11e9-b5f5-d15fdff1a166\',\n  \'5\': \'eb468570-6fd7-11e9-b5f5-d15fdff1a166\',\n  \'6\': \'eea519c0-6fd7-11e9-b5f5-d15fdff1a166\',\n  \'7\': \'faf988a0-6fd7-11e9-b5f5-d15fdff1a166\',\n  \'8\': \'fe5cd7e0-6fd7-11e9-b5f5-d15fdff1a166\',\n  \'9\': \'013f5e60-6fd8-11e9-b5f5-d15fdff1a166\',\n  \'10\': \'046137d0-6fd8-11e9-b5f5-d15fdff1a166\',\n  \'11\': \'07944f50-6fd8-11e9-b5f5-d15fdff1a166\',\n  \'12\': \'0b2cdf60-6fd8-11e9-b5f5-d15fdff1a166\',\n  \'13\': \'145e3c50-6fd8-11e9-b5f5-d15fdff1a166\',\n  \'14\': \'26aafd30-6fd8-11e9-b5f5-d15fdff1a166\',\n  \'15\': \'2b6ec6d0-6fd8-11e9-b5f5-d15fdff1a166\',\n  \'16\': \'35849050-6fd8-11e9-b5f5-d15fdff1a166\',\n  \'17\': \'4d25a2f0-7526-11e9-8d1e-9bdf1f8ffe38\',\n  \'18\': \'4cec89a0-6fd8-11e9-b5f5-d15fdff1a166\',\n  \'19\': \'5a04bdb0-6fd8-11e9-b5f5-d15fdff1a166\',\n  \'20\': \'802232d0-be65-11e9-8553-4fc07ea7e78a\',\n  \'21\': \'691ef8c0-6fd7-11e9-b5f5-d15fdff1a166\',\n  \'22\': \'6af0b610-6fd8-11e9-b5f5-d15fdff1a166\',\n  \'23\': \'78ae03c0-6fd8-11e9-b5f5-d15fdff1a166\',\n  \'24\': \'7c230640-6fd8-11e9-b5f5-d15fdff1a166\',\n  \'25\': \'8f2d4ac0-6fd8-11e9-b5f5-d15fdff1a166\',\n  \'26\': \'230a3370-933d-11e9-9cd0-6fb8f3d26b41\',\n  \'27\': \'dd4c1240-6fd8-11e9-b5f5-d15fdff1a166\',\n  \'28\': \'e0034300-6fd8-11e9-b5f5-d15fdff1a166\',\n  \'29\': \'28921d50-7626-11e9-9b4a-c7dfbbe537c4\',\n  \'30\': \'66694140-a843-11e9-a12d-e3971d38aae3\',\n  \'31\': \'0ce659c0-6fd9-11e9-b5f5-d15fdff1a166\',\n  \'32\': \'131e25c0-6fd9-11e9-b5f5-d15fdff1a166\',\n  \'33\': \'d0189cb0-7307-11e9-8d1e-9bdf1f8ffe38\',\n  \'34\': \'d7173b20-7307-11e9-8d1e-9bdf1f8ffe38\',\n  \'35\': \'efa58110-752d-11e9-8d1e-9bdf1f8ffe38\',\n  \'36\': \'c28065e0-7b9c-11e9-9b4a-c7dfbbe537c4\',\n  \'37\': \'c82f04b0-7b9c-11e9-9b4a-c7dfbbe537c4\',\n  \'38\': \'ae2c1370-8c2a-11e9-9707-4b87eca1469f\',\n  \'39\': \'ce4f7660-8c2a-11e9-9707-4b87eca1469f\',\n  \'40\': \'c74ea000-a15d-11e9-a12d-e3971d38aae3\',\n  \'41\': \'cdc39c10-a15d-11e9-a12d-e3971d38aae3\' }" at path "id" for model "system"',
  name: 'CastError',
  messageFormat: undefined,
  stringValue:
   '"{ \'0\': \'d38373d0-6fd7-11e9-b5f5-d15fdff1a166\',\n  \'1\': \'d6934be0-6fd7-11e9-b5f5-d15fdff1a166\',\n  \'2\': \'d9ed2540-6fd7-11e9-b5f5-d15fdff1a166\',\n  \'3\': \'e0897f70-6fd7-11e9-b5f5-d15fdff1a166\',\n  \'4\': \'e375f100-6fd7-11e9-b5f5-d15fdff1a166\',\n  \'5\': \'eb468570-6fd7-11e9-b5f5-d15fdff1a166\',\n  \'6\': \'eea519c0-6fd7-11e9-b5f5-d15fdff1a166\',\n  \'7\': \'faf988a0-6fd7-11e9-b5f5-d15fdff1a166\',\n  \'8\': \'fe5cd7e0-6fd7-11e9-b5f5-d15fdff1a166\',\n  \'9\': \'013f5e60-6fd8-11e9-b5f5-d15fdff1a166\',\n  \'10\': \'046137d0-6fd8-11e9-b5f5-d15fdff1a166\',\n  \'11\': \'07944f50-6fd8-11e9-b5f5-d15fdff1a166\',\n  \'12\': \'0b2cdf60-6fd8-11e9-b5f5-d15fdff1a166\',\n  \'13\': \'145e3c50-6fd8-11e9-b5f5-d15fdff1a166\',\n  \'14\': \'26aafd30-6fd8-11e9-b5f5-d15fdff1a166\',\n  \'15\': \'2b6ec6d0-6fd8-11e9-b5f5-d15fdff1a166\',\n  \'16\': \'35849050-6fd8-11e9-b5f5-d15fdff1a166\',\n  \'17\': \'4d25a2f0-7526-11e9-8d1e-9bdf1f8ffe38\',\n  \'18\': \'4cec89a0-6fd8-11e9-b5f5-d15fdff1a166\',\n  \'19\': \'5a04bdb0-6fd8-11e9-b5f5-d15fdff1a166\',\n  \'20\': \'802232d0-be65-11e9-8553-4fc07ea7e78a\',\n  \'21\': \'691ef8c0-6fd7-11e9-b5f5-d15fdff1a166\',\n  \'22\': \'6af0b610-6fd8-11e9-b5f5-d15fdff1a166\',\n  \'23\': \'78ae03c0-6fd8-11e9-b5f5-d15fdff1a166\',\n  \'24\': \'7c230640-6fd8-11e9-b5f5-d15fdff1a166\',\n  \'25\': \'8f2d4ac0-6fd8-11e9-b5f5-d15fdff1a166\',\n  \'26\': \'230a3370-933d-11e9-9cd0-6fb8f3d26b41\',\n  \'27\': \'dd4c1240-6fd8-11e9-b5f5-d15fdff1a166\',\n  \'28\': \'e0034300-6fd8-11e9-b5f5-d15fdff1a166\',\n  \'29\': \'28921d50-7626-11e9-9b4a-c7dfbbe537c4\',\n  \'30\': \'66694140-a843-11e9-a12d-e3971d38aae3\',\n  \'31\': \'0ce659c0-6fd9-11e9-b5f5-d15fdff1a166\',\n  \'32\': \'131e25c0-6fd9-11e9-b5f5-d15fdff1a166\',\n  \'33\': \'d0189cb0-7307-11e9-8d1e-9bdf1f8ffe38\',\n  \'34\': \'d7173b20-7307-11e9-8d1e-9bdf1f8ffe38\',\n  \'35\': \'efa58110-752d-11e9-8d1e-9bdf1f8ffe38\',\n  \'36\': \'c28065e0-7b9c-11e9-9b4a-c7dfbbe537c4\',\n  \'37\': \'c82f04b0-7b9c-11e9-9b4a-c7dfbbe537c4\',\n  \'38\': \'ae2c1370-8c2a-11e9-9707-4b87eca1469f\',\n  \'39\': \'ce4f7660-8c2a-11e9-9707-4b87eca1469f\',\n  \'40\': \'c74ea000-a15d-11e9-a12d-e3971d38aae3\',\n  \'41\': \'cdc39c10-a15d-11e9-a12d-e3971d38aae3\' }"',
  kind: 'string',
  value:
   { '0': 'd38373d0-6fd7-11e9-b5f5-d15fdff1a166',
     '1': 'd6934be0-6fd7-11e9-b5f5-d15fdff1a166',
     '2': 'd9ed2540-6fd7-11e9-b5f5-d15fdff1a166',
     '3': 'e0897f70-6fd7-11e9-b5f5-d15fdff1a166',
     '4': 'e375f100-6fd7-11e9-b5f5-d15fdff1a166',
     '5': 'eb468570-6fd7-11e9-b5f5-d15fdff1a166',
     '6': 'eea519c0-6fd7-11e9-b5f5-d15fdff1a166',
     '7': 'faf988a0-6fd7-11e9-b5f5-d15fdff1a166',
     '8': 'fe5cd7e0-6fd7-11e9-b5f5-d15fdff1a166',
     '9': '013f5e60-6fd8-11e9-b5f5-d15fdff1a166',
     '10': '046137d0-6fd8-11e9-b5f5-d15fdff1a166',
     '11': '07944f50-6fd8-11e9-b5f5-d15fdff1a166',
     '12': '0b2cdf60-6fd8-11e9-b5f5-d15fdff1a166',
     '13': '145e3c50-6fd8-11e9-b5f5-d15fdff1a166',
     '14': '26aafd30-6fd8-11e9-b5f5-d15fdff1a166',
     '15': '2b6ec6d0-6fd8-11e9-b5f5-d15fdff1a166',
     '16': '35849050-6fd8-11e9-b5f5-d15fdff1a166',
     '17': '4d25a2f0-7526-11e9-8d1e-9bdf1f8ffe38',
     '18': '4cec89a0-6fd8-11e9-b5f5-d15fdff1a166',
     '19': '5a04bdb0-6fd8-11e9-b5f5-d15fdff1a166',
     '20': '802232d0-be65-11e9-8553-4fc07ea7e78a',
     '21': '691ef8c0-6fd7-11e9-b5f5-d15fdff1a166',
     '22': '6af0b610-6fd8-11e9-b5f5-d15fdff1a166',
     '23': '78ae03c0-6fd8-11e9-b5f5-d15fdff1a166',
     '24': '7c230640-6fd8-11e9-b5f5-d15fdff1a166',
     '25': '8f2d4ac0-6fd8-11e9-b5f5-d15fdff1a166',
     '26': '230a3370-933d-11e9-9cd0-6fb8f3d26b41',
     '27': 'dd4c1240-6fd8-11e9-b5f5-d15fdff1a166',
     '28': 'e0034300-6fd8-11e9-b5f5-d15fdff1a166',
     '29': '28921d50-7626-11e9-9b4a-c7dfbbe537c4',
     '30': '66694140-a843-11e9-a12d-e3971d38aae3',
     '31': '0ce659c0-6fd9-11e9-b5f5-d15fdff1a166',
     '32': '131e25c0-6fd9-11e9-b5f5-d15fdff1a166',
     '33': 'd0189cb0-7307-11e9-8d1e-9bdf1f8ffe38',
     '34': 'd7173b20-7307-11e9-8d1e-9bdf1f8ffe38',
     '35': 'efa58110-752d-11e9-8d1e-9bdf1f8ffe38',
     '36': 'c28065e0-7b9c-11e9-9b4a-c7dfbbe537c4',
     '37': 'c82f04b0-7b9c-11e9-9b4a-c7dfbbe537c4',
     '38': 'ae2c1370-8c2a-11e9-9707-4b87eca1469f',
     '39': 'ce4f7660-8c2a-11e9-9707-4b87eca1469f',
     '40': 'c74ea000-a15d-11e9-a12d-e3971d38aae3',
     '41': 'cdc39c10-a15d-11e9-a12d-e3971d38aae3' },
  path: 'id',
  reason: null }
[2020-05-25T09:35:40.378] [ERROR] application - { CastError: Cast to string failed for value "{ '0': 'd38373d0-6fd7-11e9-b5f5-d15fdff1a166',
  '1': 'd6934be0-6fd7-11e9-b5f5-d15fdff1a166',
  '2': 'd9ed2540-6fd7-11e9-b5f5-d15fdff1a166',
  '3': 'e0897f70-6fd7-11e9-b5f5-d15fdff1a166',
  '4': 'e375f100-6fd7-11e9-b5f5-d15fdff1a166',
  '5': 'eb468570-6fd7-11e9-b5f5-d15fdff1a166',
  '6': 'eea519c0-6fd7-11e9-b5f5-d15fdff1a166',
  '7': 'faf988a0-6fd7-11e9-b5f5-d15fdff1a166',
  '8': 'fe5cd7e0-6fd7-11e9-b5f5-d15fdff1a166',
  '9': '013f5e60-6fd8-11e9-b5f5-d15fdff1a166',
  '10': '046137d0-6fd8-11e9-b5f5-d15fdff1a166',
  '11': '07944f50-6fd8-11e9-b5f5-d15fdff1a166',
  '12': '0b2cdf60-6fd8-11e9-b5f5-d15fdff1a166',
  '13': '145e3c50-6fd8-11e9-b5f5-d15fdff1a166',
  '14': '26aafd30-6fd8-11e9-b5f5-d15fdff1a166',
  '15': '2b6ec6d0-6fd8-11e9-b5f5-d15fdff1a166',
  '16': '35849050-6fd8-11e9-b5f5-d15fdff1a166',
  '17': '4d25a2f0-7526-11e9-8d1e-9bdf1f8ffe38',
  '18': '4cec89a0-6fd8-11e9-b5f5-d15fdff1a166',
  '19': '5a04bdb0-6fd8-11e9-b5f5-d15fdff1a166',
  '20': '802232d0-be65-11e9-8553-4fc07ea7e78a',
  '21': '691ef8c0-6fd7-11e9-b5f5-d15fdff1a166',
  '22': '6af0b610-6fd8-11e9-b5f5-d15fdff1a166',
  '23': '78ae03c0-6fd8-11e9-b5f5-d15fdff1a166',
  '24': '7c230640-6fd8-11e9-b5f5-d15fdff1a166',
  '25': '8f2d4ac0-6fd8-11e9-b5f5-d15fdff1a166',
  '26': '230a3370-933d-11e9-9cd0-6fb8f3d26b41',
  '27': 'dd4c1240-6fd8-11e9-b5f5-d15fdff1a166',
  '28': 'e0034300-6fd8-11e9-b5f5-d15fdff1a166',
  '29': '28921d50-7626-11e9-9b4a-c7dfbbe537c4',
  '30': '66694140-a843-11e9-a12d-e3971d38aae3',
  '31': '0ce659c0-6fd9-11e9-b5f5-d15fdff1a166',
  '32': '131e25c0-6fd9-11e9-b5f5-d15fdff1a166',
  '33': 'd0189cb0-7307-11e9-8d1e-9bdf1f8ffe38',
  '34': 'd7173b20-7307-11e9-8d1e-9bdf1f8ffe38',
  '35': 'efa58110-752d-11e9-8d1e-9bdf1f8ffe38',
  '36': 'c28065e0-7b9c-11e9-9b4a-c7dfbbe537c4',
  '37': 'c82f04b0-7b9c-11e9-9b4a-c7dfbbe537c4',
  '38': 'ae2c1370-8c2a-11e9-9707-4b87eca1469f',
  '39': 'ce4f7660-8c2a-11e9-9707-4b87eca1469f',
  '40': 'c74ea000-a15d-11e9-a12d-e3971d38aae3',
  '41': 'cdc39c10-a15d-11e9-a12d-e3971d38aae3' }" at path "id" for model "system"
    at new CastError (D:\1\starff-working\后台\node_modules\_mongoose@5.9.15@mongoose\lib\error\cast.js:29:11)
    at model.Query.exec (D:\1\starff-working\后台\node_modules\_mongoose@5.9.15@mongoose\lib\query.js:4341:21)
    at model.Query.Query.then (D:\1\starff-working\后台\node_modules\_mongoose@5.9.15@mongoose\lib\query.js:4433:15)
    at process._tickCallback (internal/process/next_tick.js:68:7)
  message:
   'Cast to string failed for value "{ \'0\': \'d38373d0-6fd7-11e9-b5f5-d15fdff1a166\',\n  \'1\': \'d6934be0-6fd7-11e9-b5f5-d15fdff1a166\',\n  \'2\': \'d9ed2540-6fd7-11e9-b5f5-d15fdff1a166\',\n  \'3\': \'e0897f70-6fd7-11e9-b5f5-d15fdff1a166\',\n  \'4\': \'e375f100-6fd7-11e9-b5f5-d15fdff1a166\',\n  \'5\': \'eb468570-6fd7-11e9-b5f5-d15fdff1a166\',\n  \'6\': \'eea519c0-6fd7-11e9-b5f5-d15fdff1a166\',\n  \'7\': \'faf988a0-6fd7-11e9-b5f5-d15fdff1a166\',\n  \'8\': \'fe5cd7e0-6fd7-11e9-b5f5-d15fdff1a166\',\n  \'9\': \'013f5e60-6fd8-11e9-b5f5-d15fdff1a166\',\n  \'10\': \'046137d0-6fd8-11e9-b5f5-d15fdff1a166\',\n  \'11\': \'07944f50-6fd8-11e9-b5f5-d15fdff1a166\',\n  \'12\': \'0b2cdf60-6fd8-11e9-b5f5-d15fdff1a166\',\n  \'13\': \'145e3c50-6fd8-11e9-b5f5-d15fdff1a166\',\n  \'14\': \'26aafd30-6fd8-11e9-b5f5-d15fdff1a166\',\n  \'15\': \'2b6ec6d0-6fd8-11e9-b5f5-d15fdff1a166\',\n  \'16\': \'35849050-6fd8-11e9-b5f5-d15fdff1a166\',\n  \'17\': \'4d25a2f0-7526-11e9-8d1e-9bdf1f8ffe38\',\n  \'18\': \'4cec89a0-6fd8-11e9-b5f5-d15fdff1a166\',\n  \'19\': \'5a04bdb0-6fd8-11e9-b5f5-d15fdff1a166\',\n  \'20\': \'802232d0-be65-11e9-8553-4fc07ea7e78a\',\n  \'21\': \'691ef8c0-6fd7-11e9-b5f5-d15fdff1a166\',\n  \'22\': \'6af0b610-6fd8-11e9-b5f5-d15fdff1a166\',\n  \'23\': \'78ae03c0-6fd8-11e9-b5f5-d15fdff1a166\',\n  \'24\': \'7c230640-6fd8-11e9-b5f5-d15fdff1a166\',\n  \'25\': \'8f2d4ac0-6fd8-11e9-b5f5-d15fdff1a166\',\n  \'26\': \'230a3370-933d-11e9-9cd0-6fb8f3d26b41\',\n  \'27\': \'dd4c1240-6fd8-11e9-b5f5-d15fdff1a166\',\n  \'28\': \'e0034300-6fd8-11e9-b5f5-d15fdff1a166\',\n  \'29\': \'28921d50-7626-11e9-9b4a-c7dfbbe537c4\',\n  \'30\': \'66694140-a843-11e9-a12d-e3971d38aae3\',\n  \'31\': \'0ce659c0-6fd9-11e9-b5f5-d15fdff1a166\',\n  \'32\': \'131e25c0-6fd9-11e9-b5f5-d15fdff1a166\',\n  \'33\': \'d0189cb0-7307-11e9-8d1e-9bdf1f8ffe38\',\n  \'34\': \'d7173b20-7307-11e9-8d1e-9bdf1f8ffe38\',\n  \'35\': \'efa58110-752d-11e9-8d1e-9bdf1f8ffe38\',\n  \'36\': \'c28065e0-7b9c-11e9-9b4a-c7dfbbe537c4\',\n  \'37\': \'c82f04b0-7b9c-11e9-9b4a-c7dfbbe537c4\',\n  \'38\': \'ae2c1370-8c2a-11e9-9707-4b87eca1469f\',\n  \'39\': \'ce4f7660-8c2a-11e9-9707-4b87eca1469f\',\n  \'40\': \'c74ea000-a15d-11e9-a12d-e3971d38aae3\',\n  \'41\': \'cdc39c10-a15d-11e9-a12d-e3971d38aae3\' }" at path "id" for model "system"',
  name: 'CastError',
  messageFormat: undefined,
  stringValue:
   '"{ \'0\': \'d38373d0-6fd7-11e9-b5f5-d15fdff1a166\',\n  \'1\': \'d6934be0-6fd7-11e9-b5f5-d15fdff1a166\',\n  \'2\': \'d9ed2540-6fd7-11e9-b5f5-d15fdff1a166\',\n  \'3\': \'e0897f70-6fd7-11e9-b5f5-d15fdff1a166\',\n  \'4\': \'e375f100-6fd7-11e9-b5f5-d15fdff1a166\',\n  \'5\': \'eb468570-6fd7-11e9-b5f5-d15fdff1a166\',\n  \'6\': \'eea519c0-6fd7-11e9-b5f5-d15fdff1a166\',\n  \'7\': \'faf988a0-6fd7-11e9-b5f5-d15fdff1a166\',\n  \'8\': \'fe5cd7e0-6fd7-11e9-b5f5-d15fdff1a166\',\n  \'9\': \'013f5e60-6fd8-11e9-b5f5-d15fdff1a166\',\n  \'10\': \'046137d0-6fd8-11e9-b5f5-d15fdff1a166\',\n  \'11\': \'07944f50-6fd8-11e9-b5f5-d15fdff1a166\',\n  \'12\': \'0b2cdf60-6fd8-11e9-b5f5-d15fdff1a166\',\n  \'13\': \'145e3c50-6fd8-11e9-b5f5-d15fdff1a166\',\n  \'14\': \'26aafd30-6fd8-11e9-b5f5-d15fdff1a166\',\n  \'15\': \'2b6ec6d0-6fd8-11e9-b5f5-d15fdff1a166\',\n  \'16\': \'35849050-6fd8-11e9-b5f5-d15fdff1a166\',\n  \'17\': \'4d25a2f0-7526-11e9-8d1e-9bdf1f8ffe38\',\n  \'18\': \'4cec89a0-6fd8-11e9-b5f5-d15fdff1a166\',\n  \'19\': \'5a04bdb0-6fd8-11e9-b5f5-d15fdff1a166\',\n  \'20\': \'802232d0-be65-11e9-8553-4fc07ea7e78a\',\n  \'21\': \'691ef8c0-6fd7-11e9-b5f5-d15fdff1a166\',\n  \'22\': \'6af0b610-6fd8-11e9-b5f5-d15fdff1a166\',\n  \'23\': \'78ae03c0-6fd8-11e9-b5f5-d15fdff1a166\',\n  \'24\': \'7c230640-6fd8-11e9-b5f5-d15fdff1a166\',\n  \'25\': \'8f2d4ac0-6fd8-11e9-b5f5-d15fdff1a166\',\n  \'26\': \'230a3370-933d-11e9-9cd0-6fb8f3d26b41\',\n  \'27\': \'dd4c1240-6fd8-11e9-b5f5-d15fdff1a166\',\n  \'28\': \'e0034300-6fd8-11e9-b5f5-d15fdff1a166\',\n  \'29\': \'28921d50-7626-11e9-9b4a-c7dfbbe537c4\',\n  \'30\': \'66694140-a843-11e9-a12d-e3971d38aae3\',\n  \'31\': \'0ce659c0-6fd9-11e9-b5f5-d15fdff1a166\',\n  \'32\': \'131e25c0-6fd9-11e9-b5f5-d15fdff1a166\',\n  \'33\': \'d0189cb0-7307-11e9-8d1e-9bdf1f8ffe38\',\n  \'34\': \'d7173b20-7307-11e9-8d1e-9bdf1f8ffe38\',\n  \'35\': \'efa58110-752d-11e9-8d1e-9bdf1f8ffe38\',\n  \'36\': \'c28065e0-7b9c-11e9-9b4a-c7dfbbe537c4\',\n  \'37\': \'c82f04b0-7b9c-11e9-9b4a-c7dfbbe537c4\',\n  \'38\': \'ae2c1370-8c2a-11e9-9707-4b87eca1469f\',\n  \'39\': \'ce4f7660-8c2a-11e9-9707-4b87eca1469f\',\n  \'40\': \'c74ea000-a15d-11e9-a12d-e3971d38aae3\',\n  \'41\': \'cdc39c10-a15d-11e9-a12d-e3971d38aae3\' }"',
  kind: 'string',
  value:
   { '0': 'd38373d0-6fd7-11e9-b5f5-d15fdff1a166',
     '1': 'd6934be0-6fd7-11e9-b5f5-d15fdff1a166',
     '2': 'd9ed2540-6fd7-11e9-b5f5-d15fdff1a166',
     '3': 'e0897f70-6fd7-11e9-b5f5-d15fdff1a166',
     '4': 'e375f100-6fd7-11e9-b5f5-d15fdff1a166',
     '5': 'eb468570-6fd7-11e9-b5f5-d15fdff1a166',
     '6': 'eea519c0-6fd7-11e9-b5f5-d15fdff1a166',
     '7': 'faf988a0-6fd7-11e9-b5f5-d15fdff1a166',
     '8': 'fe5cd7e0-6fd7-11e9-b5f5-d15fdff1a166',
     '9': '013f5e60-6fd8-11e9-b5f5-d15fdff1a166',
     '10': '046137d0-6fd8-11e9-b5f5-d15fdff1a166',
     '11': '07944f50-6fd8-11e9-b5f5-d15fdff1a166',
     '12': '0b2cdf60-6fd8-11e9-b5f5-d15fdff1a166',
     '13': '145e3c50-6fd8-11e9-b5f5-d15fdff1a166',
     '14': '26aafd30-6fd8-11e9-b5f5-d15fdff1a166',
     '15': '2b6ec6d0-6fd8-11e9-b5f5-d15fdff1a166',
     '16': '35849050-6fd8-11e9-b5f5-d15fdff1a166',
     '17': '4d25a2f0-7526-11e9-8d1e-9bdf1f8ffe38',
     '18': '4cec89a0-6fd8-11e9-b5f5-d15fdff1a166',
     '19': '5a04bdb0-6fd8-11e9-b5f5-d15fdff1a166',
     '20': '802232d0-be65-11e9-8553-4fc07ea7e78a',
     '21': '691ef8c0-6fd7-11e9-b5f5-d15fdff1a166',
     '22': '6af0b610-6fd8-11e9-b5f5-d15fdff1a166',
     '23': '78ae03c0-6fd8-11e9-b5f5-d15fdff1a166',
     '24': '7c230640-6fd8-11e9-b5f5-d15fdff1a166',
     '25': '8f2d4ac0-6fd8-11e9-b5f5-d15fdff1a166',
     '26': '230a3370-933d-11e9-9cd0-6fb8f3d26b41',
     '27': 'dd4c1240-6fd8-11e9-b5f5-d15fdff1a166',
     '28': 'e0034300-6fd8-11e9-b5f5-d15fdff1a166',
     '29': '28921d50-7626-11e9-9b4a-c7dfbbe537c4',
     '30': '66694140-a843-11e9-a12d-e3971d38aae3',
     '31': '0ce659c0-6fd9-11e9-b5f5-d15fdff1a166',
     '32': '131e25c0-6fd9-11e9-b5f5-d15fdff1a166',
     '33': 'd0189cb0-7307-11e9-8d1e-9bdf1f8ffe38',
     '34': 'd7173b20-7307-11e9-8d1e-9bdf1f8ffe38',
     '35': 'efa58110-752d-11e9-8d1e-9bdf1f8ffe38',
     '36': 'c28065e0-7b9c-11e9-9b4a-c7dfbbe537c4',
     '37': 'c82f04b0-7b9c-11e9-9b4a-c7dfbbe537c4',
     '38': 'ae2c1370-8c2a-11e9-9707-4b87eca1469f',
     '39': 'ce4f7660-8c2a-11e9-9707-4b87eca1469f',
     '40': 'c74ea000-a15d-11e9-a12d-e3971d38aae3',
     '41': 'cdc39c10-a15d-11e9-a12d-e3971d38aae3' },
  path: 'id',
  reason: null }
[2020-05-25T17:50:15.633] [ERROR] application - { CastError: Cast to string failed for value "{ '0': 'd38373d0-6fd7-11e9-b5f5-d15fdff1a166',
  '1': 'd6934be0-6fd7-11e9-b5f5-d15fdff1a166',
  '2': 'd9ed2540-6fd7-11e9-b5f5-d15fdff1a166',
  '3': 'e0897f70-6fd7-11e9-b5f5-d15fdff1a166',
  '4': 'e375f100-6fd7-11e9-b5f5-d15fdff1a166',
  '5': 'eb468570-6fd7-11e9-b5f5-d15fdff1a166',
  '6': 'eea519c0-6fd7-11e9-b5f5-d15fdff1a166',
  '7': 'faf988a0-6fd7-11e9-b5f5-d15fdff1a166',
  '8': 'fe5cd7e0-6fd7-11e9-b5f5-d15fdff1a166',
  '9': '013f5e60-6fd8-11e9-b5f5-d15fdff1a166',
  '10': '046137d0-6fd8-11e9-b5f5-d15fdff1a166',
  '11': '07944f50-6fd8-11e9-b5f5-d15fdff1a166',
  '12': '0b2cdf60-6fd8-11e9-b5f5-d15fdff1a166',
  '13': '145e3c50-6fd8-11e9-b5f5-d15fdff1a166',
  '14': '26aafd30-6fd8-11e9-b5f5-d15fdff1a166',
  '15': '2b6ec6d0-6fd8-11e9-b5f5-d15fdff1a166',
  '16': '35849050-6fd8-11e9-b5f5-d15fdff1a166',
  '17': '4d25a2f0-7526-11e9-8d1e-9bdf1f8ffe38',
  '18': '4cec89a0-6fd8-11e9-b5f5-d15fdff1a166',
  '19': '5a04bdb0-6fd8-11e9-b5f5-d15fdff1a166',
  '20': '802232d0-be65-11e9-8553-4fc07ea7e78a',
  '21': '691ef8c0-6fd7-11e9-b5f5-d15fdff1a166',
  '22': '6af0b610-6fd8-11e9-b5f5-d15fdff1a166',
  '23': '78ae03c0-6fd8-11e9-b5f5-d15fdff1a166',
  '24': '7c230640-6fd8-11e9-b5f5-d15fdff1a166',
  '25': '8f2d4ac0-6fd8-11e9-b5f5-d15fdff1a166',
  '26': '230a3370-933d-11e9-9cd0-6fb8f3d26b41',
  '27': 'dd4c1240-6fd8-11e9-b5f5-d15fdff1a166',
  '28': 'e0034300-6fd8-11e9-b5f5-d15fdff1a166',
  '29': '28921d50-7626-11e9-9b4a-c7dfbbe537c4',
  '30': '66694140-a843-11e9-a12d-e3971d38aae3',
  '31': '0ce659c0-6fd9-11e9-b5f5-d15fdff1a166',
  '32': '131e25c0-6fd9-11e9-b5f5-d15fdff1a166',
  '33': 'd0189cb0-7307-11e9-8d1e-9bdf1f8ffe38',
  '34': 'd7173b20-7307-11e9-8d1e-9bdf1f8ffe38',
  '35': 'efa58110-752d-11e9-8d1e-9bdf1f8ffe38',
  '36': 'c28065e0-7b9c-11e9-9b4a-c7dfbbe537c4',
  '37': 'c82f04b0-7b9c-11e9-9b4a-c7dfbbe537c4',
  '38': 'ae2c1370-8c2a-11e9-9707-4b87eca1469f',
  '39': 'ce4f7660-8c2a-11e9-9707-4b87eca1469f',
  '40': 'c74ea000-a15d-11e9-a12d-e3971d38aae3',
  '41': 'cdc39c10-a15d-11e9-a12d-e3971d38aae3' }" at path "id" for model "system"
    at new CastError (D:\1\starff-working\后台\node_modules\_mongoose@5.9.15@mongoose\lib\error\cast.js:29:11)
    at model.Query.exec (D:\1\starff-working\后台\node_modules\_mongoose@5.9.15@mongoose\lib\query.js:4341:21)
    at model.Query.Query.then (D:\1\starff-working\后台\node_modules\_mongoose@5.9.15@mongoose\lib\query.js:4433:15)
    at process._tickCallback (internal/process/next_tick.js:68:7)
  message:
   'Cast to string failed for value "{ \'0\': \'d38373d0-6fd7-11e9-b5f5-d15fdff1a166\',\n  \'1\': \'d6934be0-6fd7-11e9-b5f5-d15fdff1a166\',\n  \'2\': \'d9ed2540-6fd7-11e9-b5f5-d15fdff1a166\',\n  \'3\': \'e0897f70-6fd7-11e9-b5f5-d15fdff1a166\',\n  \'4\': \'e375f100-6fd7-11e9-b5f5-d15fdff1a166\',\n  \'5\': \'eb468570-6fd7-11e9-b5f5-d15fdff1a166\',\n  \'6\': \'eea519c0-6fd7-11e9-b5f5-d15fdff1a166\',\n  \'7\': \'faf988a0-6fd7-11e9-b5f5-d15fdff1a166\',\n  \'8\': \'fe5cd7e0-6fd7-11e9-b5f5-d15fdff1a166\',\n  \'9\': \'013f5e60-6fd8-11e9-b5f5-d15fdff1a166\',\n  \'10\': \'046137d0-6fd8-11e9-b5f5-d15fdff1a166\',\n  \'11\': \'07944f50-6fd8-11e9-b5f5-d15fdff1a166\',\n  \'12\': \'0b2cdf60-6fd8-11e9-b5f5-d15fdff1a166\',\n  \'13\': \'145e3c50-6fd8-11e9-b5f5-d15fdff1a166\',\n  \'14\': \'26aafd30-6fd8-11e9-b5f5-d15fdff1a166\',\n  \'15\': \'2b6ec6d0-6fd8-11e9-b5f5-d15fdff1a166\',\n  \'16\': \'35849050-6fd8-11e9-b5f5-d15fdff1a166\',\n  \'17\': \'4d25a2f0-7526-11e9-8d1e-9bdf1f8ffe38\',\n  \'18\': \'4cec89a0-6fd8-11e9-b5f5-d15fdff1a166\',\n  \'19\': \'5a04bdb0-6fd8-11e9-b5f5-d15fdff1a166\',\n  \'20\': \'802232d0-be65-11e9-8553-4fc07ea7e78a\',\n  \'21\': \'691ef8c0-6fd7-11e9-b5f5-d15fdff1a166\',\n  \'22\': \'6af0b610-6fd8-11e9-b5f5-d15fdff1a166\',\n  \'23\': \'78ae03c0-6fd8-11e9-b5f5-d15fdff1a166\',\n  \'24\': \'7c230640-6fd8-11e9-b5f5-d15fdff1a166\',\n  \'25\': \'8f2d4ac0-6fd8-11e9-b5f5-d15fdff1a166\',\n  \'26\': \'230a3370-933d-11e9-9cd0-6fb8f3d26b41\',\n  \'27\': \'dd4c1240-6fd8-11e9-b5f5-d15fdff1a166\',\n  \'28\': \'e0034300-6fd8-11e9-b5f5-d15fdff1a166\',\n  \'29\': \'28921d50-7626-11e9-9b4a-c7dfbbe537c4\',\n  \'30\': \'66694140-a843-11e9-a12d-e3971d38aae3\',\n  \'31\': \'0ce659c0-6fd9-11e9-b5f5-d15fdff1a166\',\n  \'32\': \'131e25c0-6fd9-11e9-b5f5-d15fdff1a166\',\n  \'33\': \'d0189cb0-7307-11e9-8d1e-9bdf1f8ffe38\',\n  \'34\': \'d7173b20-7307-11e9-8d1e-9bdf1f8ffe38\',\n  \'35\': \'efa58110-752d-11e9-8d1e-9bdf1f8ffe38\',\n  \'36\': \'c28065e0-7b9c-11e9-9b4a-c7dfbbe537c4\',\n  \'37\': \'c82f04b0-7b9c-11e9-9b4a-c7dfbbe537c4\',\n  \'38\': \'ae2c1370-8c2a-11e9-9707-4b87eca1469f\',\n  \'39\': \'ce4f7660-8c2a-11e9-9707-4b87eca1469f\',\n  \'40\': \'c74ea000-a15d-11e9-a12d-e3971d38aae3\',\n  \'41\': \'cdc39c10-a15d-11e9-a12d-e3971d38aae3\' }" at path "id" for model "system"',
  name: 'CastError',
  messageFormat: undefined,
  stringValue:
   '"{ \'0\': \'d38373d0-6fd7-11e9-b5f5-d15fdff1a166\',\n  \'1\': \'d6934be0-6fd7-11e9-b5f5-d15fdff1a166\',\n  \'2\': \'d9ed2540-6fd7-11e9-b5f5-d15fdff1a166\',\n  \'3\': \'e0897f70-6fd7-11e9-b5f5-d15fdff1a166\',\n  \'4\': \'e375f100-6fd7-11e9-b5f5-d15fdff1a166\',\n  \'5\': \'eb468570-6fd7-11e9-b5f5-d15fdff1a166\',\n  \'6\': \'eea519c0-6fd7-11e9-b5f5-d15fdff1a166\',\n  \'7\': \'faf988a0-6fd7-11e9-b5f5-d15fdff1a166\',\n  \'8\': \'fe5cd7e0-6fd7-11e9-b5f5-d15fdff1a166\',\n  \'9\': \'013f5e60-6fd8-11e9-b5f5-d15fdff1a166\',\n  \'10\': \'046137d0-6fd8-11e9-b5f5-d15fdff1a166\',\n  \'11\': \'07944f50-6fd8-11e9-b5f5-d15fdff1a166\',\n  \'12\': \'0b2cdf60-6fd8-11e9-b5f5-d15fdff1a166\',\n  \'13\': \'145e3c50-6fd8-11e9-b5f5-d15fdff1a166\',\n  \'14\': \'26aafd30-6fd8-11e9-b5f5-d15fdff1a166\',\n  \'15\': \'2b6ec6d0-6fd8-11e9-b5f5-d15fdff1a166\',\n  \'16\': \'35849050-6fd8-11e9-b5f5-d15fdff1a166\',\n  \'17\': \'4d25a2f0-7526-11e9-8d1e-9bdf1f8ffe38\',\n  \'18\': \'4cec89a0-6fd8-11e9-b5f5-d15fdff1a166\',\n  \'19\': \'5a04bdb0-6fd8-11e9-b5f5-d15fdff1a166\',\n  \'20\': \'802232d0-be65-11e9-8553-4fc07ea7e78a\',\n  \'21\': \'691ef8c0-6fd7-11e9-b5f5-d15fdff1a166\',\n  \'22\': \'6af0b610-6fd8-11e9-b5f5-d15fdff1a166\',\n  \'23\': \'78ae03c0-6fd8-11e9-b5f5-d15fdff1a166\',\n  \'24\': \'7c230640-6fd8-11e9-b5f5-d15fdff1a166\',\n  \'25\': \'8f2d4ac0-6fd8-11e9-b5f5-d15fdff1a166\',\n  \'26\': \'230a3370-933d-11e9-9cd0-6fb8f3d26b41\',\n  \'27\': \'dd4c1240-6fd8-11e9-b5f5-d15fdff1a166\',\n  \'28\': \'e0034300-6fd8-11e9-b5f5-d15fdff1a166\',\n  \'29\': \'28921d50-7626-11e9-9b4a-c7dfbbe537c4\',\n  \'30\': \'66694140-a843-11e9-a12d-e3971d38aae3\',\n  \'31\': \'0ce659c0-6fd9-11e9-b5f5-d15fdff1a166\',\n  \'32\': \'131e25c0-6fd9-11e9-b5f5-d15fdff1a166\',\n  \'33\': \'d0189cb0-7307-11e9-8d1e-9bdf1f8ffe38\',\n  \'34\': \'d7173b20-7307-11e9-8d1e-9bdf1f8ffe38\',\n  \'35\': \'efa58110-752d-11e9-8d1e-9bdf1f8ffe38\',\n  \'36\': \'c28065e0-7b9c-11e9-9b4a-c7dfbbe537c4\',\n  \'37\': \'c82f04b0-7b9c-11e9-9b4a-c7dfbbe537c4\',\n  \'38\': \'ae2c1370-8c2a-11e9-9707-4b87eca1469f\',\n  \'39\': \'ce4f7660-8c2a-11e9-9707-4b87eca1469f\',\n  \'40\': \'c74ea000-a15d-11e9-a12d-e3971d38aae3\',\n  \'41\': \'cdc39c10-a15d-11e9-a12d-e3971d38aae3\' }"',
  kind: 'string',
  value:
   { '0': 'd38373d0-6fd7-11e9-b5f5-d15fdff1a166',
     '1': 'd6934be0-6fd7-11e9-b5f5-d15fdff1a166',
     '2': 'd9ed2540-6fd7-11e9-b5f5-d15fdff1a166',
     '3': 'e0897f70-6fd7-11e9-b5f5-d15fdff1a166',
     '4': 'e375f100-6fd7-11e9-b5f5-d15fdff1a166',
     '5': 'eb468570-6fd7-11e9-b5f5-d15fdff1a166',
     '6': 'eea519c0-6fd7-11e9-b5f5-d15fdff1a166',
     '7': 'faf988a0-6fd7-11e9-b5f5-d15fdff1a166',
     '8': 'fe5cd7e0-6fd7-11e9-b5f5-d15fdff1a166',
     '9': '013f5e60-6fd8-11e9-b5f5-d15fdff1a166',
     '10': '046137d0-6fd8-11e9-b5f5-d15fdff1a166',
     '11': '07944f50-6fd8-11e9-b5f5-d15fdff1a166',
     '12': '0b2cdf60-6fd8-11e9-b5f5-d15fdff1a166',
     '13': '145e3c50-6fd8-11e9-b5f5-d15fdff1a166',
     '14': '26aafd30-6fd8-11e9-b5f5-d15fdff1a166',
     '15': '2b6ec6d0-6fd8-11e9-b5f5-d15fdff1a166',
     '16': '35849050-6fd8-11e9-b5f5-d15fdff1a166',
     '17': '4d25a2f0-7526-11e9-8d1e-9bdf1f8ffe38',
     '18': '4cec89a0-6fd8-11e9-b5f5-d15fdff1a166',
     '19': '5a04bdb0-6fd8-11e9-b5f5-d15fdff1a166',
     '20': '802232d0-be65-11e9-8553-4fc07ea7e78a',
     '21': '691ef8c0-6fd7-11e9-b5f5-d15fdff1a166',
     '22': '6af0b610-6fd8-11e9-b5f5-d15fdff1a166',
     '23': '78ae03c0-6fd8-11e9-b5f5-d15fdff1a166',
     '24': '7c230640-6fd8-11e9-b5f5-d15fdff1a166',
     '25': '8f2d4ac0-6fd8-11e9-b5f5-d15fdff1a166',
     '26': '230a3370-933d-11e9-9cd0-6fb8f3d26b41',
     '27': 'dd4c1240-6fd8-11e9-b5f5-d15fdff1a166',
     '28': 'e0034300-6fd8-11e9-b5f5-d15fdff1a166',
     '29': '28921d50-7626-11e9-9b4a-c7dfbbe537c4',
     '30': '66694140-a843-11e9-a12d-e3971d38aae3',
     '31': '0ce659c0-6fd9-11e9-b5f5-d15fdff1a166',
     '32': '131e25c0-6fd9-11e9-b5f5-d15fdff1a166',
     '33': 'd0189cb0-7307-11e9-8d1e-9bdf1f8ffe38',
     '34': 'd7173b20-7307-11e9-8d1e-9bdf1f8ffe38',
     '35': 'efa58110-752d-11e9-8d1e-9bdf1f8ffe38',
     '36': 'c28065e0-7b9c-11e9-9b4a-c7dfbbe537c4',
     '37': 'c82f04b0-7b9c-11e9-9b4a-c7dfbbe537c4',
     '38': 'ae2c1370-8c2a-11e9-9707-4b87eca1469f',
     '39': 'ce4f7660-8c2a-11e9-9707-4b87eca1469f',
     '40': 'c74ea000-a15d-11e9-a12d-e3971d38aae3',
     '41': 'cdc39c10-a15d-11e9-a12d-e3971d38aae3' },
  path: 'id',
  reason: null }
