[2020-01-10T15:23:48.862] [ERROR] application - TypeError: Cannot read property 'each' of undefined
    at mergeTemplate (D:\1\starff-working\后台\app\controllers\document_controller.js:227:19)
    at dispatch (D:\1\starff-working\后台\node_modules\_koa-compose@3.2.1@koa-compose\index.js:44:32)
    at next (D:\1\starff-working\后台\node_modules\_koa-compose@3.2.1@koa-compose\index.js:45:18)
    at D:\1\starff-working\后台\node_modules\_koa-router@7.4.0@koa-router\lib\router.js:346:16
    at dispatch (D:\1\starff-working\后台\node_modules\_koa-compose@3.2.1@koa-compose\index.js:44:32)
    at D:\1\starff-working\后台\node_modules\_koa-compose@3.2.1@koa-compose\index.js:36:12
    at dispatch (D:\1\starff-working\后台\node_modules\_koa-router@7.4.0@koa-router\lib\router.js:351:31)
    at dispatch (D:\1\starff-working\后台\node_modules\_koa-compose@4.1.0@koa-compose\index.js:42:32)
    at allowedMethods (D:\1\starff-working\后台\node_modules\_koa-router@7.4.0@koa-router\lib\router.js:407:12)
    at dispatch (D:\1\starff-working\后台\node_modules\_koa-compose@4.1.0@koa-compose\index.js:42:32)
    at dispatch (D:\1\starff-working\后台\node_modules\_koa-router@7.4.0@koa-router\lib\router.js:332:32)
    at dispatch (D:\1\starff-working\后台\node_modules\_koa-compose@4.1.0@koa-compose\index.js:42:32)
    at allowedMethods (D:\1\starff-working\后台\node_modules\_koa-router@7.4.0@koa-router\lib\router.js:407:12)
    at dispatch (D:\1\starff-working\后台\node_modules\_koa-compose@4.1.0@koa-compose\index.js:42:32)
    at dispatch (D:\1\starff-working\后台\node_modules\_koa-router@7.4.0@koa-router\lib\router.js:332:32)
    at dispatch (D:\1\starff-working\后台\node_modules\_koa-compose@4.1.0@koa-compose\index.js:42:32)
[2020-01-10T15:24:04.996] [ERROR] application - TypeError: req.mergeList.each is not a function
    at mergeTemplate (D:\1\starff-working\后台\app\controllers\document_controller.js:227:19)
    at dispatch (D:\1\starff-working\后台\node_modules\_koa-compose@3.2.1@koa-compose\index.js:44:32)
    at next (D:\1\starff-working\后台\node_modules\_koa-compose@3.2.1@koa-compose\index.js:45:18)
    at D:\1\starff-working\后台\node_modules\_koa-router@7.4.0@koa-router\lib\router.js:346:16
    at dispatch (D:\1\starff-working\后台\node_modules\_koa-compose@3.2.1@koa-compose\index.js:44:32)
    at D:\1\starff-working\后台\node_modules\_koa-compose@3.2.1@koa-compose\index.js:36:12
    at dispatch (D:\1\starff-working\后台\node_modules\_koa-router@7.4.0@koa-router\lib\router.js:351:31)
    at dispatch (D:\1\starff-working\后台\node_modules\_koa-compose@4.1.0@koa-compose\index.js:42:32)
    at allowedMethods (D:\1\starff-working\后台\node_modules\_koa-router@7.4.0@koa-router\lib\router.js:407:12)
    at dispatch (D:\1\starff-working\后台\node_modules\_koa-compose@4.1.0@koa-compose\index.js:42:32)
    at dispatch (D:\1\starff-working\后台\node_modules\_koa-router@7.4.0@koa-router\lib\router.js:332:32)
    at dispatch (D:\1\starff-working\后台\node_modules\_koa-compose@4.1.0@koa-compose\index.js:42:32)
    at allowedMethods (D:\1\starff-working\后台\node_modules\_koa-router@7.4.0@koa-router\lib\router.js:407:12)
    at dispatch (D:\1\starff-working\后台\node_modules\_koa-compose@4.1.0@koa-compose\index.js:42:32)
    at dispatch (D:\1\starff-working\后台\node_modules\_koa-router@7.4.0@koa-router\lib\router.js:332:32)
    at dispatch (D:\1\starff-working\后台\node_modules\_koa-compose@4.1.0@koa-compose\index.js:42:32)
[2020-01-10T15:24:26.310] [ERROR] application - TypeError: req.mergeList.each is not a function
    at mergeTemplate (D:\1\starff-working\后台\app\controllers\document_controller.js:227:19)
    at dispatch (D:\1\starff-working\后台\node_modules\_koa-compose@3.2.1@koa-compose\index.js:44:32)
    at next (D:\1\starff-working\后台\node_modules\_koa-compose@3.2.1@koa-compose\index.js:45:18)
    at D:\1\starff-working\后台\node_modules\_koa-router@7.4.0@koa-router\lib\router.js:346:16
    at dispatch (D:\1\starff-working\后台\node_modules\_koa-compose@3.2.1@koa-compose\index.js:44:32)
    at D:\1\starff-working\后台\node_modules\_koa-compose@3.2.1@koa-compose\index.js:36:12
    at dispatch (D:\1\starff-working\后台\node_modules\_koa-router@7.4.0@koa-router\lib\router.js:351:31)
    at dispatch (D:\1\starff-working\后台\node_modules\_koa-compose@4.1.0@koa-compose\index.js:42:32)
    at allowedMethods (D:\1\starff-working\后台\node_modules\_koa-router@7.4.0@koa-router\lib\router.js:407:12)
    at dispatch (D:\1\starff-working\后台\node_modules\_koa-compose@4.1.0@koa-compose\index.js:42:32)
    at dispatch (D:\1\starff-working\后台\node_modules\_koa-router@7.4.0@koa-router\lib\router.js:332:32)
    at dispatch (D:\1\starff-working\后台\node_modules\_koa-compose@4.1.0@koa-compose\index.js:42:32)
    at allowedMethods (D:\1\starff-working\后台\node_modules\_koa-router@7.4.0@koa-router\lib\router.js:407:12)
    at dispatch (D:\1\starff-working\后台\node_modules\_koa-compose@4.1.0@koa-compose\index.js:42:32)
    at dispatch (D:\1\starff-working\后台\node_modules\_koa-router@7.4.0@koa-router\lib\router.js:332:32)
    at dispatch (D:\1\starff-working\后台\node_modules\_koa-compose@4.1.0@koa-compose\index.js:42:32)
[2020-01-10T15:26:30.667] [ERROR] application - TypeError: req.mergeList.each is not a function
    at mergeTemplate (D:\1\starff-working\后台\app\controllers\document_controller.js:227:19)
    at dispatch (D:\1\starff-working\后台\node_modules\_koa-compose@3.2.1@koa-compose\index.js:44:32)
    at next (D:\1\starff-working\后台\node_modules\_koa-compose@3.2.1@koa-compose\index.js:45:18)
    at D:\1\starff-working\后台\node_modules\_koa-router@7.4.0@koa-router\lib\router.js:346:16
    at dispatch (D:\1\starff-working\后台\node_modules\_koa-compose@3.2.1@koa-compose\index.js:44:32)
    at D:\1\starff-working\后台\node_modules\_koa-compose@3.2.1@koa-compose\index.js:36:12
    at dispatch (D:\1\starff-working\后台\node_modules\_koa-router@7.4.0@koa-router\lib\router.js:351:31)
    at dispatch (D:\1\starff-working\后台\node_modules\_koa-compose@4.1.0@koa-compose\index.js:42:32)
    at allowedMethods (D:\1\starff-working\后台\node_modules\_koa-router@7.4.0@koa-router\lib\router.js:407:12)
    at dispatch (D:\1\starff-working\后台\node_modules\_koa-compose@4.1.0@koa-compose\index.js:42:32)
    at dispatch (D:\1\starff-working\后台\node_modules\_koa-router@7.4.0@koa-router\lib\router.js:332:32)
    at dispatch (D:\1\starff-working\后台\node_modules\_koa-compose@4.1.0@koa-compose\index.js:42:32)
    at allowedMethods (D:\1\starff-working\后台\node_modules\_koa-router@7.4.0@koa-router\lib\router.js:407:12)
    at dispatch (D:\1\starff-working\后台\node_modules\_koa-compose@4.1.0@koa-compose\index.js:42:32)
    at dispatch (D:\1\starff-working\后台\node_modules\_koa-router@7.4.0@koa-router\lib\router.js:332:32)
    at dispatch (D:\1\starff-working\后台\node_modules\_koa-compose@4.1.0@koa-compose\index.js:42:32)
[2020-01-10T15:33:53.597] [ERROR] application - TypeError: req.mergeList.each is not a function
    at mergeTemplate (D:\1\starff-working\后台\app\controllers\document_controller.js:227:19)
    at dispatch (D:\1\starff-working\后台\node_modules\_koa-compose@3.2.1@koa-compose\index.js:44:32)
    at next (D:\1\starff-working\后台\node_modules\_koa-compose@3.2.1@koa-compose\index.js:45:18)
    at D:\1\starff-working\后台\node_modules\_koa-router@7.4.0@koa-router\lib\router.js:346:16
    at dispatch (D:\1\starff-working\后台\node_modules\_koa-compose@3.2.1@koa-compose\index.js:44:32)
    at D:\1\starff-working\后台\node_modules\_koa-compose@3.2.1@koa-compose\index.js:36:12
    at dispatch (D:\1\starff-working\后台\node_modules\_koa-router@7.4.0@koa-router\lib\router.js:351:31)
    at dispatch (D:\1\starff-working\后台\node_modules\_koa-compose@4.1.0@koa-compose\index.js:42:32)
    at allowedMethods (D:\1\starff-working\后台\node_modules\_koa-router@7.4.0@koa-router\lib\router.js:407:12)
    at dispatch (D:\1\starff-working\后台\node_modules\_koa-compose@4.1.0@koa-compose\index.js:42:32)
    at dispatch (D:\1\starff-working\后台\node_modules\_koa-router@7.4.0@koa-router\lib\router.js:332:32)
    at dispatch (D:\1\starff-working\后台\node_modules\_koa-compose@4.1.0@koa-compose\index.js:42:32)
    at allowedMethods (D:\1\starff-working\后台\node_modules\_koa-router@7.4.0@koa-router\lib\router.js:407:12)
    at dispatch (D:\1\starff-working\后台\node_modules\_koa-compose@4.1.0@koa-compose\index.js:42:32)
    at dispatch (D:\1\starff-working\后台\node_modules\_koa-router@7.4.0@koa-router\lib\router.js:332:32)
    at dispatch (D:\1\starff-working\后台\node_modules\_koa-compose@4.1.0@koa-compose\index.js:42:32)
[2020-01-10T15:34:11.291] [ERROR] application - TypeError: req.mergeList.each is not a function
    at mergeTemplate (D:\1\starff-working\后台\app\controllers\document_controller.js:227:19)
    at dispatch (D:\1\starff-working\后台\node_modules\_koa-compose@3.2.1@koa-compose\index.js:44:32)
    at next (D:\1\starff-working\后台\node_modules\_koa-compose@3.2.1@koa-compose\index.js:45:18)
    at D:\1\starff-working\后台\node_modules\_koa-router@7.4.0@koa-router\lib\router.js:346:16
    at dispatch (D:\1\starff-working\后台\node_modules\_koa-compose@3.2.1@koa-compose\index.js:44:32)
    at D:\1\starff-working\后台\node_modules\_koa-compose@3.2.1@koa-compose\index.js:36:12
    at dispatch (D:\1\starff-working\后台\node_modules\_koa-router@7.4.0@koa-router\lib\router.js:351:31)
    at dispatch (D:\1\starff-working\后台\node_modules\_koa-compose@4.1.0@koa-compose\index.js:42:32)
    at allowedMethods (D:\1\starff-working\后台\node_modules\_koa-router@7.4.0@koa-router\lib\router.js:407:12)
    at dispatch (D:\1\starff-working\后台\node_modules\_koa-compose@4.1.0@koa-compose\index.js:42:32)
    at dispatch (D:\1\starff-working\后台\node_modules\_koa-router@7.4.0@koa-router\lib\router.js:332:32)
    at dispatch (D:\1\starff-working\后台\node_modules\_koa-compose@4.1.0@koa-compose\index.js:42:32)
    at allowedMethods (D:\1\starff-working\后台\node_modules\_koa-router@7.4.0@koa-router\lib\router.js:407:12)
    at dispatch (D:\1\starff-working\后台\node_modules\_koa-compose@4.1.0@koa-compose\index.js:42:32)
    at dispatch (D:\1\starff-working\后台\node_modules\_koa-router@7.4.0@koa-router\lib\router.js:332:32)
    at dispatch (D:\1\starff-working\后台\node_modules\_koa-compose@4.1.0@koa-compose\index.js:42:32)
[2020-01-10T15:40:31.823] [ERROR] application - TypeError: Cannot read property 'each' of undefined
    at mergeTemplate (D:\1\starff-working\后台\app\controllers\document_controller.js:227:19)
    at dispatch (D:\1\starff-working\后台\node_modules\_koa-compose@3.2.1@koa-compose\index.js:44:32)
    at next (D:\1\starff-working\后台\node_modules\_koa-compose@3.2.1@koa-compose\index.js:45:18)
    at D:\1\starff-working\后台\node_modules\_koa-router@7.4.0@koa-router\lib\router.js:346:16
    at dispatch (D:\1\starff-working\后台\node_modules\_koa-compose@3.2.1@koa-compose\index.js:44:32)
    at D:\1\starff-working\后台\node_modules\_koa-compose@3.2.1@koa-compose\index.js:36:12
    at dispatch (D:\1\starff-working\后台\node_modules\_koa-router@7.4.0@koa-router\lib\router.js:351:31)
    at dispatch (D:\1\starff-working\后台\node_modules\_koa-compose@4.1.0@koa-compose\index.js:42:32)
    at allowedMethods (D:\1\starff-working\后台\node_modules\_koa-router@7.4.0@koa-router\lib\router.js:407:12)
    at dispatch (D:\1\starff-working\后台\node_modules\_koa-compose@4.1.0@koa-compose\index.js:42:32)
    at dispatch (D:\1\starff-working\后台\node_modules\_koa-router@7.4.0@koa-router\lib\router.js:332:32)
    at dispatch (D:\1\starff-working\后台\node_modules\_koa-compose@4.1.0@koa-compose\index.js:42:32)
    at allowedMethods (D:\1\starff-working\后台\node_modules\_koa-router@7.4.0@koa-router\lib\router.js:407:12)
    at dispatch (D:\1\starff-working\后台\node_modules\_koa-compose@4.1.0@koa-compose\index.js:42:32)
    at dispatch (D:\1\starff-working\后台\node_modules\_koa-router@7.4.0@koa-router\lib\router.js:332:32)
    at dispatch (D:\1\starff-working\后台\node_modules\_koa-compose@4.1.0@koa-compose\index.js:42:32)
[2020-01-10T15:40:51.332] [ERROR] application - TypeError: Cannot read property 'each' of undefined
    at mergeTemplate (D:\1\starff-working\后台\app\controllers\document_controller.js:227:19)
    at dispatch (D:\1\starff-working\后台\node_modules\_koa-compose@3.2.1@koa-compose\index.js:44:32)
    at next (D:\1\starff-working\后台\node_modules\_koa-compose@3.2.1@koa-compose\index.js:45:18)
    at D:\1\starff-working\后台\node_modules\_koa-router@7.4.0@koa-router\lib\router.js:346:16
    at dispatch (D:\1\starff-working\后台\node_modules\_koa-compose@3.2.1@koa-compose\index.js:44:32)
    at D:\1\starff-working\后台\node_modules\_koa-compose@3.2.1@koa-compose\index.js:36:12
    at dispatch (D:\1\starff-working\后台\node_modules\_koa-router@7.4.0@koa-router\lib\router.js:351:31)
    at dispatch (D:\1\starff-working\后台\node_modules\_koa-compose@4.1.0@koa-compose\index.js:42:32)
    at allowedMethods (D:\1\starff-working\后台\node_modules\_koa-router@7.4.0@koa-router\lib\router.js:407:12)
    at dispatch (D:\1\starff-working\后台\node_modules\_koa-compose@4.1.0@koa-compose\index.js:42:32)
    at dispatch (D:\1\starff-working\后台\node_modules\_koa-router@7.4.0@koa-router\lib\router.js:332:32)
    at dispatch (D:\1\starff-working\后台\node_modules\_koa-compose@4.1.0@koa-compose\index.js:42:32)
    at allowedMethods (D:\1\starff-working\后台\node_modules\_koa-router@7.4.0@koa-router\lib\router.js:407:12)
    at dispatch (D:\1\starff-working\后台\node_modules\_koa-compose@4.1.0@koa-compose\index.js:42:32)
    at dispatch (D:\1\starff-working\后台\node_modules\_koa-router@7.4.0@koa-router\lib\router.js:332:32)
    at dispatch (D:\1\starff-working\后台\node_modules\_koa-compose@4.1.0@koa-compose\index.js:42:32)
[2020-01-10T15:41:07.171] [ERROR] application - TypeError: req.mergeList.each is not a function
    at mergeTemplate (D:\1\starff-working\后台\app\controllers\document_controller.js:227:19)
    at dispatch (D:\1\starff-working\后台\node_modules\_koa-compose@3.2.1@koa-compose\index.js:44:32)
    at next (D:\1\starff-working\后台\node_modules\_koa-compose@3.2.1@koa-compose\index.js:45:18)
    at D:\1\starff-working\后台\node_modules\_koa-router@7.4.0@koa-router\lib\router.js:346:16
    at dispatch (D:\1\starff-working\后台\node_modules\_koa-compose@3.2.1@koa-compose\index.js:44:32)
    at D:\1\starff-working\后台\node_modules\_koa-compose@3.2.1@koa-compose\index.js:36:12
    at dispatch (D:\1\starff-working\后台\node_modules\_koa-router@7.4.0@koa-router\lib\router.js:351:31)
    at dispatch (D:\1\starff-working\后台\node_modules\_koa-compose@4.1.0@koa-compose\index.js:42:32)
    at allowedMethods (D:\1\starff-working\后台\node_modules\_koa-router@7.4.0@koa-router\lib\router.js:407:12)
    at dispatch (D:\1\starff-working\后台\node_modules\_koa-compose@4.1.0@koa-compose\index.js:42:32)
    at dispatch (D:\1\starff-working\后台\node_modules\_koa-router@7.4.0@koa-router\lib\router.js:332:32)
    at dispatch (D:\1\starff-working\后台\node_modules\_koa-compose@4.1.0@koa-compose\index.js:42:32)
    at allowedMethods (D:\1\starff-working\后台\node_modules\_koa-router@7.4.0@koa-router\lib\router.js:407:12)
    at dispatch (D:\1\starff-working\后台\node_modules\_koa-compose@4.1.0@koa-compose\index.js:42:32)
    at dispatch (D:\1\starff-working\后台\node_modules\_koa-router@7.4.0@koa-router\lib\router.js:332:32)
    at dispatch (D:\1\starff-working\后台\node_modules\_koa-compose@4.1.0@koa-compose\index.js:42:32)
[2020-01-10T15:42:10.517] [ERROR] application - TypeError: req.mergeList.each is not a function
    at mergeTemplate (D:\1\starff-working\后台\app\controllers\document_controller.js:227:19)
    at dispatch (D:\1\starff-working\后台\node_modules\_koa-compose@3.2.1@koa-compose\index.js:44:32)
    at next (D:\1\starff-working\后台\node_modules\_koa-compose@3.2.1@koa-compose\index.js:45:18)
    at D:\1\starff-working\后台\node_modules\_koa-router@7.4.0@koa-router\lib\router.js:346:16
    at dispatch (D:\1\starff-working\后台\node_modules\_koa-compose@3.2.1@koa-compose\index.js:44:32)
    at D:\1\starff-working\后台\node_modules\_koa-compose@3.2.1@koa-compose\index.js:36:12
    at dispatch (D:\1\starff-working\后台\node_modules\_koa-router@7.4.0@koa-router\lib\router.js:351:31)
    at dispatch (D:\1\starff-working\后台\node_modules\_koa-compose@4.1.0@koa-compose\index.js:42:32)
    at allowedMethods (D:\1\starff-working\后台\node_modules\_koa-router@7.4.0@koa-router\lib\router.js:407:12)
    at dispatch (D:\1\starff-working\后台\node_modules\_koa-compose@4.1.0@koa-compose\index.js:42:32)
    at dispatch (D:\1\starff-working\后台\node_modules\_koa-router@7.4.0@koa-router\lib\router.js:332:32)
    at dispatch (D:\1\starff-working\后台\node_modules\_koa-compose@4.1.0@koa-compose\index.js:42:32)
    at allowedMethods (D:\1\starff-working\后台\node_modules\_koa-router@7.4.0@koa-router\lib\router.js:407:12)
    at dispatch (D:\1\starff-working\后台\node_modules\_koa-compose@4.1.0@koa-compose\index.js:42:32)
    at dispatch (D:\1\starff-working\后台\node_modules\_koa-router@7.4.0@koa-router\lib\router.js:332:32)
    at dispatch (D:\1\starff-working\后台\node_modules\_koa-compose@4.1.0@koa-compose\index.js:42:32)
[2020-01-10T16:11:24.506] [ERROR] application - TypeError: Cannot read property 'month' of undefined
    at mergeTemplate (D:\1\starff-working\后台\app\controllers\document_controller.js:228:23)
    at dispatch (D:\1\starff-working\后台\node_modules\_koa-compose@3.2.1@koa-compose\index.js:44:32)
    at next (D:\1\starff-working\后台\node_modules\_koa-compose@3.2.1@koa-compose\index.js:45:18)
    at D:\1\starff-working\后台\node_modules\_koa-router@7.4.0@koa-router\lib\router.js:346:16
    at dispatch (D:\1\starff-working\后台\node_modules\_koa-compose@3.2.1@koa-compose\index.js:44:32)
    at D:\1\starff-working\后台\node_modules\_koa-compose@3.2.1@koa-compose\index.js:36:12
    at dispatch (D:\1\starff-working\后台\node_modules\_koa-router@7.4.0@koa-router\lib\router.js:351:31)
    at dispatch (D:\1\starff-working\后台\node_modules\_koa-compose@4.1.0@koa-compose\index.js:42:32)
    at allowedMethods (D:\1\starff-working\后台\node_modules\_koa-router@7.4.0@koa-router\lib\router.js:407:12)
    at dispatch (D:\1\starff-working\后台\node_modules\_koa-compose@4.1.0@koa-compose\index.js:42:32)
    at dispatch (D:\1\starff-working\后台\node_modules\_koa-router@7.4.0@koa-router\lib\router.js:332:32)
    at dispatch (D:\1\starff-working\后台\node_modules\_koa-compose@4.1.0@koa-compose\index.js:42:32)
    at allowedMethods (D:\1\starff-working\后台\node_modules\_koa-router@7.4.0@koa-router\lib\router.js:407:12)
    at dispatch (D:\1\starff-working\后台\node_modules\_koa-compose@4.1.0@koa-compose\index.js:42:32)
    at dispatch (D:\1\starff-working\后台\node_modules\_koa-router@7.4.0@koa-router\lib\router.js:332:32)
    at dispatch (D:\1\starff-working\后台\node_modules\_koa-compose@4.1.0@koa-compose\index.js:42:32)
[2020-01-10T16:12:55.815] [ERROR] application - TypeError: Cannot read property 'forEach' of undefined
    at mergeTemplate (D:\1\starff-working\后台\app\controllers\document_controller.js:233:19)
    at dispatch (D:\1\starff-working\后台\node_modules\_koa-compose@3.2.1@koa-compose\index.js:44:32)
    at next (D:\1\starff-working\后台\node_modules\_koa-compose@3.2.1@koa-compose\index.js:45:18)
    at D:\1\starff-working\后台\node_modules\_koa-router@7.4.0@koa-router\lib\router.js:346:16
    at dispatch (D:\1\starff-working\后台\node_modules\_koa-compose@3.2.1@koa-compose\index.js:44:32)
    at D:\1\starff-working\后台\node_modules\_koa-compose@3.2.1@koa-compose\index.js:36:12
    at dispatch (D:\1\starff-working\后台\node_modules\_koa-router@7.4.0@koa-router\lib\router.js:351:31)
    at dispatch (D:\1\starff-working\后台\node_modules\_koa-compose@4.1.0@koa-compose\index.js:42:32)
    at allowedMethods (D:\1\starff-working\后台\node_modules\_koa-router@7.4.0@koa-router\lib\router.js:407:12)
    at dispatch (D:\1\starff-working\后台\node_modules\_koa-compose@4.1.0@koa-compose\index.js:42:32)
    at dispatch (D:\1\starff-working\后台\node_modules\_koa-router@7.4.0@koa-router\lib\router.js:332:32)
    at dispatch (D:\1\starff-working\后台\node_modules\_koa-compose@4.1.0@koa-compose\index.js:42:32)
    at allowedMethods (D:\1\starff-working\后台\node_modules\_koa-router@7.4.0@koa-router\lib\router.js:407:12)
    at dispatch (D:\1\starff-working\后台\node_modules\_koa-compose@4.1.0@koa-compose\index.js:42:32)
    at dispatch (D:\1\starff-working\后台\node_modules\_koa-router@7.4.0@koa-router\lib\router.js:332:32)
    at dispatch (D:\1\starff-working\后台\node_modules\_koa-compose@4.1.0@koa-compose\index.js:42:32)
[2020-01-10T16:13:09.106] [ERROR] application - TypeError: Cannot read property 'forEach' of undefined
    at mergeTemplate (D:\1\starff-working\后台\app\controllers\document_controller.js:233:19)
    at dispatch (D:\1\starff-working\后台\node_modules\_koa-compose@3.2.1@koa-compose\index.js:44:32)
    at next (D:\1\starff-working\后台\node_modules\_koa-compose@3.2.1@koa-compose\index.js:45:18)
    at D:\1\starff-working\后台\node_modules\_koa-router@7.4.0@koa-router\lib\router.js:346:16
    at dispatch (D:\1\starff-working\后台\node_modules\_koa-compose@3.2.1@koa-compose\index.js:44:32)
    at D:\1\starff-working\后台\node_modules\_koa-compose@3.2.1@koa-compose\index.js:36:12
    at dispatch (D:\1\starff-working\后台\node_modules\_koa-router@7.4.0@koa-router\lib\router.js:351:31)
    at dispatch (D:\1\starff-working\后台\node_modules\_koa-compose@4.1.0@koa-compose\index.js:42:32)
    at allowedMethods (D:\1\starff-working\后台\node_modules\_koa-router@7.4.0@koa-router\lib\router.js:407:12)
    at dispatch (D:\1\starff-working\后台\node_modules\_koa-compose@4.1.0@koa-compose\index.js:42:32)
    at dispatch (D:\1\starff-working\后台\node_modules\_koa-router@7.4.0@koa-router\lib\router.js:332:32)
    at dispatch (D:\1\starff-working\后台\node_modules\_koa-compose@4.1.0@koa-compose\index.js:42:32)
    at allowedMethods (D:\1\starff-working\后台\node_modules\_koa-router@7.4.0@koa-router\lib\router.js:407:12)
    at dispatch (D:\1\starff-working\后台\node_modules\_koa-compose@4.1.0@koa-compose\index.js:42:32)
    at dispatch (D:\1\starff-working\后台\node_modules\_koa-router@7.4.0@koa-router\lib\router.js:332:32)
    at dispatch (D:\1\starff-working\后台\node_modules\_koa-compose@4.1.0@koa-compose\index.js:42:32)
