[2020-05-25T08:34:57.975] [INFO] default - guoxq登录成功
[2020-05-25T09:18:54.473] [INFO] default - yinxl登录成功
[2020-05-25T09:19:13.902] [INFO] default - yinxl编辑工时
[2020-05-25T09:19:20.248] [INFO] default - yinxl编辑工时
[2020-05-25T09:21:40.073] [INFO] default - yinxl编辑工时
[2020-05-25T09:35:26.105] [INFO] default - weij登录成功
[2020-05-25T09:40:22.088] [INFO] default - mayx编辑工时
[2020-05-25T09:40:44.159] [INFO] default - mayx编辑工时
[2020-05-25T09:44:55.853] [INFO] default - mayx编辑工时
[2020-05-25T09:45:38.061] [INFO] default - mayx编辑工时
[2020-05-25T09:46:10.611] [INFO] default - mayx编辑工时
[2020-05-25T09:46:44.721] [INFO] default - mayx编辑工时
[2020-05-25T09:47:49.889] [INFO] default - mayx编辑工时
[2020-05-25T09:48:14.893] [INFO] default - mayx编辑工时
[2020-05-25T09:48:21.324] [INFO] default - mayx编辑工时
[2020-05-25T09:49:26.181] [INFO] default - mayx编辑工时
[2020-05-25T09:50:10.506] [INFO] default - mayx编辑工时
[2020-05-25T09:51:40.593] [INFO] default - mayx编辑工时
[2020-05-25T09:52:05.731] [INFO] default - mayx编辑工时
[2020-05-25T09:52:12.134] [INFO] default - mayx编辑工时
[2020-05-25T09:53:01.640] [INFO] default - mayx编辑工时
[2020-05-25T09:53:20.773] [INFO] default - mayx编辑工时
[2020-05-25T09:53:50.323] [INFO] default - mayx编辑工时
[2020-05-25T10:00:23.114] [INFO] default - mayx编辑工时
[2020-05-25T10:00:38.273] [INFO] default - mayx编辑工时
[2020-05-25T10:00:43.561] [INFO] default - mayx编辑工时
[2020-05-25T10:01:26.792] [INFO] default - mayx编辑工时
[2020-05-25T10:01:54.246] [INFO] default - mayx编辑工时
[2020-05-25T10:02:09.834] [INFO] default - mayx编辑工时
[2020-05-25T10:03:16.428] [INFO] default - mayx编辑工时
[2020-05-25T10:03:38.039] [INFO] default - mayx编辑工时
[2020-05-25T10:04:15.570] [INFO] default - mayx编辑工时
[2020-05-25T10:04:20.619] [INFO] default - mayx编辑工时
[2020-05-25T10:05:08.417] [INFO] default - mayx编辑工时
[2020-05-25T10:05:32.213] [INFO] default - mayx编辑工时
[2020-05-25T10:05:57.722] [INFO] default - mayx编辑工时
[2020-05-25T10:06:44.783] [INFO] default - mayx编辑工时
[2020-05-25T10:07:17.661] [INFO] default - mayx编辑工时
[2020-05-25T10:07:37.438] [INFO] default - mayx编辑工时
[2020-05-25T10:07:51.411] [INFO] default - mayx编辑工时
[2020-05-25T10:08:00.579] [INFO] default - mayx编辑工时
[2020-05-25T10:08:28.386] [INFO] default - mayx编辑工时
[2020-05-25T10:08:48.902] [INFO] default - mayx编辑工时
[2020-05-25T10:09:04.313] [INFO] default - mayx编辑工时
[2020-05-25T10:09:17.569] [INFO] default - mayx编辑工时
[2020-05-25T10:09:40.073] [INFO] default - mayx编辑工时
[2020-05-25T10:10:46.870] [INFO] default - mayx编辑工时
[2020-05-25T10:11:01.856] [INFO] default - mayx编辑工时
[2020-05-25T10:11:53.563] [INFO] default - mayx编辑工时
[2020-05-25T10:11:56.372] [INFO] default - mayx编辑工时
[2020-05-25T10:12:51.463] [INFO] default - mayx编辑工时
[2020-05-25T10:13:16.140] [INFO] default - mayx编辑工时
[2020-05-25T10:13:32.105] [INFO] default - mayx编辑工时
[2020-05-25T10:13:57.389] [INFO] default - mayx编辑工时
[2020-05-25T10:14:03.095] [INFO] default - mayx编辑工时
[2020-05-25T10:15:01.632] [INFO] default - mayx编辑工时
[2020-05-25T10:15:07.711] [INFO] default - mayx编辑工时
[2020-05-25T10:15:48.808] [INFO] default - mayx编辑工时
[2020-05-25T10:15:52.561] [INFO] default - mayx编辑工时
[2020-05-25T10:16:18.458] [INFO] default - mayx编辑工时
[2020-05-25T10:16:22.133] [INFO] default - mayx编辑工时
[2020-05-25T10:16:44.689] [INFO] default - mayx编辑工时
[2020-05-25T10:16:48.990] [INFO] default - mayx编辑工时
[2020-05-25T10:17:06.646] [INFO] default - mayx编辑工时
[2020-05-25T10:17:26.371] [INFO] default - mayx编辑工时
[2020-05-25T10:18:37.679] [INFO] default - mayx编辑工时
[2020-05-25T10:18:42.492] [INFO] default - mayx编辑工时
[2020-05-25T10:28:02.365] [INFO] default - mayx编辑工时
[2020-05-25T10:28:06.882] [INFO] default - mayx编辑工时
[2020-05-25T10:29:05.395] [INFO] default - mayx编辑工时
[2020-05-25T10:29:10.304] [INFO] default - mayx编辑工时
[2020-05-25T10:29:25.401] [INFO] default - mayx编辑工时
[2020-05-25T10:29:59.405] [INFO] default - mayx编辑工时
[2020-05-25T10:30:05.404] [INFO] default - mayx编辑工时
[2020-05-25T10:33:32.064] [INFO] default - mayx编辑工时
[2020-05-25T10:33:37.022] [INFO] default - mayx编辑工时
[2020-05-25T10:34:08.929] [INFO] default - mayx编辑工时
[2020-05-25T10:34:12.953] [INFO] default - mayx编辑工时
[2020-05-25T10:34:58.574] [INFO] default - mayx编辑工时
[2020-05-25T10:35:06.219] [INFO] default - mayx编辑工时
[2020-05-25T10:35:21.359] [INFO] default - mayx编辑工时
[2020-05-25T10:35:30.359] [INFO] default - mayx编辑工时
[2020-05-25T10:35:59.332] [INFO] default - mayx编辑工时
[2020-05-25T10:36:03.519] [INFO] default - mayx编辑工时
[2020-05-25T10:36:42.678] [INFO] default - mayx编辑工时
[2020-05-25T10:36:46.438] [INFO] default - mayx编辑工时
[2020-05-25T10:37:22.736] [INFO] default - mayx编辑工时
[2020-05-25T10:37:26.113] [INFO] default - mayx编辑工时
[2020-05-25T10:38:04.377] [INFO] default - mayx编辑工时
[2020-05-25T10:38:08.553] [INFO] default - mayx编辑工时
[2020-05-25T10:39:42.534] [INFO] default - mayx编辑工时
[2020-05-25T10:39:48.947] [INFO] default - mayx编辑工时
[2020-05-25T10:39:54.859] [INFO] default - mayx编辑工时
[2020-05-25T10:40:33.626] [INFO] default - mayx编辑工时
[2020-05-25T10:40:44.764] [INFO] default - mayx编辑工时
[2020-05-25T10:40:50.688] [INFO] default - mayx编辑工时
[2020-05-25T10:41:16.936] [INFO] default - mayx编辑工时
[2020-05-25T10:41:20.336] [INFO] default - mayx编辑工时
[2020-05-25T10:41:40.631] [INFO] default - mayx编辑工时
[2020-05-25T10:41:44.008] [INFO] default - mayx编辑工时
[2020-05-25T10:42:39.385] [INFO] default - mayx编辑工时
[2020-05-25T10:42:43.901] [INFO] default - mayx编辑工时
[2020-05-25T10:42:54.399] [INFO] default - mayx编辑工时
[2020-05-25T10:43:27.279] [INFO] default - mayx编辑工时
[2020-05-25T10:43:32.773] [INFO] default - mayx编辑工时
[2020-05-25T10:44:12.131] [INFO] default - mayx编辑工时
[2020-05-25T10:44:15.919] [INFO] default - mayx编辑工时
[2020-05-25T10:44:24.653] [INFO] default - mayx编辑工时
[2020-05-25T10:45:20.220] [INFO] default - mayx编辑工时
[2020-05-25T10:45:24.456] [INFO] default - mayx编辑工时
[2020-05-25T10:45:30.255] [INFO] default - mayx编辑工时
[2020-05-25T10:46:04.933] [INFO] default - mayx编辑工时
[2020-05-25T10:47:13.084] [INFO] default - mayx编辑工时
[2020-05-25T10:47:52.034] [INFO] default - mayx编辑工时
[2020-05-25T10:48:15.118] [INFO] default - mayx编辑工时
[2020-05-25T10:48:21.727] [INFO] default - mayx编辑工时
[2020-05-25T10:48:33.962] [INFO] default - mayx编辑工时
[2020-05-25T10:49:34.099] [INFO] default - mayx编辑工时
[2020-05-25T10:52:27.239] [INFO] default - mayx编辑工时
[2020-05-25T10:52:41.370] [INFO] default - mayx编辑工时
[2020-05-25T10:54:18.646] [INFO] default - mayx编辑工时
[2020-05-25T10:54:25.639] [INFO] default - mayx编辑工时
[2020-05-25T10:54:52.469] [INFO] default - mayx编辑工时
[2020-05-25T10:54:58.405] [INFO] default - mayx编辑工时
[2020-05-25T10:55:13.535] [INFO] default - mayx编辑工时
[2020-05-25T10:55:28.753] [INFO] default - mayx编辑工时
[2020-05-25T10:55:51.348] [INFO] default - mayx编辑工时
[2020-05-25T10:56:09.379] [INFO] default - mayx编辑工时
[2020-05-25T10:56:15.283] [INFO] default - mayx编辑工时
[2020-05-25T10:56:28.131] [INFO] default - mayx编辑工时
[2020-05-25T10:56:48.519] [INFO] default - mayx编辑工时
[2020-05-25T10:56:55.761] [INFO] default - mayx编辑工时
[2020-05-25T10:57:17.951] [INFO] default - mayx编辑工时
[2020-05-25T10:57:29.412] [INFO] default - mayx编辑工时
[2020-05-25T10:57:41.298] [INFO] default - mayx编辑工时
[2020-05-25T10:57:55.965] [INFO] default - mayx编辑工时
[2020-05-25T10:58:11.302] [INFO] default - mayx编辑工时
[2020-05-25T10:58:16.434] [INFO] default - mayx编辑工时
[2020-05-25T10:58:28.445] [INFO] default - mayx编辑工时
[2020-05-25T10:58:34.163] [INFO] default - mayx编辑工时
[2020-05-25T10:59:00.857] [INFO] default - mayx编辑工时
[2020-05-25T10:59:10.892] [INFO] default - mayx编辑工时
[2020-05-25T10:59:57.316] [INFO] default - mayx编辑工时
[2020-05-25T11:00:45.840] [INFO] default - mayx编辑工时
[2020-05-25T11:01:02.841] [INFO] default - mayx编辑工时
[2020-05-25T11:02:24.298] [INFO] default - mayx编辑工时
[2020-05-25T11:02:57.682] [INFO] default - mayx编辑工时
[2020-05-25T11:03:08.225] [INFO] default - mayx编辑工时
[2020-05-25T11:03:23.941] [INFO] default - mayx编辑工时
[2020-05-25T11:03:38.583] [INFO] default - mayx编辑工时
[2020-05-25T11:06:34.462] [INFO] default - mayx编辑工时
[2020-05-25T11:07:00.904] [INFO] default - mayx编辑工时
[2020-05-25T11:07:07.063] [INFO] default - mayx编辑工时
[2020-05-25T11:07:25.881] [INFO] default - mayx编辑工时
[2020-05-25T11:07:36.698] [INFO] default - mayx编辑工时
[2020-05-25T11:07:47.986] [INFO] default - mayx编辑工时
[2020-05-25T11:08:06.776] [INFO] default - mayx编辑工时
[2020-05-25T11:08:11.846] [INFO] default - mayx编辑工时
[2020-05-25T11:08:27.473] [INFO] default - mayx编辑工时
[2020-05-25T11:08:32.668] [INFO] default - mayx编辑工时
[2020-05-25T11:08:45.788] [INFO] default - mayx编辑工时
[2020-05-25T17:46:19.167] [INFO] default - cuiyh编辑工时
[2020-05-25T20:26:15.769] [INFO] default - yinxl编辑工时
[2020-05-25T20:26:22.874] [INFO] default - yinxl编辑工时
[2020-05-25T20:26:30.579] [INFO] default - yinxl编辑工时
[2020-05-25T20:26:38.784] [INFO] default - yinxl编辑工时
[2020-05-25T20:26:56.369] [INFO] default - yinxl编辑工时
